PING aaaa::212:4b00:41e:af89(aaaa::212:4b00:41e:af89) 56 data bytes
[1438181954.792781] 64 bytes from aaaa::212:4b00:41e:af89: icmp_seq=1 ttl=64 time=19.9 ms
[1438181955.793544] 64 bytes from aaaa::212:4b00:41e:af89: icmp_seq=2 ttl=64 time=19.4 ms
[1438181956.795046] 64 bytes from aaaa::212:4b00:41e:af89: icmp_seq=3 ttl=64 time=19.2 ms
[1438181957.796435] 64 bytes from aaaa::212:4b00:41e:af89: icmp_seq=4 ttl=64 time=19.1 ms
[1438181958.798009] 64 bytes from aaaa::212:4b00:41e:af89: icmp_seq=5 ttl=64 time=19.3 ms
[1438181959.799666] 64 bytes from aaaa::212:4b00:41e:af89: icmp_seq=6 ttl=64 time=19.4 ms
[1438181960.801126] 64 bytes from aaaa::212:4b00:41e:af89: icmp_seq=7 ttl=64 time=19.3 ms
[1438181961.802728] 64 bytes from aaaa::212:4b00:41e:af89: icmp_seq=8 ttl=64 time=19.3 ms
[1438181962.804220] 64 bytes from aaaa::212:4b00:41e:af89: icmp_seq=9 ttl=64 time=19.3 ms
[1438181963.805686] 64 bytes from aaaa::212:4b00:41e:af89: icmp_seq=10 ttl=64 time=19.2 ms
[1438181964.807173] 64 bytes from aaaa::212:4b00:41e:af89: icmp_seq=11 ttl=64 time=19.3 ms
[1438181965.924546] 64 bytes from aaaa::212:4b00:41e:af89: icmp_seq=12 ttl=64 time=135 ms
[1438181966.809901] 64 bytes from aaaa::212:4b00:41e:af89: icmp_seq=13 ttl=64 time=19.2 ms
[1438181967.811666] 64 bytes from aaaa::212:4b00:41e:af89: icmp_seq=14 ttl=64 time=19.5 ms
[1438181968.813255] 64 bytes from aaaa::212:4b00:41e:af89: icmp_seq=15 ttl=64 time=19.3 ms
[1438181969.814867] 64 bytes from aaaa::212:4b00:41e:af89: icmp_seq=16 ttl=64 time=19.3 ms
[1438181970.816487] 64 bytes from aaaa::212:4b00:41e:af89: icmp_seq=17 ttl=64 time=19.4 ms
[1438181971.818107] 64 bytes from aaaa::212:4b00:41e:af89: icmp_seq=18 ttl=64 time=19.3 ms
[1438181972.819718] 64 bytes from aaaa::212:4b00:41e:af89: icmp_seq=19 ttl=64 time=19.3 ms
[1438181973.821478] 64 bytes from aaaa::212:4b00:41e:af89: icmp_seq=20 ttl=64 time=19.5 ms
[1438181974.822944] 64 bytes from aaaa::212:4b00:41e:af89: icmp_seq=21 ttl=64 time=19.3 ms
[1438181975.824461] 64 bytes from aaaa::212:4b00:41e:af89: icmp_seq=22 ttl=64 time=19.3 ms
[1438181976.826197] 64 bytes from aaaa::212:4b00:41e:af89: icmp_seq=23 ttl=64 time=19.4 ms
[1438181977.827804] 64 bytes from aaaa::212:4b00:41e:af89: icmp_seq=24 ttl=64 time=19.3 ms
[1438181978.829391] 64 bytes from aaaa::212:4b00:41e:af89: icmp_seq=25 ttl=64 time=19.4 ms
[1438181979.830891] 64 bytes from aaaa::212:4b00:41e:af89: icmp_seq=26 ttl=64 time=19.3 ms
[1438181980.832361] 64 bytes from aaaa::212:4b00:41e:af89: icmp_seq=27 ttl=64 time=19.2 ms
[1438181981.833847] 64 bytes from aaaa::212:4b00:41e:af89: icmp_seq=28 ttl=64 time=19.3 ms
[1438181982.835462] 64 bytes from aaaa::212:4b00:41e:af89: icmp_seq=29 ttl=64 time=19.4 ms
[1438181983.836826] 64 bytes from aaaa::212:4b00:41e:af89: icmp_seq=30 ttl=64 time=19.2 ms
[1438181984.838353] 64 bytes from aaaa::212:4b00:41e:af89: icmp_seq=31 ttl=64 time=19.3 ms
[1438181985.839909] 64 bytes from aaaa::212:4b00:41e:af89: icmp_seq=32 ttl=64 time=19.3 ms
[1438181986.841412] 64 bytes from aaaa::212:4b00:41e:af89: icmp_seq=33 ttl=64 time=19.2 ms
[1438181987.843208] 64 bytes from aaaa::212:4b00:41e:af89: icmp_seq=34 ttl=64 time=19.5 ms
[1438181988.844927] 64 bytes from aaaa::212:4b00:41e:af89: icmp_seq=35 ttl=64 time=19.4 ms
[1438181989.846397] 64 bytes from aaaa::212:4b00:41e:af89: icmp_seq=36 ttl=64 time=19.2 ms
[1438181990.848012] 64 bytes from aaaa::212:4b00:41e:af89: icmp_seq=37 ttl=64 time=19.3 ms
[1438181991.849494] 64 bytes from aaaa::212:4b00:41e:af89: icmp_seq=38 ttl=64 time=19.3 ms
[1438181992.850991] 64 bytes from aaaa::212:4b00:41e:af89: icmp_seq=39 ttl=64 time=19.2 ms
[1438181993.852594] 64 bytes from aaaa::212:4b00:41e:af89: icmp_seq=40 ttl=64 time=19.3 ms
[1438181994.854356] 64 bytes from aaaa::212:4b00:41e:af89: icmp_seq=41 ttl=64 time=19.5 ms
[1438181995.855959] 64 bytes from aaaa::212:4b00:41e:af89: icmp_seq=42 ttl=64 time=19.3 ms
[1438181996.857435] 64 bytes from aaaa::212:4b00:41e:af89: icmp_seq=43 ttl=64 time=19.3 ms
[1438181997.859202] 64 bytes from aaaa::212:4b00:41e:af89: icmp_seq=44 ttl=64 time=19.5 ms
[1438181998.860672] 64 bytes from aaaa::212:4b00:41e:af89: icmp_seq=45 ttl=64 time=19.3 ms
[1438181999.862260] 64 bytes from aaaa::212:4b00:41e:af89: icmp_seq=46 ttl=64 time=19.4 ms
[1438182000.863880] 64 bytes from aaaa::212:4b00:41e:af89: icmp_seq=47 ttl=64 time=19.4 ms
[1438182001.865378] 64 bytes from aaaa::212:4b00:41e:af89: icmp_seq=48 ttl=64 time=19.3 ms
[1438182002.866886] 64 bytes from aaaa::212:4b00:41e:af89: icmp_seq=49 ttl=64 time=19.3 ms
[1438182003.868472] 64 bytes from aaaa::212:4b00:41e:af89: icmp_seq=50 ttl=64 time=19.3 ms
[1438182004.870081] 64 bytes from aaaa::212:4b00:41e:af89: icmp_seq=51 ttl=64 time=19.3 ms
[1438182005.871886] 64 bytes from aaaa::212:4b00:41e:af89: icmp_seq=52 ttl=64 time=19.5 ms
[1438182006.873584] 64 bytes from aaaa::212:4b00:41e:af89: icmp_seq=53 ttl=64 time=19.4 ms
[1438182007.875213] 64 bytes from aaaa::212:4b00:41e:af89: icmp_seq=54 ttl=64 time=19.3 ms
[1438182008.876814] 64 bytes from aaaa::212:4b00:41e:af89: icmp_seq=55 ttl=64 time=19.3 ms
[1438182009.878580] 64 bytes from aaaa::212:4b00:41e:af89: icmp_seq=56 ttl=64 time=19.5 ms
[1438182010.880162] 64 bytes from aaaa::212:4b00:41e:af89: icmp_seq=57 ttl=64 time=19.3 ms
[1438182011.881918] 64 bytes from aaaa::212:4b00:41e:af89: icmp_seq=58 ttl=64 time=19.4 ms
[1438182012.883528] 64 bytes from aaaa::212:4b00:41e:af89: icmp_seq=59 ttl=64 time=19.3 ms
[1438182013.885167] 64 bytes from aaaa::212:4b00:41e:af89: icmp_seq=60 ttl=64 time=19.3 ms
[1438182014.886686] 64 bytes from aaaa::212:4b00:41e:af89: icmp_seq=61 ttl=64 time=19.3 ms
[1438182015.888320] 64 bytes from aaaa::212:4b00:41e:af89: icmp_seq=62 ttl=64 time=19.3 ms
[1438182016.889786] 64 bytes from aaaa::212:4b00:41e:af89: icmp_seq=63 ttl=64 time=19.3 ms
[1438182017.891280] 64 bytes from aaaa::212:4b00:41e:af89: icmp_seq=64 ttl=64 time=19.3 ms
[1438182018.892902] 64 bytes from aaaa::212:4b00:41e:af89: icmp_seq=65 ttl=64 time=19.4 ms
[1438182019.894397] 64 bytes from aaaa::212:4b00:41e:af89: icmp_seq=66 ttl=64 time=19.2 ms
[1438182020.896369] 64 bytes from aaaa::212:4b00:41e:af89: icmp_seq=67 ttl=64 time=19.3 ms
[1438182021.898002] 64 bytes from aaaa::212:4b00:41e:af89: icmp_seq=68 ttl=64 time=19.3 ms
[1438182022.899599] 64 bytes from aaaa::212:4b00:41e:af89: icmp_seq=69 ttl=64 time=19.3 ms
[1438182023.901060] 64 bytes from aaaa::212:4b00:41e:af89: icmp_seq=70 ttl=64 time=19.3 ms
[1438182024.902560] 64 bytes from aaaa::212:4b00:41e:af89: icmp_seq=71 ttl=64 time=19.3 ms
[1438182025.904035] 64 bytes from aaaa::212:4b00:41e:af89: icmp_seq=72 ttl=64 time=19.3 ms
[1438182026.905794] 64 bytes from aaaa::212:4b00:41e:af89: icmp_seq=73 ttl=64 time=19.5 ms
[1438182027.907404] 64 bytes from aaaa::212:4b00:41e:af89: icmp_seq=74 ttl=64 time=19.3 ms
[1438182028.909013] 64 bytes from aaaa::212:4b00:41e:af89: icmp_seq=75 ttl=64 time=19.3 ms
[1438182029.910483] 64 bytes from aaaa::212:4b00:41e:af89: icmp_seq=76 ttl=64 time=19.3 ms
[1438182030.912105] 64 bytes from aaaa::212:4b00:41e:af89: icmp_seq=77 ttl=64 time=19.4 ms
[1438182031.913707] 64 bytes from aaaa::212:4b00:41e:af89: icmp_seq=78 ttl=64 time=19.4 ms
[1438182032.915407] 64 bytes from aaaa::212:4b00:41e:af89: icmp_seq=79 ttl=64 time=19.4 ms
[1438182033.916939] 64 bytes from aaaa::212:4b00:41e:af89: icmp_seq=80 ttl=64 time=19.3 ms
[1438182034.918430] 64 bytes from aaaa::212:4b00:41e:af89: icmp_seq=81 ttl=64 time=19.3 ms
[1438182035.919922] 64 bytes from aaaa::212:4b00:41e:af89: icmp_seq=82 ttl=64 time=19.3 ms
[1438182036.921408] 64 bytes from aaaa::212:4b00:41e:af89: icmp_seq=83 ttl=64 time=19.3 ms
[1438182037.922885] 64 bytes from aaaa::212:4b00:41e:af89: icmp_seq=84 ttl=64 time=19.2 ms
[1438182038.924497] 64 bytes from aaaa::212:4b00:41e:af89: icmp_seq=85 ttl=64 time=19.3 ms
[1438182039.926141] 64 bytes from aaaa::212:4b00:41e:af89: icmp_seq=86 ttl=64 time=19.3 ms
[1438182040.927657] 64 bytes from aaaa::212:4b00:41e:af89: icmp_seq=87 ttl=64 time=19.2 ms
[1438182041.929233] 64 bytes from aaaa::212:4b00:41e:af89: icmp_seq=88 ttl=64 time=19.3 ms
[1438182042.930843] 64 bytes from aaaa::212:4b00:41e:af89: icmp_seq=89 ttl=64 time=19.3 ms
[1438182043.932319] 64 bytes from aaaa::212:4b00:41e:af89: icmp_seq=90 ttl=64 time=19.2 ms
[1438182044.933922] 64 bytes from aaaa::212:4b00:41e:af89: icmp_seq=91 ttl=64 time=19.3 ms
[1438182045.935694] 64 bytes from aaaa::212:4b00:41e:af89: icmp_seq=92 ttl=64 time=19.5 ms
[1438182046.937301] 64 bytes from aaaa::212:4b00:41e:af89: icmp_seq=93 ttl=64 time=19.3 ms
[1438182047.938901] 64 bytes from aaaa::212:4b00:41e:af89: icmp_seq=94 ttl=64 time=19.4 ms
[1438182048.940497] 64 bytes from aaaa::212:4b00:41e:af89: icmp_seq=95 ttl=64 time=19.4 ms
[1438182049.941981] 64 bytes from aaaa::212:4b00:41e:af89: icmp_seq=96 ttl=64 time=19.2 ms
[1438182050.943471] 64 bytes from aaaa::212:4b00:41e:af89: icmp_seq=97 ttl=64 time=19.3 ms
[1438182051.945080] 64 bytes from aaaa::212:4b00:41e:af89: icmp_seq=98 ttl=64 time=19.4 ms
[1438182052.946566] 64 bytes from aaaa::212:4b00:41e:af89: icmp_seq=99 ttl=64 time=19.3 ms
[1438182053.948065] 64 bytes from aaaa::212:4b00:41e:af89: icmp_seq=100 ttl=64 time=19.3 ms

--- aaaa::212:4b00:41e:af89 ping statistics ---
100 packets transmitted, 100 received, 0% packet loss, time 99155ms
rtt min/avg/max/mdev = 19.188/20.536/135.203/11.526 ms
