PING aaaa::212:4b00:41e:af89(aaaa::212:4b00:41e:af89) 56 data bytes
[1438184455.087694] 64 bytes from aaaa::212:4b00:41e:af89: icmp_seq=1 ttl=64 time=19.2 ms
[1438184456.089338] 64 bytes from aaaa::212:4b00:41e:af89: icmp_seq=2 ttl=64 time=19.3 ms
[1438184457.090981] 64 bytes from aaaa::212:4b00:41e:af89: icmp_seq=3 ttl=64 time=19.3 ms
[1438184458.092559] 64 bytes from aaaa::212:4b00:41e:af89: icmp_seq=4 ttl=64 time=19.3 ms
[1438184459.094211] 64 bytes from aaaa::212:4b00:41e:af89: icmp_seq=5 ttl=64 time=19.3 ms
[1438184460.095854] 64 bytes from aaaa::212:4b00:41e:af89: icmp_seq=6 ttl=64 time=19.3 ms
[1438184461.097461] 64 bytes from aaaa::212:4b00:41e:af89: icmp_seq=7 ttl=64 time=19.3 ms
[1438184462.099214] 64 bytes from aaaa::212:4b00:41e:af89: icmp_seq=8 ttl=64 time=19.4 ms
[1438184463.100805] 64 bytes from aaaa::212:4b00:41e:af89: icmp_seq=9 ttl=64 time=19.3 ms
[1438184464.102388] 64 bytes from aaaa::212:4b00:41e:af89: icmp_seq=10 ttl=64 time=19.2 ms
[1438184465.104099] 64 bytes from aaaa::212:4b00:41e:af89: icmp_seq=11 ttl=64 time=19.4 ms
[1438184466.105852] 64 bytes from aaaa::212:4b00:41e:af89: icmp_seq=12 ttl=64 time=19.4 ms
[1438184467.107482] 64 bytes from aaaa::212:4b00:41e:af89: icmp_seq=13 ttl=64 time=19.3 ms
[1438184468.108987] 64 bytes from aaaa::212:4b00:41e:af89: icmp_seq=14 ttl=64 time=19.3 ms
[1438184469.110617] 64 bytes from aaaa::212:4b00:41e:af89: icmp_seq=15 ttl=64 time=19.3 ms
[1438184470.112256] 64 bytes from aaaa::212:4b00:41e:af89: icmp_seq=16 ttl=64 time=19.3 ms
[1438184471.113855] 64 bytes from aaaa::212:4b00:41e:af89: icmp_seq=17 ttl=64 time=19.3 ms
[1438184472.115354] 64 bytes from aaaa::212:4b00:41e:af89: icmp_seq=18 ttl=64 time=19.2 ms
[1438184473.116984] 64 bytes from aaaa::212:4b00:41e:af89: icmp_seq=19 ttl=64 time=19.3 ms
[1438184474.118616] 64 bytes from aaaa::212:4b00:41e:af89: icmp_seq=20 ttl=64 time=19.3 ms
[1438184475.120357] 64 bytes from aaaa::212:4b00:41e:af89: icmp_seq=21 ttl=64 time=19.4 ms
[1438184476.121984] 64 bytes from aaaa::212:4b00:41e:af89: icmp_seq=22 ttl=64 time=19.3 ms
[1438184477.123618] 64 bytes from aaaa::212:4b00:41e:af89: icmp_seq=23 ttl=64 time=19.3 ms
[1438184478.125199] 64 bytes from aaaa::212:4b00:41e:af89: icmp_seq=24 ttl=64 time=19.3 ms
[1438184479.126701] 64 bytes from aaaa::212:4b00:41e:af89: icmp_seq=25 ttl=64 time=19.3 ms
[1438184480.128316] 64 bytes from aaaa::212:4b00:41e:af89: icmp_seq=26 ttl=64 time=19.4 ms
[1438184481.129975] 64 bytes from aaaa::212:4b00:41e:af89: icmp_seq=27 ttl=64 time=19.4 ms
[1438184482.131443] 64 bytes from aaaa::212:4b00:41e:af89: icmp_seq=28 ttl=64 time=19.2 ms
[1438184483.132967] 64 bytes from aaaa::212:4b00:41e:af89: icmp_seq=29 ttl=64 time=19.3 ms
[1438184484.134560] 64 bytes from aaaa::212:4b00:41e:af89: icmp_seq=30 ttl=64 time=19.3 ms
[1438184485.136291] 64 bytes from aaaa::212:4b00:41e:af89: icmp_seq=31 ttl=64 time=19.5 ms
[1438184486.137966] 64 bytes from aaaa::212:4b00:41e:af89: icmp_seq=32 ttl=64 time=19.4 ms
[1438184487.139079] 64 bytes from aaaa::212:4b00:41e:af89: icmp_seq=33 ttl=64 time=19.4 ms
[1438184488.140596] 64 bytes from aaaa::212:4b00:41e:af89: icmp_seq=34 ttl=64 time=19.3 ms
[1438184489.142221] 64 bytes from aaaa::212:4b00:41e:af89: icmp_seq=35 ttl=64 time=19.4 ms
[1438184490.143864] 64 bytes from aaaa::212:4b00:41e:af89: icmp_seq=36 ttl=64 time=19.4 ms
[1438184491.145339] 64 bytes from aaaa::212:4b00:41e:af89: icmp_seq=37 ttl=64 time=19.2 ms
[1438184492.146970] 64 bytes from aaaa::212:4b00:41e:af89: icmp_seq=38 ttl=64 time=19.4 ms
[1438184493.148593] 64 bytes from aaaa::212:4b00:41e:af89: icmp_seq=39 ttl=64 time=19.3 ms
[1438184494.150161] 64 bytes from aaaa::212:4b00:41e:af89: icmp_seq=40 ttl=64 time=19.3 ms
[1438184495.151742] 64 bytes from aaaa::212:4b00:41e:af89: icmp_seq=41 ttl=64 time=19.3 ms
[1438184496.153220] 64 bytes from aaaa::212:4b00:41e:af89: icmp_seq=42 ttl=64 time=19.3 ms
[1438184497.154590] 64 bytes from aaaa::212:4b00:41e:af89: icmp_seq=43 ttl=64 time=19.2 ms
[1438184498.156140] 64 bytes from aaaa::212:4b00:41e:af89: icmp_seq=44 ttl=64 time=19.4 ms
[1438184499.157715] 64 bytes from aaaa::212:4b00:41e:af89: icmp_seq=45 ttl=64 time=19.4 ms
[1438184500.159294] 64 bytes from aaaa::212:4b00:41e:af89: icmp_seq=46 ttl=64 time=19.3 ms
[1438184501.160899] 64 bytes from aaaa::212:4b00:41e:af89: icmp_seq=47 ttl=64 time=19.3 ms
[1438184502.161864] 64 bytes from aaaa::212:4b00:41e:af89: icmp_seq=48 ttl=64 time=19.3 ms
[1438184503.163421] 64 bytes from aaaa::212:4b00:41e:af89: icmp_seq=49 ttl=64 time=19.3 ms
[1438184504.164982] 64 bytes from aaaa::212:4b00:41e:af89: icmp_seq=50 ttl=64 time=19.3 ms
[1438184505.166228] 64 bytes from aaaa::212:4b00:41e:af89: icmp_seq=51 ttl=64 time=19.4 ms
[1438184506.167739] 64 bytes from aaaa::212:4b00:41e:af89: icmp_seq=52 ttl=64 time=19.3 ms
[1438184507.169259] 64 bytes from aaaa::212:4b00:41e:af89: icmp_seq=53 ttl=64 time=19.3 ms
[1438184508.171555] 64 bytes from aaaa::212:4b00:41e:af89: icmp_seq=54 ttl=64 time=20.0 ms
[1438184509.171732] 64 bytes from aaaa::212:4b00:41e:af89: icmp_seq=55 ttl=64 time=19.2 ms
[1438184510.173362] 64 bytes from aaaa::212:4b00:41e:af89: icmp_seq=56 ttl=64 time=19.4 ms
[1438184511.174283] 64 bytes from aaaa::212:4b00:41e:af89: icmp_seq=57 ttl=64 time=19.3 ms
[1438184512.175742] 64 bytes from aaaa::212:4b00:41e:af89: icmp_seq=58 ttl=64 time=19.3 ms
[1438184513.177264] 64 bytes from aaaa::212:4b00:41e:af89: icmp_seq=59 ttl=64 time=19.3 ms
[1438184514.178722] 64 bytes from aaaa::212:4b00:41e:af89: icmp_seq=60 ttl=64 time=19.3 ms
[1438184515.180283] 64 bytes from aaaa::212:4b00:41e:af89: icmp_seq=61 ttl=64 time=19.3 ms
[1438184516.181894] 64 bytes from aaaa::212:4b00:41e:af89: icmp_seq=62 ttl=64 time=19.4 ms
[1438184517.183370] 64 bytes from aaaa::212:4b00:41e:af89: icmp_seq=63 ttl=64 time=19.3 ms
[1438184518.184851] 64 bytes from aaaa::212:4b00:41e:af89: icmp_seq=64 ttl=64 time=19.3 ms
[1438184519.186431] 64 bytes from aaaa::212:4b00:41e:af89: icmp_seq=65 ttl=64 time=19.3 ms
[1438184520.188007] 64 bytes from aaaa::212:4b00:41e:af89: icmp_seq=66 ttl=64 time=19.3 ms
[1438184521.189499] 64 bytes from aaaa::212:4b00:41e:af89: icmp_seq=67 ttl=64 time=19.3 ms
[1438184522.191130] 64 bytes from aaaa::212:4b00:41e:af89: icmp_seq=68 ttl=64 time=19.4 ms
[1438184523.192757] 64 bytes from aaaa::212:4b00:41e:af89: icmp_seq=69 ttl=64 time=19.4 ms
[1438184524.194321] 64 bytes from aaaa::212:4b00:41e:af89: icmp_seq=70 ttl=64 time=19.3 ms
[1438184525.196043] 64 bytes from aaaa::212:4b00:41e:af89: icmp_seq=71 ttl=64 time=19.4 ms
[1438184526.197768] 64 bytes from aaaa::212:4b00:41e:af89: icmp_seq=72 ttl=64 time=19.4 ms
[1438184527.199295] 64 bytes from aaaa::212:4b00:41e:af89: icmp_seq=73 ttl=64 time=19.3 ms
[1438184528.200774] 64 bytes from aaaa::212:4b00:41e:af89: icmp_seq=74 ttl=64 time=19.3 ms
[1438184529.202410] 64 bytes from aaaa::212:4b00:41e:af89: icmp_seq=75 ttl=64 time=19.4 ms
[1438184530.203899] 64 bytes from aaaa::212:4b00:41e:af89: icmp_seq=76 ttl=64 time=19.2 ms
[1438184531.205427] 64 bytes from aaaa::212:4b00:41e:af89: icmp_seq=77 ttl=64 time=19.3 ms
[1438184532.207022] 64 bytes from aaaa::212:4b00:41e:af89: icmp_seq=78 ttl=64 time=19.3 ms
[1438184533.208522] 64 bytes from aaaa::212:4b00:41e:af89: icmp_seq=79 ttl=64 time=19.3 ms
[1438184534.209921] 64 bytes from aaaa::212:4b00:41e:af89: icmp_seq=80 ttl=64 time=19.3 ms
[1438184535.211534] 64 bytes from aaaa::212:4b00:41e:af89: icmp_seq=81 ttl=64 time=19.3 ms
[1438184536.213043] 64 bytes from aaaa::212:4b00:41e:af89: icmp_seq=82 ttl=64 time=19.3 ms
[1438184537.214532] 64 bytes from aaaa::212:4b00:41e:af89: icmp_seq=83 ttl=64 time=19.3 ms
[1438184538.216041] 64 bytes from aaaa::212:4b00:41e:af89: icmp_seq=84 ttl=64 time=19.3 ms
[1438184539.217653] 64 bytes from aaaa::212:4b00:41e:af89: icmp_seq=85 ttl=64 time=19.4 ms
[1438184540.219287] 64 bytes from aaaa::212:4b00:41e:af89: icmp_seq=86 ttl=64 time=19.4 ms
[1438184541.220904] 64 bytes from aaaa::212:4b00:41e:af89: icmp_seq=87 ttl=64 time=19.4 ms
[1438184542.222451] 64 bytes from aaaa::212:4b00:41e:af89: icmp_seq=88 ttl=64 time=19.3 ms
[1438184543.224032] 64 bytes from aaaa::212:4b00:41e:af89: icmp_seq=89 ttl=64 time=19.4 ms
[1438184544.225671] 64 bytes from aaaa::212:4b00:41e:af89: icmp_seq=90 ttl=64 time=19.4 ms
[1438184545.227304] 64 bytes from aaaa::212:4b00:41e:af89: icmp_seq=91 ttl=64 time=19.3 ms
[1438184546.228923] 64 bytes from aaaa::212:4b00:41e:af89: icmp_seq=92 ttl=64 time=19.3 ms
[1438184547.230545] 64 bytes from aaaa::212:4b00:41e:af89: icmp_seq=93 ttl=64 time=19.4 ms
[1438184548.232052] 64 bytes from aaaa::212:4b00:41e:af89: icmp_seq=94 ttl=64 time=19.2 ms
[1438184549.233705] 64 bytes from aaaa::212:4b00:41e:af89: icmp_seq=95 ttl=64 time=19.4 ms
[1438184550.235308] 64 bytes from aaaa::212:4b00:41e:af89: icmp_seq=96 ttl=64 time=19.3 ms
[1438184551.236811] 64 bytes from aaaa::212:4b00:41e:af89: icmp_seq=97 ttl=64 time=19.3 ms
[1438184552.238460] 64 bytes from aaaa::212:4b00:41e:af89: icmp_seq=98 ttl=64 time=19.4 ms
[1438184553.240065] 64 bytes from aaaa::212:4b00:41e:af89: icmp_seq=99 ttl=64 time=19.3 ms
[1438184554.241590] 64 bytes from aaaa::212:4b00:41e:af89: icmp_seq=100 ttl=64 time=19.3 ms

--- aaaa::212:4b00:41e:af89 ping statistics ---
100 packets transmitted, 100 received, 0% packet loss, time 99153ms
rtt min/avg/max/mdev = 19.202/19.374/20.038/0.173 ms
