Contiki-3.0
TI SmartRF06 + cc2538EM
 Net: sicslowpan
 MAC: CSMA
 RDC: ContikiMAC
Rime configured with address 00:12:4b:00:04:1e:af:c6
Random AES-128 implementation test for cc2538dk.
Using Contiki software implementation.
Rounds in each sample: 100
Sample size: 100
Rtimer clock ticks per second on this platform is : 32768
1952
1949
1949
1947
1949
1948
1947
1947
1948
1947
1947
1948
1947
1946
1949
1947
1948
1948
1947
1947
1947
1947
1948
1948
1946
1948
1946
1948
1947
1933
1948
1944
1947
1948
1949
1948
1946
1949
1948
1947
1949
1949
1948
1949
1948
1947
1949
1948
1948
1947
1949
1947
1947
1948
1947
1947
1948
1946
1947
1948
1948
1948
1947
1947
1948
1948
1947
1948
1948
1948
1949
1947
1948
1948
1948
1947
1948
1947
1948
1960
1943
1948
1948
1959
1947
1948
1948
1947
1948
1934
1948
1949
1947
1948
1949
1948
1948
1948
1948
1948
100 tests done for cc2538dk.
