Rime started with address 0.18.116.0.14.50.241.215
MAC 00:12:74:00:0e:32:f1:d7 Contiki-3.0 started. Node id is not set.
noncoresec CSMA ContikiMAC, channel check rate 8 Hz, radio channel 26, CCA threshold -45
Tentative link-local IPv6 address fe80:0000:0000:0000:0212:7400:0e32:f1d7
Starting 'aestest'
Random AES-128 implementation test for sky.
Using Contiki software implementation.
Rounds in each sample: 150
Sample size: 100
Rtimer clock ticks per second on this platform is : 32768
13771
13732
13730
13735
13733
13731
13736
13731
13734
13735
13735
13731
13738
13736
13734
13736
13738
13734
13739
13737
13735
13740
13737
13736
13737
13721
13736
13741
13736
13736
13738
13738
13736
13737
13736
13738
13743
13740
13737
13738
13739
13739
13742
13738
13737
13737
13739
13735
13739
13740
13737
13740
13738
13735
13739
13737
13737
13740
13738
13736
13738
13737
13737
13738
13736
13737
13738
13737
13735
13736
13733
13734
13738
13736
13734
13737
13736
13732
13735
13736
13732
13734
13735
13733
13736
13718
13734
13733
13734
13731
13736
13735
13733
13735
13736
13735
13735
13736
13733
13735
100 tests done for sky.
