#Contiki-3.0
#TI SmartRF06 + cc2538EM
# Net: sicslowpan
# MAC: CSMA
# RDC: ContikiMAC
#Rime configured with address 00:12:4b:00:04:1e:af:c6
#Fixed AES-128 implementation test for cc2538dk.
#Using Contiki software implementation.
#Rounds in each sample: 200
#Sample size: 100
#Rtimer clock ticks per second on this platform is : 32768
#datablock address: 536878562
#Sample 1/100
#Key	: 01 23 45 67 89 ab cd ef 12 34 56 78 9a bc de f0 
#Plaintext	: da 39 a3 ee 54 6b 4b 0d 32 55 bf ef 95 60 18 90 
#Ciphertext	: b2 45 f1 db 3e 26 1f 4e 84 8e 13 e1 ec ee 5c c9 
#Round	: 200
#Start	: 88302
#End	: 92039
#Time Elapsed	:
3737
#Finalise.
#Sample 2/100
#Key	: 01 23 45 67 89 ab cd ef 12 34 56 78 9a bc de f0 
#Plaintext	: da 39 a3 ee 54 6b 4b 0d 32 55 bf ef 95 60 18 90 
#Ciphertext	: b2 45 f1 db 3e 26 1f 4e 84 8e 13 e1 ec ee 5c c9 
#Round	: 200
#Start	: 153838
#End	: 157589
#Time Elapsed	:
3751
#Finalise.
#Sample 3/100
#Key	: 01 23 45 67 89 ab cd ef 12 34 56 78 9a bc de f0 
#Plaintext	: da 39 a3 ee 54 6b 4b 0d 32 55 bf ef 95 60 18 90 
#Ciphertext	: b2 45 f1 db 3e 26 1f 4e 84 8e 13 e1 ec ee 5c c9 
#Round	: 200
#Start	: 219373
#End	: 223125
#Time Elapsed	:
3752
#Finalise.
#Sample 4/100
#Key	: 01 23 45 67 89 ab cd ef 12 34 56 78 9a bc de f0 
#Plaintext	: da 39 a3 ee 54 6b 4b 0d 32 55 bf ef 95 60 18 90 
#Ciphertext	: b2 45 f1 db 3e 26 1f 4e 84 8e 13 e1 ec ee 5c c9 
#Round	: 200
#Start	: 284910
#End	: 288647
#Time Elapsed	:
3737
#Finalise.
#Sample 5/100
#Key	: 01 23 45 67 89 ab cd ef 12 34 56 78 9a bc de f0 
#Plaintext	: da 39 a3 ee 54 6b 4b 0d 32 55 bf ef 95 60 18 90 
#Ciphertext	: b2 45 f1 db 3e 26 1f 4e 84 8e 13 e1 ec ee 5c c9 
#Round	: 200
#Start	: 350446
#End	: 354183
#Time Elapsed	:
3737
#Finalise.
#Sample 6/100
#Key	: 01 23 45 67 89 ab cd ef 12 34 56 78 9a bc de f0 
#Plaintext	: da 39 a3 ee 54 6b 4b 0d 32 55 bf ef 95 60 18 90 
#Ciphertext	: b2 45 f1 db 3e 26 1f 4e 84 8e 13 e1 ec ee 5c c9 
#Round	: 200
#Start	: 415982
#End	: 419734
#Time Elapsed	:
3752
#Finalise.
#Sample 7/100
#Key	: 01 23 45 67 89 ab cd ef 12 34 56 78 9a bc de f0 
#Plaintext	: da 39 a3 ee 54 6b 4b 0d 32 55 bf ef 95 60 18 90 
#Ciphertext	: b2 45 f1 db 3e 26 1f 4e 84 8e 13 e1 ec ee 5c c9 
#Round	: 200
#Start	: 481518
#End	: 485255
#Time Elapsed	:
3737
#Finalise.
#Sample 8/100
#Key	: 01 23 45 67 89 ab cd ef 12 34 56 78 9a bc de f0 
#Plaintext	: da 39 a3 ee 54 6b 4b 0d 32 55 bf ef 95 60 18 90 
#Ciphertext	: b2 45 f1 db 3e 26 1f 4e 84 8e 13 e1 ec ee 5c c9 
#Round	: 200
#Start	: 547054
#End	: 550805
#Time Elapsed	:
3751
#Finalise.
#Sample 9/100
#Key	: 01 23 45 67 89 ab cd ef 12 34 56 78 9a bc de f0 
#Plaintext	: da 39 a3 ee 54 6b 4b 0d 32 55 bf ef 95 60 18 90 
#Ciphertext	: b2 45 f1 db 3e 26 1f 4e 84 8e 13 e1 ec ee 5c c9 
#Round	: 200
#Start	: 612589
#End	: 616341
#Time Elapsed	:
3752
#Finalise.
#Sample 10/100
#Key	: 01 23 45 67 89 ab cd ef 12 34 56 78 9a bc de f0 
#Plaintext	: da 39 a3 ee 54 6b 4b 0d 32 55 bf ef 95 60 18 90 
#Ciphertext	: b2 45 f1 db 3e 26 1f 4e 84 8e 13 e1 ec ee 5c c9 
#Round	: 200
#Start	: 678128
#End	: 681877
#Time Elapsed	:
3749
#Finalise.
#Sample 11/100
#Key	: 01 23 45 67 89 ab cd ef 12 34 56 78 9a bc de f0 
#Plaintext	: da 39 a3 ee 54 6b 4b 0d 32 55 bf ef 95 60 18 90 
#Ciphertext	: b2 45 f1 db 3e 26 1f 4e 84 8e 13 e1 ec ee 5c c9 
#Round	: 200
#Start	: 743665
#End	: 747416
#Time Elapsed	:
3751
#Finalise.
#Sample 12/100
#Key	: 01 23 45 67 89 ab cd ef 12 34 56 78 9a bc de f0 
#Plaintext	: da 39 a3 ee 54 6b 4b 0d 32 55 bf ef 95 60 18 90 
#Ciphertext	: b2 45 f1 db 3e 26 1f 4e 84 8e 13 e1 ec ee 5c c9 
#Round	: 200
#Start	: 809201
#End	: 812952
#Time Elapsed	:
3751
#Finalise.
#Sample 13/100
#Key	: 01 23 45 67 89 ab cd ef 12 34 56 78 9a bc de f0 
#Plaintext	: da 39 a3 ee 54 6b 4b 0d 32 55 bf ef 95 60 18 90 
#Ciphertext	: b2 45 f1 db 3e 26 1f 4e 84 8e 13 e1 ec ee 5c c9 
#Round	: 200
#Start	: 874737
#End	: 878488
#Time Elapsed	:
3751
#Finalise.
#Sample 14/100
#Key	: 01 23 45 67 89 ab cd ef 12 34 56 78 9a bc de f0 
#Plaintext	: da 39 a3 ee 54 6b 4b 0d 32 55 bf ef 95 60 18 90 
#Ciphertext	: b2 45 f1 db 3e 26 1f 4e 84 8e 13 e1 ec ee 5c c9 
#Round	: 200
#Start	: 940274
#End	: 944023
#Time Elapsed	:
3749
#Finalise.
#Sample 15/100
#Key	: 01 23 45 67 89 ab cd ef 12 34 56 78 9a bc de f0 
#Plaintext	: da 39 a3 ee 54 6b 4b 0d 32 55 bf ef 95 60 18 90 
#Ciphertext	: b2 45 f1 db 3e 26 1f 4e 84 8e 13 e1 ec ee 5c c9 
#Round	: 200
#Start	: 1005807
#End	: 1009543
#Time Elapsed	:
3736
#Finalise.
#Sample 16/100
#Key	: 01 23 45 67 89 ab cd ef 12 34 56 78 9a bc de f0 
#Plaintext	: da 39 a3 ee 54 6b 4b 0d 32 55 bf ef 95 60 18 90 
#Ciphertext	: b2 45 f1 db 3e 26 1f 4e 84 8e 13 e1 ec ee 5c c9 
#Round	: 200
#Start	: 1071345
#End	: 1075096
#Time Elapsed	:
3751
#Finalise.
#Sample 17/100
#Key	: 01 23 45 67 89 ab cd ef 12 34 56 78 9a bc de f0 
#Plaintext	: da 39 a3 ee 54 6b 4b 0d 32 55 bf ef 95 60 18 90 
#Ciphertext	: b2 45 f1 db 3e 26 1f 4e 84 8e 13 e1 ec ee 5c c9 
#Round	: 200
#Start	: 1136881
#End	: 1140630
#Time Elapsed	:
3749
#Finalise.
#Sample 18/100
#Key	: 01 23 45 67 89 ab cd ef 12 34 56 78 9a bc de f0 
#Plaintext	: da 39 a3 ee 54 6b 4b 0d 32 55 bf ef 95 60 18 90 
#Ciphertext	: b2 45 f1 db 3e 26 1f 4e 84 8e 13 e1 ec ee 5c c9 
#Round	: 200
#Start	: 1202418
#End	: 1206170
#Time Elapsed	:
3752
#Finalise.
#Sample 19/100
#Key	: 01 23 45 67 89 ab cd ef 12 34 56 78 9a bc de f0 
#Plaintext	: da 39 a3 ee 54 6b 4b 0d 32 55 bf ef 95 60 18 90 
#Ciphertext	: b2 45 f1 db 3e 26 1f 4e 84 8e 13 e1 ec ee 5c c9 
#Round	: 200
#Start	: 1267951
#End	: 1271687
#Time Elapsed	:
3736
#Finalise.
#Sample 20/100
#Key	: 01 23 45 67 89 ab cd ef 12 34 56 78 9a bc de f0 
#Plaintext	: da 39 a3 ee 54 6b 4b 0d 32 55 bf ef 95 60 18 90 
#Ciphertext	: b2 45 f1 db 3e 26 1f 4e 84 8e 13 e1 ec ee 5c c9 
#Round	: 200
#Start	: 1333489
#End	: 1337240
#Time Elapsed	:
3751
#Finalise.
#Sample 21/100
#Key	: 01 23 45 67 89 ab cd ef 12 34 56 78 9a bc de f0 
#Plaintext	: da 39 a3 ee 54 6b 4b 0d 32 55 bf ef 95 60 18 90 
#Ciphertext	: b2 45 f1 db 3e 26 1f 4e 84 8e 13 e1 ec ee 5c c9 
#Round	: 200
#Start	: 1399024
#End	: 1402776
#Time Elapsed	:
3752
#Finalise.
#Sample 22/100
#Key	: 01 23 45 67 89 ab cd ef 12 34 56 78 9a bc de f0 
#Plaintext	: da 39 a3 ee 54 6b 4b 0d 32 55 bf ef 95 60 18 90 
#Ciphertext	: b2 45 f1 db 3e 26 1f 4e 84 8e 13 e1 ec ee 5c c9 
#Round	: 200
#Start	: 1464560
#End	: 1468311
#Time Elapsed	:
3751
#Finalise.
#Sample 23/100
#Key	: 01 23 45 67 89 ab cd ef 12 34 56 78 9a bc de f0 
#Plaintext	: da 39 a3 ee 54 6b 4b 0d 32 55 bf ef 95 60 18 90 
#Ciphertext	: b2 45 f1 db 3e 26 1f 4e 84 8e 13 e1 ec ee 5c c9 
#Round	: 200
#Start	: 1530096
#End	: 1533846
#Time Elapsed	:
3750
#Finalise.
#Sample 24/100
#Key	: 01 23 45 67 89 ab cd ef 12 34 56 78 9a bc de f0 
#Plaintext	: da 39 a3 ee 54 6b 4b 0d 32 55 bf ef 95 60 18 90 
#Ciphertext	: b2 45 f1 db 3e 26 1f 4e 84 8e 13 e1 ec ee 5c c9 
#Round	: 200
#Start	: 1595632
#End	: 1599381
#Time Elapsed	:
3749
#Finalise.
#Sample 25/100
#Key	: 01 23 45 67 89 ab cd ef 12 34 56 78 9a bc de f0 
#Plaintext	: da 39 a3 ee 54 6b 4b 0d 32 55 bf ef 95 60 18 90 
#Ciphertext	: b2 45 f1 db 3e 26 1f 4e 84 8e 13 e1 ec ee 5c c9 
#Round	: 200
#Start	: 1661169
#End	: 1664920
#Time Elapsed	:
3751
#Finalise.
#Sample 26/100
#Key	: 01 23 45 67 89 ab cd ef 12 34 56 78 9a bc de f0 
#Plaintext	: da 39 a3 ee 54 6b 4b 0d 32 55 bf ef 95 60 18 90 
#Ciphertext	: b2 45 f1 db 3e 26 1f 4e 84 8e 13 e1 ec ee 5c c9 
#Round	: 200
#Start	: 1726705
#End	: 1730455
#Time Elapsed	:
3750
#Finalise.
#Sample 27/100
#Key	: 01 23 45 67 89 ab cd ef 12 34 56 78 9a bc de f0 
#Plaintext	: da 39 a3 ee 54 6b 4b 0d 32 55 bf ef 95 60 18 90 
#Ciphertext	: b2 45 f1 db 3e 26 1f 4e 84 8e 13 e1 ec ee 5c c9 
#Round	: 200
#Start	: 1792242
#End	: 1795993
#Time Elapsed	:
3751
#Finalise.
#Sample 28/100
#Key	: 01 23 45 67 89 ab cd ef 12 34 56 78 9a bc de f0 
#Plaintext	: da 39 a3 ee 54 6b 4b 0d 32 55 bf ef 95 60 18 90 
#Ciphertext	: b2 45 f1 db 3e 26 1f 4e 84 8e 13 e1 ec ee 5c c9 
#Round	: 200
#Start	: 1857776
#End	: 1861527
#Time Elapsed	:
3751
#Finalise.
#Sample 29/100
#Key	: 01 23 45 67 89 ab cd ef 12 34 56 78 9a bc de f0 
#Plaintext	: da 39 a3 ee 54 6b 4b 0d 32 55 bf ef 95 60 18 90 
#Ciphertext	: b2 45 f1 db 3e 26 1f 4e 84 8e 13 e1 ec ee 5c c9 
#Round	: 200
#Start	: 1923313
#End	: 1927061
#Time Elapsed	:
3748
#Finalise.
#Sample 30/100
#Key	: 01 23 45 67 89 ab cd ef 12 34 56 78 9a bc de f0 
#Plaintext	: da 39 a3 ee 54 6b 4b 0d 32 55 bf ef 95 60 18 90 
#Ciphertext	: b2 45 f1 db 3e 26 1f 4e 84 8e 13 e1 ec ee 5c c9 
#Round	: 200
#Start	: 1988848
#End	: 1992599
#Time Elapsed	:
3751
#Finalise.
#Sample 31/100
#Key	: 01 23 45 67 89 ab cd ef 12 34 56 78 9a bc de f0 
#Plaintext	: da 39 a3 ee 54 6b 4b 0d 32 55 bf ef 95 60 18 90 
#Ciphertext	: b2 45 f1 db 3e 26 1f 4e 84 8e 13 e1 ec ee 5c c9 
#Round	: 200
#Start	: 2054385
#End	: 2058136
#Time Elapsed	:
3751
#Finalise.
#Sample 32/100
#Key	: 01 23 45 67 89 ab cd ef 12 34 56 78 9a bc de f0 
#Plaintext	: da 39 a3 ee 54 6b 4b 0d 32 55 bf ef 95 60 18 90 
#Ciphertext	: b2 45 f1 db 3e 26 1f 4e 84 8e 13 e1 ec ee 5c c9 
#Round	: 200
#Start	: 2119921
#End	: 2123669
#Time Elapsed	:
3748
#Finalise.
#Sample 33/100
#Key	: 01 23 45 67 89 ab cd ef 12 34 56 78 9a bc de f0 
#Plaintext	: da 39 a3 ee 54 6b 4b 0d 32 55 bf ef 95 60 18 90 
#Ciphertext	: b2 45 f1 db 3e 26 1f 4e 84 8e 13 e1 ec ee 5c c9 
#Round	: 200
#Start	: 2185457
#End	: 2189210
#Time Elapsed	:
3753
#Finalise.
#Sample 34/100
#Key	: 01 23 45 67 89 ab cd ef 12 34 56 78 9a bc de f0 
#Plaintext	: da 39 a3 ee 54 6b 4b 0d 32 55 bf ef 95 60 18 90 
#Ciphertext	: b2 45 f1 db 3e 26 1f 4e 84 8e 13 e1 ec ee 5c c9 
#Round	: 200
#Start	: 2250993
#End	: 2254744
#Time Elapsed	:
3751
#Finalise.
#Sample 35/100
#Key	: 01 23 45 67 89 ab cd ef 12 34 56 78 9a bc de f0 
#Plaintext	: da 39 a3 ee 54 6b 4b 0d 32 55 bf ef 95 60 18 90 
#Ciphertext	: b2 45 f1 db 3e 26 1f 4e 84 8e 13 e1 ec ee 5c c9 
#Round	: 200
#Start	: 2316528
#End	: 2320282
#Time Elapsed	:
3754
#Finalise.
#Sample 36/100
#Key	: 01 23 45 67 89 ab cd ef 12 34 56 78 9a bc de f0 
#Plaintext	: da 39 a3 ee 54 6b 4b 0d 32 55 bf ef 95 60 18 90 
#Ciphertext	: b2 45 f1 db 3e 26 1f 4e 84 8e 13 e1 ec ee 5c c9 
#Round	: 200
#Start	: 2382065
#End	: 2385816
#Time Elapsed	:
3751
#Finalise.
#Sample 37/100
#Key	: 01 23 45 67 89 ab cd ef 12 34 56 78 9a bc de f0 
#Plaintext	: da 39 a3 ee 54 6b 4b 0d 32 55 bf ef 95 60 18 90 
#Ciphertext	: b2 45 f1 db 3e 26 1f 4e 84 8e 13 e1 ec ee 5c c9 
#Round	: 200
#Start	: 2447599
#End	: 2451335
#Time Elapsed	:
3736
#Finalise.
#Sample 38/100
#Key	: 01 23 45 67 89 ab cd ef 12 34 56 78 9a bc de f0 
#Plaintext	: da 39 a3 ee 54 6b 4b 0d 32 55 bf ef 95 60 18 90 
#Ciphertext	: b2 45 f1 db 3e 26 1f 4e 84 8e 13 e1 ec ee 5c c9 
#Round	: 200
#Start	: 2513137
#End	: 2516888
#Time Elapsed	:
3751
#Finalise.
#Sample 39/100
#Key	: 01 23 45 67 89 ab cd ef 12 34 56 78 9a bc de f0 
#Plaintext	: da 39 a3 ee 54 6b 4b 0d 32 55 bf ef 95 60 18 90 
#Ciphertext	: b2 45 f1 db 3e 26 1f 4e 84 8e 13 e1 ec ee 5c c9 
#Round	: 200
#Start	: 2578673
#End	: 2582423
#Time Elapsed	:
3750
#Finalise.
#Sample 40/100
#Key	: 01 23 45 67 89 ab cd ef 12 34 56 78 9a bc de f0 
#Plaintext	: da 39 a3 ee 54 6b 4b 0d 32 55 bf ef 95 60 18 90 
#Ciphertext	: b2 45 f1 db 3e 26 1f 4e 84 8e 13 e1 ec ee 5c c9 
#Round	: 200
#Start	: 2644208
#End	: 2647959
#Time Elapsed	:
3751
#Finalise.
#Sample 41/100
#Key	: 01 23 45 67 89 ab cd ef 12 34 56 78 9a bc de f0 
#Plaintext	: da 39 a3 ee 54 6b 4b 0d 32 55 bf ef 95 60 18 90 
#Ciphertext	: b2 45 f1 db 3e 26 1f 4e 84 8e 13 e1 ec ee 5c c9 
#Round	: 200
#Start	: 2709745
#End	: 2713496
#Time Elapsed	:
3751
#Finalise.
#Sample 42/100
#Key	: 01 23 45 67 89 ab cd ef 12 34 56 78 9a bc de f0 
#Plaintext	: da 39 a3 ee 54 6b 4b 0d 32 55 bf ef 95 60 18 90 
#Ciphertext	: b2 45 f1 db 3e 26 1f 4e 84 8e 13 e1 ec ee 5c c9 
#Round	: 200
#Start	: 2775280
#End	: 2779029
#Time Elapsed	:
3749
#Finalise.
#Sample 43/100
#Key	: 01 23 45 67 89 ab cd ef 12 34 56 78 9a bc de f0 
#Plaintext	: da 39 a3 ee 54 6b 4b 0d 32 55 bf ef 95 60 18 90 
#Ciphertext	: b2 45 f1 db 3e 26 1f 4e 84 8e 13 e1 ec ee 5c c9 
#Round	: 200
#Start	: 2840816
#End	: 2844567
#Time Elapsed	:
3751
#Finalise.
#Sample 44/100
#Key	: 01 23 45 67 89 ab cd ef 12 34 56 78 9a bc de f0 
#Plaintext	: da 39 a3 ee 54 6b 4b 0d 32 55 bf ef 95 60 18 90 
#Ciphertext	: b2 45 f1 db 3e 26 1f 4e 84 8e 13 e1 ec ee 5c c9 
#Round	: 200
#Start	: 2906354
#End	: 2910103
#Time Elapsed	:
3749
#Finalise.
#Sample 45/100
#Key	: 01 23 45 67 89 ab cd ef 12 34 56 78 9a bc de f0 
#Plaintext	: da 39 a3 ee 54 6b 4b 0d 32 55 bf ef 95 60 18 90 
#Ciphertext	: b2 45 f1 db 3e 26 1f 4e 84 8e 13 e1 ec ee 5c c9 
#Round	: 200
#Start	: 2971889
#End	: 2975640
#Time Elapsed	:
3751
#Finalise.
#Sample 46/100
#Key	: 01 23 45 67 89 ab cd ef 12 34 56 78 9a bc de f0 
#Plaintext	: da 39 a3 ee 54 6b 4b 0d 32 55 bf ef 95 60 18 90 
#Ciphertext	: b2 45 f1 db 3e 26 1f 4e 84 8e 13 e1 ec ee 5c c9 
#Round	: 200
#Start	: 3037424
#End	: 3041176
#Time Elapsed	:
3752
#Finalise.
#Sample 47/100
#Key	: 01 23 45 67 89 ab cd ef 12 34 56 78 9a bc de f0 
#Plaintext	: da 39 a3 ee 54 6b 4b 0d 32 55 bf ef 95 60 18 90 
#Ciphertext	: b2 45 f1 db 3e 26 1f 4e 84 8e 13 e1 ec ee 5c c9 
#Round	: 200
#Start	: 3102961
#End	: 3106712
#Time Elapsed	:
3751
#Finalise.
#Sample 48/100
#Key	: 01 23 45 67 89 ab cd ef 12 34 56 78 9a bc de f0 
#Plaintext	: da 39 a3 ee 54 6b 4b 0d 32 55 bf ef 95 60 18 90 
#Ciphertext	: b2 45 f1 db 3e 26 1f 4e 84 8e 13 e1 ec ee 5c c9 
#Round	: 200
#Start	: 3168497
#End	: 3172246
#Time Elapsed	:
3749
#Finalise.
#Sample 49/100
#Key	: 01 23 45 67 89 ab cd ef 12 34 56 78 9a bc de f0 
#Plaintext	: da 39 a3 ee 54 6b 4b 0d 32 55 bf ef 95 60 18 90 
#Ciphertext	: b2 45 f1 db 3e 26 1f 4e 84 8e 13 e1 ec ee 5c c9 
#Round	: 200
#Start	: 3234033
#End	: 3237782
#Time Elapsed	:
3749
#Finalise.
#Sample 50/100
#Key	: 01 23 45 67 89 ab cd ef 12 34 56 78 9a bc de f0 
#Plaintext	: da 39 a3 ee 54 6b 4b 0d 32 55 bf ef 95 60 18 90 
#Ciphertext	: b2 45 f1 db 3e 26 1f 4e 84 8e 13 e1 ec ee 5c c9 
#Round	: 200
#Start	: 3299570
#End	: 3303319
#Time Elapsed	:
3749
#Finalise.
#Sample 51/100
#Key	: 01 23 45 67 89 ab cd ef 12 34 56 78 9a bc de f0 
#Plaintext	: da 39 a3 ee 54 6b 4b 0d 32 55 bf ef 95 60 18 90 
#Ciphertext	: b2 45 f1 db 3e 26 1f 4e 84 8e 13 e1 ec ee 5c c9 
#Round	: 200
#Start	: 3365104
#End	: 3368856
#Time Elapsed	:
3752
#Finalise.
#Sample 52/100
#Key	: 01 23 45 67 89 ab cd ef 12 34 56 78 9a bc de f0 
#Plaintext	: da 39 a3 ee 54 6b 4b 0d 32 55 bf ef 95 60 18 90 
#Ciphertext	: b2 45 f1 db 3e 26 1f 4e 84 8e 13 e1 ec ee 5c c9 
#Round	: 200
#Start	: 3430640
#End	: 3434389
#Time Elapsed	:
3749
#Finalise.
#Sample 53/100
#Key	: 01 23 45 67 89 ab cd ef 12 34 56 78 9a bc de f0 
#Plaintext	: da 39 a3 ee 54 6b 4b 0d 32 55 bf ef 95 60 18 90 
#Ciphertext	: b2 45 f1 db 3e 26 1f 4e 84 8e 13 e1 ec ee 5c c9 
#Round	: 200
#Start	: 3496177
#End	: 3499911
#Time Elapsed	:
3734
#Finalise.
#Sample 54/100
#Key	: 01 23 45 67 89 ab cd ef 12 34 56 78 9a bc de f0 
#Plaintext	: da 39 a3 ee 54 6b 4b 0d 32 55 bf ef 95 60 18 90 
#Ciphertext	: b2 45 f1 db 3e 26 1f 4e 84 8e 13 e1 ec ee 5c c9 
#Round	: 200
#Start	: 3561712
#End	: 3565462
#Time Elapsed	:
3750
#Finalise.
#Sample 55/100
#Key	: 01 23 45 67 89 ab cd ef 12 34 56 78 9a bc de f0 
#Plaintext	: da 39 a3 ee 54 6b 4b 0d 32 55 bf ef 95 60 18 90 
#Ciphertext	: b2 45 f1 db 3e 26 1f 4e 84 8e 13 e1 ec ee 5c c9 
#Round	: 200
#Start	: 3627249
#End	: 3631000
#Time Elapsed	:
3751
#Finalise.
#Sample 56/100
#Key	: 01 23 45 67 89 ab cd ef 12 34 56 78 9a bc de f0 
#Plaintext	: da 39 a3 ee 54 6b 4b 0d 32 55 bf ef 95 60 18 90 
#Ciphertext	: b2 45 f1 db 3e 26 1f 4e 84 8e 13 e1 ec ee 5c c9 
#Round	: 200
#Start	: 3692785
#End	: 3696538
#Time Elapsed	:
3753
#Finalise.
#Sample 57/100
#Key	: 01 23 45 67 89 ab cd ef 12 34 56 78 9a bc de f0 
#Plaintext	: da 39 a3 ee 54 6b 4b 0d 32 55 bf ef 95 60 18 90 
#Ciphertext	: b2 45 f1 db 3e 26 1f 4e 84 8e 13 e1 ec ee 5c c9 
#Round	: 200
#Start	: 3758321
#End	: 3762070
#Time Elapsed	:
3749
#Finalise.
#Sample 58/100
#Key	: 01 23 45 67 89 ab cd ef 12 34 56 78 9a bc de f0 
#Plaintext	: da 39 a3 ee 54 6b 4b 0d 32 55 bf ef 95 60 18 90 
#Ciphertext	: b2 45 f1 db 3e 26 1f 4e 84 8e 13 e1 ec ee 5c c9 
#Round	: 200
#Start	: 3823856
#End	: 3827605
#Time Elapsed	:
3749
#Finalise.
#Sample 59/100
#Key	: 01 23 45 67 89 ab cd ef 12 34 56 78 9a bc de f0 
#Plaintext	: da 39 a3 ee 54 6b 4b 0d 32 55 bf ef 95 60 18 90 
#Ciphertext	: b2 45 f1 db 3e 26 1f 4e 84 8e 13 e1 ec ee 5c c9 
#Round	: 200
#Start	: 3889392
#End	: 3893143
#Time Elapsed	:
3751
#Finalise.
#Sample 60/100
#Key	: 01 23 45 67 89 ab cd ef 12 34 56 78 9a bc de f0 
#Plaintext	: da 39 a3 ee 54 6b 4b 0d 32 55 bf ef 95 60 18 90 
#Ciphertext	: b2 45 f1 db 3e 26 1f 4e 84 8e 13 e1 ec ee 5c c9 
#Round	: 200
#Start	: 3954929
#End	: 3958679
#Time Elapsed	:
3750
#Finalise.
#Sample 61/100
#Key	: 01 23 45 67 89 ab cd ef 12 34 56 78 9a bc de f0 
#Plaintext	: da 39 a3 ee 54 6b 4b 0d 32 55 bf ef 95 60 18 90 
#Ciphertext	: b2 45 f1 db 3e 26 1f 4e 84 8e 13 e1 ec ee 5c c9 
#Round	: 200
#Start	: 4020465
#End	: 4024216
#Time Elapsed	:
3751
#Finalise.
#Sample 62/100
#Key	: 01 23 45 67 89 ab cd ef 12 34 56 78 9a bc de f0 
#Plaintext	: da 39 a3 ee 54 6b 4b 0d 32 55 bf ef 95 60 18 90 
#Ciphertext	: b2 45 f1 db 3e 26 1f 4e 84 8e 13 e1 ec ee 5c c9 
#Round	: 200
#Start	: 4086001
#End	: 4089751
#Time Elapsed	:
3750
#Finalise.
#Sample 63/100
#Key	: 01 23 45 67 89 ab cd ef 12 34 56 78 9a bc de f0 
#Plaintext	: da 39 a3 ee 54 6b 4b 0d 32 55 bf ef 95 60 18 90 
#Ciphertext	: b2 45 f1 db 3e 26 1f 4e 84 8e 13 e1 ec ee 5c c9 
#Round	: 200
#Start	: 4151535
#End	: 4155286
#Time Elapsed	:
3751
#Finalise.
#Sample 64/100
#Key	: 01 23 45 67 89 ab cd ef 12 34 56 78 9a bc de f0 
#Plaintext	: da 39 a3 ee 54 6b 4b 0d 32 55 bf ef 95 60 18 90 
#Ciphertext	: b2 45 f1 db 3e 26 1f 4e 84 8e 13 e1 ec ee 5c c9 
#Round	: 200
#Start	: 4217073
#End	: 4220824
#Time Elapsed	:
3751
#Finalise.
#Sample 65/100
#Key	: 01 23 45 67 89 ab cd ef 12 34 56 78 9a bc de f0 
#Plaintext	: da 39 a3 ee 54 6b 4b 0d 32 55 bf ef 95 60 18 90 
#Ciphertext	: b2 45 f1 db 3e 26 1f 4e 84 8e 13 e1 ec ee 5c c9 
#Round	: 200
#Start	: 4282609
#End	: 4286357
#Time Elapsed	:
3748
#Finalise.
#Sample 66/100
#Key	: 01 23 45 67 89 ab cd ef 12 34 56 78 9a bc de f0 
#Plaintext	: da 39 a3 ee 54 6b 4b 0d 32 55 bf ef 95 60 18 90 
#Ciphertext	: b2 45 f1 db 3e 26 1f 4e 84 8e 13 e1 ec ee 5c c9 
#Round	: 200
#Start	: 4348144
#End	: 4351894
#Time Elapsed	:
3750
#Finalise.
#Sample 67/100
#Key	: 01 23 45 67 89 ab cd ef 12 34 56 78 9a bc de f0 
#Plaintext	: da 39 a3 ee 54 6b 4b 0d 32 55 bf ef 95 60 18 90 
#Ciphertext	: b2 45 f1 db 3e 26 1f 4e 84 8e 13 e1 ec ee 5c c9 
#Round	: 200
#Start	: 4413680
#End	: 4417431
#Time Elapsed	:
3751
#Finalise.
#Sample 68/100
#Key	: 01 23 45 67 89 ab cd ef 12 34 56 78 9a bc de f0 
#Plaintext	: da 39 a3 ee 54 6b 4b 0d 32 55 bf ef 95 60 18 90 
#Ciphertext	: b2 45 f1 db 3e 26 1f 4e 84 8e 13 e1 ec ee 5c c9 
#Round	: 200
#Start	: 4479216
#End	: 4482966
#Time Elapsed	:
3750
#Finalise.
#Sample 69/100
#Key	: 01 23 45 67 89 ab cd ef 12 34 56 78 9a bc de f0 
#Plaintext	: da 39 a3 ee 54 6b 4b 0d 32 55 bf ef 95 60 18 90 
#Ciphertext	: b2 45 f1 db 3e 26 1f 4e 84 8e 13 e1 ec ee 5c c9 
#Round	: 200
#Start	: 4544752
#End	: 4548504
#Time Elapsed	:
3752
#Finalise.
#Sample 70/100
#Key	: 01 23 45 67 89 ab cd ef 12 34 56 78 9a bc de f0 
#Plaintext	: da 39 a3 ee 54 6b 4b 0d 32 55 bf ef 95 60 18 90 
#Ciphertext	: b2 45 f1 db 3e 26 1f 4e 84 8e 13 e1 ec ee 5c c9 
#Round	: 200
#Start	: 4610288
#End	: 4614038
#Time Elapsed	:
3750
#Finalise.
#Sample 71/100
#Key	: 01 23 45 67 89 ab cd ef 12 34 56 78 9a bc de f0 
#Plaintext	: da 39 a3 ee 54 6b 4b 0d 32 55 bf ef 95 60 18 90 
#Ciphertext	: b2 45 f1 db 3e 26 1f 4e 84 8e 13 e1 ec ee 5c c9 
#Round	: 200
#Start	: 4675825
#End	: 4679576
#Time Elapsed	:
3751
#Finalise.
#Sample 72/100
#Key	: 01 23 45 67 89 ab cd ef 12 34 56 78 9a bc de f0 
#Plaintext	: da 39 a3 ee 54 6b 4b 0d 32 55 bf ef 95 60 18 90 
#Ciphertext	: b2 45 f1 db 3e 26 1f 4e 84 8e 13 e1 ec ee 5c c9 
#Round	: 200
#Start	: 4741360
#End	: 4745109
#Time Elapsed	:
3749
#Finalise.
#Sample 73/100
#Key	: 01 23 45 67 89 ab cd ef 12 34 56 78 9a bc de f0 
#Plaintext	: da 39 a3 ee 54 6b 4b 0d 32 55 bf ef 95 60 18 90 
#Ciphertext	: b2 45 f1 db 3e 26 1f 4e 84 8e 13 e1 ec ee 5c c9 
#Round	: 200
#Start	: 4806896
#End	: 4810645
#Time Elapsed	:
3749
#Finalise.
#Sample 74/100
#Key	: 01 23 45 67 89 ab cd ef 12 34 56 78 9a bc de f0 
#Plaintext	: da 39 a3 ee 54 6b 4b 0d 32 55 bf ef 95 60 18 90 
#Ciphertext	: b2 45 f1 db 3e 26 1f 4e 84 8e 13 e1 ec ee 5c c9 
#Round	: 200
#Start	: 4872433
#End	: 4876186
#Time Elapsed	:
3753
#Finalise.
#Sample 75/100
#Key	: 01 23 45 67 89 ab cd ef 12 34 56 78 9a bc de f0 
#Plaintext	: da 39 a3 ee 54 6b 4b 0d 32 55 bf ef 95 60 18 90 
#Ciphertext	: b2 45 f1 db 3e 26 1f 4e 84 8e 13 e1 ec ee 5c c9 
#Round	: 200
#Start	: 4937970
#End	: 4941720
#Time Elapsed	:
3750
#Finalise.
#Sample 76/100
#Key	: 01 23 45 67 89 ab cd ef 12 34 56 78 9a bc de f0 
#Plaintext	: da 39 a3 ee 54 6b 4b 0d 32 55 bf ef 95 60 18 90 
#Ciphertext	: b2 45 f1 db 3e 26 1f 4e 84 8e 13 e1 ec ee 5c c9 
#Round	: 200
#Start	: 5003504
#End	: 5007256
#Time Elapsed	:
3752
#Finalise.
#Sample 77/100
#Key	: 01 23 45 67 89 ab cd ef 12 34 56 78 9a bc de f0 
#Plaintext	: da 39 a3 ee 54 6b 4b 0d 32 55 bf ef 95 60 18 90 
#Ciphertext	: b2 45 f1 db 3e 26 1f 4e 84 8e 13 e1 ec ee 5c c9 
#Round	: 200
#Start	: 5069041
#End	: 5072792
#Time Elapsed	:
3751
#Finalise.
#Sample 78/100
#Key	: 01 23 45 67 89 ab cd ef 12 34 56 78 9a bc de f0 
#Plaintext	: da 39 a3 ee 54 6b 4b 0d 32 55 bf ef 95 60 18 90 
#Ciphertext	: b2 45 f1 db 3e 26 1f 4e 84 8e 13 e1 ec ee 5c c9 
#Round	: 200
#Start	: 5134576
#End	: 5138325
#Time Elapsed	:
3749
#Finalise.
#Sample 79/100
#Key	: 01 23 45 67 89 ab cd ef 12 34 56 78 9a bc de f0 
#Plaintext	: da 39 a3 ee 54 6b 4b 0d 32 55 bf ef 95 60 18 90 
#Ciphertext	: b2 45 f1 db 3e 26 1f 4e 84 8e 13 e1 ec ee 5c c9 
#Round	: 200
#Start	: 5200112
#End	: 5203863
#Time Elapsed	:
3751
#Finalise.
#Sample 80/100
#Key	: 01 23 45 67 89 ab cd ef 12 34 56 78 9a bc de f0 
#Plaintext	: da 39 a3 ee 54 6b 4b 0d 32 55 bf ef 95 60 18 90 
#Ciphertext	: b2 45 f1 db 3e 26 1f 4e 84 8e 13 e1 ec ee 5c c9 
#Round	: 200
#Start	: 5265650
#End	: 5269401
#Time Elapsed	:
3751
#Finalise.
#Sample 81/100
#Key	: 01 23 45 67 89 ab cd ef 12 34 56 78 9a bc de f0 
#Plaintext	: da 39 a3 ee 54 6b 4b 0d 32 55 bf ef 95 60 18 90 
#Ciphertext	: b2 45 f1 db 3e 26 1f 4e 84 8e 13 e1 ec ee 5c c9 
#Round	: 200
#Start	: 5331184
#End	: 5334937
#Time Elapsed	:
3753
#Finalise.
#Sample 82/100
#Key	: 01 23 45 67 89 ab cd ef 12 34 56 78 9a bc de f0 
#Plaintext	: da 39 a3 ee 54 6b 4b 0d 32 55 bf ef 95 60 18 90 
#Ciphertext	: b2 45 f1 db 3e 26 1f 4e 84 8e 13 e1 ec ee 5c c9 
#Round	: 200
#Start	: 5396720
#End	: 5400470
#Time Elapsed	:
3750
#Finalise.
#Sample 83/100
#Key	: 01 23 45 67 89 ab cd ef 12 34 56 78 9a bc de f0 
#Plaintext	: da 39 a3 ee 54 6b 4b 0d 32 55 bf ef 95 60 18 90 
#Ciphertext	: b2 45 f1 db 3e 26 1f 4e 84 8e 13 e1 ec ee 5c c9 
#Round	: 200
#Start	: 5462257
#End	: 5466006
#Time Elapsed	:
3749
#Finalise.
#Sample 84/100
#Key	: 01 23 45 67 89 ab cd ef 12 34 56 78 9a bc de f0 
#Plaintext	: da 39 a3 ee 54 6b 4b 0d 32 55 bf ef 95 60 18 90 
#Ciphertext	: b2 45 f1 db 3e 26 1f 4e 84 8e 13 e1 ec ee 5c c9 
#Round	: 200
#Start	: 5527792
#End	: 5531541
#Time Elapsed	:
3749
#Finalise.
#Sample 85/100
#Key	: 01 23 45 67 89 ab cd ef 12 34 56 78 9a bc de f0 
#Plaintext	: da 39 a3 ee 54 6b 4b 0d 32 55 bf ef 95 60 18 90 
#Ciphertext	: b2 45 f1 db 3e 26 1f 4e 84 8e 13 e1 ec ee 5c c9 
#Round	: 200
#Start	: 5593329
#End	: 5597078
#Time Elapsed	:
3749
#Finalise.
#Sample 86/100
#Key	: 01 23 45 67 89 ab cd ef 12 34 56 78 9a bc de f0 
#Plaintext	: da 39 a3 ee 54 6b 4b 0d 32 55 bf ef 95 60 18 90 
#Ciphertext	: b2 45 f1 db 3e 26 1f 4e 84 8e 13 e1 ec ee 5c c9 
#Round	: 200
#Start	: 5658865
#End	: 5662616
#Time Elapsed	:
3751
#Finalise.
#Sample 87/100
#Key	: 01 23 45 67 89 ab cd ef 12 34 56 78 9a bc de f0 
#Plaintext	: da 39 a3 ee 54 6b 4b 0d 32 55 bf ef 95 60 18 90 
#Ciphertext	: b2 45 f1 db 3e 26 1f 4e 84 8e 13 e1 ec ee 5c c9 
#Round	: 200
#Start	: 5724400
#End	: 5728152
#Time Elapsed	:
3752
#Finalise.
#Sample 88/100
#Key	: 01 23 45 67 89 ab cd ef 12 34 56 78 9a bc de f0 
#Plaintext	: da 39 a3 ee 54 6b 4b 0d 32 55 bf ef 95 60 18 90 
#Ciphertext	: b2 45 f1 db 3e 26 1f 4e 84 8e 13 e1 ec ee 5c c9 
#Round	: 200
#Start	: 5789936
#End	: 5793685
#Time Elapsed	:
3749
#Finalise.
#Sample 89/100
#Key	: 01 23 45 67 89 ab cd ef 12 34 56 78 9a bc de f0 
#Plaintext	: da 39 a3 ee 54 6b 4b 0d 32 55 bf ef 95 60 18 90 
#Ciphertext	: b2 45 f1 db 3e 26 1f 4e 84 8e 13 e1 ec ee 5c c9 
#Round	: 200
#Start	: 5855473
#End	: 5859222
#Time Elapsed	:
3749
#Finalise.
#Sample 90/100
#Key	: 01 23 45 67 89 ab cd ef 12 34 56 78 9a bc de f0 
#Plaintext	: da 39 a3 ee 54 6b 4b 0d 32 55 bf ef 95 60 18 90 
#Ciphertext	: b2 45 f1 db 3e 26 1f 4e 84 8e 13 e1 ec ee 5c c9 
#Round	: 200
#Start	: 5921009
#End	: 5924760
#Time Elapsed	:
3751
#Finalise.
#Sample 91/100
#Key	: 01 23 45 67 89 ab cd ef 12 34 56 78 9a bc de f0 
#Plaintext	: da 39 a3 ee 54 6b 4b 0d 32 55 bf ef 95 60 18 90 
#Ciphertext	: b2 45 f1 db 3e 26 1f 4e 84 8e 13 e1 ec ee 5c c9 
#Round	: 200
#Start	: 5986545
#End	: 5990296
#Time Elapsed	:
3751
#Finalise.
#Sample 92/100
#Key	: 01 23 45 67 89 ab cd ef 12 34 56 78 9a bc de f0 
#Plaintext	: da 39 a3 ee 54 6b 4b 0d 32 55 bf ef 95 60 18 90 
#Ciphertext	: b2 45 f1 db 3e 26 1f 4e 84 8e 13 e1 ec ee 5c c9 
#Round	: 200
#Start	: 6052081
#End	: 6055833
#Time Elapsed	:
3752
#Finalise.
#Sample 93/100
#Key	: 01 23 45 67 89 ab cd ef 12 34 56 78 9a bc de f0 
#Plaintext	: da 39 a3 ee 54 6b 4b 0d 32 55 bf ef 95 60 18 90 
#Ciphertext	: b2 45 f1 db 3e 26 1f 4e 84 8e 13 e1 ec ee 5c c9 
#Round	: 200
#Start	: 6117617
#End	: 6121366
#Time Elapsed	:
3749
#Finalise.
#Sample 94/100
#Key	: 01 23 45 67 89 ab cd ef 12 34 56 78 9a bc de f0 
#Plaintext	: da 39 a3 ee 54 6b 4b 0d 32 55 bf ef 95 60 18 90 
#Ciphertext	: b2 45 f1 db 3e 26 1f 4e 84 8e 13 e1 ec ee 5c c9 
#Round	: 200
#Start	: 6183152
#End	: 6186903
#Time Elapsed	:
3751
#Finalise.
#Sample 95/100
#Key	: 01 23 45 67 89 ab cd ef 12 34 56 78 9a bc de f0 
#Plaintext	: da 39 a3 ee 54 6b 4b 0d 32 55 bf ef 95 60 18 90 
#Ciphertext	: b2 45 f1 db 3e 26 1f 4e 84 8e 13 e1 ec ee 5c c9 
#Round	: 200
#Start	: 6248688
#End	: 6252437
#Time Elapsed	:
3749
#Finalise.
#Sample 96/100
#Key	: 01 23 45 67 89 ab cd ef 12 34 56 78 9a bc de f0 
#Plaintext	: da 39 a3 ee 54 6b 4b 0d 32 55 bf ef 95 60 18 90 
#Ciphertext	: b2 45 f1 db 3e 26 1f 4e 84 8e 13 e1 ec ee 5c c9 
#Round	: 200
#Start	: 6314224
#End	: 6317975
#Time Elapsed	:
3751
#Finalise.
#Sample 97/100
#Key	: 01 23 45 67 89 ab cd ef 12 34 56 78 9a bc de f0 
#Plaintext	: da 39 a3 ee 54 6b 4b 0d 32 55 bf ef 95 60 18 90 
#Ciphertext	: b2 45 f1 db 3e 26 1f 4e 84 8e 13 e1 ec ee 5c c9 
#Round	: 200
#Start	: 6379761
#End	: 6383512
#Time Elapsed	:
3751
#Finalise.
#Sample 98/100
#Key	: 01 23 45 67 89 ab cd ef 12 34 56 78 9a bc de f0 
#Plaintext	: da 39 a3 ee 54 6b 4b 0d 32 55 bf ef 95 60 18 90 
#Ciphertext	: b2 45 f1 db 3e 26 1f 4e 84 8e 13 e1 ec ee 5c c9 
#Round	: 200
#Start	: 6445297
#End	: 6449046
#Time Elapsed	:
3749
#Finalise.
#Sample 99/100
#Key	: 01 23 45 67 89 ab cd ef 12 34 56 78 9a bc de f0 
#Plaintext	: da 39 a3 ee 54 6b 4b 0d 32 55 bf ef 95 60 18 90 
#Ciphertext	: b2 45 f1 db 3e 26 1f 4e 84 8e 13 e1 ec ee 5c c9 
#Round	: 200
#Start	: 6510833
#End	: 6514582
#Time Elapsed	:
3749
#Finalise.
#Sample 100/100
#Key	: 01 23 45 67 89 ab cd ef 12 34 56 78 9a bc de f0 
#Plaintext	: da 39 a3 ee 54 6b 4b 0d 32 55 bf ef 95 60 18 90 
#Ciphertext	: b2 45 f1 db 3e 26 1f 4e 84 8e 13 e1 ec ee 5c c9 
#Round	: 200
#Start	: 6576372
#End	: 6580121
#Time Elapsed	:
3749
#Finalise.
#100 tests done for cc2538dk.
