PING aaaa::212:4b00:41e:afc6(aaaa::212:4b00:41e:afc6) 56 data bytes
[1438702517.918894] no answer yet for icmp_seq=1
[1438702517.987193] 64 bytes from aaaa::212:4b00:41e:afc6: icmp_seq=2 ttl=63 time=68.1 ms
[1438702518.987949] 64 bytes from aaaa::212:4b00:41e:afc6: icmp_seq=3 ttl=63 time=67.6 ms
[1438702519.990306] 64 bytes from aaaa::212:4b00:41e:afc6: icmp_seq=4 ttl=63 time=68.2 ms
[1438702520.987349] 64 bytes from aaaa::212:4b00:41e:afc6: icmp_seq=5 ttl=63 time=63.9 ms
[1438702521.988457] 64 bytes from aaaa::212:4b00:41e:afc6: icmp_seq=6 ttl=63 time=64.0 ms
[1438702523.932986] no answer yet for icmp_seq=7
[1438702523.988462] 64 bytes from aaaa::212:4b00:41e:afc6: icmp_seq=8 ttl=63 time=55.3 ms
[1438702524.990640] 64 bytes from aaaa::212:4b00:41e:afc6: icmp_seq=9 ttl=63 time=56.0 ms
[1438702525.990618] 64 bytes from aaaa::212:4b00:41e:afc6: icmp_seq=10 ttl=63 time=55.5 ms
[1438702526.992078] 64 bytes from aaaa::212:4b00:41e:afc6: icmp_seq=11 ttl=63 time=55.3 ms
[1438702528.241953] 64 bytes from aaaa::212:4b00:41e:afc6: icmp_seq=12 ttl=63 time=303 ms
[1438702528.990076] 64 bytes from aaaa::212:4b00:41e:afc6: icmp_seq=13 ttl=63 time=51.2 ms
[1438702529.991324] 64 bytes from aaaa::212:4b00:41e:afc6: icmp_seq=14 ttl=63 time=51.1 ms
[1438702530.992741] 64 bytes from aaaa::212:4b00:41e:afc6: icmp_seq=15 ttl=63 time=51.2 ms
[1438702531.994285] 64 bytes from aaaa::212:4b00:41e:afc6: icmp_seq=16 ttl=63 time=51.3 ms
[1438702533.096232] 64 bytes from aaaa::212:4b00:41e:afc6: icmp_seq=17 ttl=63 time=151 ms
[1438702534.606208] 64 bytes from aaaa::212:4b00:41e:afc6: icmp_seq=18 ttl=63 time=660 ms
[1438702535.243830] 64 bytes from aaaa::212:4b00:41e:afc6: icmp_seq=19 ttl=63 time=299 ms
[1438702535.995970] 64 bytes from aaaa::212:4b00:41e:afc6: icmp_seq=20 ttl=63 time=51.2 ms
[1438702537.329590] 64 bytes from aaaa::212:4b00:41e:afc6: icmp_seq=21 ttl=63 time=383 ms
[1438702538.239707] 64 bytes from aaaa::212:4b00:41e:afc6: icmp_seq=22 ttl=63 time=293 ms
[1438702539.953044] no answer yet for icmp_seq=23
[1438702540.000629] 64 bytes from aaaa::212:4b00:41e:afc6: icmp_seq=24 ttl=63 time=47.4 ms
[1438702540.998179] 64 bytes from aaaa::212:4b00:41e:afc6: icmp_seq=25 ttl=63 time=44.3 ms
[1438702542.954787] no answer yet for icmp_seq=26
[1438702543.241952] 64 bytes from aaaa::212:4b00:41e:afc6: icmp_seq=27 ttl=63 time=287 ms
[1438702543.998350] 64 bytes from aaaa::212:4b00:41e:afc6: icmp_seq=28 ttl=63 time=43.1 ms
[1438702544.999308] 64 bytes from aaaa::212:4b00:41e:afc6: icmp_seq=29 ttl=63 time=42.6 ms
[1438702546.001278] 64 bytes from aaaa::212:4b00:41e:afc6: icmp_seq=30 ttl=63 time=42.7 ms
[1438702547.001990] 64 bytes from aaaa::212:4b00:41e:afc6: icmp_seq=31 ttl=63 time=42.6 ms
[1438702548.002857] 64 bytes from aaaa::212:4b00:41e:afc6: icmp_seq=32 ttl=63 time=42.7 ms
[1438702549.057127] 64 bytes from aaaa::212:4b00:41e:afc6: icmp_seq=33 ttl=63 time=96.1 ms
[1438702550.969019] no answer yet for icmp_seq=34
[1438702551.126475] 64 bytes from aaaa::212:4b00:41e:afc6: icmp_seq=35 ttl=63 time=157 ms
[1438702552.255388] 64 bytes from aaaa::212:4b00:41e:afc6: icmp_seq=36 ttl=63 time=285 ms
[1438702553.424659] 64 bytes from aaaa::212:4b00:41e:afc6: icmp_seq=37 ttl=63 time=455 ms
[1438702554.507228] 64 bytes from aaaa::212:4b00:41e:afc6: icmp_seq=38 ttl=63 time=537 ms
[1438702555.130604] 64 bytes from aaaa::212:4b00:41e:afc6: icmp_seq=39 ttl=63 time=161 ms
[1438702556.131149] 64 bytes from aaaa::212:4b00:41e:afc6: icmp_seq=40 ttl=63 time=161 ms
[1438702557.131730] 64 bytes from aaaa::212:4b00:41e:afc6: icmp_seq=41 ttl=63 time=161 ms
[1438702558.628153] 64 bytes from aaaa::212:4b00:41e:afc6: icmp_seq=42 ttl=63 time=657 ms
[1438702559.162999] 64 bytes from aaaa::212:4b00:41e:afc6: icmp_seq=43 ttl=63 time=192 ms
[1438702560.255968] 64 bytes from aaaa::212:4b00:41e:afc6: icmp_seq=44 ttl=63 time=284 ms
[1438702561.970886] no answer yet for icmp_seq=45
[1438702562.261107] 64 bytes from aaaa::212:4b00:41e:afc6: icmp_seq=46 ttl=63 time=290 ms
[1438702563.376433] 64 bytes from aaaa::212:4b00:41e:afc6: icmp_seq=47 ttl=63 time=405 ms
[1438702564.190564] 64 bytes from aaaa::212:4b00:41e:afc6: icmp_seq=48 ttl=63 time=219 ms
[1438702565.133195] 64 bytes from aaaa::212:4b00:41e:afc6: icmp_seq=49 ttl=63 time=161 ms
[1438702566.133941] 64 bytes from aaaa::212:4b00:41e:afc6: icmp_seq=50 ttl=63 time=161 ms
[1438702567.499772] 64 bytes from aaaa::212:4b00:41e:afc6: icmp_seq=51 ttl=63 time=526 ms
[1438702568.134940] 64 bytes from aaaa::212:4b00:41e:afc6: icmp_seq=52 ttl=63 time=161 ms
[1438702569.980987] no answer yet for icmp_seq=53
[1438702570.134371] 64 bytes from aaaa::212:4b00:41e:afc6: icmp_seq=54 ttl=63 time=153 ms
[1438702571.134689] 64 bytes from aaaa::212:4b00:41e:afc6: icmp_seq=55 ttl=63 time=153 ms
[1438702572.263480] 64 bytes from aaaa::212:4b00:41e:afc6: icmp_seq=56 ttl=63 time=281 ms
[1438702573.135602] 64 bytes from aaaa::212:4b00:41e:afc6: icmp_seq=57 ttl=63 time=153 ms
[1438702574.988973] no answer yet for icmp_seq=58
[1438702575.138018] 64 bytes from aaaa::212:4b00:41e:afc6: icmp_seq=59 ttl=63 time=148 ms
[1438702576.262011] 64 bytes from aaaa::212:4b00:41e:afc6: icmp_seq=60 ttl=63 time=272 ms
[1438702577.996889] no answer yet for icmp_seq=61
[1438702579.004950] no answer yet for icmp_seq=62
[1438702579.137501] 64 bytes from aaaa::212:4b00:41e:afc6: icmp_seq=63 ttl=63 time=132 ms
[1438702580.508100] 64 bytes from aaaa::212:4b00:41e:afc6: icmp_seq=64 ttl=63 time=501 ms
[1438702581.139437] 64 bytes from aaaa::212:4b00:41e:afc6: icmp_seq=65 ttl=63 time=131 ms
[1438702583.016879] no answer yet for icmp_seq=66
[1438702583.140502] 64 bytes from aaaa::212:4b00:41e:afc6: icmp_seq=67 ttl=63 time=123 ms
[1438702584.142289] 64 bytes from aaaa::212:4b00:41e:afc6: icmp_seq=68 ttl=63 time=123 ms
[1438702585.143680] 64 bytes from aaaa::212:4b00:41e:afc6: icmp_seq=69 ttl=63 time=123 ms
[1438702586.141006] 64 bytes from aaaa::212:4b00:41e:afc6: icmp_seq=70 ttl=63 time=119 ms
[1438702587.168997] 64 bytes from aaaa::212:4b00:41e:afc6: icmp_seq=71 ttl=63 time=145 ms
[1438702588.143241] 64 bytes from aaaa::212:4b00:41e:afc6: icmp_seq=72 ttl=63 time=119 ms
[1438702589.392988] 64 bytes from aaaa::212:4b00:41e:afc6: icmp_seq=73 ttl=63 time=367 ms
[1438702590.145877] 64 bytes from aaaa::212:4b00:41e:afc6: icmp_seq=74 ttl=63 time=119 ms
[1438702591.781088] 64 bytes from aaaa::212:4b00:41e:afc6: icmp_seq=75 ttl=63 time=754 ms
[1438702592.394111] 64 bytes from aaaa::212:4b00:41e:afc6: icmp_seq=76 ttl=63 time=366 ms
[1438702593.395005] 64 bytes from aaaa::212:4b00:41e:afc6: icmp_seq=77 ttl=63 time=366 ms
[1438702594.144563] 64 bytes from aaaa::212:4b00:41e:afc6: icmp_seq=78 ttl=63 time=114 ms
[1438702596.030882] no answer yet for icmp_seq=79
[1438702596.397773] 64 bytes from aaaa::212:4b00:41e:afc6: icmp_seq=80 ttl=63 time=366 ms
[1438702597.147435] 64 bytes from aaaa::212:4b00:41e:afc6: icmp_seq=81 ttl=63 time=114 ms
[1438702598.149018] 64 bytes from aaaa::212:4b00:41e:afc6: icmp_seq=82 ttl=63 time=114 ms
[1438702600.044972] no answer yet for icmp_seq=83
[1438702601.052914] no answer yet for icmp_seq=84
[1438702601.150712] 64 bytes from aaaa::212:4b00:41e:afc6: icmp_seq=85 ttl=63 time=97.6 ms
[1438702602.152342] 64 bytes from aaaa::212:4b00:41e:afc6: icmp_seq=86 ttl=63 time=97.6 ms
[1438702603.149750] 64 bytes from aaaa::212:4b00:41e:afc6: icmp_seq=87 ttl=63 time=93.3 ms
[1438702604.403060] 64 bytes from aaaa::212:4b00:41e:afc6: icmp_seq=88 ttl=63 time=345 ms
[1438702605.152537] 64 bytes from aaaa::212:4b00:41e:afc6: icmp_seq=89 ttl=63 time=93.6 ms
[1438702607.068905] no answer yet for icmp_seq=90
[1438702607.395386] 64 bytes from aaaa::212:4b00:41e:afc6: icmp_seq=90 ttl=63 time=1334 ms
[1438702607.645282] 64 bytes from aaaa::212:4b00:41e:afc6: icmp_seq=91 ttl=63 time=576 ms
[1438702608.163022] 64 bytes from aaaa::212:4b00:41e:afc6: icmp_seq=92 ttl=63 time=93.1 ms
[1438702610.070887] no answer yet for icmp_seq=93
[1438702610.402541] 64 bytes from aaaa::212:4b00:41e:afc6: icmp_seq=94 ttl=63 time=331 ms
[1438702612.080985] no answer yet for icmp_seq=95
[1438702612.153135] 64 bytes from aaaa::212:4b00:41e:afc6: icmp_seq=96 ttl=63 time=72.0 ms
[1438702613.154244] 64 bytes from aaaa::212:4b00:41e:afc6: icmp_seq=97 ttl=63 time=72.0 ms
[1438702614.155283] 64 bytes from aaaa::212:4b00:41e:afc6: icmp_seq=98 ttl=63 time=71.9 ms
[1438702615.155767] 64 bytes from aaaa::212:4b00:41e:afc6: icmp_seq=99 ttl=63 time=72.0 ms
[1438702616.157053] 64 bytes from aaaa::212:4b00:41e:afc6: icmp_seq=100 ttl=63 time=72.1 ms

--- aaaa::212:4b00:41e:afc6 ping statistics ---
100 packets transmitted, 84 received, 16% packet loss, time 99165ms
rtt min/avg/max/mdev = 42.618/206.756/1334.810/204.829 ms, pipe 2
PING aaaa::212:4b00:41e:afc6(aaaa::212:4b00:41e:afc6) 56 data bytes
[1438702779.110483] 64 bytes from aaaa::212:4b00:41e:afc6: icmp_seq=1 ttl=63 time=85.1 ms
[1438702780.359338] 64 bytes from aaaa::212:4b00:41e:afc6: icmp_seq=2 ttl=63 time=332 ms
[1438702781.108708] 64 bytes from aaaa::212:4b00:41e:afc6: icmp_seq=3 ttl=63 time=80.5 ms
[1438702782.110328] 64 bytes from aaaa::212:4b00:41e:afc6: icmp_seq=4 ttl=63 time=80.5 ms
[1438702783.111943] 64 bytes from aaaa::212:4b00:41e:afc6: icmp_seq=5 ttl=63 time=80.5 ms
[1438702784.113935] 64 bytes from aaaa::212:4b00:41e:afc6: icmp_seq=6 ttl=63 time=80.9 ms
[1438702785.114460] 64 bytes from aaaa::212:4b00:41e:afc6: icmp_seq=7 ttl=63 time=80.4 ms
[1438702787.034879] no answer yet for icmp_seq=8
[1438702787.111317] 64 bytes from aaaa::212:4b00:41e:afc6: icmp_seq=9 ttl=63 time=76.3 ms
[1438702788.112314] 64 bytes from aaaa::212:4b00:41e:afc6: icmp_seq=10 ttl=63 time=76.5 ms
[1438702790.044947] no answer yet for icmp_seq=11
[1438702790.194689] 64 bytes from aaaa::212:4b00:41e:afc6: icmp_seq=12 ttl=63 time=149 ms
[1438702792.046871] no answer yet for icmp_seq=13
[1438702792.358344] 64 bytes from aaaa::212:4b00:41e:afc6: icmp_seq=14 ttl=63 time=311 ms
[1438702793.364547] 64 bytes from aaaa::212:4b00:41e:afc6: icmp_seq=15 ttl=63 time=316 ms
[1438702794.117430] 64 bytes from aaaa::212:4b00:41e:afc6: icmp_seq=16 ttl=63 time=68.0 ms
[1438702795.118320] 64 bytes from aaaa::212:4b00:41e:afc6: icmp_seq=17 ttl=63 time=67.7 ms
[1438702796.116558] 64 bytes from aaaa::212:4b00:41e:afc6: icmp_seq=18 ttl=63 time=64.0 ms
[1438702797.172352] 64 bytes from aaaa::212:4b00:41e:afc6: icmp_seq=19 ttl=63 time=118 ms
[1438702798.118938] 64 bytes from aaaa::212:4b00:41e:afc6: icmp_seq=20 ttl=63 time=63.4 ms
[1438702800.064975] no answer yet for icmp_seq=21
[1438702800.120098] 64 bytes from aaaa::212:4b00:41e:afc6: icmp_seq=22 ttl=63 time=54.9 ms
[1438702801.369439] 64 bytes from aaaa::212:4b00:41e:afc6: icmp_seq=23 ttl=63 time=303 ms
[1438702802.118063] 64 bytes from aaaa::212:4b00:41e:afc6: icmp_seq=24 ttl=63 time=50.7 ms
[1438702803.119954] 64 bytes from aaaa::212:4b00:41e:afc6: icmp_seq=25 ttl=63 time=50.7 ms
[1438702804.121939] 64 bytes from aaaa::212:4b00:41e:afc6: icmp_seq=26 ttl=63 time=50.8 ms
[1438702806.080949] no answer yet for icmp_seq=27
[1438702806.372306] 64 bytes from aaaa::212:4b00:41e:afc6: icmp_seq=28 ttl=63 time=291 ms
[1438702807.620991] 64 bytes from aaaa::212:4b00:41e:afc6: icmp_seq=29 ttl=63 time=538 ms
[1438702809.082862] no answer yet for icmp_seq=30
[1438702810.082860] no answer yet for icmp_seq=31
[1438702811.082905] no answer yet for icmp_seq=32
[1438702811.171701] 64 bytes from aaaa::212:4b00:41e:afc6: icmp_seq=33 ttl=63 time=88.6 ms
[1438702812.499092] 64 bytes from aaaa::212:4b00:41e:afc6: icmp_seq=34 ttl=63 time=414 ms
[1438702814.092964] no answer yet for icmp_seq=35
[1438702814.505203] 64 bytes from aaaa::212:4b00:41e:afc6: icmp_seq=36 ttl=63 time=412 ms
[1438702816.101030] no answer yet for icmp_seq=37
[1438702816.249655] 64 bytes from aaaa::212:4b00:41e:afc6: icmp_seq=38 ttl=63 time=148 ms
[1438702817.374951] 64 bytes from aaaa::212:4b00:41e:afc6: icmp_seq=39 ttl=63 time=272 ms
[1438702818.252281] 64 bytes from aaaa::212:4b00:41e:afc6: icmp_seq=40 ttl=63 time=148 ms
[1438702819.253761] 64 bytes from aaaa::212:4b00:41e:afc6: icmp_seq=41 ttl=63 time=148 ms
[1438702820.504363] 64 bytes from aaaa::212:4b00:41e:afc6: icmp_seq=42 ttl=63 time=397 ms
[1438702821.252301] 64 bytes from aaaa::212:4b00:41e:afc6: icmp_seq=43 ttl=63 time=144 ms
[1438702822.253913] 64 bytes from aaaa::212:4b00:41e:afc6: icmp_seq=44 ttl=63 time=144 ms
[1438702823.255292] 64 bytes from aaaa::212:4b00:41e:afc6: icmp_seq=45 ttl=63 time=144 ms
[1438702824.256421] 64 bytes from aaaa::212:4b00:41e:afc6: icmp_seq=46 ttl=63 time=144 ms
[1438702825.253546] 64 bytes from aaaa::212:4b00:41e:afc6: icmp_seq=47 ttl=63 time=140 ms
[1438702826.381806] 64 bytes from aaaa::212:4b00:41e:afc6: icmp_seq=48 ttl=63 time=267 ms
[1438702828.114881] no answer yet for icmp_seq=49
[1438702828.255863] 64 bytes from aaaa::212:4b00:41e:afc6: icmp_seq=50 ttl=63 time=140 ms
[1438702829.255912] 64 bytes from aaaa::212:4b00:41e:afc6: icmp_seq=51 ttl=63 time=139 ms
[1438702830.256797] 64 bytes from aaaa::212:4b00:41e:afc6: icmp_seq=52 ttl=63 time=139 ms
[1438702831.258131] 64 bytes from aaaa::212:4b00:41e:afc6: icmp_seq=53 ttl=63 time=139 ms
[1438702832.259180] 64 bytes from aaaa::212:4b00:41e:afc6: icmp_seq=54 ttl=63 time=139 ms
[1438702834.129028] no answer yet for icmp_seq=55
[1438702834.261040] 64 bytes from aaaa::212:4b00:41e:afc6: icmp_seq=56 ttl=63 time=131 ms
[1438702836.136999] no answer yet for icmp_seq=57
[1438702836.385073] 64 bytes from aaaa::212:4b00:41e:afc6: icmp_seq=58 ttl=63 time=247 ms
[1438702837.843669] 64 bytes from aaaa::212:4b00:41e:afc6: icmp_seq=59 ttl=63 time=705 ms
[1438702838.262059] 64 bytes from aaaa::212:4b00:41e:afc6: icmp_seq=60 ttl=63 time=122 ms
[1438702840.148988] no answer yet for icmp_seq=61
[1438702840.263591] 64 bytes from aaaa::212:4b00:41e:afc6: icmp_seq=62 ttl=63 time=114 ms
[1438702841.637796] 64 bytes from aaaa::212:4b00:41e:afc6: icmp_seq=63 ttl=63 time=487 ms
[1438702842.265963] 64 bytes from aaaa::212:4b00:41e:afc6: icmp_seq=64 ttl=63 time=114 ms
[1438702843.263696] 64 bytes from aaaa::212:4b00:41e:afc6: icmp_seq=65 ttl=63 time=110 ms
[1438702845.154831] no answer yet for icmp_seq=66
[1438702845.390566] 64 bytes from aaaa::212:4b00:41e:afc6: icmp_seq=67 ttl=63 time=235 ms
[1438702846.267052] 64 bytes from aaaa::212:4b00:41e:afc6: icmp_seq=68 ttl=63 time=110 ms
[1438702847.268220] 64 bytes from aaaa::212:4b00:41e:afc6: icmp_seq=69 ttl=63 time=110 ms
[1438702848.265094] 64 bytes from aaaa::212:4b00:41e:afc6: icmp_seq=70 ttl=63 time=105 ms
[1438702849.380414] 64 bytes from aaaa::212:4b00:41e:afc6: icmp_seq=71 ttl=63 time=220 ms
[1438702850.267688] 64 bytes from aaaa::212:4b00:41e:afc6: icmp_seq=72 ttl=63 time=106 ms
[1438702852.162818] no answer yet for icmp_seq=73
[1438702852.269073] 64 bytes from aaaa::212:4b00:41e:afc6: icmp_seq=74 ttl=63 time=106 ms
[1438702853.394418] 64 bytes from aaaa::212:4b00:41e:afc6: icmp_seq=75 ttl=63 time=230 ms
[1438702854.270820] 64 bytes from aaaa::212:4b00:41e:afc6: icmp_seq=76 ttl=63 time=105 ms
[1438702855.289666] 64 bytes from aaaa::212:4b00:41e:afc6: icmp_seq=77 ttl=63 time=122 ms
[1438702856.277285] 64 bytes from aaaa::212:4b00:41e:afc6: icmp_seq=78 ttl=63 time=109 ms
[1438702857.271071] 64 bytes from aaaa::212:4b00:41e:afc6: icmp_seq=79 ttl=63 time=101 ms
[1438702858.272838] 64 bytes from aaaa::212:4b00:41e:afc6: icmp_seq=80 ttl=63 time=101 ms
[1438702859.274690] 64 bytes from aaaa::212:4b00:41e:afc6: icmp_seq=81 ttl=63 time=101 ms
[1438702861.180997] no answer yet for icmp_seq=82
[1438702861.400169] 64 bytes from aaaa::212:4b00:41e:afc6: icmp_seq=83 ttl=63 time=219 ms
[1438702863.189034] no answer yet for icmp_seq=84
[1438702863.273793] 64 bytes from aaaa::212:4b00:41e:afc6: icmp_seq=85 ttl=63 time=84.6 ms
[1438702864.276092] 64 bytes from aaaa::212:4b00:41e:afc6: icmp_seq=86 ttl=63 time=86.0 ms
[1438702866.190861] no answer yet for icmp_seq=87
[1438702866.311547] 64 bytes from aaaa::212:4b00:41e:afc6: icmp_seq=88 ttl=63 time=120 ms
[1438702868.201002] no answer yet for icmp_seq=89
[1438702868.277287] 64 bytes from aaaa::212:4b00:41e:afc6: icmp_seq=90 ttl=63 time=76.1 ms
[1438702870.209007] no answer yet for icmp_seq=91
[1438702870.276928] 64 bytes from aaaa::212:4b00:41e:afc6: icmp_seq=92 ttl=63 time=67.8 ms
[1438702871.277919] 64 bytes from aaaa::212:4b00:41e:afc6: icmp_seq=93 ttl=63 time=67.7 ms
[1438702873.210844] no answer yet for icmp_seq=94
[1438702873.278701] 64 bytes from aaaa::212:4b00:41e:afc6: icmp_seq=95 ttl=63 time=67.7 ms
[1438702874.529545] 64 bytes from aaaa::212:4b00:41e:afc6: icmp_seq=96 ttl=63 time=316 ms
[1438702875.277823] 64 bytes from aaaa::212:4b00:41e:afc6: icmp_seq=97 ttl=63 time=63.3 ms
[1438702876.279239] 64 bytes from aaaa::212:4b00:41e:afc6: icmp_seq=98 ttl=63 time=63.3 ms
[1438702877.280914] 64 bytes from aaaa::212:4b00:41e:afc6: icmp_seq=99 ttl=63 time=63.5 ms
[1438702878.281846] 64 bytes from aaaa::212:4b00:41e:afc6: icmp_seq=100 ttl=63 time=63.3 ms

--- aaaa::212:4b00:41e:afc6 ping statistics ---
100 packets transmitted, 78 received, 22% packet loss, time 99193ms
rtt min/avg/max/mdev = 50.706/159.643/705.664/123.415 ms
PING aaaa::212:4b00:41e:afc6(aaaa::212:4b00:41e:afc6) 56 data bytes
[1438703188.309362] 64 bytes from aaaa::212:4b00:41e:afc6: icmp_seq=1 ttl=63 time=830 ms
[1438703188.603506] 64 bytes from aaaa::212:4b00:41e:afc6: icmp_seq=2 ttl=63 time=125 ms
[1438703189.674451] 64 bytes from aaaa::212:4b00:41e:afc6: icmp_seq=3 ttl=63 time=194 ms
[1438703190.556667] 64 bytes from aaaa::212:4b00:41e:afc6: icmp_seq=4 ttl=63 time=76.2 ms
[1438703192.489085] no answer yet for icmp_seq=5
[1438703192.561164] 64 bytes from aaaa::212:4b00:41e:afc6: icmp_seq=6 ttl=63 time=71.9 ms
[1438703193.815045] 64 bytes from aaaa::212:4b00:41e:afc6: icmp_seq=7 ttl=63 time=325 ms
[1438703194.558653] 64 bytes from aaaa::212:4b00:41e:afc6: icmp_seq=8 ttl=63 time=67.7 ms
[1438703195.560536] 64 bytes from aaaa::212:4b00:41e:afc6: icmp_seq=9 ttl=63 time=67.7 ms
[1438703196.562541] 64 bytes from aaaa::212:4b00:41e:afc6: icmp_seq=10 ttl=63 time=67.8 ms
[1438703197.804657] 64 bytes from aaaa::212:4b00:41e:afc6: icmp_seq=11 ttl=63 time=307 ms
[1438703199.504926] no answer yet for icmp_seq=12
[1438703199.564279] 64 bytes from aaaa::212:4b00:41e:afc6: icmp_seq=13 ttl=63 time=59.2 ms
[1438703200.812888] 64 bytes from aaaa::212:4b00:41e:afc6: icmp_seq=14 ttl=63 time=306 ms
[1438703201.812047] 64 bytes from aaaa::212:4b00:41e:afc6: icmp_seq=15 ttl=63 time=304 ms
[1438703202.563922] 64 bytes from aaaa::212:4b00:41e:afc6: icmp_seq=16 ttl=63 time=54.9 ms
[1438703203.565160] 64 bytes from aaaa::212:4b00:41e:afc6: icmp_seq=17 ttl=63 time=55.0 ms
[1438703204.566295] 64 bytes from aaaa::212:4b00:41e:afc6: icmp_seq=18 ttl=63 time=54.9 ms
[1438703205.562592] 64 bytes from aaaa::212:4b00:41e:afc6: icmp_seq=19 ttl=63 time=50.7 ms
[1438703206.564670] 64 bytes from aaaa::212:4b00:41e:afc6: icmp_seq=20 ttl=63 time=50.9 ms
[1438703207.565295] 64 bytes from aaaa::212:4b00:41e:afc6: icmp_seq=21 ttl=63 time=50.5 ms
[1438703208.567677] 64 bytes from aaaa::212:4b00:41e:afc6: icmp_seq=22 ttl=63 time=51.2 ms
[1438703209.568668] 64 bytes from aaaa::212:4b00:41e:afc6: icmp_seq=23 ttl=63 time=50.8 ms
[1438703210.566306] 64 bytes from aaaa::212:4b00:41e:afc6: icmp_seq=24 ttl=63 time=46.4 ms
[1438703211.681054] 64 bytes from aaaa::212:4b00:41e:afc6: icmp_seq=25 ttl=63 time=159 ms
[1438703213.529014] no answer yet for icmp_seq=26
[1438703213.567040] 64 bytes from aaaa::212:4b00:41e:afc6: icmp_seq=27 ttl=63 time=37.9 ms
[1438703215.070936] 64 bytes from aaaa::212:4b00:41e:afc6: icmp_seq=28 ttl=63 time=541 ms
[1438703216.053490] 64 bytes from aaaa::212:4b00:41e:afc6: icmp_seq=29 ttl=63 time=523 ms
[1438703216.571301] 64 bytes from aaaa::212:4b00:41e:afc6: icmp_seq=30 ttl=63 time=42.1 ms
[1438703217.571925] 64 bytes from aaaa::212:4b00:41e:afc6: icmp_seq=31 ttl=63 time=42.1 ms
[1438703218.658676] 64 bytes from aaaa::212:4b00:41e:afc6: icmp_seq=32 ttl=63 time=127 ms
[1438703219.570548] 64 bytes from aaaa::212:4b00:41e:afc6: icmp_seq=33 ttl=63 time=37.8 ms
[1438703221.074183] 64 bytes from aaaa::212:4b00:41e:afc6: icmp_seq=34 ttl=63 time=539 ms
[1438703221.948718] 64 bytes from aaaa::212:4b00:41e:afc6: icmp_seq=35 ttl=63 time=414 ms
[1438703222.947199] 64 bytes from aaaa::212:4b00:41e:afc6: icmp_seq=36 ttl=63 time=411 ms
[1438703224.544896] no answer yet for icmp_seq=37
[1438703224.951686] 64 bytes from aaaa::212:4b00:41e:afc6: icmp_seq=38 ttl=63 time=406 ms
[1438703225.699587] 64 bytes from aaaa::212:4b00:41e:afc6: icmp_seq=39 ttl=63 time=153 ms
[1438703226.700724] 64 bytes from aaaa::212:4b00:41e:afc6: icmp_seq=40 ttl=63 time=153 ms
[1438703227.828507] 64 bytes from aaaa::212:4b00:41e:afc6: icmp_seq=41 ttl=63 time=279 ms
[1438703229.556975] no answer yet for icmp_seq=42
[1438703229.701309] 64 bytes from aaaa::212:4b00:41e:afc6: icmp_seq=43 ttl=63 time=144 ms
[1438703230.703062] 64 bytes from aaaa::212:4b00:41e:afc6: icmp_seq=44 ttl=63 time=144 ms
[1438703231.704188] 64 bytes from aaaa::212:4b00:41e:afc6: icmp_seq=45 ttl=63 time=144 ms
[1438703232.705313] 64 bytes from aaaa::212:4b00:41e:afc6: icmp_seq=46 ttl=63 time=144 ms
[1438703234.447230] 64 bytes from aaaa::212:4b00:41e:afc6: icmp_seq=47 ttl=63 time=885 ms
[1438703234.829834] 64 bytes from aaaa::212:4b00:41e:afc6: icmp_seq=48 ttl=63 time=268 ms
[1438703236.007089] 64 bytes from aaaa::212:4b00:41e:afc6: icmp_seq=49 ttl=63 time=444 ms
[1438703236.702844] 64 bytes from aaaa::212:4b00:41e:afc6: icmp_seq=50 ttl=63 time=139 ms
[1438703237.707898] 64 bytes from aaaa::212:4b00:41e:afc6: icmp_seq=51 ttl=63 time=144 ms
[1438703239.572903] no answer yet for icmp_seq=52
[1438703239.708726] 64 bytes from aaaa::212:4b00:41e:afc6: icmp_seq=53 ttl=63 time=135 ms
[1438703241.205957] 64 bytes from aaaa::212:4b00:41e:afc6: icmp_seq=54 ttl=63 time=631 ms
[1438703241.951114] 64 bytes from aaaa::212:4b00:41e:afc6: icmp_seq=55 ttl=63 time=376 ms
[1438703243.574842] no answer yet for icmp_seq=56
[1438703244.574838] no answer yet for icmp_seq=57
[1438703245.574785] no answer yet for icmp_seq=58
[1438703245.710609] 64 bytes from aaaa::212:4b00:41e:afc6: icmp_seq=59 ttl=63 time=135 ms
[1438703246.711978] 64 bytes from aaaa::212:4b00:41e:afc6: icmp_seq=60 ttl=63 time=135 ms
[1438703247.709610] 64 bytes from aaaa::212:4b00:41e:afc6: icmp_seq=61 ttl=63 time=131 ms
[1438703248.954132] 64 bytes from aaaa::212:4b00:41e:afc6: icmp_seq=62 ttl=63 time=374 ms
[1438703250.588970] no answer yet for icmp_seq=63
[1438703250.952095] 64 bytes from aaaa::212:4b00:41e:afc6: icmp_seq=64 ttl=63 time=363 ms
[1438703251.713136] 64 bytes from aaaa::212:4b00:41e:afc6: icmp_seq=65 ttl=63 time=123 ms
[1438703252.714287] 64 bytes from aaaa::212:4b00:41e:afc6: icmp_seq=66 ttl=63 time=123 ms
[1438703253.962594] 64 bytes from aaaa::212:4b00:41e:afc6: icmp_seq=67 ttl=63 time=370 ms
[1438703254.956224] 64 bytes from aaaa::212:4b00:41e:afc6: icmp_seq=68 ttl=63 time=362 ms
[1438703255.713849] 64 bytes from aaaa::212:4b00:41e:afc6: icmp_seq=69 ttl=63 time=118 ms
[1438703256.966112] 64 bytes from aaaa::212:4b00:41e:afc6: icmp_seq=70 ttl=63 time=369 ms
[1438703257.712466] 64 bytes from aaaa::212:4b00:41e:afc6: icmp_seq=71 ttl=63 time=114 ms
[1438703258.713368] 64 bytes from aaaa::212:4b00:41e:afc6: icmp_seq=72 ttl=63 time=114 ms
[1438703259.766720] 64 bytes from aaaa::212:4b00:41e:afc6: icmp_seq=73 ttl=63 time=166 ms
[1438703261.083853] 64 bytes from aaaa::212:4b00:41e:afc6: icmp_seq=74 ttl=63 time=482 ms
[1438703262.608983] no answer yet for icmp_seq=75
[1438703262.715594] 64 bytes from aaaa::212:4b00:41e:afc6: icmp_seq=76 ttl=63 time=106 ms
[1438703263.937277] 64 bytes from aaaa::212:4b00:41e:afc6: icmp_seq=77 ttl=63 time=326 ms
[1438703265.621014] no answer yet for icmp_seq=78
[1438703266.628862] no answer yet for icmp_seq=79
[1438703266.717983] 64 bytes from aaaa::212:4b00:41e:afc6: icmp_seq=80 ttl=63 time=89.0 ms
[1438703267.718971] 64 bytes from aaaa::212:4b00:41e:afc6: icmp_seq=81 ttl=63 time=88.9 ms
[1438703268.968880] 64 bytes from aaaa::212:4b00:41e:afc6: icmp_seq=82 ttl=63 time=337 ms
[1438703270.212561] 64 bytes from aaaa::212:4b00:41e:afc6: icmp_seq=83 ttl=63 time=579 ms
[1438703270.739908] 64 bytes from aaaa::212:4b00:41e:afc6: icmp_seq=84 ttl=63 time=106 ms
[1438703271.963376] 64 bytes from aaaa::212:4b00:41e:afc6: icmp_seq=85 ttl=63 time=328 ms
[1438703272.972887] 64 bytes from aaaa::212:4b00:41e:afc6: icmp_seq=86 ttl=63 time=336 ms
[1438703273.730247] 64 bytes from aaaa::212:4b00:41e:afc6: icmp_seq=87 ttl=63 time=92.5 ms
[1438703275.638894] no answer yet for icmp_seq=88
[1438703275.719760] 64 bytes from aaaa::212:4b00:41e:afc6: icmp_seq=89 ttl=63 time=80.7 ms
[1438703276.721289] 64 bytes from aaaa::212:4b00:41e:afc6: icmp_seq=90 ttl=63 time=80.4 ms
[1438703277.722316] 64 bytes from aaaa::212:4b00:41e:afc6: icmp_seq=91 ttl=63 time=80.4 ms
[1438703278.775875] 64 bytes from aaaa::212:4b00:41e:afc6: icmp_seq=92 ttl=63 time=132 ms
[1438703280.099379] 64 bytes from aaaa::212:4b00:41e:afc6: icmp_seq=93 ttl=63 time=454 ms
[1438703280.726219] 64 bytes from aaaa::212:4b00:41e:afc6: icmp_seq=94 ttl=63 time=81.0 ms
[1438703281.795128] 64 bytes from aaaa::212:4b00:41e:afc6: icmp_seq=95 ttl=63 time=148 ms
[1438703282.812625] 64 bytes from aaaa::212:4b00:41e:afc6: icmp_seq=96 ttl=63 time=164 ms
[1438703283.725978] 64 bytes from aaaa::212:4b00:41e:afc6: icmp_seq=97 ttl=63 time=76.3 ms
[1438703285.228888] 64 bytes from aaaa::212:4b00:41e:afc6: icmp_seq=98 ttl=63 time=577 ms
[1438703286.226233] 64 bytes from aaaa::212:4b00:41e:afc6: icmp_seq=99 ttl=63 time=574 ms

--- aaaa::212:4b00:41e:afc6 ping statistics ---
100 packets transmitted, 85 received, 15% packet loss, time 99173ms
rtt min/avg/max/mdev = 37.875/224.417/885.469/188.908 ms
PING aaaa::212:4b00:41e:afc6(aaaa::212:4b00:41e:afc6) 56 data bytes
[1438703391.489997] 64 bytes from aaaa::212:4b00:41e:afc6: icmp_seq=1 ttl=63 time=363 ms
[1438703392.397347] 64 bytes from aaaa::212:4b00:41e:afc6: icmp_seq=2 ttl=63 time=269 ms
[1438703393.730920] 64 bytes from aaaa::212:4b00:41e:afc6: icmp_seq=3 ttl=63 time=601 ms
[1438703394.278907] 64 bytes from aaaa::212:4b00:41e:afc6: icmp_seq=4 ttl=63 time=148 ms
[1438703395.280042] 64 bytes from aaaa::212:4b00:41e:afc6: icmp_seq=5 ttl=63 time=148 ms
[1438703396.774303] 64 bytes from aaaa::212:4b00:41e:afc6: icmp_seq=6 ttl=63 time=641 ms
[1438703397.282024] 64 bytes from aaaa::212:4b00:41e:afc6: icmp_seq=7 ttl=63 time=148 ms
[1438703398.283065] 64 bytes from aaaa::212:4b00:41e:afc6: icmp_seq=8 ttl=63 time=148 ms
[1438703400.082527] 64 bytes from aaaa::212:4b00:41e:afc6: icmp_seq=9 ttl=63 time=946 ms
[1438703400.407154] 64 bytes from aaaa::212:4b00:41e:afc6: icmp_seq=10 ttl=63 time=271 ms
[1438703401.535745] 64 bytes from aaaa::212:4b00:41e:afc6: icmp_seq=11 ttl=63 time=398 ms
[1438703402.527255] 64 bytes from aaaa::212:4b00:41e:afc6: icmp_seq=12 ttl=63 time=388 ms
[1438703403.536414] 64 bytes from aaaa::212:4b00:41e:afc6: icmp_seq=13 ttl=63 time=396 ms
[1438703404.285357] 64 bytes from aaaa::212:4b00:41e:afc6: icmp_seq=14 ttl=63 time=143 ms
[1438703405.286884] 64 bytes from aaaa::212:4b00:41e:afc6: icmp_seq=15 ttl=63 time=144 ms
[1438703406.660011] 64 bytes from aaaa::212:4b00:41e:afc6: icmp_seq=16 ttl=63 time=516 ms
[1438703407.411373] 64 bytes from aaaa::212:4b00:41e:afc6: icmp_seq=17 ttl=63 time=266 ms
[1438703408.286281] 64 bytes from aaaa::212:4b00:41e:afc6: icmp_seq=18 ttl=63 time=139 ms
[1438703410.146836] no answer yet for icmp_seq=19
[1438703410.287162] 64 bytes from aaaa::212:4b00:41e:afc6: icmp_seq=20 ttl=63 time=140 ms
[1438703412.146861] no answer yet for icmp_seq=21
[1438703412.291018] 64 bytes from aaaa::212:4b00:41e:afc6: icmp_seq=22 ttl=63 time=144 ms
[1438703413.287867] 64 bytes from aaaa::212:4b00:41e:afc6: icmp_seq=23 ttl=63 time=139 ms
[1438703414.289600] 64 bytes from aaaa::212:4b00:41e:afc6: icmp_seq=24 ttl=63 time=139 ms
[1438703415.414742] 64 bytes from aaaa::212:4b00:41e:afc6: icmp_seq=25 ttl=63 time=263 ms
[1438703416.292498] 64 bytes from aaaa::212:4b00:41e:afc6: icmp_seq=26 ttl=63 time=139 ms
[1438703417.290143] 64 bytes from aaaa::212:4b00:41e:afc6: icmp_seq=27 ttl=63 time=135 ms
[1438703418.417131] 64 bytes from aaaa::212:4b00:41e:afc6: icmp_seq=28 ttl=63 time=260 ms
[1438703420.164926] no answer yet for icmp_seq=29
[1438703420.292104] 64 bytes from aaaa::212:4b00:41e:afc6: icmp_seq=30 ttl=63 time=127 ms
[1438703421.293408] 64 bytes from aaaa::212:4b00:41e:afc6: icmp_seq=31 ttl=63 time=127 ms
[1438703422.293865] 64 bytes from aaaa::212:4b00:41e:afc6: icmp_seq=32 ttl=63 time=127 ms
[1438703424.166819] no answer yet for icmp_seq=33
[1438703424.546910] 64 bytes from aaaa::212:4b00:41e:afc6: icmp_seq=34 ttl=63 time=380 ms
[1438703425.544460] 64 bytes from aaaa::212:4b00:41e:afc6: icmp_seq=35 ttl=63 time=376 ms
[1438703426.296337] 64 bytes from aaaa::212:4b00:41e:afc6: icmp_seq=36 ttl=63 time=127 ms
[1438703427.296755] 64 bytes from aaaa::212:4b00:41e:afc6: icmp_seq=37 ttl=63 time=127 ms
[1438703428.297845] 64 bytes from aaaa::212:4b00:41e:afc6: icmp_seq=38 ttl=63 time=127 ms
[1438703429.294728] 64 bytes from aaaa::212:4b00:41e:afc6: icmp_seq=39 ttl=63 time=122 ms
[1438703430.540722] 64 bytes from aaaa::212:4b00:41e:afc6: icmp_seq=40 ttl=63 time=366 ms
[1438703432.180920] no answer yet for icmp_seq=41
[1438703432.300217] 64 bytes from aaaa::212:4b00:41e:afc6: icmp_seq=42 ttl=63 time=119 ms
[1438703433.296713] 64 bytes from aaaa::212:4b00:41e:afc6: icmp_seq=43 ttl=63 time=114 ms
[1438703434.298207] 64 bytes from aaaa::212:4b00:41e:afc6: icmp_seq=44 ttl=63 time=114 ms
[1438703436.192902] no answer yet for icmp_seq=45
[1438703436.299089] 64 bytes from aaaa::212:4b00:41e:afc6: icmp_seq=46 ttl=63 time=106 ms
[1438703437.550335] 64 bytes from aaaa::212:4b00:41e:afc6: icmp_seq=47 ttl=63 time=356 ms
[1438703438.572700] 64 bytes from aaaa::212:4b00:41e:afc6: icmp_seq=48 ttl=63 time=377 ms
[1438703439.302470] 64 bytes from aaaa::212:4b00:41e:afc6: icmp_seq=49 ttl=63 time=105 ms
[1438703440.303813] 64 bytes from aaaa::212:4b00:41e:afc6: icmp_seq=50 ttl=63 time=106 ms
[1438703441.300712] 64 bytes from aaaa::212:4b00:41e:afc6: icmp_seq=51 ttl=63 time=101 ms
[1438703443.209016] no answer yet for icmp_seq=52
[1438703444.217021] no answer yet for icmp_seq=53
[1438703444.555831] 64 bytes from aaaa::212:4b00:41e:afc6: icmp_seq=54 ttl=63 time=338 ms
[1438703445.303432] 64 bytes from aaaa::212:4b00:41e:afc6: icmp_seq=55 ttl=63 time=84.7 ms
[1438703446.552836] 64 bytes from aaaa::212:4b00:41e:afc6: icmp_seq=56 ttl=63 time=332 ms
[1438703448.229031] no answer yet for icmp_seq=57
[1438703448.377811] 64 bytes from aaaa::212:4b00:41e:afc6: icmp_seq=58 ttl=63 time=148 ms
[1438703449.307053] 64 bytes from aaaa::212:4b00:41e:afc6: icmp_seq=59 ttl=63 time=76.1 ms
[1438703450.308423] 64 bytes from aaaa::212:4b00:41e:afc6: icmp_seq=60 ttl=63 time=76.3 ms
[1438703451.305329] 64 bytes from aaaa::212:4b00:41e:afc6: icmp_seq=61 ttl=63 time=72.0 ms
[1438703452.310548] 64 bytes from aaaa::212:4b00:41e:afc6: icmp_seq=62 ttl=63 time=76.1 ms
[1438703453.307714] 64 bytes from aaaa::212:4b00:41e:afc6: icmp_seq=63 ttl=63 time=72.0 ms
[1438703454.308766] 64 bytes from aaaa::212:4b00:41e:afc6: icmp_seq=64 ttl=63 time=72.0 ms
[1438703455.333478] 64 bytes from aaaa::212:4b00:41e:afc6: icmp_seq=65 ttl=63 time=95.6 ms
[1438703456.311566] 64 bytes from aaaa::212:4b00:41e:afc6: icmp_seq=66 ttl=63 time=72.0 ms
[1438703457.682822] 64 bytes from aaaa::212:4b00:41e:afc6: icmp_seq=67 ttl=63 time=442 ms
[1438703459.128835] 64 bytes from aaaa::212:4b00:41e:afc6: icmp_seq=68 ttl=63 time=887 ms
[1438703459.313032] 64 bytes from aaaa::212:4b00:41e:afc6: icmp_seq=69 ttl=63 time=71.9 ms
[1438703460.389733] 64 bytes from aaaa::212:4b00:41e:afc6: icmp_seq=70 ttl=63 time=148 ms
[1438703461.561158] 64 bytes from aaaa::212:4b00:41e:afc6: icmp_seq=71 ttl=63 time=318 ms
[1438703462.311792] 64 bytes from aaaa::212:4b00:41e:afc6: icmp_seq=72 ttl=63 time=67.8 ms
[1438703464.252853] no answer yet for icmp_seq=73
[1438703464.563980] 64 bytes from aaaa::212:4b00:41e:afc6: icmp_seq=74 ttl=63 time=311 ms
[1438703466.260965] no answer yet for icmp_seq=75
[1438703466.565904] 64 bytes from aaaa::212:4b00:41e:afc6: icmp_seq=76 ttl=63 time=304 ms
[1438703467.388268] 64 bytes from aaaa::212:4b00:41e:afc6: icmp_seq=77 ttl=63 time=125 ms
[1438703468.315684] 64 bytes from aaaa::212:4b00:41e:afc6: icmp_seq=78 ttl=63 time=51.3 ms
[1438703469.316693] 64 bytes from aaaa::212:4b00:41e:afc6: icmp_seq=79 ttl=63 time=50.8 ms
[1438703470.401765] 64 bytes from aaaa::212:4b00:41e:afc6: icmp_seq=80 ttl=63 time=134 ms
[1438703472.277281] no answer yet for icmp_seq=81
[1438703472.566398] 64 bytes from aaaa::212:4b00:41e:afc6: icmp_seq=82 ttl=63 time=289 ms
[1438703473.569427] 64 bytes from aaaa::212:4b00:41e:afc6: icmp_seq=83 ttl=63 time=291 ms
[1438703474.820474] 64 bytes from aaaa::212:4b00:41e:afc6: icmp_seq=84 ttl=63 time=541 ms
[1438703475.936642] 64 bytes from aaaa::212:4b00:41e:afc6: icmp_seq=85 ttl=63 time=656 ms
[1438703477.288962] no answer yet for icmp_seq=86
[1438703477.695182] 64 bytes from aaaa::212:4b00:41e:afc6: icmp_seq=87 ttl=63 time=406 ms
[1438703478.442788] 64 bytes from aaaa::212:4b00:41e:afc6: icmp_seq=88 ttl=63 time=152 ms
[1438703479.444389] 64 bytes from aaaa::212:4b00:41e:afc6: icmp_seq=89 ttl=63 time=152 ms
[1438703480.773152] 64 bytes from aaaa::212:4b00:41e:afc6: icmp_seq=90 ttl=63 time=479 ms
[1438703481.694844] 64 bytes from aaaa::212:4b00:41e:afc6: icmp_seq=91 ttl=63 time=399 ms
[1438703482.448151] 64 bytes from aaaa::212:4b00:41e:afc6: icmp_seq=92 ttl=63 time=152 ms
[1438703483.449773] 64 bytes from aaaa::212:4b00:41e:afc6: icmp_seq=93 ttl=63 time=152 ms
[1438703484.447294] 64 bytes from aaaa::212:4b00:41e:afc6: icmp_seq=94 ttl=63 time=148 ms
[1438703485.448516] 64 bytes from aaaa::212:4b00:41e:afc6: icmp_seq=95 ttl=63 time=148 ms
[1438703486.692417] 64 bytes from aaaa::212:4b00:41e:afc6: icmp_seq=96 ttl=63 time=390 ms
[1438703487.451656] 64 bytes from aaaa::212:4b00:41e:afc6: icmp_seq=97 ttl=63 time=148 ms
[1438703488.449156] 64 bytes from aaaa::212:4b00:41e:afc6: icmp_seq=98 ttl=63 time=144 ms
[1438703489.450273] 64 bytes from aaaa::212:4b00:41e:afc6: icmp_seq=99 ttl=63 time=144 ms
[1438703490.575157] 64 bytes from aaaa::212:4b00:41e:afc6: icmp_seq=100 ttl=63 time=267 ms

--- aaaa::212:4b00:41e:afc6 ping statistics ---
100 packets transmitted, 87 received, 13% packet loss, time 99181ms
rtt min/avg/max/mdev = 50.887/235.099/946.468/177.905 ms
PING aaaa::212:4b00:41e:afc6(aaaa::212:4b00:41e:afc6) 56 data bytes
[1438703570.366887] 64 bytes from aaaa::212:4b00:41e:afc6: icmp_seq=1 ttl=63 time=118 ms
[1438703571.364708] 64 bytes from aaaa::212:4b00:41e:afc6: icmp_seq=2 ttl=63 time=114 ms
[1438703572.367313] 64 bytes from aaaa::212:4b00:41e:afc6: icmp_seq=3 ttl=63 time=115 ms
[1438703573.367812] 64 bytes from aaaa::212:4b00:41e:afc6: icmp_seq=4 ttl=63 time=114 ms
[1438703574.610823] 64 bytes from aaaa::212:4b00:41e:afc6: icmp_seq=5 ttl=63 time=355 ms
[1438703576.254800] no answer yet for icmp_seq=6
[1438703576.861687] 64 bytes from aaaa::212:4b00:41e:afc6: icmp_seq=6 ttl=63 time=1606 ms
[1438703576.994011] 64 bytes from aaaa::212:4b00:41e:afc6: icmp_seq=7 ttl=63 time=739 ms
[1438703577.369808] 64 bytes from aaaa::212:4b00:41e:afc6: icmp_seq=8 ttl=63 time=114 ms
[1438703578.371346] 64 bytes from aaaa::212:4b00:41e:afc6: icmp_seq=9 ttl=63 time=114 ms
[1438703579.643443] 64 bytes from aaaa::212:4b00:41e:afc6: icmp_seq=10 ttl=63 time=385 ms
[1438703580.369816] 64 bytes from aaaa::212:4b00:41e:afc6: icmp_seq=11 ttl=63 time=110 ms
[1438703582.268988] no answer yet for icmp_seq=12
[1438703583.120938] 64 bytes from aaaa::212:4b00:41e:afc6: icmp_seq=12 ttl=63 time=1860 ms
[1438703583.269154] no answer yet for icmp_seq=13
[1438703584.276963] no answer yet for icmp_seq=14
[1438703584.370442] 64 bytes from aaaa::212:4b00:41e:afc6: icmp_seq=15 ttl=63 time=93.3 ms
[1438703585.371558] 64 bytes from aaaa::212:4b00:41e:afc6: icmp_seq=16 ttl=63 time=93.0 ms
[1438703586.372947] 64 bytes from aaaa::212:4b00:41e:afc6: icmp_seq=17 ttl=63 time=93.3 ms
[1438703587.374325] 64 bytes from aaaa::212:4b00:41e:afc6: icmp_seq=18 ttl=63 time=93.3 ms
[1438703588.391183] 64 bytes from aaaa::212:4b00:41e:afc6: icmp_seq=19 ttl=63 time=108 ms
[1438703589.373999] 64 bytes from aaaa::212:4b00:41e:afc6: icmp_seq=20 ttl=63 time=89.6 ms
[1438703590.384323] 64 bytes from aaaa::212:4b00:41e:afc6: icmp_seq=21 ttl=63 time=98.2 ms
[1438703591.376683] 64 bytes from aaaa::212:4b00:41e:afc6: icmp_seq=22 ttl=63 time=89.2 ms
[1438703592.373582] 64 bytes from aaaa::212:4b00:41e:afc6: icmp_seq=23 ttl=63 time=84.7 ms
[1438703593.375307] 64 bytes from aaaa::212:4b00:41e:afc6: icmp_seq=24 ttl=63 time=85.2 ms
[1438703595.290827] no answer yet for icmp_seq=25
[1438703595.380037] 64 bytes from aaaa::212:4b00:41e:afc6: icmp_seq=26 ttl=63 time=89.1 ms
[1438703596.376973] 64 bytes from aaaa::212:4b00:41e:afc6: icmp_seq=27 ttl=63 time=84.8 ms
[1438703597.378826] 64 bytes from aaaa::212:4b00:41e:afc6: icmp_seq=28 ttl=63 time=84.7 ms
[1438703598.376563] 64 bytes from aaaa::212:4b00:41e:afc6: icmp_seq=29 ttl=63 time=80.6 ms
[1438703599.379378] 64 bytes from aaaa::212:4b00:41e:afc6: icmp_seq=30 ttl=63 time=81.7 ms
[1438703600.379902] 64 bytes from aaaa::212:4b00:41e:afc6: icmp_seq=31 ttl=63 time=80.4 ms
[1438703602.308932] no answer yet for icmp_seq=32
[1438703602.495407] 64 bytes from aaaa::212:4b00:41e:afc6: icmp_seq=33 ttl=63 time=186 ms
[1438703603.479160] 64 bytes from aaaa::212:4b00:41e:afc6: icmp_seq=34 ttl=63 time=168 ms
[1438703605.320923] no answer yet for icmp_seq=35
[1438703605.380265] 64 bytes from aaaa::212:4b00:41e:afc6: icmp_seq=36 ttl=63 time=59.2 ms
[1438703607.328947] no answer yet for icmp_seq=37
[1438703607.384515] 64 bytes from aaaa::212:4b00:41e:afc6: icmp_seq=38 ttl=63 time=55.4 ms
[1438703608.385027] 64 bytes from aaaa::212:4b00:41e:afc6: icmp_seq=39 ttl=63 time=54.9 ms
[1438703609.475141] 64 bytes from aaaa::212:4b00:41e:afc6: icmp_seq=40 ttl=63 time=143 ms
[1438703610.382865] 64 bytes from aaaa::212:4b00:41e:afc6: icmp_seq=41 ttl=63 time=50.7 ms
[1438703611.384179] 64 bytes from aaaa::212:4b00:41e:afc6: icmp_seq=42 ttl=63 time=50.7 ms
[1438703612.386058] 64 bytes from aaaa::212:4b00:41e:afc6: icmp_seq=43 ttl=63 time=50.7 ms
[1438703614.344950] no answer yet for icmp_seq=44
[1438703614.387368] 64 bytes from aaaa::212:4b00:41e:afc6: icmp_seq=45 ttl=63 time=42.3 ms
[1438703615.384501] 64 bytes from aaaa::212:4b00:41e:afc6: icmp_seq=46 ttl=63 time=38.0 ms
[1438703616.559368] 64 bytes from aaaa::212:4b00:41e:afc6: icmp_seq=47 ttl=63 time=211 ms
[1438703617.510374] 64 bytes from aaaa::212:4b00:41e:afc6: icmp_seq=48 ttl=63 time=161 ms
[1438703618.511488] 64 bytes from aaaa::212:4b00:41e:afc6: icmp_seq=49 ttl=63 time=161 ms
[1438703619.512626] 64 bytes from aaaa::212:4b00:41e:afc6: icmp_seq=50 ttl=63 time=161 ms
[1438703621.360902] no answer yet for icmp_seq=51
[1438703621.513475] 64 bytes from aaaa::212:4b00:41e:afc6: icmp_seq=52 ttl=63 time=152 ms
[1438703622.765370] 64 bytes from aaaa::212:4b00:41e:afc6: icmp_seq=53 ttl=63 time=402 ms
[1438703623.678276] 64 bytes from aaaa::212:4b00:41e:afc6: icmp_seq=54 ttl=63 time=314 ms
[1438703624.765359] 64 bytes from aaaa::212:4b00:41e:afc6: icmp_seq=55 ttl=63 time=400 ms
[1438703625.892464] 64 bytes from aaaa::212:4b00:41e:afc6: icmp_seq=56 ttl=63 time=526 ms
[1438703626.619345] 64 bytes from aaaa::212:4b00:41e:afc6: icmp_seq=57 ttl=63 time=252 ms
[1438703627.516473] 64 bytes from aaaa::212:4b00:41e:afc6: icmp_seq=58 ttl=63 time=148 ms
[1438703628.761580] 64 bytes from aaaa::212:4b00:41e:afc6: icmp_seq=59 ttl=63 time=392 ms
[1438703629.697228] 64 bytes from aaaa::212:4b00:41e:afc6: icmp_seq=60 ttl=63 time=326 ms
[1438703630.519322] 64 bytes from aaaa::212:4b00:41e:afc6: icmp_seq=61 ttl=63 time=148 ms
[1438703632.380984] no answer yet for icmp_seq=62
[1438703632.520949] 64 bytes from aaaa::212:4b00:41e:afc6: icmp_seq=63 ttl=63 time=139 ms
[1438703633.517802] 64 bytes from aaaa::212:4b00:41e:afc6: icmp_seq=64 ttl=63 time=135 ms
[1438703634.519948] 64 bytes from aaaa::212:4b00:41e:afc6: icmp_seq=65 ttl=63 time=136 ms
[1438703635.772816] 64 bytes from aaaa::212:4b00:41e:afc6: icmp_seq=66 ttl=63 time=387 ms
[1438703636.522079] 64 bytes from aaaa::212:4b00:41e:afc6: icmp_seq=67 ttl=63 time=135 ms
[1438703638.396927] no answer yet for icmp_seq=68
[1438703638.765568] 64 bytes from aaaa::212:4b00:41e:afc6: icmp_seq=69 ttl=63 time=368 ms
[1438703639.521857] 64 bytes from aaaa::212:4b00:41e:afc6: icmp_seq=70 ttl=63 time=123 ms
[1438703640.523054] 64 bytes from aaaa::212:4b00:41e:afc6: icmp_seq=71 ttl=63 time=123 ms
[1438703641.568466] 64 bytes from aaaa::212:4b00:41e:afc6: icmp_seq=72 ttl=63 time=167 ms
[1438703642.525384] 64 bytes from aaaa::212:4b00:41e:afc6: icmp_seq=73 ttl=63 time=122 ms
[1438703644.402850] no answer yet for icmp_seq=74
[1438703645.402810] no answer yet for icmp_seq=75
[1438703645.525702] 64 bytes from aaaa::212:4b00:41e:afc6: icmp_seq=76 ttl=63 time=122 ms
[1438703646.527784] 64 bytes from aaaa::212:4b00:41e:afc6: icmp_seq=77 ttl=63 time=123 ms
[1438703647.528803] 64 bytes from aaaa::212:4b00:41e:afc6: icmp_seq=78 ttl=63 time=122 ms
[1438703649.406893] no answer yet for icmp_seq=79
[1438703649.529935] 64 bytes from aaaa::212:4b00:41e:afc6: icmp_seq=80 ttl=63 time=122 ms
[1438703651.153534] 64 bytes from aaaa::212:4b00:41e:afc6: icmp_seq=81 ttl=63 time=745 ms
[1438703651.984548] 64 bytes from aaaa::212:4b00:41e:afc6: icmp_seq=82 ttl=63 time=576 ms
[1438703652.654145] 64 bytes from aaaa::212:4b00:41e:afc6: icmp_seq=83 ttl=63 time=244 ms
[1438703653.528784] 64 bytes from aaaa::212:4b00:41e:afc6: icmp_seq=84 ttl=63 time=118 ms
[1438703655.410872] no answer yet for icmp_seq=85
[1438703655.530041] 64 bytes from aaaa::212:4b00:41e:afc6: icmp_seq=86 ttl=63 time=119 ms
[1438703656.530962] 64 bytes from aaaa::212:4b00:41e:afc6: icmp_seq=87 ttl=63 time=118 ms
[1438703657.532652] 64 bytes from aaaa::212:4b00:41e:afc6: icmp_seq=88 ttl=63 time=118 ms
[1438703659.414841] no answer yet for icmp_seq=89
[1438703659.533788] 64 bytes from aaaa::212:4b00:41e:afc6: icmp_seq=90 ttl=63 time=118 ms
[1438703660.776015] 64 bytes from aaaa::212:4b00:41e:afc6: icmp_seq=91 ttl=63 time=359 ms
[1438703661.909998] 64 bytes from aaaa::212:4b00:41e:afc6: icmp_seq=92 ttl=63 time=492 ms
[1438703662.533193] 64 bytes from aaaa::212:4b00:41e:afc6: icmp_seq=93 ttl=63 time=114 ms
[1438703663.534192] 64 bytes from aaaa::212:4b00:41e:afc6: icmp_seq=94 ttl=63 time=114 ms
[1438703664.535684] 64 bytes from aaaa::212:4b00:41e:afc6: icmp_seq=95 ttl=63 time=114 ms
[1438703665.783461] 64 bytes from aaaa::212:4b00:41e:afc6: icmp_seq=96 ttl=63 time=360 ms
[1438703666.538694] 64 bytes from aaaa::212:4b00:41e:afc6: icmp_seq=97 ttl=63 time=114 ms
[1438703667.536486] 64 bytes from aaaa::212:4b00:41e:afc6: icmp_seq=98 ttl=63 time=110 ms
[1438703668.537889] 64 bytes from aaaa::212:4b00:41e:afc6: icmp_seq=99 ttl=63 time=110 ms
[1438703669.542273] 64 bytes from aaaa::212:4b00:41e:afc6: icmp_seq=100 ttl=63 time=113 ms

--- aaaa::212:4b00:41e:afc6 ping statistics ---
100 packets transmitted, 85 received, 15% packet loss, time 99180ms
rtt min/avg/max/mdev = 38.022/215.728/1860.083/277.547 ms, pipe 2
PING aaaa::212:4b00:41e:afc6(aaaa::212:4b00:41e:afc6) 56 data bytes
[1438703787.868917] no answer yet for icmp_seq=1
[1438703788.876933] no answer yet for icmp_seq=2
[1438703788.970176] 64 bytes from aaaa::212:4b00:41e:afc6: icmp_seq=3 ttl=63 time=93.1 ms
[1438703789.971440] 64 bytes from aaaa::212:4b00:41e:afc6: icmp_seq=4 ttl=63 time=93.1 ms
[1438703790.972731] 64 bytes from aaaa::212:4b00:41e:afc6: icmp_seq=5 ttl=63 time=93.1 ms
[1438703792.062580] 64 bytes from aaaa::212:4b00:41e:afc6: icmp_seq=6 ttl=63 time=181 ms
[1438703793.888936] no answer yet for icmp_seq=7
[1438703793.973810] 64 bytes from aaaa::212:4b00:41e:afc6: icmp_seq=8 ttl=63 time=84.7 ms
[1438703795.896973] no answer yet for icmp_seq=9
[1438703796.229840] 64 bytes from aaaa::212:4b00:41e:afc6: icmp_seq=10 ttl=63 time=332 ms
[1438703796.978055] 64 bytes from aaaa::212:4b00:41e:afc6: icmp_seq=11 ttl=63 time=80.4 ms
[1438703797.975681] 64 bytes from aaaa::212:4b00:41e:afc6: icmp_seq=12 ttl=63 time=76.7 ms
[1438703798.985382] 64 bytes from aaaa::212:4b00:41e:afc6: icmp_seq=13 ttl=63 time=84.6 ms
[1438703799.978490] 64 bytes from aaaa::212:4b00:41e:afc6: icmp_seq=14 ttl=63 time=76.1 ms
[1438703800.975308] 64 bytes from aaaa::212:4b00:41e:afc6: icmp_seq=15 ttl=63 time=71.7 ms
[1438703801.977104] 64 bytes from aaaa::212:4b00:41e:afc6: icmp_seq=16 ttl=63 time=71.8 ms
[1438703802.978309] 64 bytes from aaaa::212:4b00:41e:afc6: icmp_seq=17 ttl=63 time=72.0 ms
[1438703803.978821] 64 bytes from aaaa::212:4b00:41e:afc6: icmp_seq=18 ttl=63 time=71.9 ms
[1438703804.979894] 64 bytes from aaaa::212:4b00:41e:afc6: icmp_seq=19 ttl=63 time=72.0 ms
[1438703805.976796] 64 bytes from aaaa::212:4b00:41e:afc6: icmp_seq=20 ttl=63 time=67.7 ms
[1438703806.979369] 64 bytes from aaaa::212:4b00:41e:afc6: icmp_seq=21 ttl=63 time=68.5 ms
[1438703807.980284] 64 bytes from aaaa::212:4b00:41e:afc6: icmp_seq=22 ttl=63 time=67.8 ms
[1438703808.986840] 64 bytes from aaaa::212:4b00:41e:afc6: icmp_seq=23 ttl=63 time=72.4 ms
[1438703810.914829] no answer yet for icmp_seq=24
[1438703811.481399] 64 bytes from aaaa::212:4b00:41e:afc6: icmp_seq=25 ttl=63 time=566 ms
[1438703811.982674] 64 bytes from aaaa::212:4b00:41e:afc6: icmp_seq=26 ttl=63 time=67.7 ms
[1438703812.984235] 64 bytes from aaaa::212:4b00:41e:afc6: icmp_seq=27 ttl=63 time=67.5 ms
[1438703814.231187] 64 bytes from aaaa::212:4b00:41e:afc6: icmp_seq=28 ttl=63 time=312 ms
[1438703814.985686] 64 bytes from aaaa::212:4b00:41e:afc6: icmp_seq=29 ttl=63 time=68.0 ms
[1438703815.986221] 64 bytes from aaaa::212:4b00:41e:afc6: icmp_seq=30 ttl=63 time=67.5 ms
[1438703816.983744] 64 bytes from aaaa::212:4b00:41e:afc6: icmp_seq=31 ttl=63 time=63.5 ms
[1438703817.985242] 64 bytes from aaaa::212:4b00:41e:afc6: icmp_seq=32 ttl=63 time=63.4 ms
[1438703818.986278] 64 bytes from aaaa::212:4b00:41e:afc6: icmp_seq=33 ttl=63 time=63.4 ms
[1438703819.984177] 64 bytes from aaaa::212:4b00:41e:afc6: icmp_seq=34 ttl=63 time=59.8 ms
[1438703820.985674] 64 bytes from aaaa::212:4b00:41e:afc6: icmp_seq=35 ttl=63 time=59.3 ms
[1438703821.987389] 64 bytes from aaaa::212:4b00:41e:afc6: icmp_seq=36 ttl=63 time=59.6 ms
[1438703823.354526] 64 bytes from aaaa::212:4b00:41e:afc6: icmp_seq=37 ttl=63 time=425 ms
[1438703823.988402] 64 bytes from aaaa::212:4b00:41e:afc6: icmp_seq=38 ttl=63 time=59.1 ms
[1438703825.115938] 64 bytes from aaaa::212:4b00:41e:afc6: icmp_seq=39 ttl=63 time=185 ms
[1438703825.989569] 64 bytes from aaaa::212:4b00:41e:afc6: icmp_seq=40 ttl=63 time=59.2 ms
[1438703826.991026] 64 bytes from aaaa::212:4b00:41e:afc6: icmp_seq=41 ttl=63 time=59.3 ms
[1438703827.988035] 64 bytes from aaaa::212:4b00:41e:afc6: icmp_seq=42 ttl=63 time=54.8 ms
[1438703829.026596] 64 bytes from aaaa::212:4b00:41e:afc6: icmp_seq=43 ttl=63 time=92.5 ms
[1438703829.990680] 64 bytes from aaaa::212:4b00:41e:afc6: icmp_seq=44 ttl=63 time=56.0 ms
[1438703830.990813] 64 bytes from aaaa::212:4b00:41e:afc6: icmp_seq=45 ttl=63 time=54.9 ms
[1438703832.007888] 64 bytes from aaaa::212:4b00:41e:afc6: icmp_seq=46 ttl=63 time=70.9 ms
[1438703833.944931] no answer yet for icmp_seq=47
[1438703833.991522] 64 bytes from aaaa::212:4b00:41e:afc6: icmp_seq=48 ttl=63 time=46.5 ms
[1438703834.993190] 64 bytes from aaaa::212:4b00:41e:afc6: icmp_seq=49 ttl=63 time=46.5 ms
[1438703836.956986] no answer yet for icmp_seq=50
[1438703837.118039] 64 bytes from aaaa::212:4b00:41e:afc6: icmp_seq=51 ttl=63 time=160 ms
[1438703838.118189] 64 bytes from aaaa::212:4b00:41e:afc6: icmp_seq=52 ttl=63 time=161 ms
[1438703839.245034] 64 bytes from aaaa::212:4b00:41e:afc6: icmp_seq=53 ttl=63 time=287 ms
[1438703840.118907] 64 bytes from aaaa::212:4b00:41e:afc6: icmp_seq=54 ttl=63 time=161 ms
[1438703841.964980] no answer yet for icmp_seq=55
[1438703842.121945] 64 bytes from aaaa::212:4b00:41e:afc6: icmp_seq=56 ttl=63 time=156 ms
[1438703843.121398] 64 bytes from aaaa::212:4b00:41e:afc6: icmp_seq=57 ttl=63 time=157 ms
[1438703844.372141] 64 bytes from aaaa::212:4b00:41e:afc6: icmp_seq=58 ttl=63 time=407 ms
[1438703845.121644] 64 bytes from aaaa::212:4b00:41e:afc6: icmp_seq=59 ttl=63 time=156 ms
[1438703846.171279] 64 bytes from aaaa::212:4b00:41e:afc6: icmp_seq=60 ttl=63 time=205 ms
[1438703847.973011] no answer yet for icmp_seq=61
[1438703848.125725] 64 bytes from aaaa::212:4b00:41e:afc6: icmp_seq=62 ttl=63 time=152 ms
[1438703849.126511] 64 bytes from aaaa::212:4b00:41e:afc6: icmp_seq=63 ttl=63 time=152 ms
[1438703850.980909] no answer yet for icmp_seq=64
[1438703851.125013] 64 bytes from aaaa::212:4b00:41e:afc6: icmp_seq=65 ttl=63 time=144 ms
[1438703852.125026] 64 bytes from aaaa::212:4b00:41e:afc6: icmp_seq=66 ttl=63 time=144 ms
[1438703853.504194] 64 bytes from aaaa::212:4b00:41e:afc6: icmp_seq=67 ttl=63 time=523 ms
[1438703854.129158] 64 bytes from aaaa::212:4b00:41e:afc6: icmp_seq=68 ttl=63 time=148 ms
[1438703855.129205] 64 bytes from aaaa::212:4b00:41e:afc6: icmp_seq=69 ttl=63 time=148 ms
[1438703856.378811] 64 bytes from aaaa::212:4b00:41e:afc6: icmp_seq=70 ttl=63 time=397 ms
[1438703857.989002] no answer yet for icmp_seq=71
[1438703858.128915] 64 bytes from aaaa::212:4b00:41e:afc6: icmp_seq=72 ttl=63 time=139 ms
[1438703859.129640] 64 bytes from aaaa::212:4b00:41e:afc6: icmp_seq=73 ttl=63 time=139 ms
[1438703860.130513] 64 bytes from aaaa::212:4b00:41e:afc6: icmp_seq=74 ttl=63 time=139 ms
[1438703861.131536] 64 bytes from aaaa::212:4b00:41e:afc6: icmp_seq=75 ttl=63 time=139 ms
[1438703862.131904] 64 bytes from aaaa::212:4b00:41e:afc6: icmp_seq=76 ttl=63 time=140 ms
[1438703864.000898] no answer yet for icmp_seq=77
[1438703865.009060] no answer yet for icmp_seq=78
[1438703865.132017] 64 bytes from aaaa::212:4b00:41e:afc6: icmp_seq=79 ttl=63 time=122 ms
[1438703866.259324] 64 bytes from aaaa::212:4b00:41e:afc6: icmp_seq=80 ttl=63 time=248 ms
[1438703867.259882] 64 bytes from aaaa::212:4b00:41e:afc6: icmp_seq=81 ttl=63 time=248 ms
[1438703868.759273] 64 bytes from aaaa::212:4b00:41e:afc6: icmp_seq=82 ttl=63 time=746 ms
[1438703869.257854] 64 bytes from aaaa::212:4b00:41e:afc6: icmp_seq=83 ttl=63 time=244 ms
[1438703870.133428] 64 bytes from aaaa::212:4b00:41e:afc6: icmp_seq=84 ttl=63 time=118 ms
[1438703872.025014] no answer yet for icmp_seq=85
[1438703872.260501] 64 bytes from aaaa::212:4b00:41e:afc6: icmp_seq=86 ttl=63 time=235 ms
[1438703873.136644] 64 bytes from aaaa::212:4b00:41e:afc6: icmp_seq=87 ttl=63 time=110 ms
[1438703875.026854] no answer yet for icmp_seq=88
[1438703875.137157] 64 bytes from aaaa::212:4b00:41e:afc6: icmp_seq=89 ttl=63 time=110 ms
[1438703876.513864] 64 bytes from aaaa::212:4b00:41e:afc6: icmp_seq=90 ttl=63 time=485 ms
[1438703878.036994] no answer yet for icmp_seq=91
[1438703879.045003] no answer yet for icmp_seq=92
[1438703879.138294] 64 bytes from aaaa::212:4b00:41e:afc6: icmp_seq=93 ttl=63 time=93.1 ms
[1438703880.140187] 64 bytes from aaaa::212:4b00:41e:afc6: icmp_seq=94 ttl=63 time=93.7 ms
[1438703881.137293] 64 bytes from aaaa::212:4b00:41e:afc6: icmp_seq=95 ttl=63 time=89.0 ms
[1438703882.139250] 64 bytes from aaaa::212:4b00:41e:afc6: icmp_seq=96 ttl=63 time=89.8 ms
[1438703883.139897] 64 bytes from aaaa::212:4b00:41e:afc6: icmp_seq=97 ttl=63 time=88.9 ms
[1438703884.140988] 64 bytes from aaaa::212:4b00:41e:afc6: icmp_seq=98 ttl=63 time=88.9 ms
[1438703886.060973] no answer yet for icmp_seq=99
[1438703886.142319] 64 bytes from aaaa::212:4b00:41e:afc6: icmp_seq=100 ttl=63 time=81.0 ms

--- aaaa::212:4b00:41e:afc6 ping statistics ---
100 packets transmitted, 82 received, 18% packet loss, time 99198ms
rtt min/avg/max/mdev = 46.506/149.078/746.445/129.890 ms
PING aaaa::212:4b00:41e:afc6(aaaa::212:4b00:41e:afc6) 56 data bytes
[1438703929.151785] 64 bytes from aaaa::212:4b00:41e:afc6: icmp_seq=1 ttl=63 time=527 ms
[1438703930.406696] 64 bytes from aaaa::212:4b00:41e:afc6: icmp_seq=2 ttl=63 time=782 ms
[1438703930.662145] 64 bytes from aaaa::212:4b00:41e:afc6: icmp_seq=3 ttl=63 time=38.0 ms
[1438703931.915900] 64 bytes from aaaa::212:4b00:41e:afc6: icmp_seq=4 ttl=63 time=290 ms
[1438703933.540008] 64 bytes from aaaa::212:4b00:41e:afc6: icmp_seq=5 ttl=63 time=913 ms
[1438703934.042005] 64 bytes from aaaa::212:4b00:41e:afc6: icmp_seq=6 ttl=63 time=415 ms
[1438703935.626915] no answer yet for icmp_seq=7
[1438703936.040152] 64 bytes from aaaa::212:4b00:41e:afc6: icmp_seq=8 ttl=63 time=413 ms
[1438703937.039902] 64 bytes from aaaa::212:4b00:41e:afc6: icmp_seq=9 ttl=63 time=413 ms
[1438703938.632917] no answer yet for icmp_seq=10
[1438703938.794163] 64 bytes from aaaa::212:4b00:41e:afc6: icmp_seq=11 ttl=63 time=161 ms
[1438703939.791054] 64 bytes from aaaa::212:4b00:41e:afc6: icmp_seq=12 ttl=63 time=156 ms
[1438703940.792023] 64 bytes from aaaa::212:4b00:41e:afc6: icmp_seq=13 ttl=63 time=156 ms
[1438703941.794341] 64 bytes from aaaa::212:4b00:41e:afc6: icmp_seq=14 ttl=63 time=157 ms
[1438703943.644964] no answer yet for icmp_seq=15
[1438703943.793627] 64 bytes from aaaa::212:4b00:41e:afc6: icmp_seq=16 ttl=63 time=148 ms
[1438703945.652918] no answer yet for icmp_seq=17
[1438703945.954901] 64 bytes from aaaa::212:4b00:41e:afc6: icmp_seq=18 ttl=63 time=301 ms
[1438703946.793796] 64 bytes from aaaa::212:4b00:41e:afc6: icmp_seq=19 ttl=63 time=139 ms
[1438703947.795065] 64 bytes from aaaa::212:4b00:41e:afc6: icmp_seq=20 ttl=63 time=140 ms
[1438703948.921162] 64 bytes from aaaa::212:4b00:41e:afc6: icmp_seq=21 ttl=63 time=265 ms
[1438703950.664882] no answer yet for icmp_seq=22
[1438703951.672989] no answer yet for icmp_seq=23
[1438703951.796054] 64 bytes from aaaa::212:4b00:41e:afc6: icmp_seq=24 ttl=63 time=122 ms
[1438703952.797723] 64 bytes from aaaa::212:4b00:41e:afc6: icmp_seq=25 ttl=63 time=123 ms
[1438703954.674821] no answer yet for icmp_seq=26
[1438703955.047915] 64 bytes from aaaa::212:4b00:41e:afc6: icmp_seq=27 ttl=63 time=373 ms
[1438703955.797790] 64 bytes from aaaa::212:4b00:41e:afc6: icmp_seq=28 ttl=63 time=123 ms
[1438703956.799317] 64 bytes from aaaa::212:4b00:41e:afc6: icmp_seq=29 ttl=63 time=123 ms
[1438703957.800270] 64 bytes from aaaa::212:4b00:41e:afc6: icmp_seq=30 ttl=63 time=122 ms
[1438703958.802423] 64 bytes from aaaa::212:4b00:41e:afc6: icmp_seq=31 ttl=63 time=123 ms
[1438703959.799435] 64 bytes from aaaa::212:4b00:41e:afc6: icmp_seq=32 ttl=63 time=119 ms
[1438703960.800059] 64 bytes from aaaa::212:4b00:41e:afc6: icmp_seq=33 ttl=63 time=118 ms
[1438703961.801609] 64 bytes from aaaa::212:4b00:41e:afc6: icmp_seq=34 ttl=63 time=119 ms
[1438703962.929435] 64 bytes from aaaa::212:4b00:41e:afc6: icmp_seq=35 ttl=63 time=245 ms
[1438703963.804205] 64 bytes from aaaa::212:4b00:41e:afc6: icmp_seq=36 ttl=63 time=118 ms
[1438703964.899429] 64 bytes from aaaa::212:4b00:41e:afc6: icmp_seq=37 ttl=63 time=212 ms
[1438703965.807221] 64 bytes from aaaa::212:4b00:41e:afc6: icmp_seq=38 ttl=63 time=118 ms
[1438703966.804813] 64 bytes from aaaa::212:4b00:41e:afc6: icmp_seq=39 ttl=63 time=114 ms
[1438703968.690893] no answer yet for icmp_seq=40
[1438703968.837188] 64 bytes from aaaa::212:4b00:41e:afc6: icmp_seq=41 ttl=63 time=146 ms
[1438703970.181942] 64 bytes from aaaa::212:4b00:41e:afc6: icmp_seq=42 ttl=63 time=489 ms
[1438703970.807228] 64 bytes from aaaa::212:4b00:41e:afc6: icmp_seq=43 ttl=63 time=114 ms
[1438703971.808819] 64 bytes from aaaa::212:4b00:41e:afc6: icmp_seq=44 ttl=63 time=114 ms
[1438703972.810337] 64 bytes from aaaa::212:4b00:41e:afc6: icmp_seq=45 ttl=63 time=114 ms
[1438703974.053672] 64 bytes from aaaa::212:4b00:41e:afc6: icmp_seq=46 ttl=63 time=356 ms
[1438703975.060069] 64 bytes from aaaa::212:4b00:41e:afc6: icmp_seq=47 ttl=63 time=362 ms
[1438703975.812184] 64 bytes from aaaa::212:4b00:41e:afc6: icmp_seq=48 ttl=63 time=114 ms
[1438703976.814322] 64 bytes from aaaa::212:4b00:41e:afc6: icmp_seq=49 ttl=63 time=115 ms
[1438703978.708910] no answer yet for icmp_seq=50
[1438703979.310964] 64 bytes from aaaa::212:4b00:41e:afc6: icmp_seq=51 ttl=63 time=601 ms
[1438703979.810997] 64 bytes from aaaa::212:4b00:41e:afc6: icmp_seq=52 ttl=63 time=102 ms
[1438703980.811848] 64 bytes from aaaa::212:4b00:41e:afc6: icmp_seq=53 ttl=63 time=101 ms
[1438703982.710895] no answer yet for icmp_seq=54
[1438703983.065470] 64 bytes from aaaa::212:4b00:41e:afc6: icmp_seq=55 ttl=63 time=354 ms
[1438703983.813486] 64 bytes from aaaa::212:4b00:41e:afc6: icmp_seq=56 ttl=63 time=102 ms
[1438703985.063684] 64 bytes from aaaa::212:4b00:41e:afc6: icmp_seq=57 ttl=63 time=351 ms
[1438703986.720964] no answer yet for icmp_seq=58
[1438703986.863366] 64 bytes from aaaa::212:4b00:41e:afc6: icmp_seq=59 ttl=63 time=142 ms
[1438703987.816075] 64 bytes from aaaa::212:4b00:41e:afc6: icmp_seq=60 ttl=63 time=93.6 ms
[1438703988.817449] 64 bytes from aaaa::212:4b00:41e:afc6: icmp_seq=61 ttl=63 time=93.3 ms
[1438703990.021482] 64 bytes from aaaa::212:4b00:41e:afc6: icmp_seq=62 ttl=63 time=295 ms
[1438703991.064998] 64 bytes from aaaa::212:4b00:41e:afc6: icmp_seq=63 ttl=63 time=339 ms
[1438703991.818975] 64 bytes from aaaa::212:4b00:41e:afc6: icmp_seq=64 ttl=63 time=93.1 ms
[1438703992.820340] 64 bytes from aaaa::212:4b00:41e:afc6: icmp_seq=65 ttl=63 time=93.2 ms
[1438703993.817384] 64 bytes from aaaa::212:4b00:41e:afc6: icmp_seq=66 ttl=63 time=88.9 ms
[1438703994.818475] 64 bytes from aaaa::212:4b00:41e:afc6: icmp_seq=67 ttl=63 time=89.0 ms
[1438703995.858346] 64 bytes from aaaa::212:4b00:41e:afc6: icmp_seq=68 ttl=63 time=128 ms
[1438703997.730867] no answer yet for icmp_seq=69
[1438703997.819979] 64 bytes from aaaa::212:4b00:41e:afc6: icmp_seq=70 ttl=63 time=88.9 ms
[1438703998.820994] 64 bytes from aaaa::212:4b00:41e:afc6: icmp_seq=71 ttl=63 time=88.9 ms
[1438703999.822157] 64 bytes from aaaa::212:4b00:41e:afc6: icmp_seq=72 ttl=63 time=89.0 ms
[1438704000.823398] 64 bytes from aaaa::212:4b00:41e:afc6: icmp_seq=73 ttl=63 time=89.1 ms
[1438704001.946995] 64 bytes from aaaa::212:4b00:41e:afc6: icmp_seq=74 ttl=63 time=211 ms
[1438704002.821731] 64 bytes from aaaa::212:4b00:41e:afc6: icmp_seq=75 ttl=63 time=84.8 ms
[1438704003.823599] 64 bytes from aaaa::212:4b00:41e:afc6: icmp_seq=76 ttl=63 time=84.7 ms
[1438704004.825755] 64 bytes from aaaa::212:4b00:41e:afc6: icmp_seq=77 ttl=63 time=85.0 ms
[1438704005.822363] 64 bytes from aaaa::212:4b00:41e:afc6: icmp_seq=78 ttl=63 time=80.5 ms
[1438704006.823824] 64 bytes from aaaa::212:4b00:41e:afc6: icmp_seq=79 ttl=63 time=80.4 ms
[1438704007.825279] 64 bytes from aaaa::212:4b00:41e:afc6: icmp_seq=80 ttl=63 time=80.3 ms
[1438704008.826903] 64 bytes from aaaa::212:4b00:41e:afc6: icmp_seq=81 ttl=63 time=80.5 ms
[1438704010.073631] 64 bytes from aaaa::212:4b00:41e:afc6: icmp_seq=82 ttl=63 time=325 ms
[1438704010.824585] 64 bytes from aaaa::212:4b00:41e:afc6: icmp_seq=83 ttl=63 time=76.1 ms
[1438704012.756862] no answer yet for icmp_seq=84
[1438704012.824753] 64 bytes from aaaa::212:4b00:41e:afc6: icmp_seq=85 ttl=63 time=67.8 ms
[1438704014.758853] no answer yet for icmp_seq=86
[1438704014.827123] 64 bytes from aaaa::212:4b00:41e:afc6: icmp_seq=87 ttl=63 time=68.1 ms
[1438704016.768989] no answer yet for icmp_seq=88
[1438704017.776926] no answer yet for icmp_seq=89
[1438704017.827734] 64 bytes from aaaa::212:4b00:41e:afc6: icmp_seq=90 ttl=63 time=50.7 ms
[1438704018.829655] 64 bytes from aaaa::212:4b00:41e:afc6: icmp_seq=91 ttl=63 time=50.7 ms
[1438704019.831012] 64 bytes from aaaa::212:4b00:41e:afc6: icmp_seq=92 ttl=63 time=50.6 ms
[1438704021.447891] 64 bytes from aaaa::212:4b00:41e:afc6: icmp_seq=93 ttl=63 time=665 ms
[1438704021.829531] 64 bytes from aaaa::212:4b00:41e:afc6: icmp_seq=94 ttl=63 time=47.1 ms
[1438704022.830276] 64 bytes from aaaa::212:4b00:41e:afc6: icmp_seq=95 ttl=63 time=46.6 ms
[1438704023.832026] 64 bytes from aaaa::212:4b00:41e:afc6: icmp_seq=96 ttl=63 time=46.6 ms
[1438704024.833419] 64 bytes from aaaa::212:4b00:41e:afc6: icmp_seq=97 ttl=63 time=46.5 ms
[1438704025.831295] 64 bytes from aaaa::212:4b00:41e:afc6: icmp_seq=98 ttl=63 time=42.6 ms
[1438704026.832774] 64 bytes from aaaa::212:4b00:41e:afc6: icmp_seq=99 ttl=63 time=42.3 ms
[1438704027.830072] 64 bytes from aaaa::212:4b00:41e:afc6: icmp_seq=100 ttl=63 time=38.1 ms

--- aaaa::212:4b00:41e:afc6 ping statistics ---
100 packets transmitted, 84 received, 16% packet loss, time 99167ms
rtt min/avg/max/mdev = 38.059/184.649/913.222/170.094 ms
PING aaaa::212:4b00:41e:afc6(aaaa::212:4b00:41e:afc6) 56 data bytes
[1438704071.479752] 64 bytes from aaaa::212:4b00:41e:afc6: icmp_seq=1 ttl=63 time=122 ms
[1438704072.477328] 64 bytes from aaaa::212:4b00:41e:afc6: icmp_seq=2 ttl=63 time=118 ms
[1438704074.368914] no answer yet for icmp_seq=3
[1438704074.479597] 64 bytes from aaaa::212:4b00:41e:afc6: icmp_seq=4 ttl=63 time=110 ms
[1438704075.481516] 64 bytes from aaaa::212:4b00:41e:afc6: icmp_seq=5 ttl=63 time=110 ms
[1438704077.381005] no answer yet for icmp_seq=6
[1438704078.388926] no answer yet for icmp_seq=7
[1438704078.551072] 64 bytes from aaaa::212:4b00:41e:afc6: icmp_seq=8 ttl=63 time=162 ms
[1438704079.482753] 64 bytes from aaaa::212:4b00:41e:afc6: icmp_seq=9 ttl=63 time=93.2 ms
[1438704080.484096] 64 bytes from aaaa::212:4b00:41e:afc6: icmp_seq=10 ttl=63 time=93.2 ms
[1438704081.481240] 64 bytes from aaaa::212:4b00:41e:afc6: icmp_seq=11 ttl=63 time=89.0 ms
[1438704082.482894] 64 bytes from aaaa::212:4b00:41e:afc6: icmp_seq=12 ttl=63 time=89.5 ms
[1438704083.483967] 64 bytes from aaaa::212:4b00:41e:afc6: icmp_seq=13 ttl=63 time=88.9 ms
[1438704084.567469] 64 bytes from aaaa::212:4b00:41e:afc6: icmp_seq=14 ttl=63 time=171 ms
[1438704086.405009] no answer yet for icmp_seq=15
[1438704086.485414] 64 bytes from aaaa::212:4b00:41e:afc6: icmp_seq=16 ttl=63 time=80.3 ms
[1438704087.489602] 64 bytes from aaaa::212:4b00:41e:afc6: icmp_seq=17 ttl=63 time=83.0 ms
[1438704089.406885] no answer yet for icmp_seq=18
[1438704089.487481] 64 bytes from aaaa::212:4b00:41e:afc6: icmp_seq=19 ttl=63 time=80.4 ms
[1438704090.489138] 64 bytes from aaaa::212:4b00:41e:afc6: icmp_seq=20 ttl=63 time=80.5 ms
[1438704092.416967] no answer yet for icmp_seq=21
[1438704092.739236] 64 bytes from aaaa::212:4b00:41e:afc6: icmp_seq=22 ttl=63 time=322 ms
[1438704094.424975] no answer yet for icmp_seq=23
[1438704094.488605] 64 bytes from aaaa::212:4b00:41e:afc6: icmp_seq=24 ttl=63 time=63.5 ms
[1438704096.432959] no answer yet for icmp_seq=25
[1438704096.488218] 64 bytes from aaaa::212:4b00:41e:afc6: icmp_seq=26 ttl=63 time=55.1 ms
[1438704097.489489] 64 bytes from aaaa::212:4b00:41e:afc6: icmp_seq=27 ttl=63 time=55.1 ms
[1438704099.434856] no answer yet for icmp_seq=28
[1438704099.733407] 64 bytes from aaaa::212:4b00:41e:afc6: icmp_seq=29 ttl=63 time=298 ms
[1438704100.491335] 64 bytes from aaaa::212:4b00:41e:afc6: icmp_seq=30 ttl=63 time=55.0 ms
[1438704101.491680] 64 bytes from aaaa::212:4b00:41e:afc6: icmp_seq=31 ttl=63 time=55.0 ms
[1438704103.444961] no answer yet for icmp_seq=32
[1438704103.492134] 64 bytes from aaaa::212:4b00:41e:afc6: icmp_seq=33 ttl=63 time=47.0 ms
[1438704104.492887] 64 bytes from aaaa::212:4b00:41e:afc6: icmp_seq=34 ttl=63 time=46.5 ms
[1438704105.494703] 64 bytes from aaaa::212:4b00:41e:afc6: icmp_seq=35 ttl=63 time=46.6 ms
[1438704107.456961] no answer yet for icmp_seq=36
[1438704107.869647] 64 bytes from aaaa::212:4b00:41e:afc6: icmp_seq=37 ttl=63 time=412 ms
[1438704108.619496] 64 bytes from aaaa::212:4b00:41e:afc6: icmp_seq=38 ttl=63 time=161 ms
[1438704109.620647] 64 bytes from aaaa::212:4b00:41e:afc6: icmp_seq=39 ttl=63 time=161 ms
[1438704111.122266] 64 bytes from aaaa::212:4b00:41e:afc6: icmp_seq=40 ttl=63 time=661 ms
[1438704111.621928] 64 bytes from aaaa::212:4b00:41e:afc6: icmp_seq=41 ttl=63 time=161 ms
[1438704112.990364] 64 bytes from aaaa::212:4b00:41e:afc6: icmp_seq=42 ttl=63 time=528 ms
[1438704114.238633] 64 bytes from aaaa::212:4b00:41e:afc6: icmp_seq=43 ttl=63 time=775 ms
[1438704114.753391] 64 bytes from aaaa::212:4b00:41e:afc6: icmp_seq=44 ttl=63 time=290 ms
[1438704116.472936] no answer yet for icmp_seq=45
[1438704116.626008] 64 bytes from aaaa::212:4b00:41e:afc6: icmp_seq=46 ttl=63 time=152 ms
[1438704118.481024] no answer yet for icmp_seq=47
[1438704119.488966] no answer yet for icmp_seq=48
[1438704119.730217] 64 bytes from aaaa::212:4b00:41e:afc6: icmp_seq=49 ttl=63 time=241 ms
[1438704120.625919] 64 bytes from aaaa::212:4b00:41e:afc6: icmp_seq=50 ttl=63 time=135 ms
[1438704121.627913] 64 bytes from aaaa::212:4b00:41e:afc6: icmp_seq=51 ttl=63 time=135 ms
[1438704122.674535] 64 bytes from aaaa::212:4b00:41e:afc6: icmp_seq=52 ttl=63 time=181 ms
[1438704123.752155] 64 bytes from aaaa::212:4b00:41e:afc6: icmp_seq=53 ttl=63 time=257 ms
[1438704124.627557] 64 bytes from aaaa::212:4b00:41e:afc6: icmp_seq=54 ttl=63 time=131 ms
[1438704125.629305] 64 bytes from aaaa::212:4b00:41e:afc6: icmp_seq=55 ttl=63 time=131 ms
[1438704126.630682] 64 bytes from aaaa::212:4b00:41e:afc6: icmp_seq=56 ttl=63 time=131 ms
[1438704128.498896] no answer yet for icmp_seq=57
[1438704128.735868] 64 bytes from aaaa::212:4b00:41e:afc6: icmp_seq=58 ttl=63 time=236 ms
[1438704129.881914] 64 bytes from aaaa::212:4b00:41e:afc6: icmp_seq=59 ttl=63 time=382 ms
[1438704130.632020] 64 bytes from aaaa::212:4b00:41e:afc6: icmp_seq=60 ttl=63 time=131 ms
[1438704131.758653] 64 bytes from aaaa::212:4b00:41e:afc6: icmp_seq=61 ttl=63 time=256 ms
[1438704133.502808] no answer yet for icmp_seq=62
[1438704133.882061] 64 bytes from aaaa::212:4b00:41e:afc6: icmp_seq=63 ttl=63 time=379 ms
[1438704134.756164] 64 bytes from aaaa::212:4b00:41e:afc6: icmp_seq=64 ttl=63 time=252 ms
[1438704135.950161] 64 bytes from aaaa::212:4b00:41e:afc6: icmp_seq=65 ttl=63 time=445 ms
[1438704136.633151] 64 bytes from aaaa::212:4b00:41e:afc6: icmp_seq=66 ttl=63 time=127 ms
[1438704137.634320] 64 bytes from aaaa::212:4b00:41e:afc6: icmp_seq=67 ttl=63 time=127 ms
[1438704139.516930] no answer yet for icmp_seq=68
[1438704140.008683] 64 bytes from aaaa::212:4b00:41e:afc6: icmp_seq=69 ttl=63 time=491 ms
[1438704140.836036] 64 bytes from aaaa::212:4b00:41e:afc6: icmp_seq=70 ttl=63 time=318 ms
[1438704141.636562] 64 bytes from aaaa::212:4b00:41e:afc6: icmp_seq=71 ttl=63 time=118 ms
[1438704142.634057] 64 bytes from aaaa::212:4b00:41e:afc6: icmp_seq=72 ttl=63 time=114 ms
[1438704143.635431] 64 bytes from aaaa::212:4b00:41e:afc6: icmp_seq=73 ttl=63 time=114 ms
[1438704144.636920] 64 bytes from aaaa::212:4b00:41e:afc6: icmp_seq=74 ttl=63 time=114 ms
[1438704145.638420] 64 bytes from aaaa::212:4b00:41e:afc6: icmp_seq=75 ttl=63 time=114 ms
[1438704146.887669] 64 bytes from aaaa::212:4b00:41e:afc6: icmp_seq=76 ttl=63 time=362 ms
[1438704147.654922] 64 bytes from aaaa::212:4b00:41e:afc6: icmp_seq=77 ttl=63 time=128 ms
[1438704148.638190] 64 bytes from aaaa::212:4b00:41e:afc6: icmp_seq=78 ttl=63 time=110 ms
[1438704149.643611] 64 bytes from aaaa::212:4b00:41e:afc6: icmp_seq=79 ttl=63 time=114 ms
[1438704150.660752] 64 bytes from aaaa::212:4b00:41e:afc6: icmp_seq=80 ttl=63 time=130 ms
[1438704151.637798] 64 bytes from aaaa::212:4b00:41e:afc6: icmp_seq=81 ttl=63 time=106 ms
[1438704152.643315] 64 bytes from aaaa::212:4b00:41e:afc6: icmp_seq=82 ttl=63 time=110 ms
[1438704153.640313] 64 bytes from aaaa::212:4b00:41e:afc6: icmp_seq=83 ttl=63 time=105 ms
[1438704154.641317] 64 bytes from aaaa::212:4b00:41e:afc6: icmp_seq=84 ttl=63 time=105 ms
[1438704155.642253] 64 bytes from aaaa::212:4b00:41e:afc6: icmp_seq=85 ttl=63 time=105 ms
[1438704156.644190] 64 bytes from aaaa::212:4b00:41e:afc6: icmp_seq=86 ttl=63 time=105 ms
[1438704157.641949] 64 bytes from aaaa::212:4b00:41e:afc6: icmp_seq=87 ttl=63 time=101 ms
[1438704158.895433] 64 bytes from aaaa::212:4b00:41e:afc6: icmp_seq=88 ttl=63 time=353 ms
[1438704160.542824] no answer yet for icmp_seq=89
[1438704160.644703] 64 bytes from aaaa::212:4b00:41e:afc6: icmp_seq=90 ttl=63 time=101 ms
[1438704161.646432] 64 bytes from aaaa::212:4b00:41e:afc6: icmp_seq=91 ttl=63 time=101 ms
[1438704162.643929] 64 bytes from aaaa::212:4b00:41e:afc6: icmp_seq=92 ttl=63 time=97.4 ms
[1438704163.645456] 64 bytes from aaaa::212:4b00:41e:afc6: icmp_seq=93 ttl=63 time=97.4 ms
[1438704164.770056] 64 bytes from aaaa::212:4b00:41e:afc6: icmp_seq=94 ttl=63 time=220 ms
[1438704166.550824] no answer yet for icmp_seq=95
[1438704166.648385] 64 bytes from aaaa::212:4b00:41e:afc6: icmp_seq=96 ttl=63 time=97.4 ms
[1438704168.560865] no answer yet for icmp_seq=97
[1438704168.649829] 64 bytes from aaaa::212:4b00:41e:afc6: icmp_seq=98 ttl=63 time=88.8 ms
[1438704169.776894] 64 bytes from aaaa::212:4b00:41e:afc6: icmp_seq=99 ttl=63 time=213 ms
[1438704170.979086] 64 bytes from aaaa::212:4b00:41e:afc6: icmp_seq=100 ttl=63 time=415 ms

--- aaaa::212:4b00:41e:afc6 ping statistics ---
100 packets transmitted, 80 received, 20% packet loss, time 99206ms
rtt min/avg/max/mdev = 46.585/179.623/775.602/140.618 ms
PING aaaa::212:4b00:41e:afc6(aaaa::212:4b00:41e:afc6) 56 data bytes
[1438704563.320937] no answer yet for icmp_seq=1
[1438704563.469296] 64 bytes from aaaa::212:4b00:41e:afc6: icmp_seq=2 ttl=63 time=148 ms
[1438704564.470546] 64 bytes from aaaa::212:4b00:41e:afc6: icmp_seq=3 ttl=63 time=148 ms
[1438704565.846570] 64 bytes from aaaa::212:4b00:41e:afc6: icmp_seq=4 ttl=63 time=523 ms
[1438704566.468524] 64 bytes from aaaa::212:4b00:41e:afc6: icmp_seq=5 ttl=63 time=144 ms
[1438704567.538895] 64 bytes from aaaa::212:4b00:41e:afc6: icmp_seq=6 ttl=63 time=213 ms
[1438704568.470984] 64 bytes from aaaa::212:4b00:41e:afc6: icmp_seq=7 ttl=63 time=144 ms
[1438704569.472163] 64 bytes from aaaa::212:4b00:41e:afc6: icmp_seq=8 ttl=63 time=144 ms
[1438704570.473263] 64 bytes from aaaa::212:4b00:41e:afc6: icmp_seq=9 ttl=63 time=143 ms
[1438704571.840372] 64 bytes from aaaa::212:4b00:41e:afc6: icmp_seq=10 ttl=63 time=510 ms
[1438704572.470945] 64 bytes from aaaa::212:4b00:41e:afc6: icmp_seq=11 ttl=63 time=139 ms
[1438704573.472854] 64 bytes from aaaa::212:4b00:41e:afc6: icmp_seq=12 ttl=63 time=139 ms
[1438704575.334884] no answer yet for icmp_seq=13
[1438704575.474832] 64 bytes from aaaa::212:4b00:41e:afc6: icmp_seq=14 ttl=63 time=139 ms
[1438704576.471839] 64 bytes from aaaa::212:4b00:41e:afc6: icmp_seq=15 ttl=63 time=135 ms
[1438704577.473492] 64 bytes from aaaa::212:4b00:41e:afc6: icmp_seq=16 ttl=63 time=135 ms
[1438704578.475078] 64 bytes from aaaa::212:4b00:41e:afc6: icmp_seq=17 ttl=63 time=135 ms
[1438704579.726565] 64 bytes from aaaa::212:4b00:41e:afc6: icmp_seq=18 ttl=63 time=385 ms
[1438704580.474082] 64 bytes from aaaa::212:4b00:41e:afc6: icmp_seq=19 ttl=63 time=131 ms
[1438704581.475823] 64 bytes from aaaa::212:4b00:41e:afc6: icmp_seq=20 ttl=63 time=131 ms
[1438704582.477207] 64 bytes from aaaa::212:4b00:41e:afc6: icmp_seq=21 ttl=63 time=131 ms
[1438704584.346813] no answer yet for icmp_seq=22
[1438704584.619355] 64 bytes from aaaa::212:4b00:41e:afc6: icmp_seq=23 ttl=63 time=272 ms
[1438704585.479479] 64 bytes from aaaa::212:4b00:41e:afc6: icmp_seq=24 ttl=63 time=131 ms
[1438704587.357000] no answer yet for icmp_seq=25
[1438704588.364974] no answer yet for icmp_seq=26
[1438704588.730323] 64 bytes from aaaa::212:4b00:41e:afc6: icmp_seq=27 ttl=63 time=365 ms
[1438704589.607211] 64 bytes from aaaa::212:4b00:41e:afc6: icmp_seq=28 ttl=63 time=241 ms
[1438704590.520575] 64 bytes from aaaa::212:4b00:41e:afc6: icmp_seq=29 ttl=63 time=153 ms
[1438704591.609393] 64 bytes from aaaa::212:4b00:41e:afc6: icmp_seq=30 ttl=63 time=241 ms
[1438704592.732844] 64 bytes from aaaa::212:4b00:41e:afc6: icmp_seq=31 ttl=63 time=363 ms
[1438704593.726624] 64 bytes from aaaa::212:4b00:41e:afc6: icmp_seq=32 ttl=63 time=355 ms
[1438704594.731945] 64 bytes from aaaa::212:4b00:41e:afc6: icmp_seq=33 ttl=63 time=360 ms
[1438704595.734133] 64 bytes from aaaa::212:4b00:41e:afc6: icmp_seq=34 ttl=63 time=361 ms
[1438704596.936104] 64 bytes from aaaa::212:4b00:41e:afc6: icmp_seq=35 ttl=63 time=562 ms
[1438704597.485227] 64 bytes from aaaa::212:4b00:41e:afc6: icmp_seq=36 ttl=63 time=110 ms
[1438704598.733222] 64 bytes from aaaa::212:4b00:41e:afc6: icmp_seq=37 ttl=63 time=356 ms
[1438704599.737609] 64 bytes from aaaa::212:4b00:41e:afc6: icmp_seq=38 ttl=63 time=361 ms
[1438704601.384965] no answer yet for icmp_seq=39
[1438704601.486729] 64 bytes from aaaa::212:4b00:41e:afc6: icmp_seq=40 ttl=63 time=101 ms
[1438704602.488535] 64 bytes from aaaa::212:4b00:41e:afc6: icmp_seq=41 ttl=63 time=101 ms
[1438704604.397023] no answer yet for icmp_seq=42
[1438704605.405002] no answer yet for icmp_seq=43
[1438704605.489841] 64 bytes from aaaa::212:4b00:41e:afc6: icmp_seq=44 ttl=63 time=84.7 ms
[1438704606.740977] 64 bytes from aaaa::212:4b00:41e:afc6: icmp_seq=45 ttl=63 time=334 ms
[1438704607.989599] 64 bytes from aaaa::212:4b00:41e:afc6: icmp_seq=46 ttl=63 time=581 ms
[1438704608.494256] 64 bytes from aaaa::212:4b00:41e:afc6: icmp_seq=47 ttl=63 time=85.0 ms
[1438704609.490778] 64 bytes from aaaa::212:4b00:41e:afc6: icmp_seq=48 ttl=63 time=80.3 ms
[1438704610.508798] 64 bytes from aaaa::212:4b00:41e:afc6: icmp_seq=49 ttl=63 time=96.8 ms
[1438704611.494367] 64 bytes from aaaa::212:4b00:41e:afc6: icmp_seq=50 ttl=63 time=80.4 ms
[1438704612.736606] 64 bytes from aaaa::212:4b00:41e:afc6: icmp_seq=51 ttl=63 time=321 ms
[1438704613.492744] 64 bytes from aaaa::212:4b00:41e:afc6: icmp_seq=52 ttl=63 time=76.2 ms
[1438704615.424967] no answer yet for icmp_seq=53
[1438704615.553316] 64 bytes from aaaa::212:4b00:41e:afc6: icmp_seq=54 ttl=63 time=128 ms
[1438704616.494128] 64 bytes from aaaa::212:4b00:41e:afc6: icmp_seq=55 ttl=63 time=67.7 ms
[1438704617.495865] 64 bytes from aaaa::212:4b00:41e:afc6: icmp_seq=56 ttl=63 time=67.7 ms
[1438704618.874123] 64 bytes from aaaa::212:4b00:41e:afc6: icmp_seq=57 ttl=63 time=444 ms
[1438704619.498642] 64 bytes from aaaa::212:4b00:41e:afc6: icmp_seq=58 ttl=63 time=67.7 ms
[1438704620.749504] 64 bytes from aaaa::212:4b00:41e:afc6: icmp_seq=59 ttl=63 time=316 ms
[1438704621.749380] 64 bytes from aaaa::212:4b00:41e:afc6: icmp_seq=60 ttl=63 time=315 ms
[1438704622.748006] 64 bytes from aaaa::212:4b00:41e:afc6: icmp_seq=61 ttl=63 time=312 ms
[1438704623.860654] 64 bytes from aaaa::212:4b00:41e:afc6: icmp_seq=62 ttl=63 time=423 ms
[1438704625.445027] no answer yet for icmp_seq=63
[1438704625.500125] 64 bytes from aaaa::212:4b00:41e:afc6: icmp_seq=64 ttl=63 time=54.9 ms
[1438704626.501136] 64 bytes from aaaa::212:4b00:41e:afc6: icmp_seq=65 ttl=63 time=55.4 ms
[1438704627.502382] 64 bytes from aaaa::212:4b00:41e:afc6: icmp_seq=66 ttl=63 time=55.4 ms
[1438704628.503768] 64 bytes from aaaa::212:4b00:41e:afc6: icmp_seq=67 ttl=63 time=55.2 ms
[1438704629.500632] 64 bytes from aaaa::212:4b00:41e:afc6: icmp_seq=68 ttl=63 time=50.7 ms
[1438704631.450808] no answer yet for icmp_seq=69
[1438704631.501644] 64 bytes from aaaa::212:4b00:41e:afc6: icmp_seq=70 ttl=63 time=50.6 ms
[1438704632.621792] 64 bytes from aaaa::212:4b00:41e:afc6: icmp_seq=71 ttl=63 time=168 ms
[1438704633.504512] 64 bytes from aaaa::212:4b00:41e:afc6: icmp_seq=72 ttl=63 time=50.7 ms
[1438704634.755891] 64 bytes from aaaa::212:4b00:41e:afc6: icmp_seq=73 ttl=63 time=300 ms
[1438704635.998907] 64 bytes from aaaa::212:4b00:41e:afc6: icmp_seq=74 ttl=63 time=542 ms
[1438704636.508287] 64 bytes from aaaa::212:4b00:41e:afc6: icmp_seq=75 ttl=63 time=50.7 ms
[1438704637.506035] 64 bytes from aaaa::212:4b00:41e:afc6: icmp_seq=76 ttl=63 time=46.5 ms
[1438704638.507789] 64 bytes from aaaa::212:4b00:41e:afc6: icmp_seq=77 ttl=63 time=46.5 ms
[1438704639.561031] 64 bytes from aaaa::212:4b00:41e:afc6: icmp_seq=78 ttl=63 time=98.0 ms
[1438704640.522655] 64 bytes from aaaa::212:4b00:41e:afc6: icmp_seq=79 ttl=63 time=58.5 ms
[1438704641.508153] 64 bytes from aaaa::212:4b00:41e:afc6: icmp_seq=80 ttl=63 time=42.3 ms
[1438704642.510047] 64 bytes from aaaa::212:4b00:41e:afc6: icmp_seq=81 ttl=63 time=42.7 ms
[1438704644.476962] no answer yet for icmp_seq=82
[1438704644.743685] 64 bytes from aaaa::212:4b00:41e:afc6: icmp_seq=83 ttl=63 time=266 ms
[1438704646.484970] no answer yet for icmp_seq=84
[1438704646.637528] 64 bytes from aaaa::212:4b00:41e:afc6: icmp_seq=85 ttl=63 time=152 ms
[1438704647.634946] 64 bytes from aaaa::212:4b00:41e:afc6: icmp_seq=86 ttl=63 time=148 ms
[1438704648.888405] 64 bytes from aaaa::212:4b00:41e:afc6: icmp_seq=87 ttl=63 time=400 ms
[1438704649.637404] 64 bytes from aaaa::212:4b00:41e:afc6: icmp_seq=88 ttl=63 time=148 ms
[1438704650.887788] 64 bytes from aaaa::212:4b00:41e:afc6: icmp_seq=89 ttl=63 time=397 ms
[1438704651.639797] 64 bytes from aaaa::212:4b00:41e:afc6: icmp_seq=90 ttl=63 time=148 ms
[1438704652.636818] 64 bytes from aaaa::212:4b00:41e:afc6: icmp_seq=91 ttl=63 time=143 ms
[1438704653.638277] 64 bytes from aaaa::212:4b00:41e:afc6: icmp_seq=92 ttl=63 time=144 ms
[1438704654.766809] 64 bytes from aaaa::212:4b00:41e:afc6: icmp_seq=93 ttl=63 time=271 ms
[1438704656.018038] 64 bytes from aaaa::212:4b00:41e:afc6: icmp_seq=94 ttl=63 time=522 ms
[1438704657.123089] 64 bytes from aaaa::212:4b00:41e:afc6: icmp_seq=95 ttl=63 time=627 ms
[1438704657.639713] 64 bytes from aaaa::212:4b00:41e:afc6: icmp_seq=96 ttl=63 time=144 ms
[1438704659.505014] no answer yet for icmp_seq=97
[1438704659.768183] 64 bytes from aaaa::212:4b00:41e:afc6: icmp_seq=98 ttl=63 time=263 ms
[1438704660.641583] 64 bytes from aaaa::212:4b00:41e:afc6: icmp_seq=99 ttl=63 time=135 ms

--- aaaa::212:4b00:41e:afc6 ping statistics ---
100 packets transmitted, 85 received, 15% packet loss, time 99193ms
rtt min/avg/max/mdev = 42.350/208.646/627.585/150.939 ms
PING aaaa::212:4b00:41e:afc6(aaaa::212:4b00:41e:afc6) 56 data bytes
[1438704758.520975] no answer yet for icmp_seq=1
[1438704759.528995] no answer yet for icmp_seq=2
[1438704760.537014] no answer yet for icmp_seq=3
[1438704760.698297] 64 bytes from aaaa::212:4b00:41e:afc6: icmp_seq=4 ttl=63 time=161 ms
[1438704761.695302] 64 bytes from aaaa::212:4b00:41e:afc6: icmp_seq=5 ttl=63 time=156 ms
[1438704762.700571] 64 bytes from aaaa::212:4b00:41e:afc6: icmp_seq=6 ttl=63 time=161 ms
[1438704763.697464] 64 bytes from aaaa::212:4b00:41e:afc6: icmp_seq=7 ttl=63 time=157 ms
[1438704765.197820] 64 bytes from aaaa::212:4b00:41e:afc6: icmp_seq=8 ttl=63 time=656 ms
[1438704765.827057] 64 bytes from aaaa::212:4b00:41e:afc6: icmp_seq=9 ttl=63 time=285 ms
[1438704766.700049] 64 bytes from aaaa::212:4b00:41e:afc6: icmp_seq=10 ttl=63 time=157 ms
[1438704767.950180] 64 bytes from aaaa::212:4b00:41e:afc6: icmp_seq=11 ttl=63 time=406 ms
[1438704769.552970] no answer yet for icmp_seq=12
[1438704769.826549] 64 bytes from aaaa::212:4b00:41e:afc6: icmp_seq=13 ttl=63 time=273 ms
[1438704770.749459] 64 bytes from aaaa::212:4b00:41e:afc6: icmp_seq=14 ttl=63 time=194 ms
[1438704771.704435] 64 bytes from aaaa::212:4b00:41e:afc6: icmp_seq=15 ttl=63 time=148 ms
[1438704772.947313] 64 bytes from aaaa::212:4b00:41e:afc6: icmp_seq=16 ttl=63 time=390 ms
[1438704773.795448] 64 bytes from aaaa::212:4b00:41e:afc6: icmp_seq=17 ttl=63 time=237 ms
[1438704774.704062] 64 bytes from aaaa::212:4b00:41e:afc6: icmp_seq=18 ttl=63 time=144 ms
[1438704776.568969] no answer yet for icmp_seq=19
[1438704776.709010] 64 bytes from aaaa::212:4b00:41e:afc6: icmp_seq=20 ttl=63 time=139 ms
[1438704778.576994] no answer yet for icmp_seq=21
[1438704779.584957] no answer yet for icmp_seq=22
[1438704780.592991] no answer yet for icmp_seq=23
[1438704780.707996] 64 bytes from aaaa::212:4b00:41e:afc6: icmp_seq=24 ttl=63 time=114 ms
[1438704781.799626] 64 bytes from aaaa::212:4b00:41e:afc6: icmp_seq=25 ttl=63 time=205 ms
[1438704782.710194] 64 bytes from aaaa::212:4b00:41e:afc6: icmp_seq=26 ttl=63 time=114 ms
[1438704783.712549] 64 bytes from aaaa::212:4b00:41e:afc6: icmp_seq=27 ttl=63 time=115 ms
[1438704784.746958] 64 bytes from aaaa::212:4b00:41e:afc6: icmp_seq=28 ttl=63 time=148 ms
[1438704785.710098] 64 bytes from aaaa::212:4b00:41e:afc6: icmp_seq=29 ttl=63 time=110 ms
[1438704786.711244] 64 bytes from aaaa::212:4b00:41e:afc6: icmp_seq=30 ttl=63 time=110 ms
[1438704787.711722] 64 bytes from aaaa::212:4b00:41e:afc6: icmp_seq=31 ttl=63 time=110 ms
[1438704788.837584] 64 bytes from aaaa::212:4b00:41e:afc6: icmp_seq=32 ttl=63 time=234 ms
[1438704789.714468] 64 bytes from aaaa::212:4b00:41e:afc6: icmp_seq=33 ttl=63 time=110 ms
[1438704791.215081] 64 bytes from aaaa::212:4b00:41e:afc6: icmp_seq=34 ttl=63 time=609 ms
[1438704791.715739] 64 bytes from aaaa::212:4b00:41e:afc6: icmp_seq=35 ttl=63 time=110 ms
[1438704792.717081] 64 bytes from aaaa::212:4b00:41e:afc6: icmp_seq=36 ttl=63 time=110 ms
[1438704793.718473] 64 bytes from aaaa::212:4b00:41e:afc6: icmp_seq=37 ttl=63 time=110 ms
[1438704794.764861] 64 bytes from aaaa::212:4b00:41e:afc6: icmp_seq=38 ttl=63 time=155 ms
[1438704795.726006] 64 bytes from aaaa::212:4b00:41e:afc6: icmp_seq=39 ttl=63 time=115 ms
[1438704796.718248] 64 bytes from aaaa::212:4b00:41e:afc6: icmp_seq=40 ttl=63 time=106 ms
[1438704797.967705] 64 bytes from aaaa::212:4b00:41e:afc6: icmp_seq=41 ttl=63 time=354 ms
[1438704799.620961] no answer yet for icmp_seq=42
[1438704799.718723] 64 bytes from aaaa::212:4b00:41e:afc6: icmp_seq=43 ttl=63 time=97.6 ms
[1438704800.775965] 64 bytes from aaaa::212:4b00:41e:afc6: icmp_seq=44 ttl=63 time=153 ms
[1438704801.721919] 64 bytes from aaaa::212:4b00:41e:afc6: icmp_seq=45 ttl=63 time=97.7 ms
[1438704802.723094] 64 bytes from aaaa::212:4b00:41e:afc6: icmp_seq=46 ttl=63 time=97.9 ms
[1438704803.723987] 64 bytes from aaaa::212:4b00:41e:afc6: icmp_seq=47 ttl=63 time=97.7 ms
[1438704804.965478] 64 bytes from aaaa::212:4b00:41e:afc6: icmp_seq=48 ttl=63 time=337 ms
[1438704805.847601] 64 bytes from aaaa::212:4b00:41e:afc6: icmp_seq=49 ttl=63 time=218 ms
[1438704806.973975] 64 bytes from aaaa::212:4b00:41e:afc6: icmp_seq=50 ttl=63 time=343 ms
[1438704808.630815] no answer yet for icmp_seq=51
[1438704809.630832] no answer yet for icmp_seq=52
[1438704809.724110] 64 bytes from aaaa::212:4b00:41e:afc6: icmp_seq=53 ttl=63 time=93.1 ms
[1438704811.640980] no answer yet for icmp_seq=54
[1438704812.648953] no answer yet for icmp_seq=55
[1438704812.725224] 64 bytes from aaaa::212:4b00:41e:afc6: icmp_seq=56 ttl=63 time=76.1 ms
[1438704813.726606] 64 bytes from aaaa::212:4b00:41e:afc6: icmp_seq=57 ttl=63 time=76.2 ms
[1438704814.980524] 64 bytes from aaaa::212:4b00:41e:afc6: icmp_seq=58 ttl=63 time=328 ms
[1438704815.728620] 64 bytes from aaaa::212:4b00:41e:afc6: icmp_seq=59 ttl=63 time=76.2 ms
[1438704816.856376] 64 bytes from aaaa::212:4b00:41e:afc6: icmp_seq=60 ttl=63 time=202 ms
[1438704817.731751] 64 bytes from aaaa::212:4b00:41e:afc6: icmp_seq=61 ttl=63 time=76.3 ms
[1438704818.728868] 64 bytes from aaaa::212:4b00:41e:afc6: icmp_seq=62 ttl=63 time=71.9 ms
[1438704819.730111] 64 bytes from aaaa::212:4b00:41e:afc6: icmp_seq=63 ttl=63 time=72.1 ms
[1438704820.731860] 64 bytes from aaaa::212:4b00:41e:afc6: icmp_seq=64 ttl=63 time=72.6 ms
[1438704821.733021] 64 bytes from aaaa::212:4b00:41e:afc6: icmp_seq=65 ttl=63 time=72.0 ms
[1438704822.859391] 64 bytes from aaaa::212:4b00:41e:afc6: icmp_seq=66 ttl=63 time=197 ms
[1438704824.601516] 64 bytes from aaaa::212:4b00:41e:afc6: icmp_seq=67 ttl=63 time=938 ms
[1438704825.669005] no answer yet for icmp_seq=68
[1438704826.677021] no answer yet for icmp_seq=69
[1438704826.986047] 64 bytes from aaaa::212:4b00:41e:afc6: icmp_seq=70 ttl=63 time=308 ms
[1438704827.732952] 64 bytes from aaaa::212:4b00:41e:afc6: icmp_seq=71 ttl=63 time=55.0 ms
[1438704828.738396] 64 bytes from aaaa::212:4b00:41e:afc6: icmp_seq=72 ttl=63 time=59.3 ms
[1438704829.735631] 64 bytes from aaaa::212:4b00:41e:afc6: icmp_seq=73 ttl=63 time=55.0 ms
[1438704830.736888] 64 bytes from aaaa::212:4b00:41e:afc6: icmp_seq=74 ttl=63 time=55.1 ms
[1438704831.738132] 64 bytes from aaaa::212:4b00:41e:afc6: icmp_seq=75 ttl=63 time=55.1 ms
[1438704832.735548] 64 bytes from aaaa::212:4b00:41e:afc6: icmp_seq=76 ttl=63 time=51.2 ms
[1438704833.740628] 64 bytes from aaaa::212:4b00:41e:afc6: icmp_seq=77 ttl=63 time=54.9 ms
[1438704834.741784] 64 bytes from aaaa::212:4b00:41e:afc6: icmp_seq=78 ttl=63 time=55.0 ms
[1438704835.991020] 64 bytes from aaaa::212:4b00:41e:afc6: icmp_seq=79 ttl=63 time=303 ms
[1438704836.739494] 64 bytes from aaaa::212:4b00:41e:afc6: icmp_seq=80 ttl=63 time=50.5 ms
[1438704837.741540] 64 bytes from aaaa::212:4b00:41e:afc6: icmp_seq=81 ttl=63 time=50.9 ms
[1438704839.690875] no answer yet for icmp_seq=82
[1438704839.741685] 64 bytes from aaaa::212:4b00:41e:afc6: icmp_seq=83 ttl=63 time=50.6 ms
[1438704840.743547] 64 bytes from aaaa::212:4b00:41e:afc6: icmp_seq=84 ttl=63 time=50.7 ms
[1438704841.741639] 64 bytes from aaaa::212:4b00:41e:afc6: icmp_seq=85 ttl=63 time=47.0 ms
[1438704842.992281] 64 bytes from aaaa::212:4b00:41e:afc6: icmp_seq=86 ttl=63 time=296 ms
[1438704844.704945] no answer yet for icmp_seq=87
[1438704845.712995] no answer yet for icmp_seq=88
[1438704846.369641] 64 bytes from aaaa::212:4b00:41e:afc6: icmp_seq=89 ttl=63 time=656 ms
[1438704847.720987] no answer yet for icmp_seq=90
[1438704848.728975] no answer yet for icmp_seq=91
[1438704849.737001] no answer yet for icmp_seq=92
[1438704850.744964] no answer yet for icmp_seq=93
[1438704850.997773] 64 bytes from aaaa::212:4b00:41e:afc6: icmp_seq=94 ttl=63 time=252 ms
[1438704852.262401] 64 bytes from aaaa::212:4b00:41e:afc6: icmp_seq=95 ttl=63 time=515 ms
[1438704852.874299] 64 bytes from aaaa::212:4b00:41e:afc6: icmp_seq=96 ttl=63 time=127 ms
[1438704853.894430] 64 bytes from aaaa::212:4b00:41e:afc6: icmp_seq=97 ttl=63 time=146 ms
[1438704854.876651] 64 bytes from aaaa::212:4b00:41e:afc6: icmp_seq=98 ttl=63 time=127 ms
[1438704856.374655] 64 bytes from aaaa::212:4b00:41e:afc6: icmp_seq=99 ttl=63 time=623 ms
[1438704856.877441] 64 bytes from aaaa::212:4b00:41e:afc6: icmp_seq=100 ttl=63 time=127 ms

--- aaaa::212:4b00:41e:afc6 ping statistics ---
100 packets transmitted, 78 received, 22% packet loss, time 99235ms
rtt min/avg/max/mdev = 47.020/188.349/938.437/168.158 ms
