PING aaaa::212:4b00:41e:afc6(aaaa::212:4b00:41e:afc6) 56 data bytes
[1438768773.705596] 64 bytes from aaaa::212:4b00:41e:afc6: icmp_seq=1 ttl=63 time=235 ms
[1438768775.100767] 64 bytes from aaaa::212:4b00:41e:afc6: icmp_seq=2 ttl=63 time=630 ms
[1438768775.634132] 64 bytes from aaaa::212:4b00:41e:afc6: icmp_seq=3 ttl=63 time=163 ms
[1438768776.745820] 64 bytes from aaaa::212:4b00:41e:afc6: icmp_seq=4 ttl=63 time=273 ms
[1438768777.632899] 64 bytes from aaaa::212:4b00:41e:afc6: icmp_seq=5 ttl=63 time=159 ms
[1438768779.080758] 64 bytes from aaaa::212:4b00:41e:afc6: icmp_seq=6 ttl=63 time=606 ms
[1438768779.629849] 64 bytes from aaaa::212:4b00:41e:afc6: icmp_seq=7 ttl=63 time=155 ms
[1438768780.582129] 64 bytes from aaaa::212:4b00:41e:afc6: icmp_seq=8 ttl=63 time=106 ms
[1438768782.084499] 64 bytes from aaaa::212:4b00:41e:afc6: icmp_seq=9 ttl=63 time=607 ms
[1438768782.598172] 64 bytes from aaaa::212:4b00:41e:afc6: icmp_seq=10 ttl=63 time=121 ms
[1438768783.584505] 64 bytes from aaaa::212:4b00:41e:afc6: icmp_seq=11 ttl=63 time=106 ms
[1438768784.585615] 64 bytes from aaaa::212:4b00:41e:afc6: icmp_seq=12 ttl=63 time=106 ms
[1438768786.211830] 64 bytes from aaaa::212:4b00:41e:afc6: icmp_seq=13 ttl=63 time=730 ms
[1438768786.840139] 64 bytes from aaaa::212:4b00:41e:afc6: icmp_seq=14 ttl=63 time=359 ms
[1438768787.583761] 64 bytes from aaaa::212:4b00:41e:afc6: icmp_seq=15 ttl=63 time=101 ms
[1438768788.713486] 64 bytes from aaaa::212:4b00:41e:afc6: icmp_seq=16 ttl=63 time=229 ms
[1438768789.587489] 64 bytes from aaaa::212:4b00:41e:afc6: icmp_seq=17 ttl=63 time=102 ms
[1438768790.588249] 64 bytes from aaaa::212:4b00:41e:afc6: icmp_seq=18 ttl=63 time=101 ms
[1438768791.586249] 64 bytes from aaaa::212:4b00:41e:afc6: icmp_seq=19 ttl=63 time=97.8 ms
[1438768792.841115] 64 bytes from aaaa::212:4b00:41e:afc6: icmp_seq=20 ttl=63 time=351 ms
[1438768793.588503] 64 bytes from aaaa::212:4b00:41e:afc6: icmp_seq=21 ttl=63 time=97.5 ms
[1438768794.618894] 64 bytes from aaaa::212:4b00:41e:afc6: icmp_seq=22 ttl=63 time=126 ms
[1438768795.610119] 64 bytes from aaaa::212:4b00:41e:afc6: icmp_seq=23 ttl=63 time=116 ms
[1438768796.880865] 64 bytes from aaaa::212:4b00:41e:afc6: icmp_seq=24 ttl=63 time=385 ms
[1438768797.833277] 64 bytes from aaaa::212:4b00:41e:afc6: icmp_seq=25 ttl=63 time=336 ms
[1438768798.839889] 64 bytes from aaaa::212:4b00:41e:afc6: icmp_seq=26 ttl=63 time=341 ms
[1438768799.606548] 64 bytes from aaaa::212:4b00:41e:afc6: icmp_seq=27 ttl=63 time=106 ms
[1438768800.633254] 64 bytes from aaaa::212:4b00:41e:afc6: icmp_seq=28 ttl=63 time=131 ms
[1438768801.839781] 64 bytes from aaaa::212:4b00:41e:afc6: icmp_seq=29 ttl=63 time=336 ms
[1438768802.654033] 64 bytes from aaaa::212:4b00:41e:afc6: icmp_seq=30 ttl=63 time=149 ms
[1438768803.590994] 64 bytes from aaaa::212:4b00:41e:afc6: icmp_seq=31 ttl=63 time=84.9 ms
[1438768804.611993] 64 bytes from aaaa::212:4b00:41e:afc6: icmp_seq=32 ttl=63 time=104 ms
[1438768805.592748] 64 bytes from aaaa::212:4b00:41e:afc6: icmp_seq=33 ttl=63 time=84.7 ms
[1438768806.594754] 64 bytes from aaaa::212:4b00:41e:afc6: icmp_seq=34 ttl=63 time=84.9 ms
[1438768807.595752] 64 bytes from aaaa::212:4b00:41e:afc6: icmp_seq=35 ttl=63 time=84.8 ms
[1438768808.993628] 64 bytes from aaaa::212:4b00:41e:afc6: icmp_seq=36 ttl=63 time=480 ms
[1438768809.629885] 64 bytes from aaaa::212:4b00:41e:afc6: icmp_seq=37 ttl=63 time=115 ms
[1438768810.838949] 64 bytes from aaaa::212:4b00:41e:afc6: icmp_seq=38 ttl=63 time=322 ms
[1438768811.646634] 64 bytes from aaaa::212:4b00:41e:afc6: icmp_seq=39 ttl=63 time=129 ms
[1438768812.908773] 64 bytes from aaaa::212:4b00:41e:afc6: icmp_seq=40 ttl=63 time=390 ms
[1438768813.721663] 64 bytes from aaaa::212:4b00:41e:afc6: icmp_seq=41 ttl=63 time=202 ms
[1438768814.849014] 64 bytes from aaaa::212:4b00:41e:afc6: icmp_seq=42 ttl=63 time=328 ms
[1438768815.598280] 64 bytes from aaaa::212:4b00:41e:afc6: icmp_seq=43 ttl=63 time=76.4 ms
[1438768816.724157] 64 bytes from aaaa::212:4b00:41e:afc6: icmp_seq=44 ttl=63 time=200 ms
[1438768817.779677] 64 bytes from aaaa::212:4b00:41e:afc6: icmp_seq=45 ttl=63 time=254 ms
[1438768818.602666] 64 bytes from aaaa::212:4b00:41e:afc6: icmp_seq=46 ttl=63 time=76.1 ms
[1438768819.661560] 64 bytes from aaaa::212:4b00:41e:afc6: icmp_seq=47 ttl=63 time=133 ms
[1438768820.624849] 64 bytes from aaaa::212:4b00:41e:afc6: icmp_seq=48 ttl=63 time=95.2 ms
[1438768821.652897] 64 bytes from aaaa::212:4b00:41e:afc6: icmp_seq=49 ttl=63 time=122 ms
[1438768822.606926] 64 bytes from aaaa::212:4b00:41e:afc6: icmp_seq=50 ttl=63 time=75.0 ms
[1438768823.600163] 64 bytes from aaaa::212:4b00:41e:afc6: icmp_seq=51 ttl=63 time=67.7 ms
[1438768824.602413] 64 bytes from aaaa::212:4b00:41e:afc6: icmp_seq=52 ttl=63 time=67.9 ms
[1438768826.137820] 64 bytes from aaaa::212:4b00:41e:afc6: icmp_seq=53 ttl=63 time=602 ms
[1438768826.602658] 64 bytes from aaaa::212:4b00:41e:afc6: icmp_seq=54 ttl=63 time=68.2 ms
[1438768827.603294] 64 bytes from aaaa::212:4b00:41e:afc6: icmp_seq=55 ttl=63 time=67.9 ms
[1438768828.650297] 64 bytes from aaaa::212:4b00:41e:afc6: icmp_seq=56 ttl=63 time=113 ms
[1438768829.662533] 64 bytes from aaaa::212:4b00:41e:afc6: icmp_seq=57 ttl=63 time=125 ms
[1438768830.649035] 64 bytes from aaaa::212:4b00:41e:afc6: icmp_seq=58 ttl=63 time=110 ms
[1438768831.607702] 64 bytes from aaaa::212:4b00:41e:afc6: icmp_seq=59 ttl=63 time=67.9 ms
[1438768832.605540] 64 bytes from aaaa::212:4b00:41e:afc6: icmp_seq=60 ttl=63 time=64.7 ms
[1438768833.629282] 64 bytes from aaaa::212:4b00:41e:afc6: icmp_seq=61 ttl=63 time=86.6 ms
[1438768834.674957] 64 bytes from aaaa::212:4b00:41e:afc6: icmp_seq=62 ttl=63 time=130 ms
[1438768835.614676] 64 bytes from aaaa::212:4b00:41e:afc6: icmp_seq=63 ttl=63 time=68.6 ms
[1438768836.607192] 64 bytes from aaaa::212:4b00:41e:afc6: icmp_seq=64 ttl=63 time=59.3 ms
[1438768837.620152] 64 bytes from aaaa::212:4b00:41e:afc6: icmp_seq=65 ttl=63 time=70.7 ms
[1438768839.143544] 64 bytes from aaaa::212:4b00:41e:afc6: icmp_seq=66 ttl=63 time=593 ms
[1438768839.609601] 64 bytes from aaaa::212:4b00:41e:afc6: icmp_seq=67 ttl=63 time=59.3 ms
[1438768840.610922] 64 bytes from aaaa::212:4b00:41e:afc6: icmp_seq=68 ttl=63 time=59.2 ms
[1438768841.637056] 64 bytes from aaaa::212:4b00:41e:afc6: icmp_seq=69 ttl=63 time=84.5 ms
[1438768842.609301] 64 bytes from aaaa::212:4b00:41e:afc6: icmp_seq=70 ttl=63 time=55.1 ms
[1438768843.858674] 64 bytes from aaaa::212:4b00:41e:afc6: icmp_seq=71 ttl=63 time=303 ms
[1438768845.564959] no answer yet for icmp_seq=72
[1438768845.990369] 64 bytes from aaaa::212:4b00:41e:afc6: icmp_seq=72 ttl=63 time=1433 ms
[1438768846.242747] 64 bytes from aaaa::212:4b00:41e:afc6: icmp_seq=73 ttl=63 time=677 ms
[1438768846.611946] 64 bytes from aaaa::212:4b00:41e:afc6: icmp_seq=74 ttl=63 time=46.6 ms
[1438768847.613545] 64 bytes from aaaa::212:4b00:41e:afc6: icmp_seq=75 ttl=63 time=46.5 ms
[1438768848.638920] 64 bytes from aaaa::212:4b00:41e:afc6: icmp_seq=76 ttl=63 time=70.2 ms
[1438768849.616839] 64 bytes from aaaa::212:4b00:41e:afc6: icmp_seq=77 ttl=63 time=46.6 ms
[1438768850.638937] 64 bytes from aaaa::212:4b00:41e:afc6: icmp_seq=78 ttl=63 time=66.9 ms
[1438768851.615457] 64 bytes from aaaa::212:4b00:41e:afc6: icmp_seq=79 ttl=63 time=42.3 ms
[1438768853.580971] no answer yet for icmp_seq=80
[1438768854.588962] no answer yet for icmp_seq=81
[1438768855.596936] no answer yet for icmp_seq=82
[1438768856.176804] 64 bytes from aaaa::212:4b00:41e:afc6: icmp_seq=80 ttl=63 time=3602 ms
[1438768856.597351] no answer yet for icmp_seq=83
[1438768857.265725] 64 bytes from aaaa::212:4b00:41e:afc6: icmp_seq=81 ttl=63 time=3684 ms
[1438768857.597154] no answer yet for icmp_seq=84
[1438768857.937819] 64 bytes from aaaa::212:4b00:41e:afc6: icmp_seq=82 ttl=63 time=3348 ms
[1438768858.110700] 64 bytes from aaaa::212:4b00:41e:afc6: icmp_seq=83 ttl=63 time=2513 ms
[1438768858.261836] 64 bytes from aaaa::212:4b00:41e:afc6: icmp_seq=84 ttl=63 time=1664 ms
[1438768858.485748] 64 bytes from aaaa::212:4b00:41e:afc6: icmp_seq=85 ttl=63 time=888 ms
[1438768859.374564] 64 bytes from aaaa::212:4b00:41e:afc6: icmp_seq=86 ttl=63 time=777 ms
[1438768860.605011] no answer yet for icmp_seq=87
[1438768861.612859] no answer yet for icmp_seq=88
[1438768862.620872] no answer yet for icmp_seq=89
[1438768863.628855] no answer yet for icmp_seq=90
[1438768864.049324] 64 bytes from aaaa::212:4b00:41e:afc6: icmp_seq=87 ttl=63 time=4452 ms
[1438768864.496591] 64 bytes from aaaa::212:4b00:41e:afc6: icmp_seq=88 ttl=63 time=3891 ms
[1438768864.628801] no answer yet for icmp_seq=91
[1438768865.636968] no answer yet for icmp_seq=92
[1438768866.249472] 64 bytes from aaaa::212:4b00:41e:afc6: icmp_seq=89 ttl=63 time=4636 ms
[1438768866.636966] no answer yet for icmp_seq=93
[1438768866.660067] 64 bytes from aaaa::212:4b00:41e:afc6: icmp_seq=90 ttl=63 time=4039 ms
[1438768867.523715] 64 bytes from aaaa::212:4b00:41e:afc6: icmp_seq=92 ttl=63 time=2894 ms
[1438768867.636894] no answer yet for icmp_seq=94
[1438768867.921820] 64 bytes from aaaa::212:4b00:41e:afc6: icmp_seq=93 ttl=63 time=2284 ms
[1438768868.638673] no answer yet for icmp_seq=95
[1438768868.871708] 64 bytes from aaaa::212:4b00:41e:afc6: icmp_seq=94 ttl=63 time=2234 ms
[1438768869.624331] 64 bytes from aaaa::212:4b00:41e:afc6: icmp_seq=95 ttl=63 time=1987 ms
[1438768869.638492] no answer yet for icmp_seq=96
[1438768869.872083] 64 bytes from aaaa::212:4b00:41e:afc6: icmp_seq=96 ttl=63 time=1233 ms
[1438768870.639375] no answer yet for icmp_seq=97
[1438768870.870866] 64 bytes from aaaa::212:4b00:41e:afc6: icmp_seq=97 ttl=63 time=1232 ms
[1438768871.375615] 64 bytes from aaaa::212:4b00:41e:afc6: icmp_seq=98 ttl=63 time=736 ms
[1438768872.123706] 64 bytes from aaaa::212:4b00:41e:afc6: icmp_seq=99 ttl=63 time=484 ms
[1438768872.769709] 64 bytes from aaaa::212:4b00:41e:afc6: icmp_seq=100 ttl=63 time=130 ms

--- aaaa::212:4b00:41e:afc6 ping statistics ---
100 packets transmitted, 99 received, 1% packet loss, time 99169ms
rtt min/avg/max/mdev = 42.382/636.360/4636.518/1075.424 ms, pipe 5
PING aaaa::212:4b00:41e:afc6(aaaa::212:4b00:41e:afc6) 56 data bytes
[1438768929.154520] 64 bytes from aaaa::212:4b00:41e:afc6: icmp_seq=1 ttl=63 time=106 ms
[1438768930.396726] 64 bytes from aaaa::212:4b00:41e:afc6: icmp_seq=2 ttl=63 time=346 ms
[1438768931.153744] 64 bytes from aaaa::212:4b00:41e:afc6: icmp_seq=3 ttl=63 time=102 ms
[1438768932.154688] 64 bytes from aaaa::212:4b00:41e:afc6: icmp_seq=4 ttl=63 time=101 ms
[1438768933.196154] 64 bytes from aaaa::212:4b00:41e:afc6: icmp_seq=5 ttl=63 time=142 ms
[1438768934.157314] 64 bytes from aaaa::212:4b00:41e:afc6: icmp_seq=6 ttl=63 time=102 ms
[1438768935.158262] 64 bytes from aaaa::212:4b00:41e:afc6: icmp_seq=7 ttl=63 time=101 ms
[1438768936.155888] 64 bytes from aaaa::212:4b00:41e:afc6: icmp_seq=8 ttl=63 time=97.5 ms
[1438768937.158674] 64 bytes from aaaa::212:4b00:41e:afc6: icmp_seq=9 ttl=63 time=98.7 ms
[1438768938.155184] 64 bytes from aaaa::212:4b00:41e:afc6: icmp_seq=10 ttl=63 time=93.3 ms
[1438768939.597168] 64 bytes from aaaa::212:4b00:41e:afc6: icmp_seq=11 ttl=63 time=534 ms
[1438768940.408180] 64 bytes from aaaa::212:4b00:41e:afc6: icmp_seq=12 ttl=63 time=344 ms
[1438768941.225402] 64 bytes from aaaa::212:4b00:41e:afc6: icmp_seq=13 ttl=63 time=160 ms
[1438768942.220065] 64 bytes from aaaa::212:4b00:41e:afc6: icmp_seq=14 ttl=63 time=153 ms
[1438768943.179152] 64 bytes from aaaa::212:4b00:41e:afc6: icmp_seq=15 ttl=63 time=111 ms
[1438768944.162642] 64 bytes from aaaa::212:4b00:41e:afc6: icmp_seq=16 ttl=63 time=93.4 ms
[1438768945.193305] 64 bytes from aaaa::212:4b00:41e:afc6: icmp_seq=17 ttl=63 time=122 ms
[1438768946.161698] 64 bytes from aaaa::212:4b00:41e:afc6: icmp_seq=18 ttl=63 time=89.3 ms
[1438768947.186662] 64 bytes from aaaa::212:4b00:41e:afc6: icmp_seq=19 ttl=63 time=112 ms
[1438768948.168265] 64 bytes from aaaa::212:4b00:41e:afc6: icmp_seq=20 ttl=63 time=92.5 ms
[1438768949.567166] 64 bytes from aaaa::212:4b00:41e:afc6: icmp_seq=21 ttl=63 time=489 ms
[1438768950.215800] 64 bytes from aaaa::212:4b00:41e:afc6: icmp_seq=22 ttl=63 time=136 ms
[1438768951.164517] 64 bytes from aaaa::212:4b00:41e:afc6: icmp_seq=23 ttl=63 time=84.8 ms
[1438768952.539053] 64 bytes from aaaa::212:4b00:41e:afc6: icmp_seq=24 ttl=63 time=458 ms
[1438768953.162489] 64 bytes from aaaa::212:4b00:41e:afc6: icmp_seq=25 ttl=63 time=80.6 ms
[1438768954.292050] 64 bytes from aaaa::212:4b00:41e:afc6: icmp_seq=26 ttl=63 time=208 ms
[1438768955.347220] 64 bytes from aaaa::212:4b00:41e:afc6: icmp_seq=27 ttl=63 time=262 ms
[1438768956.222418] 64 bytes from aaaa::212:4b00:41e:afc6: icmp_seq=28 ttl=63 time=136 ms
[1438768957.168122] 64 bytes from aaaa::212:4b00:41e:afc6: icmp_seq=29 ttl=63 time=80.6 ms
[1438768958.417670] 64 bytes from aaaa::212:4b00:41e:afc6: icmp_seq=30 ttl=63 time=328 ms
[1438768959.167157] 64 bytes from aaaa::212:4b00:41e:afc6: icmp_seq=31 ttl=63 time=76.5 ms
[1438768960.168577] 64 bytes from aaaa::212:4b00:41e:afc6: icmp_seq=32 ttl=63 time=76.2 ms
[1438768961.443688] 64 bytes from aaaa::212:4b00:41e:afc6: icmp_seq=33 ttl=63 time=350 ms
[1438768962.171450] 64 bytes from aaaa::212:4b00:41e:afc6: icmp_seq=34 ttl=63 time=76.9 ms
[1438768963.167680] 64 bytes from aaaa::212:4b00:41e:afc6: icmp_seq=35 ttl=63 time=72.0 ms
[1438768964.173081] 64 bytes from aaaa::212:4b00:41e:afc6: icmp_seq=36 ttl=63 time=76.3 ms
[1438768965.421707] 64 bytes from aaaa::212:4b00:41e:afc6: icmp_seq=37 ttl=63 time=323 ms
[1438768966.171435] 64 bytes from aaaa::212:4b00:41e:afc6: icmp_seq=38 ttl=63 time=71.9 ms
[1438768967.172730] 64 bytes from aaaa::212:4b00:41e:afc6: icmp_seq=39 ttl=63 time=72.1 ms
[1438768968.169711] 64 bytes from aaaa::212:4b00:41e:afc6: icmp_seq=40 ttl=63 time=67.9 ms
[1438768969.488332] 64 bytes from aaaa::212:4b00:41e:afc6: icmp_seq=41 ttl=63 time=385 ms
[1438768970.172087] 64 bytes from aaaa::212:4b00:41e:afc6: icmp_seq=42 ttl=63 time=67.9 ms
[1438768971.198604] 64 bytes from aaaa::212:4b00:41e:afc6: icmp_seq=43 ttl=63 time=93.6 ms
[1438768972.174504] 64 bytes from aaaa::212:4b00:41e:afc6: icmp_seq=44 ttl=63 time=67.8 ms
[1438768973.176505] 64 bytes from aaaa::212:4b00:41e:afc6: icmp_seq=45 ttl=63 time=67.9 ms
[1438768974.225742] 64 bytes from aaaa::212:4b00:41e:afc6: icmp_seq=46 ttl=63 time=116 ms
[1438768975.177743] 64 bytes from aaaa::212:4b00:41e:afc6: icmp_seq=47 ttl=63 time=67.7 ms
[1438768976.183018] 64 bytes from aaaa::212:4b00:41e:afc6: icmp_seq=48 ttl=63 time=71.1 ms
[1438768977.302368] 64 bytes from aaaa::212:4b00:41e:afc6: icmp_seq=49 ttl=63 time=189 ms
[1438768978.178009] 64 bytes from aaaa::212:4b00:41e:afc6: icmp_seq=50 ttl=63 time=63.6 ms
[1438768979.218256] 64 bytes from aaaa::212:4b00:41e:afc6: icmp_seq=51 ttl=63 time=102 ms
[1438768980.177541] 64 bytes from aaaa::212:4b00:41e:afc6: icmp_seq=52 ttl=63 time=60.2 ms
[1438768981.305894] 64 bytes from aaaa::212:4b00:41e:afc6: icmp_seq=53 ttl=63 time=187 ms
[1438768982.431301] 64 bytes from aaaa::212:4b00:41e:afc6: icmp_seq=54 ttl=63 time=311 ms
[1438768983.214029] 64 bytes from aaaa::212:4b00:41e:afc6: icmp_seq=55 ttl=63 time=92.8 ms
[1438768984.206545] 64 bytes from aaaa::212:4b00:41e:afc6: icmp_seq=56 ttl=63 time=83.8 ms
[1438768985.178927] 64 bytes from aaaa::212:4b00:41e:afc6: icmp_seq=57 ttl=63 time=55.1 ms
[1438768986.180064] 64 bytes from aaaa::212:4b00:41e:afc6: icmp_seq=58 ttl=63 time=55.0 ms
[1438768987.219953] 64 bytes from aaaa::212:4b00:41e:afc6: icmp_seq=59 ttl=63 time=93.7 ms
[1438768989.137008] no answer yet for icmp_seq=60
[1438768989.804688] 64 bytes from aaaa::212:4b00:41e:afc6: icmp_seq=60 ttl=63 time=1676 ms
[1438768990.057311] 64 bytes from aaaa::212:4b00:41e:afc6: icmp_seq=61 ttl=63 time=920 ms
[1438768990.245450] 64 bytes from aaaa::212:4b00:41e:afc6: icmp_seq=62 ttl=63 time=108 ms
[1438768991.186451] 64 bytes from aaaa::212:4b00:41e:afc6: icmp_seq=63 ttl=63 time=49.6 ms
[1438768992.213877] 64 bytes from aaaa::212:4b00:41e:afc6: icmp_seq=64 ttl=63 time=75.2 ms
[1438768993.182171] 64 bytes from aaaa::212:4b00:41e:afc6: icmp_seq=65 ttl=63 time=42.1 ms
[1438768994.444428] 64 bytes from aaaa::212:4b00:41e:afc6: icmp_seq=66 ttl=63 time=303 ms
[1438768995.184848] 64 bytes from aaaa::212:4b00:41e:afc6: icmp_seq=67 ttl=63 time=42.5 ms
[1438768996.204391] 64 bytes from aaaa::212:4b00:41e:afc6: icmp_seq=68 ttl=63 time=60.4 ms
[1438768997.187991] 64 bytes from aaaa::212:4b00:41e:afc6: icmp_seq=69 ttl=63 time=42.4 ms
[1438768998.499629] 64 bytes from aaaa::212:4b00:41e:afc6: icmp_seq=70 ttl=63 time=352 ms
[1438768999.478464] 64 bytes from aaaa::212:4b00:41e:afc6: icmp_seq=71 ttl=63 time=330 ms
[1438769000.310622] 64 bytes from aaaa::212:4b00:41e:afc6: icmp_seq=72 ttl=63 time=161 ms
[1438769001.354510] 64 bytes from aaaa::212:4b00:41e:afc6: icmp_seq=73 ttl=63 time=203 ms
[1438769002.319896] 64 bytes from aaaa::212:4b00:41e:afc6: icmp_seq=74 ttl=63 time=167 ms
[1438769003.347898] 64 bytes from aaaa::212:4b00:41e:afc6: icmp_seq=75 ttl=63 time=193 ms
[1438769004.342407] 64 bytes from aaaa::212:4b00:41e:afc6: icmp_seq=76 ttl=63 time=187 ms
[1438769005.317153] 64 bytes from aaaa::212:4b00:41e:afc6: icmp_seq=77 ttl=63 time=160 ms
[1438769006.346570] 64 bytes from aaaa::212:4b00:41e:afc6: icmp_seq=78 ttl=63 time=188 ms
[1438769007.345175] 64 bytes from aaaa::212:4b00:41e:afc6: icmp_seq=79 ttl=63 time=185 ms
[1438769008.314314] 64 bytes from aaaa::212:4b00:41e:afc6: icmp_seq=80 ttl=63 time=153 ms
[1438769009.490911] 64 bytes from aaaa::212:4b00:41e:afc6: icmp_seq=81 ttl=63 time=328 ms
[1438769011.162858] no answer yet for icmp_seq=82
[1438769011.685027] 64 bytes from aaaa::212:4b00:41e:afc6: icmp_seq=82 ttl=63 time=1521 ms
[1438769012.163606] no answer yet for icmp_seq=83
[1438769013.162849] no answer yet for icmp_seq=84
[1438769013.465446] 64 bytes from aaaa::212:4b00:41e:afc6: icmp_seq=84 ttl=63 time=1301 ms
[1438769013.572611] 64 bytes from aaaa::212:4b00:41e:afc6: icmp_seq=85 ttl=63 time=409 ms
[1438769014.317099] 64 bytes from aaaa::212:4b00:41e:afc6: icmp_seq=86 ttl=63 time=152 ms
[1438769015.567465] 64 bytes from aaaa::212:4b00:41e:afc6: icmp_seq=87 ttl=63 time=401 ms
[1438769016.812014] 64 bytes from aaaa::212:4b00:41e:afc6: icmp_seq=88 ttl=63 time=644 ms
[1438769017.321362] 64 bytes from aaaa::212:4b00:41e:afc6: icmp_seq=89 ttl=63 time=152 ms
[1438769018.444096] 64 bytes from aaaa::212:4b00:41e:afc6: icmp_seq=90 ttl=63 time=273 ms
[1438769019.446866] 64 bytes from aaaa::212:4b00:41e:afc6: icmp_seq=91 ttl=63 time=274 ms
[1438769020.568985] 64 bytes from aaaa::212:4b00:41e:afc6: icmp_seq=92 ttl=63 time=395 ms
[1438769022.174889] no answer yet for icmp_seq=93
[1438769022.575418] 64 bytes from aaaa::212:4b00:41e:afc6: icmp_seq=93 ttl=63 time=1400 ms
[1438769023.176162] no answer yet for icmp_seq=94
[1438769024.184995] no answer yet for icmp_seq=95
[1438769025.192981] no answer yet for icmp_seq=96
[1438769026.196812] 64 bytes from aaaa::212:4b00:41e:afc6: icmp_seq=94 ttl=63 time=4021 ms
[1438769026.196836] no answer yet for icmp_seq=97
[1438769026.447642] 64 bytes from aaaa::212:4b00:41e:afc6: icmp_seq=95 ttl=63 time=3271 ms
[1438769027.198476] no answer yet for icmp_seq=98
[1438769027.322638] 64 bytes from aaaa::212:4b00:41e:afc6: icmp_seq=96 ttl=63 time=3137 ms
[1438769028.199654] no answer yet for icmp_seq=99
[1438769028.567033] 64 bytes from aaaa::212:4b00:41e:afc6: icmp_seq=98 ttl=63 time=2369 ms
[1438769028.753804] 64 bytes from aaaa::212:4b00:41e:afc6: icmp_seq=99 ttl=63 time=1555 ms
[1438769030.573931] 64 bytes from aaaa::212:4b00:41e:afc6: icmp_seq=100 ttl=63 time=2374 ms

--- aaaa::212:4b00:41e:afc6 ping statistics ---
100 packets transmitted, 98 received, 2% packet loss, time 99151ms
rtt min/avg/max/mdev = 42.176/392.481/4021.764/706.542 ms, pipe 4
PING aaaa::212:4b00:41e:afc6(aaaa::212:4b00:41e:afc6) 56 data bytes
[1438769087.500316] 64 bytes from aaaa::212:4b00:41e:afc6: icmp_seq=1 ttl=63 time=68.5 ms
[1438769088.476435] 64 bytes from aaaa::212:4b00:41e:afc6: icmp_seq=2 ttl=63 time=42.9 ms
[1438769089.476939] 64 bytes from aaaa::212:4b00:41e:afc6: icmp_seq=3 ttl=63 time=42.3 ms
[1438769090.478319] 64 bytes from aaaa::212:4b00:41e:afc6: icmp_seq=4 ttl=63 time=42.2 ms
[1438769091.479692] 64 bytes from aaaa::212:4b00:41e:afc6: icmp_seq=5 ttl=63 time=42.2 ms
[1438769092.481358] 64 bytes from aaaa::212:4b00:41e:afc6: icmp_seq=6 ttl=63 time=42.4 ms
[1438769094.105737] 64 bytes from aaaa::212:4b00:41e:afc6: icmp_seq=7 ttl=63 time=665 ms
[1438769094.482463] 64 bytes from aaaa::212:4b00:41e:afc6: icmp_seq=8 ttl=63 time=42.3 ms
[1438769096.044463] 64 bytes from aaaa::212:4b00:41e:afc6: icmp_seq=9 ttl=63 time=602 ms
[1438769096.483333] 64 bytes from aaaa::212:4b00:41e:afc6: icmp_seq=10 ttl=63 time=42.3 ms
[1438769097.921117] 64 bytes from aaaa::212:4b00:41e:afc6: icmp_seq=11 ttl=63 time=478 ms
[1438769098.605133] 64 bytes from aaaa::212:4b00:41e:afc6: icmp_seq=12 ttl=63 time=161 ms
[1438769099.850363] 64 bytes from aaaa::212:4b00:41e:afc6: icmp_seq=13 ttl=63 time=405 ms
[1438769100.857781] 64 bytes from aaaa::212:4b00:41e:afc6: icmp_seq=14 ttl=63 time=412 ms
[1438769101.733861] 64 bytes from aaaa::212:4b00:41e:afc6: icmp_seq=15 ttl=63 time=287 ms
[1438769102.646011] 64 bytes from aaaa::212:4b00:41e:afc6: icmp_seq=16 ttl=63 time=198 ms
[1438769103.902516] 64 bytes from aaaa::212:4b00:41e:afc6: icmp_seq=17 ttl=63 time=453 ms
[1438769104.611545] 64 bytes from aaaa::212:4b00:41e:afc6: icmp_seq=18 ttl=63 time=161 ms
[1438769105.802128] 64 bytes from aaaa::212:4b00:41e:afc6: icmp_seq=19 ttl=63 time=351 ms
[1438769107.008767] 64 bytes from aaaa::212:4b00:41e:afc6: icmp_seq=20 ttl=63 time=556 ms
[1438769107.615183] 64 bytes from aaaa::212:4b00:41e:afc6: icmp_seq=21 ttl=63 time=162 ms
[1438769108.635424] 64 bytes from aaaa::212:4b00:41e:afc6: icmp_seq=22 ttl=63 time=181 ms
[1438769109.612562] 64 bytes from aaaa::212:4b00:41e:afc6: icmp_seq=23 ttl=63 time=157 ms
[1438769111.464999] no answer yet for icmp_seq=24
[1438769111.631157] 64 bytes from aaaa::212:4b00:41e:afc6: icmp_seq=25 ttl=63 time=166 ms
[1438769112.688539] 64 bytes from aaaa::212:4b00:41e:afc6: icmp_seq=26 ttl=63 time=222 ms
[1438769113.616167] 64 bytes from aaaa::212:4b00:41e:afc6: icmp_seq=27 ttl=63 time=148 ms
[1438769114.613577] 64 bytes from aaaa::212:4b00:41e:afc6: icmp_seq=28 ttl=63 time=144 ms
[1438769115.866572] 64 bytes from aaaa::212:4b00:41e:afc6: icmp_seq=29 ttl=63 time=396 ms
[1438769116.991856] 64 bytes from aaaa::212:4b00:41e:afc6: icmp_seq=30 ttl=63 time=520 ms
[1438769117.616685] 64 bytes from aaaa::212:4b00:41e:afc6: icmp_seq=31 ttl=63 time=144 ms
[1438769119.235304] 64 bytes from aaaa::212:4b00:41e:afc6: icmp_seq=32 ttl=63 time=761 ms
[1438769120.480897] no answer yet for icmp_seq=33
[1438769120.490176] 64 bytes from aaaa::212:4b00:41e:afc6: icmp_seq=33 ttl=63 time=1016 ms
[1438769120.894439] 64 bytes from aaaa::212:4b00:41e:afc6: icmp_seq=34 ttl=63 time=413 ms
[1438769121.642692] 64 bytes from aaaa::212:4b00:41e:afc6: icmp_seq=35 ttl=63 time=160 ms
[1438769122.650861] 64 bytes from aaaa::212:4b00:41e:afc6: icmp_seq=36 ttl=63 time=167 ms
[1438769123.743706] 64 bytes from aaaa::212:4b00:41e:afc6: icmp_seq=37 ttl=63 time=258 ms
[1438769124.786973] 64 bytes from aaaa::212:4b00:41e:afc6: icmp_seq=38 ttl=63 time=300 ms
[1438769125.619450] 64 bytes from aaaa::212:4b00:41e:afc6: icmp_seq=39 ttl=63 time=131 ms
[1438769127.497028] no answer yet for icmp_seq=40
[1438769127.870715] 64 bytes from aaaa::212:4b00:41e:afc6: icmp_seq=41 ttl=63 time=373 ms
[1438769129.120004] 64 bytes from aaaa::212:4b00:41e:afc6: icmp_seq=42 ttl=63 time=621 ms
[1438769129.654230] 64 bytes from aaaa::212:4b00:41e:afc6: icmp_seq=43 ttl=63 time=155 ms
[1438769130.644606] 64 bytes from aaaa::212:4b00:41e:afc6: icmp_seq=44 ttl=63 time=144 ms
[1438769131.672722] 64 bytes from aaaa::212:4b00:41e:afc6: icmp_seq=45 ttl=63 time=171 ms
[1438769132.755476] 64 bytes from aaaa::212:4b00:41e:afc6: icmp_seq=46 ttl=63 time=252 ms
[1438769133.866765] 64 bytes from aaaa::212:4b00:41e:afc6: icmp_seq=47 ttl=63 time=362 ms
[1438769134.867011] 64 bytes from aaaa::212:4b00:41e:afc6: icmp_seq=48 ttl=63 time=361 ms
[1438769135.897392] 64 bytes from aaaa::212:4b00:41e:afc6: icmp_seq=49 ttl=63 time=390 ms
[1438769136.659238] 64 bytes from aaaa::212:4b00:41e:afc6: icmp_seq=50 ttl=63 time=151 ms
[1438769137.873888] 64 bytes from aaaa::212:4b00:41e:afc6: icmp_seq=51 ttl=63 time=364 ms
[1438769139.126005] 64 bytes from aaaa::212:4b00:41e:afc6: icmp_seq=52 ttl=63 time=615 ms
[1438769139.904129] 64 bytes from aaaa::212:4b00:41e:afc6: icmp_seq=53 ttl=63 time=393 ms
[1438769140.655648] 64 bytes from aaaa::212:4b00:41e:afc6: icmp_seq=54 ttl=63 time=143 ms
[1438769141.656042] 64 bytes from aaaa::212:4b00:41e:afc6: icmp_seq=55 ttl=63 time=142 ms
[1438769143.514788] no answer yet for icmp_seq=56
[1438769144.514823] no answer yet for icmp_seq=57
[1438769144.917730] 64 bytes from aaaa::212:4b00:41e:afc6: icmp_seq=56 ttl=63 time=2402 ms
[1438769145.381926] 64 bytes from aaaa::212:4b00:41e:afc6: icmp_seq=57 ttl=63 time=1866 ms
[1438769145.514124] no answer yet for icmp_seq=58
[1438769145.791862] 64 bytes from aaaa::212:4b00:41e:afc6: icmp_seq=58 ttl=63 time=1276 ms
[1438769146.002305] 64 bytes from aaaa::212:4b00:41e:afc6: icmp_seq=59 ttl=63 time=488 ms
[1438769146.661541] 64 bytes from aaaa::212:4b00:41e:afc6: icmp_seq=60 ttl=63 time=147 ms
[1438769147.682331] 64 bytes from aaaa::212:4b00:41e:afc6: icmp_seq=61 ttl=63 time=167 ms
[1438769148.690203] 64 bytes from aaaa::212:4b00:41e:afc6: icmp_seq=62 ttl=63 time=173 ms
[1438769149.682962] 64 bytes from aaaa::212:4b00:41e:afc6: icmp_seq=63 ttl=63 time=165 ms
[1438769150.774571] 64 bytes from aaaa::212:4b00:41e:afc6: icmp_seq=64 ttl=63 time=255 ms
[1438769151.630813] 64 bytes from aaaa::212:4b00:41e:afc6: icmp_seq=65 ttl=63 time=110 ms
[1438769152.699089] 64 bytes from aaaa::212:4b00:41e:afc6: icmp_seq=66 ttl=63 time=177 ms
[1438769153.633415] 64 bytes from aaaa::212:4b00:41e:afc6: icmp_seq=67 ttl=63 time=110 ms
[1438769155.532982] no answer yet for icmp_seq=68
[1438769156.133648] 64 bytes from aaaa::212:4b00:41e:afc6: icmp_seq=69 ttl=63 time=600 ms
[1438769156.637984] 64 bytes from aaaa::212:4b00:41e:afc6: icmp_seq=70 ttl=63 time=104 ms
[1438769157.649201] 64 bytes from aaaa::212:4b00:41e:afc6: icmp_seq=71 ttl=63 time=114 ms
[1438769158.676456] 64 bytes from aaaa::212:4b00:41e:afc6: icmp_seq=72 ttl=63 time=140 ms
[1438769159.635224] 64 bytes from aaaa::212:4b00:41e:afc6: icmp_seq=73 ttl=63 time=97.4 ms
[1438769160.636731] 64 bytes from aaaa::212:4b00:41e:afc6: icmp_seq=74 ttl=63 time=97.4 ms
[1438769162.548941] no answer yet for icmp_seq=75
[1438769162.887101] 64 bytes from aaaa::212:4b00:41e:afc6: icmp_seq=76 ttl=63 time=338 ms
[1438769163.912715] 64 bytes from aaaa::212:4b00:41e:afc6: icmp_seq=77 ttl=63 time=362 ms
[1438769164.887601] 64 bytes from aaaa::212:4b00:41e:afc6: icmp_seq=78 ttl=63 time=336 ms
[1438769165.637097] 64 bytes from aaaa::212:4b00:41e:afc6: icmp_seq=79 ttl=63 time=84.6 ms
[1438769166.664859] 64 bytes from aaaa::212:4b00:41e:afc6: icmp_seq=80 ttl=63 time=110 ms
[1438769167.651632] 64 bytes from aaaa::212:4b00:41e:afc6: icmp_seq=81 ttl=63 time=95.7 ms
[1438769168.638901] 64 bytes from aaaa::212:4b00:41e:afc6: icmp_seq=82 ttl=63 time=81.0 ms
[1438769170.263268] 64 bytes from aaaa::212:4b00:41e:afc6: icmp_seq=83 ttl=63 time=704 ms
[1438769170.670747] 64 bytes from aaaa::212:4b00:41e:afc6: icmp_seq=84 ttl=63 time=112 ms
[1438769171.889014] 64 bytes from aaaa::212:4b00:41e:afc6: icmp_seq=85 ttl=63 time=329 ms
[1438769172.643202] 64 bytes from aaaa::212:4b00:41e:afc6: icmp_seq=86 ttl=63 time=82.3 ms
[1438769173.695142] 64 bytes from aaaa::212:4b00:41e:afc6: icmp_seq=87 ttl=63 time=132 ms
[1438769174.939636] 64 bytes from aaaa::212:4b00:41e:afc6: icmp_seq=88 ttl=63 time=375 ms
[1438769175.642284] 64 bytes from aaaa::212:4b00:41e:afc6: icmp_seq=89 ttl=63 time=76.8 ms
[1438769176.643038] 64 bytes from aaaa::212:4b00:41e:afc6: icmp_seq=90 ttl=63 time=76.2 ms
[1438769177.640141] 64 bytes from aaaa::212:4b00:41e:afc6: icmp_seq=91 ttl=63 time=72.0 ms
[1438769179.142905] 64 bytes from aaaa::212:4b00:41e:afc6: icmp_seq=92 ttl=63 time=573 ms
[1438769179.886940] 64 bytes from aaaa::212:4b00:41e:afc6: icmp_seq=93 ttl=63 time=317 ms
[1438769180.698669] 64 bytes from aaaa::212:4b00:41e:afc6: icmp_seq=94 ttl=63 time=127 ms
[1438769182.012662] 64 bytes from aaaa::212:4b00:41e:afc6: icmp_seq=95 ttl=63 time=440 ms
[1438769182.893714] 64 bytes from aaaa::212:4b00:41e:afc6: icmp_seq=96 ttl=63 time=322 ms
[1438769183.770290] 64 bytes from aaaa::212:4b00:41e:afc6: icmp_seq=97 ttl=63 time=197 ms
[1438769184.690427] 64 bytes from aaaa::212:4b00:41e:afc6: icmp_seq=98 ttl=63 time=116 ms
[1438769185.647683] 64 bytes from aaaa::212:4b00:41e:afc6: icmp_seq=99 ttl=63 time=72.1 ms
[1438769186.648337] 64 bytes from aaaa::212:4b00:41e:afc6: icmp_seq=100 ttl=63 time=71.9 ms

--- aaaa::212:4b00:41e:afc6 ping statistics ---
100 packets transmitted, 96 received, 4% packet loss, time 99144ms
rtt min/avg/max/mdev = 42.266/305.248/2402.726/346.226 ms, pipe 3
PING aaaa::212:4b00:41e:afc6(aaaa::212:4b00:41e:afc6) 56 data bytes
[1438769229.669818] 64 bytes from aaaa::212:4b00:41e:afc6: icmp_seq=1 ttl=63 time=380 ms
[1438769230.417968] 64 bytes from aaaa::212:4b00:41e:afc6: icmp_seq=2 ttl=63 time=127 ms
[1438769231.661363] 64 bytes from aaaa::212:4b00:41e:afc6: icmp_seq=3 ttl=63 time=369 ms
[1438769232.708243] 64 bytes from aaaa::212:4b00:41e:afc6: icmp_seq=4 ttl=63 time=414 ms
[1438769233.421448] 64 bytes from aaaa::212:4b00:41e:afc6: icmp_seq=5 ttl=63 time=127 ms
[1438769235.294878] no answer yet for icmp_seq=6
[1438769236.047601] 64 bytes from aaaa::212:4b00:41e:afc6: icmp_seq=6 ttl=63 time=1752 ms
[1438769236.294939] no answer yet for icmp_seq=7
[1438769236.538964] 64 bytes from aaaa::212:4b00:41e:afc6: icmp_seq=7 ttl=63 time=1243 ms
[1438769236.866603] 64 bytes from aaaa::212:4b00:41e:afc6: icmp_seq=8 ttl=63 time=571 ms
[1438769237.563278] 64 bytes from aaaa::212:4b00:41e:afc6: icmp_seq=9 ttl=63 time=267 ms
[1438769238.420343] 64 bytes from aaaa::212:4b00:41e:afc6: icmp_seq=10 ttl=63 time=123 ms
[1438769239.674475] 64 bytes from aaaa::212:4b00:41e:afc6: icmp_seq=11 ttl=63 time=376 ms
[1438769241.049876] 64 bytes from aaaa::212:4b00:41e:afc6: icmp_seq=12 ttl=63 time=750 ms
[1438769241.440361] 64 bytes from aaaa::212:4b00:41e:afc6: icmp_seq=13 ttl=63 time=141 ms
[1438769242.423652] 64 bytes from aaaa::212:4b00:41e:afc6: icmp_seq=14 ttl=63 time=123 ms
[1438769243.482990] 64 bytes from aaaa::212:4b00:41e:afc6: icmp_seq=15 ttl=63 time=181 ms
[1438769245.302842] no answer yet for icmp_seq=16
[1438769245.426112] 64 bytes from aaaa::212:4b00:41e:afc6: icmp_seq=17 ttl=63 time=123 ms
[1438769246.425264] 64 bytes from aaaa::212:4b00:41e:afc6: icmp_seq=18 ttl=63 time=121 ms
[1438769247.456862] 64 bytes from aaaa::212:4b00:41e:afc6: icmp_seq=19 ttl=63 time=151 ms
[1438769248.463525] 64 bytes from aaaa::212:4b00:41e:afc6: icmp_seq=20 ttl=63 time=156 ms
[1438769249.839017] 64 bytes from aaaa::212:4b00:41e:afc6: icmp_seq=21 ttl=63 time=530 ms
[1438769250.670880] 64 bytes from aaaa::212:4b00:41e:afc6: icmp_seq=22 ttl=63 time=361 ms
[1438769251.576126] 64 bytes from aaaa::212:4b00:41e:afc6: icmp_seq=23 ttl=63 time=265 ms
[1438769252.551898] 64 bytes from aaaa::212:4b00:41e:afc6: icmp_seq=24 ttl=63 time=239 ms
[1438769253.428277] 64 bytes from aaaa::212:4b00:41e:afc6: icmp_seq=25 ttl=63 time=114 ms
[1438769254.430026] 64 bytes from aaaa::212:4b00:41e:afc6: icmp_seq=26 ttl=63 time=114 ms
[1438769255.672533] 64 bytes from aaaa::212:4b00:41e:afc6: icmp_seq=27 ttl=63 time=355 ms
[1438769256.430144] 64 bytes from aaaa::212:4b00:41e:afc6: icmp_seq=28 ttl=63 time=111 ms
[1438769257.673910] 64 bytes from aaaa::212:4b00:41e:afc6: icmp_seq=29 ttl=63 time=353 ms
[1438769258.431563] 64 bytes from aaaa::212:4b00:41e:afc6: icmp_seq=30 ttl=63 time=110 ms
[1438769259.502998] 64 bytes from aaaa::212:4b00:41e:afc6: icmp_seq=31 ttl=63 time=180 ms
[1438769260.675056] 64 bytes from aaaa::212:4b00:41e:afc6: icmp_seq=32 ttl=63 time=351 ms
[1438769261.430915] 64 bytes from aaaa::212:4b00:41e:afc6: icmp_seq=33 ttl=63 time=106 ms
[1438769262.820294] 64 bytes from aaaa::212:4b00:41e:afc6: icmp_seq=34 ttl=63 time=494 ms
[1438769263.433031] 64 bytes from aaaa::212:4b00:41e:afc6: icmp_seq=35 ttl=63 time=106 ms
[1438769264.435575] 64 bytes from aaaa::212:4b00:41e:afc6: icmp_seq=36 ttl=63 time=107 ms
[1438769265.434946] 64 bytes from aaaa::212:4b00:41e:afc6: icmp_seq=37 ttl=63 time=106 ms
[1438769266.568046] 64 bytes from aaaa::212:4b00:41e:afc6: icmp_seq=38 ttl=63 time=238 ms
[1438769267.470055] 64 bytes from aaaa::212:4b00:41e:afc6: icmp_seq=39 ttl=63 time=139 ms
[1438769268.474317] 64 bytes from aaaa::212:4b00:41e:afc6: icmp_seq=40 ttl=63 time=142 ms
[1438769269.687946] 64 bytes from aaaa::212:4b00:41e:afc6: icmp_seq=41 ttl=63 time=354 ms
[1438769270.436673] 64 bytes from aaaa::212:4b00:41e:afc6: icmp_seq=42 ttl=63 time=101 ms
[1438769271.438573] 64 bytes from aaaa::212:4b00:41e:afc6: icmp_seq=43 ttl=63 time=101 ms
[1438769272.436436] 64 bytes from aaaa::212:4b00:41e:afc6: icmp_seq=44 ttl=63 time=97.8 ms
[1438769273.688196] 64 bytes from aaaa::212:4b00:41e:afc6: icmp_seq=45 ttl=63 time=347 ms
[1438769274.474085] 64 bytes from aaaa::212:4b00:41e:afc6: icmp_seq=46 ttl=63 time=132 ms
[1438769275.440760] 64 bytes from aaaa::212:4b00:41e:afc6: icmp_seq=47 ttl=63 time=97.5 ms
[1438769276.813680] 64 bytes from aaaa::212:4b00:41e:afc6: icmp_seq=48 ttl=63 time=468 ms
[1438769277.500357] 64 bytes from aaaa::212:4b00:41e:afc6: icmp_seq=49 ttl=63 time=154 ms
[1438769279.352969] no answer yet for icmp_seq=50
[1438769279.587104] 64 bytes from aaaa::212:4b00:41e:afc6: icmp_seq=51 ttl=63 time=234 ms
[1438769280.443653] 64 bytes from aaaa::212:4b00:41e:afc6: icmp_seq=52 ttl=63 time=89.5 ms
[1438769281.691081] 64 bytes from aaaa::212:4b00:41e:afc6: icmp_seq=53 ttl=63 time=335 ms
[1438769282.444969] 64 bytes from aaaa::212:4b00:41e:afc6: icmp_seq=54 ttl=63 time=89.0 ms
[1438769283.583075] 64 bytes from aaaa::212:4b00:41e:afc6: icmp_seq=55 ttl=63 time=226 ms
[1438769285.130650] 64 bytes from aaaa::212:4b00:41e:afc6: icmp_seq=56 ttl=63 time=772 ms
[1438769285.570472] 64 bytes from aaaa::212:4b00:41e:afc6: icmp_seq=57 ttl=63 time=212 ms
[1438769287.010978] 64 bytes from aaaa::212:4b00:41e:afc6: icmp_seq=58 ttl=63 time=651 ms
[1438769287.698719] 64 bytes from aaaa::212:4b00:41e:afc6: icmp_seq=59 ttl=63 time=338 ms
[1438769288.468629] 64 bytes from aaaa::212:4b00:41e:afc6: icmp_seq=60 ttl=63 time=108 ms
[1438769289.498569] 64 bytes from aaaa::212:4b00:41e:afc6: icmp_seq=61 ttl=63 time=136 ms
[1438769290.746623] 64 bytes from aaaa::212:4b00:41e:afc6: icmp_seq=62 ttl=63 time=383 ms
[1438769291.696625] 64 bytes from aaaa::212:4b00:41e:afc6: icmp_seq=63 ttl=63 time=332 ms
[1438769292.481538] 64 bytes from aaaa::212:4b00:41e:afc6: icmp_seq=64 ttl=63 time=116 ms
[1438769294.237242] 64 bytes from aaaa::212:4b00:41e:afc6: icmp_seq=65 ttl=63 time=870 ms
[1438769294.448496] 64 bytes from aaaa::212:4b00:41e:afc6: icmp_seq=66 ttl=63 time=81.9 ms
[1438769295.448621] 64 bytes from aaaa::212:4b00:41e:afc6: icmp_seq=67 ttl=63 time=81.0 ms
[1438769297.197766] 64 bytes from aaaa::212:4b00:41e:afc6: icmp_seq=68 ttl=63 time=829 ms
[1438769297.747766] 64 bytes from aaaa::212:4b00:41e:afc6: icmp_seq=69 ttl=63 time=379 ms
[1438769298.455513] 64 bytes from aaaa::212:4b00:41e:afc6: icmp_seq=70 ttl=63 time=85.9 ms
[1438769299.849590] 64 bytes from aaaa::212:4b00:41e:afc6: icmp_seq=71 ttl=63 time=479 ms
[1438769300.451399] 64 bytes from aaaa::212:4b00:41e:afc6: icmp_seq=72 ttl=63 time=80.4 ms
[1438769301.509796] 64 bytes from aaaa::212:4b00:41e:afc6: icmp_seq=73 ttl=63 time=137 ms
[1438769302.486290] 64 bytes from aaaa::212:4b00:41e:afc6: icmp_seq=74 ttl=63 time=112 ms
[1438769303.520026] 64 bytes from aaaa::212:4b00:41e:afc6: icmp_seq=75 ttl=63 time=144 ms
[1438769304.452685] 64 bytes from aaaa::212:4b00:41e:afc6: icmp_seq=76 ttl=63 time=76.3 ms
[1438769305.820696] 64 bytes from aaaa::212:4b00:41e:afc6: icmp_seq=77 ttl=63 time=442 ms
[1438769306.497681] 64 bytes from aaaa::212:4b00:41e:afc6: icmp_seq=78 ttl=63 time=119 ms
[1438769307.495735] 64 bytes from aaaa::212:4b00:41e:afc6: icmp_seq=79 ttl=63 time=116 ms
[1438769308.515546] 64 bytes from aaaa::212:4b00:41e:afc6: icmp_seq=80 ttl=63 time=134 ms
[1438769309.590303] 64 bytes from aaaa::212:4b00:41e:afc6: icmp_seq=81 ttl=63 time=207 ms
[1438769310.706849] 64 bytes from aaaa::212:4b00:41e:afc6: icmp_seq=82 ttl=63 time=322 ms
[1438769311.650193] 64 bytes from aaaa::212:4b00:41e:afc6: icmp_seq=83 ttl=63 time=264 ms
[1438769312.454851] 64 bytes from aaaa::212:4b00:41e:afc6: icmp_seq=84 ttl=63 time=67.7 ms
[1438769313.842225] 64 bytes from aaaa::212:4b00:41e:afc6: icmp_seq=85 ttl=63 time=453 ms
[1438769314.510202] 64 bytes from aaaa::212:4b00:41e:afc6: icmp_seq=86 ttl=63 time=120 ms
[1438769315.458702] 64 bytes from aaaa::212:4b00:41e:afc6: icmp_seq=87 ttl=63 time=67.7 ms
[1438769316.458849] 64 bytes from aaaa::212:4b00:41e:afc6: icmp_seq=88 ttl=63 time=65.9 ms
[1438769317.457753] 64 bytes from aaaa::212:4b00:41e:afc6: icmp_seq=89 ttl=63 time=63.5 ms
[1438769318.461148] 64 bytes from aaaa::212:4b00:41e:afc6: icmp_seq=90 ttl=63 time=65.2 ms
[1438769319.495970] 64 bytes from aaaa::212:4b00:41e:afc6: icmp_seq=91 ttl=63 time=98.5 ms
[1438769320.458483] 64 bytes from aaaa::212:4b00:41e:afc6: icmp_seq=92 ttl=63 time=59.3 ms
[1438769321.702728] 64 bytes from aaaa::212:4b00:41e:afc6: icmp_seq=93 ttl=63 time=302 ms
[1438769322.465490] 64 bytes from aaaa::212:4b00:41e:afc6: icmp_seq=94 ttl=63 time=64.9 ms
[1438769323.461585] 64 bytes from aaaa::212:4b00:41e:afc6: icmp_seq=95 ttl=63 time=59.9 ms
[1438769324.722221] 64 bytes from aaaa::212:4b00:41e:afc6: icmp_seq=96 ttl=63 time=319 ms
[1438769325.463521] 64 bytes from aaaa::212:4b00:41e:afc6: icmp_seq=97 ttl=63 time=59.4 ms
[1438769326.528251] 64 bytes from aaaa::212:4b00:41e:afc6: icmp_seq=98 ttl=63 time=122 ms
[1438769327.492150] 64 bytes from aaaa::212:4b00:41e:afc6: icmp_seq=99 ttl=63 time=85.4 ms
[1438769328.498167] 64 bytes from aaaa::212:4b00:41e:afc6: icmp_seq=100 ttl=63 time=89.9 ms

--- aaaa::212:4b00:41e:afc6 ping statistics ---
100 packets transmitted, 98 received, 2% packet loss, time 99119ms
rtt min/avg/max/mdev = 59.395/255.577/1752.062/256.897 ms, pipe 2
PING aaaa::212:4b00:41e:afc6(aaaa::212:4b00:41e:afc6) 56 data bytes
[1438769340.592425] 64 bytes from aaaa::212:4b00:41e:afc6: icmp_seq=1 ttl=63 time=85.2 ms
[1438769341.593087] 64 bytes from aaaa::212:4b00:41e:afc6: icmp_seq=2 ttl=63 time=84.7 ms
[1438769343.403431] 64 bytes from aaaa::212:4b00:41e:afc6: icmp_seq=3 ttl=63 time=893 ms
[1438769343.595185] 64 bytes from aaaa::212:4b00:41e:afc6: icmp_seq=4 ttl=63 time=85.4 ms
[1438769345.096537] 64 bytes from aaaa::212:4b00:41e:afc6: icmp_seq=5 ttl=63 time=585 ms
[1438769346.471893] 64 bytes from aaaa::212:4b00:41e:afc6: icmp_seq=6 ttl=63 time=960 ms
[1438769346.754239] 64 bytes from aaaa::212:4b00:41e:afc6: icmp_seq=7 ttl=63 time=243 ms
[1438769348.520947] no answer yet for icmp_seq=8
[1438769348.779007] 64 bytes from aaaa::212:4b00:41e:afc6: icmp_seq=8 ttl=63 time=1266 ms
[1438769349.216214] 64 bytes from aaaa::212:4b00:41e:afc6: icmp_seq=9 ttl=63 time=695 ms
[1438769350.529030] no answer yet for icmp_seq=10
[1438769351.348226] 64 bytes from aaaa::212:4b00:41e:afc6: icmp_seq=10 ttl=63 time=1827 ms
[1438769351.528513] no answer yet for icmp_seq=11
[1438769351.885859] 64 bytes from aaaa::212:4b00:41e:afc6: icmp_seq=11 ttl=63 time=1356 ms
[1438769352.124491] 64 bytes from aaaa::212:4b00:41e:afc6: icmp_seq=12 ttl=63 time=595 ms
[1438769353.536947] no answer yet for icmp_seq=13
[1438769353.638729] 64 bytes from aaaa::212:4b00:41e:afc6: icmp_seq=14 ttl=63 time=101 ms
[1438769354.602539] 64 bytes from aaaa::212:4b00:41e:afc6: icmp_seq=15 ttl=63 time=63.6 ms
[1438769355.600618] 64 bytes from aaaa::212:4b00:41e:afc6: icmp_seq=16 ttl=63 time=59.9 ms
[1438769356.603264] 64 bytes from aaaa::212:4b00:41e:afc6: icmp_seq=17 ttl=63 time=61.5 ms
[1438769357.603401] 64 bytes from aaaa::212:4b00:41e:afc6: icmp_seq=18 ttl=63 time=60.2 ms
[1438769358.605188] 64 bytes from aaaa::212:4b00:41e:afc6: icmp_seq=19 ttl=63 time=60.4 ms
[1438769360.553002] no answer yet for icmp_seq=20
[1438769360.645995] 64 bytes from aaaa::212:4b00:41e:afc6: icmp_seq=21 ttl=63 time=92.8 ms
[1438769361.605029] 64 bytes from aaaa::212:4b00:41e:afc6: icmp_seq=22 ttl=63 time=50.9 ms
[1438769362.675877] 64 bytes from aaaa::212:4b00:41e:afc6: icmp_seq=23 ttl=63 time=120 ms
[1438769363.652865] 64 bytes from aaaa::212:4b00:41e:afc6: icmp_seq=24 ttl=63 time=95.9 ms
[1438769365.128403] 64 bytes from aaaa::212:4b00:41e:afc6: icmp_seq=25 ttl=63 time=570 ms
[1438769365.856288] 64 bytes from aaaa::212:4b00:41e:afc6: icmp_seq=26 ttl=63 time=298 ms
[1438769366.849138] 64 bytes from aaaa::212:4b00:41e:afc6: icmp_seq=27 ttl=63 time=289 ms
[1438769367.606795] 64 bytes from aaaa::212:4b00:41e:afc6: icmp_seq=28 ttl=63 time=46.7 ms
[1438769368.625824] 64 bytes from aaaa::212:4b00:41e:afc6: icmp_seq=29 ttl=63 time=63.8 ms
[1438769369.606824] 64 bytes from aaaa::212:4b00:41e:afc6: icmp_seq=30 ttl=63 time=42.8 ms
[1438769370.652345] 64 bytes from aaaa::212:4b00:41e:afc6: icmp_seq=31 ttl=63 time=88.1 ms
[1438769371.608075] 64 bytes from aaaa::212:4b00:41e:afc6: icmp_seq=32 ttl=63 time=42.3 ms
[1438769372.632155] 64 bytes from aaaa::212:4b00:41e:afc6: icmp_seq=33 ttl=63 time=64.9 ms
[1438769373.610662] 64 bytes from aaaa::212:4b00:41e:afc6: icmp_seq=34 ttl=63 time=42.3 ms
[1438769374.607675] 64 bytes from aaaa::212:4b00:41e:afc6: icmp_seq=35 ttl=63 time=38.0 ms
[1438769376.570881] no answer yet for icmp_seq=36
[1438769376.835044] 64 bytes from aaaa::212:4b00:41e:afc6: icmp_seq=37 ttl=63 time=264 ms
[1438769378.111568] 64 bytes from aaaa::212:4b00:41e:afc6: icmp_seq=38 ttl=63 time=539 ms
[1438769378.987442] 64 bytes from aaaa::212:4b00:41e:afc6: icmp_seq=39 ttl=63 time=415 ms
[1438769380.111678] 64 bytes from aaaa::212:4b00:41e:afc6: icmp_seq=40 ttl=63 time=538 ms
[1438769380.864935] 64 bytes from aaaa::212:4b00:41e:afc6: icmp_seq=41 ttl=63 time=291 ms
[1438769381.863074] 64 bytes from aaaa::212:4b00:41e:afc6: icmp_seq=42 ttl=63 time=288 ms
[1438769382.990132] 64 bytes from aaaa::212:4b00:41e:afc6: icmp_seq=43 ttl=63 time=414 ms
[1438769383.981948] 64 bytes from aaaa::212:4b00:41e:afc6: icmp_seq=44 ttl=63 time=405 ms
[1438769384.864583] 64 bytes from aaaa::212:4b00:41e:afc6: icmp_seq=45 ttl=63 time=286 ms
[1438769385.866593] 64 bytes from aaaa::212:4b00:41e:afc6: icmp_seq=46 ttl=63 time=287 ms
[1438769386.881725] 64 bytes from aaaa::212:4b00:41e:afc6: icmp_seq=47 ttl=63 time=301 ms
[1438769387.783323] 64 bytes from aaaa::212:4b00:41e:afc6: icmp_seq=48 ttl=63 time=201 ms
[1438769388.992096] 64 bytes from aaaa::212:4b00:41e:afc6: icmp_seq=49 ttl=63 time=408 ms
[1438769389.984437] 64 bytes from aaaa::212:4b00:41e:afc6: icmp_seq=50 ttl=63 time=399 ms
[1438769390.874449] 64 bytes from aaaa::212:4b00:41e:afc6: icmp_seq=51 ttl=63 time=288 ms
[1438769391.994327] 64 bytes from aaaa::212:4b00:41e:afc6: icmp_seq=52 ttl=63 time=407 ms
[1438769392.900199] 64 bytes from aaaa::212:4b00:41e:afc6: icmp_seq=53 ttl=63 time=312 ms
[1438769393.773716] 64 bytes from aaaa::212:4b00:41e:afc6: icmp_seq=54 ttl=63 time=184 ms
[1438769394.752708] 64 bytes from aaaa::212:4b00:41e:afc6: icmp_seq=55 ttl=63 time=161 ms
[1438769395.782587] 64 bytes from aaaa::212:4b00:41e:afc6: icmp_seq=56 ttl=63 time=190 ms
[1438769396.746838] 64 bytes from aaaa::212:4b00:41e:afc6: icmp_seq=57 ttl=63 time=153 ms
[1438769398.027966] 64 bytes from aaaa::212:4b00:41e:afc6: icmp_seq=58 ttl=63 time=433 ms
[1438769398.932831] 64 bytes from aaaa::212:4b00:41e:afc6: icmp_seq=59 ttl=63 time=338 ms
[1438769399.744587] 64 bytes from aaaa::212:4b00:41e:afc6: icmp_seq=60 ttl=63 time=148 ms
[1438769400.765345] 64 bytes from aaaa::212:4b00:41e:afc6: icmp_seq=61 ttl=63 time=168 ms
[1438769401.746871] 64 bytes from aaaa::212:4b00:41e:afc6: icmp_seq=62 ttl=63 time=148 ms
[1438769402.801585] 64 bytes from aaaa::212:4b00:41e:afc6: icmp_seq=63 ttl=63 time=201 ms
[1438769404.608985] no answer yet for icmp_seq=64
[1438769404.810120] 64 bytes from aaaa::212:4b00:41e:afc6: icmp_seq=65 ttl=63 time=201 ms
[1438769406.248732] 64 bytes from aaaa::212:4b00:41e:afc6: icmp_seq=66 ttl=63 time=638 ms
[1438769406.801351] 64 bytes from aaaa::212:4b00:41e:afc6: icmp_seq=67 ttl=63 time=191 ms
[1438769407.751383] 64 bytes from aaaa::212:4b00:41e:afc6: icmp_seq=68 ttl=63 time=140 ms
[1438769408.748367] 64 bytes from aaaa::212:4b00:41e:afc6: icmp_seq=69 ttl=63 time=135 ms
[1438769410.007611] 64 bytes from aaaa::212:4b00:41e:afc6: icmp_seq=70 ttl=63 time=394 ms
[1438769410.750481] 64 bytes from aaaa::212:4b00:41e:afc6: icmp_seq=71 ttl=63 time=137 ms
[1438769411.877987] 64 bytes from aaaa::212:4b00:41e:afc6: icmp_seq=72 ttl=63 time=263 ms
[1438769412.928869] 64 bytes from aaaa::212:4b00:41e:afc6: icmp_seq=73 ttl=63 time=312 ms
[1438769413.810364] 64 bytes from aaaa::212:4b00:41e:afc6: icmp_seq=74 ttl=63 time=193 ms
[1438769414.895014] 64 bytes from aaaa::212:4b00:41e:afc6: icmp_seq=75 ttl=63 time=276 ms
[1438769415.751841] 64 bytes from aaaa::212:4b00:41e:afc6: icmp_seq=76 ttl=63 time=131 ms
[1438769416.772495] 64 bytes from aaaa::212:4b00:41e:afc6: icmp_seq=77 ttl=63 time=151 ms
[1438769417.906017] 64 bytes from aaaa::212:4b00:41e:afc6: icmp_seq=78 ttl=63 time=284 ms
[1438769418.754931] 64 bytes from aaaa::212:4b00:41e:afc6: icmp_seq=79 ttl=63 time=132 ms
[1438769419.758112] 64 bytes from aaaa::212:4b00:41e:afc6: icmp_seq=80 ttl=63 time=134 ms
[1438769420.757146] 64 bytes from aaaa::212:4b00:41e:afc6: icmp_seq=81 ttl=63 time=132 ms
[1438769422.632908] no answer yet for icmp_seq=82
[1438769422.787122] 64 bytes from aaaa::212:4b00:41e:afc6: icmp_seq=83 ttl=63 time=154 ms
[1438769424.640999] no answer yet for icmp_seq=84
[1438769425.259633] 64 bytes from aaaa::212:4b00:41e:afc6: icmp_seq=85 ttl=63 time=618 ms
[1438769425.760070] 64 bytes from aaaa::212:4b00:41e:afc6: icmp_seq=86 ttl=63 time=118 ms
[1438769426.798974] 64 bytes from aaaa::212:4b00:41e:afc6: icmp_seq=87 ttl=63 time=155 ms
[1438769427.759640] 64 bytes from aaaa::212:4b00:41e:afc6: icmp_seq=88 ttl=63 time=114 ms
[1438769428.768275] 64 bytes from aaaa::212:4b00:41e:afc6: icmp_seq=89 ttl=63 time=121 ms
[1438769429.759263] 64 bytes from aaaa::212:4b00:41e:afc6: icmp_seq=90 ttl=63 time=110 ms
[1438769430.759551] 64 bytes from aaaa::212:4b00:41e:afc6: icmp_seq=91 ttl=63 time=110 ms
[1438769432.010392] 64 bytes from aaaa::212:4b00:41e:afc6: icmp_seq=92 ttl=63 time=359 ms
[1438769433.379404] 64 bytes from aaaa::212:4b00:41e:afc6: icmp_seq=93 ttl=63 time=728 ms
[1438769434.650886] no answer yet for icmp_seq=94
[1438769434.784053] 64 bytes from aaaa::212:4b00:41e:afc6: icmp_seq=95 ttl=63 time=133 ms
[1438769435.762426] 64 bytes from aaaa::212:4b00:41e:afc6: icmp_seq=96 ttl=63 time=110 ms
[1438769437.636668] 64 bytes from aaaa::212:4b00:41e:afc6: icmp_seq=97 ttl=63 time=983 ms
[1438769437.820040] 64 bytes from aaaa::212:4b00:41e:afc6: icmp_seq=98 ttl=63 time=167 ms
[1438769438.764410] 64 bytes from aaaa::212:4b00:41e:afc6: icmp_seq=99 ttl=63 time=110 ms
[1438769439.766025] 64 bytes from aaaa::212:4b00:41e:afc6: icmp_seq=100 ttl=63 time=110 ms

--- aaaa::212:4b00:41e:afc6 ping statistics ---
100 packets transmitted, 93 received, 7% packet loss, time 99148ms
rtt min/avg/max/mdev = 38.010/293.266/1827.537/303.169 ms, pipe 2
