PING aaaa::212:4b00:41e:afc6(aaaa::212:4b00:41e:afc6) 56 data bytes
[1438696975.321463] 64 bytes from aaaa::212:4b00:41e:afc6: icmp_seq=1 ttl=63 time=76.2 ms
[1438696976.323227] 64 bytes from aaaa::212:4b00:41e:afc6: icmp_seq=2 ttl=63 time=76.6 ms
[1438696978.256901] no answer yet for icmp_seq=3
[1438696978.324727] 64 bytes from aaaa::212:4b00:41e:afc6: icmp_seq=4 ttl=63 time=67.7 ms
[1438696979.322238] 64 bytes from aaaa::212:4b00:41e:afc6: icmp_seq=5 ttl=63 time=63.4 ms
[1438696980.323869] 64 bytes from aaaa::212:4b00:41e:afc6: icmp_seq=6 ttl=63 time=63.4 ms
[1438696981.573002] 64 bytes from aaaa::212:4b00:41e:afc6: icmp_seq=7 ttl=63 time=311 ms
[1438696982.321986] 64 bytes from aaaa::212:4b00:41e:afc6: icmp_seq=8 ttl=63 time=59.1 ms
[1438696983.323484] 64 bytes from aaaa::212:4b00:41e:afc6: icmp_seq=9 ttl=63 time=59.3 ms
[1438696985.272944] no answer yet for icmp_seq=10
[1438696985.323740] 64 bytes from aaaa::212:4b00:41e:afc6: icmp_seq=11 ttl=63 time=50.6 ms
[1438696986.325614] 64 bytes from aaaa::212:4b00:41e:afc6: icmp_seq=12 ttl=63 time=50.7 ms
[1438696987.327604] 64 bytes from aaaa::212:4b00:41e:afc6: icmp_seq=13 ttl=63 time=50.8 ms
[1438696988.325590] 64 bytes from aaaa::212:4b00:41e:afc6: icmp_seq=14 ttl=63 time=46.9 ms
[1438696989.326110] 64 bytes from aaaa::212:4b00:41e:afc6: icmp_seq=15 ttl=63 time=46.4 ms
[1438696991.288906] no answer yet for icmp_seq=16
[1438696991.952879] 64 bytes from aaaa::212:4b00:41e:afc6: icmp_seq=17 ttl=63 time=663 ms
[1438696992.702621] 64 bytes from aaaa::212:4b00:41e:afc6: icmp_seq=18 ttl=63 time=413 ms
[1438696993.452027] 64 bytes from aaaa::212:4b00:41e:afc6: icmp_seq=19 ttl=63 time=161 ms
[1438696994.473393] 64 bytes from aaaa::212:4b00:41e:afc6: icmp_seq=20 ttl=63 time=181 ms
[1438696996.300979] no answer yet for icmp_seq=21
[1438696996.453749] 64 bytes from aaaa::212:4b00:41e:afc6: icmp_seq=22 ttl=63 time=152 ms
[1438696997.455377] 64 bytes from aaaa::212:4b00:41e:afc6: icmp_seq=23 ttl=63 time=152 ms
[1438696998.457094] 64 bytes from aaaa::212:4b00:41e:afc6: icmp_seq=24 ttl=63 time=152 ms
[1438696999.830630] 64 bytes from aaaa::212:4b00:41e:afc6: icmp_seq=25 ttl=63 time=524 ms
[1438697000.455674] 64 bytes from aaaa::212:4b00:41e:afc6: icmp_seq=26 ttl=63 time=148 ms
[1438697001.457373] 64 bytes from aaaa::212:4b00:41e:afc6: icmp_seq=27 ttl=63 time=148 ms
[1438697003.316970] no answer yet for icmp_seq=28
[1438697003.582048] 64 bytes from aaaa::212:4b00:41e:afc6: icmp_seq=29 ttl=63 time=264 ms
[1438697004.457782] 64 bytes from aaaa::212:4b00:41e:afc6: icmp_seq=30 ttl=63 time=139 ms
[1438697006.318867] no answer yet for icmp_seq=31
[1438697006.957024] 64 bytes from aaaa::212:4b00:41e:afc6: icmp_seq=32 ttl=63 time=638 ms
[1438697007.581889] 64 bytes from aaaa::212:4b00:41e:afc6: icmp_seq=33 ttl=63 time=262 ms
[1438697008.582680] 64 bytes from aaaa::212:4b00:41e:afc6: icmp_seq=34 ttl=63 time=261 ms
[1438697009.585912] 64 bytes from aaaa::212:4b00:41e:afc6: icmp_seq=35 ttl=63 time=263 ms
[1438697011.322825] no answer yet for icmp_seq=36
[1438697011.709360] 64 bytes from aaaa::212:4b00:41e:afc6: icmp_seq=37 ttl=63 time=386 ms
[1438697012.460317] 64 bytes from aaaa::212:4b00:41e:afc6: icmp_seq=38 ttl=63 time=136 ms
[1438697014.332957] no answer yet for icmp_seq=39
[1438697014.501411] 64 bytes from aaaa::212:4b00:41e:afc6: icmp_seq=40 ttl=63 time=168 ms
[1438697015.585147] 64 bytes from aaaa::212:4b00:41e:afc6: icmp_seq=41 ttl=63 time=250 ms
[1438697017.345028] no answer yet for icmp_seq=42
[1438697017.711996] 64 bytes from aaaa::212:4b00:41e:afc6: icmp_seq=43 ttl=63 time=366 ms
[1438697018.460164] 64 bytes from aaaa::212:4b00:41e:afc6: icmp_seq=44 ttl=63 time=114 ms
[1438697020.346814] no answer yet for icmp_seq=45
[1438697021.346834] no answer yet for icmp_seq=46
[1438697021.461263] 64 bytes from aaaa::212:4b00:41e:afc6: icmp_seq=47 ttl=63 time=114 ms
[1438697023.357018] no answer yet for icmp_seq=48
[1438697023.463129] 64 bytes from aaaa::212:4b00:41e:afc6: icmp_seq=49 ttl=63 time=106 ms
[1438697024.464006] 64 bytes from aaaa::212:4b00:41e:afc6: icmp_seq=50 ttl=63 time=105 ms
[1438697025.461681] 64 bytes from aaaa::212:4b00:41e:afc6: icmp_seq=51 ttl=63 time=101 ms
[1438697026.707630] 64 bytes from aaaa::212:4b00:41e:afc6: icmp_seq=52 ttl=63 time=345 ms
[1438697027.465143] 64 bytes from aaaa::212:4b00:41e:afc6: icmp_seq=53 ttl=63 time=101 ms
[1438697028.467014] 64 bytes from aaaa::212:4b00:41e:afc6: icmp_seq=54 ttl=63 time=101 ms
[1438697029.468557] 64 bytes from aaaa::212:4b00:41e:afc6: icmp_seq=55 ttl=63 time=101 ms
[1438697030.465912] 64 bytes from aaaa::212:4b00:41e:afc6: icmp_seq=56 ttl=63 time=97.2 ms
[1438697031.467395] 64 bytes from aaaa::212:4b00:41e:afc6: icmp_seq=57 ttl=63 time=97.4 ms
[1438697032.468675] 64 bytes from aaaa::212:4b00:41e:afc6: icmp_seq=58 ttl=63 time=97.5 ms
[1438697033.465774] 64 bytes from aaaa::212:4b00:41e:afc6: icmp_seq=59 ttl=63 time=93.0 ms
[1438697035.381049] no answer yet for icmp_seq=60
[1438697035.470147] 64 bytes from aaaa::212:4b00:41e:afc6: icmp_seq=61 ttl=63 time=88.9 ms
[1438697036.471151] 64 bytes from aaaa::212:4b00:41e:afc6: icmp_seq=62 ttl=63 time=88.8 ms
[1438697038.392974] no answer yet for icmp_seq=63
[1438697039.401046] no answer yet for icmp_seq=64
[1438697039.473039] 64 bytes from aaaa::212:4b00:41e:afc6: icmp_seq=65 ttl=63 time=71.8 ms
[1438697040.469892] 64 bytes from aaaa::212:4b00:41e:afc6: icmp_seq=66 ttl=63 time=67.7 ms
[1438697041.471780] 64 bytes from aaaa::212:4b00:41e:afc6: icmp_seq=67 ttl=63 time=67.7 ms
[1438697042.473561] 64 bytes from aaaa::212:4b00:41e:afc6: icmp_seq=68 ttl=63 time=67.6 ms
[1438697043.474851] 64 bytes from aaaa::212:4b00:41e:afc6: icmp_seq=69 ttl=63 time=67.7 ms
[1438697045.416916] no answer yet for icmp_seq=70
[1438697046.424945] no answer yet for icmp_seq=71
[1438697046.475777] 64 bytes from aaaa::212:4b00:41e:afc6: icmp_seq=72 ttl=63 time=50.7 ms
[1438697047.717794] 64 bytes from aaaa::212:4b00:41e:afc6: icmp_seq=73 ttl=63 time=290 ms
[1438697048.718272] 64 bytes from aaaa::212:4b00:41e:afc6: icmp_seq=74 ttl=63 time=289 ms
[1438697049.481462] 64 bytes from aaaa::212:4b00:41e:afc6: icmp_seq=75 ttl=63 time=51.2 ms
[1438697050.473811] 64 bytes from aaaa::212:4b00:41e:afc6: icmp_seq=76 ttl=63 time=42.2 ms
[1438697052.440931] no answer yet for icmp_seq=77
[1438697053.448983] no answer yet for icmp_seq=78
[1438697054.456950] no answer yet for icmp_seq=79
[1438697055.464850] no answer yet for icmp_seq=80
[1438697056.472871] no answer yet for icmp_seq=81
[1438697056.600054] 64 bytes from aaaa::212:4b00:41e:afc6: icmp_seq=82 ttl=63 time=127 ms
[1438697058.481019] no answer yet for icmp_seq=83
[1438697058.850279] 64 bytes from aaaa::212:4b00:41e:afc6: icmp_seq=83 ttl=63 time=1376 ms
[1438697059.482000] no answer yet for icmp_seq=84
[1438697059.600658] 64 bytes from aaaa::212:4b00:41e:afc6: icmp_seq=85 ttl=63 time=118 ms
[1438697060.730533] 64 bytes from aaaa::212:4b00:41e:afc6: icmp_seq=86 ttl=63 time=247 ms
[1438697061.603045] 64 bytes from aaaa::212:4b00:41e:afc6: icmp_seq=87 ttl=63 time=118 ms
[1438697062.728161] 64 bytes from aaaa::212:4b00:41e:afc6: icmp_seq=88 ttl=63 time=242 ms
[1438697063.853538] 64 bytes from aaaa::212:4b00:41e:afc6: icmp_seq=89 ttl=63 time=366 ms
[1438697064.602680] 64 bytes from aaaa::212:4b00:41e:afc6: icmp_seq=90 ttl=63 time=114 ms
[1438697066.496923] no answer yet for icmp_seq=91
[1438697066.607090] 64 bytes from aaaa::212:4b00:41e:afc6: icmp_seq=92 ttl=63 time=110 ms
[1438697067.608200] 64 bytes from aaaa::212:4b00:41e:afc6: icmp_seq=93 ttl=63 time=110 ms
[1438697068.856899] 64 bytes from aaaa::212:4b00:41e:afc6: icmp_seq=94 ttl=63 time=357 ms
[1438697070.508930] no answer yet for icmp_seq=95
[1438697070.851670] 64 bytes from aaaa::212:4b00:41e:afc6: icmp_seq=96 ttl=63 time=342 ms
[1438697071.608411] 64 bytes from aaaa::212:4b00:41e:afc6: icmp_seq=97 ttl=63 time=97.8 ms
[1438697073.111074] 64 bytes from aaaa::212:4b00:41e:afc6: icmp_seq=98 ttl=63 time=598 ms
[1438697073.737225] 64 bytes from aaaa::212:4b00:41e:afc6: icmp_seq=99 ttl=63 time=224 ms
[1438697076.237568] 64 bytes from aaaa::212:4b00:41e:afc6: icmp_seq=100 ttl=63 time=1723 ms

--- aaaa::212:4b00:41e:afc6 ping statistics ---
100 packets transmitted, 75 received, 25% packet loss, time 99269ms
rtt min/avg/max/mdev = 42.214/212.802/1723.345/263.954 ms, pipe 2
PING aaaa::212:4b00:41e:afc6(aaaa::212:4b00:41e:afc6) 56 data bytes
[1438697101.160973] no answer yet for icmp_seq=1
[1438697101.622438] 64 bytes from aaaa::212:4b00:41e:afc6: icmp_seq=2 ttl=63 time=461 ms
[1438697103.168907] no answer yet for icmp_seq=3
[1438697103.249814] 64 bytes from aaaa::212:4b00:41e:afc6: icmp_seq=4 ttl=63 time=80.7 ms
[1438697105.176957] no answer yet for icmp_seq=5
[1438697105.497347] 64 bytes from aaaa::212:4b00:41e:afc6: icmp_seq=6 ttl=63 time=320 ms
[1438697106.500934] 64 bytes from aaaa::212:4b00:41e:afc6: icmp_seq=7 ttl=63 time=322 ms
[1438697107.498182] 64 bytes from aaaa::212:4b00:41e:afc6: icmp_seq=8 ttl=63 time=318 ms
[1438697108.248692] 64 bytes from aaaa::212:4b00:41e:afc6: icmp_seq=9 ttl=63 time=67.6 ms
[1438697110.182870] no answer yet for icmp_seq=10
[1438697110.250575] 64 bytes from aaaa::212:4b00:41e:afc6: icmp_seq=11 ttl=63 time=67.6 ms
[1438697111.252355] 64 bytes from aaaa::212:4b00:41e:afc6: icmp_seq=12 ttl=63 time=67.6 ms
[1438697112.254057] 64 bytes from aaaa::212:4b00:41e:afc6: icmp_seq=13 ttl=63 time=67.5 ms
[1438697113.751575] 64 bytes from aaaa::212:4b00:41e:afc6: icmp_seq=14 ttl=63 time=563 ms
[1438697114.252690] 64 bytes from aaaa::212:4b00:41e:afc6: icmp_seq=15 ttl=63 time=63.5 ms
[1438697115.254192] 64 bytes from aaaa::212:4b00:41e:afc6: icmp_seq=16 ttl=63 time=63.3 ms
[1438697116.255691] 64 bytes from aaaa::212:4b00:41e:afc6: icmp_seq=17 ttl=63 time=63.3 ms
[1438697118.201140] no answer yet for icmp_seq=18
[1438697119.208959] no answer yet for icmp_seq=19
[1438697119.255683] 64 bytes from aaaa::212:4b00:41e:afc6: icmp_seq=20 ttl=63 time=46.5 ms
[1438697120.498200] 64 bytes from aaaa::212:4b00:41e:afc6: icmp_seq=21 ttl=63 time=287 ms
[1438697121.254201] 64 bytes from aaaa::212:4b00:41e:afc6: icmp_seq=22 ttl=63 time=42.1 ms
[1438697122.505363] 64 bytes from aaaa::212:4b00:41e:afc6: icmp_seq=23 ttl=63 time=291 ms
[1438697124.220973] no answer yet for icmp_seq=24
[1438697124.633566] 64 bytes from aaaa::212:4b00:41e:afc6: icmp_seq=25 ttl=63 time=412 ms
[1438697125.695588] 64 bytes from aaaa::212:4b00:41e:afc6: icmp_seq=26 ttl=63 time=473 ms
[1438697126.384065] 64 bytes from aaaa::212:4b00:41e:afc6: icmp_seq=27 ttl=63 time=160 ms
[1438697128.232956] no answer yet for icmp_seq=28
[1438697128.876952] 64 bytes from aaaa::212:4b00:41e:afc6: icmp_seq=29 ttl=63 time=643 ms
[1438697129.385869] 64 bytes from aaaa::212:4b00:41e:afc6: icmp_seq=30 ttl=63 time=152 ms
[1438697131.127968] 64 bytes from aaaa::212:4b00:41e:afc6: icmp_seq=31 ttl=63 time=893 ms
[1438697131.386714] 64 bytes from aaaa::212:4b00:41e:afc6: icmp_seq=32 ttl=63 time=152 ms
[1438697132.384336] 64 bytes from aaaa::212:4b00:41e:afc6: icmp_seq=33 ttl=63 time=148 ms
[1438697134.244968] no answer yet for icmp_seq=34
[1438697134.879568] 64 bytes from aaaa::212:4b00:41e:afc6: icmp_seq=35 ttl=63 time=634 ms
[1438697135.510112] 64 bytes from aaaa::212:4b00:41e:afc6: icmp_seq=36 ttl=63 time=263 ms
[1438697136.386590] 64 bytes from aaaa::212:4b00:41e:afc6: icmp_seq=37 ttl=63 time=139 ms
[1438697138.256918] no answer yet for icmp_seq=38
[1438697138.388211] 64 bytes from aaaa::212:4b00:41e:afc6: icmp_seq=39 ttl=63 time=131 ms
[1438697139.511816] 64 bytes from aaaa::212:4b00:41e:afc6: icmp_seq=40 ttl=63 time=253 ms
[1438697140.513546] 64 bytes from aaaa::212:4b00:41e:afc6: icmp_seq=41 ttl=63 time=253 ms
[1438697141.388597] 64 bytes from aaaa::212:4b00:41e:afc6: icmp_seq=42 ttl=63 time=127 ms
[1438697142.389392] 64 bytes from aaaa::212:4b00:41e:afc6: icmp_seq=43 ttl=63 time=126 ms
[1438697143.639733] 64 bytes from aaaa::212:4b00:41e:afc6: icmp_seq=44 ttl=63 time=375 ms
[1438697145.272942] no answer yet for icmp_seq=45
[1438697145.391395] 64 bytes from aaaa::212:4b00:41e:afc6: icmp_seq=46 ttl=63 time=118 ms
[1438697146.392885] 64 bytes from aaaa::212:4b00:41e:afc6: icmp_seq=47 ttl=63 time=118 ms
[1438697147.516357] 64 bytes from aaaa::212:4b00:41e:afc6: icmp_seq=48 ttl=63 time=240 ms
[1438697148.519704] 64 bytes from aaaa::212:4b00:41e:afc6: icmp_seq=49 ttl=63 time=242 ms
[1438697149.392893] 64 bytes from aaaa::212:4b00:41e:afc6: icmp_seq=50 ttl=63 time=114 ms
[1438697150.393663] 64 bytes from aaaa::212:4b00:41e:afc6: icmp_seq=51 ttl=63 time=114 ms
[1438697151.394959] 64 bytes from aaaa::212:4b00:41e:afc6: icmp_seq=52 ttl=63 time=114 ms
[1438697153.289026] no answer yet for icmp_seq=53
[1438697153.394929] 64 bytes from aaaa::212:4b00:41e:afc6: icmp_seq=54 ttl=63 time=105 ms
[1438697154.518672] 64 bytes from aaaa::212:4b00:41e:afc6: icmp_seq=55 ttl=63 time=227 ms
[1438697155.398570] 64 bytes from aaaa::212:4b00:41e:afc6: icmp_seq=56 ttl=63 time=105 ms
[1438697156.399595] 64 bytes from aaaa::212:4b00:41e:afc6: icmp_seq=57 ttl=63 time=105 ms
[1438697158.300889] no answer yet for icmp_seq=58
[1438697159.308945] no answer yet for icmp_seq=59
[1438697159.397920] 64 bytes from aaaa::212:4b00:41e:afc6: icmp_seq=60 ttl=63 time=88.8 ms
[1438697160.398764] 64 bytes from aaaa::212:4b00:41e:afc6: icmp_seq=61 ttl=63 time=88.7 ms
[1438697161.400645] 64 bytes from aaaa::212:4b00:41e:afc6: icmp_seq=62 ttl=63 time=88.7 ms
[1438697162.398467] 64 bytes from aaaa::212:4b00:41e:afc6: icmp_seq=63 ttl=63 time=84.7 ms
[1438697163.400105] 64 bytes from aaaa::212:4b00:41e:afc6: icmp_seq=64 ttl=63 time=84.5 ms
[1438697165.324961] no answer yet for icmp_seq=65
[1438697165.401416] 64 bytes from aaaa::212:4b00:41e:afc6: icmp_seq=66 ttl=63 time=76.3 ms
[1438697166.402504] 64 bytes from aaaa::212:4b00:41e:afc6: icmp_seq=67 ttl=63 time=75.9 ms
[1438697167.528637] 64 bytes from aaaa::212:4b00:41e:afc6: icmp_seq=68 ttl=63 time=201 ms
[1438697168.652428] 64 bytes from aaaa::212:4b00:41e:afc6: icmp_seq=69 ttl=63 time=323 ms
[1438697169.402123] 64 bytes from aaaa::212:4b00:41e:afc6: icmp_seq=70 ttl=63 time=71.8 ms
[1438697170.403643] 64 bytes from aaaa::212:4b00:41e:afc6: icmp_seq=71 ttl=63 time=71.8 ms
[1438697171.405727] 64 bytes from aaaa::212:4b00:41e:afc6: icmp_seq=72 ttl=63 time=71.9 ms
[1438697172.402449] 64 bytes from aaaa::212:4b00:41e:afc6: icmp_seq=73 ttl=63 time=67.6 ms
[1438697173.404625] 64 bytes from aaaa::212:4b00:41e:afc6: icmp_seq=74 ttl=63 time=68.0 ms
[1438697175.344973] no answer yet for icmp_seq=75
[1438697175.404130] 64 bytes from aaaa::212:4b00:41e:afc6: icmp_seq=76 ttl=63 time=59.0 ms
[1438697176.654176] 64 bytes from aaaa::212:4b00:41e:afc6: icmp_seq=77 ttl=63 time=307 ms
[1438697178.346875] no answer yet for icmp_seq=78
[1438697178.529991] 64 bytes from aaaa::212:4b00:41e:afc6: icmp_seq=79 ttl=63 time=183 ms
[1438697179.407666] 64 bytes from aaaa::212:4b00:41e:afc6: icmp_seq=80 ttl=63 time=59.6 ms
[1438697180.409017] 64 bytes from aaaa::212:4b00:41e:afc6: icmp_seq=81 ttl=63 time=59.1 ms
[1438697182.350882] no answer yet for icmp_seq=82
[1438697183.350827] no answer yet for icmp_seq=83
[1438697183.410794] 64 bytes from aaaa::212:4b00:41e:afc6: icmp_seq=84 ttl=63 time=59.7 ms
[1438697185.350860] no answer yet for icmp_seq=85
[1438697186.350895] no answer yet for icmp_seq=86
[1438697186.410617] 64 bytes from aaaa::212:4b00:41e:afc6: icmp_seq=87 ttl=63 time=59.6 ms
[1438697187.407537] 64 bytes from aaaa::212:4b00:41e:afc6: icmp_seq=88 ttl=63 time=54.8 ms
[1438697188.409484] 64 bytes from aaaa::212:4b00:41e:afc6: icmp_seq=89 ttl=63 time=54.8 ms
[1438697189.407666] 64 bytes from aaaa::212:4b00:41e:afc6: icmp_seq=90 ttl=63 time=51.0 ms
[1438697191.364974] no answer yet for icmp_seq=91
[1438697191.411861] 64 bytes from aaaa::212:4b00:41e:afc6: icmp_seq=92 ttl=63 time=46.7 ms
[1438697193.366878] no answer yet for icmp_seq=93
[1438697193.654606] 64 bytes from aaaa::212:4b00:41e:afc6: icmp_seq=94 ttl=63 time=287 ms
[1438697194.410927] 64 bytes from aaaa::212:4b00:41e:afc6: icmp_seq=95 ttl=63 time=42.4 ms
[1438697195.412735] 64 bytes from aaaa::212:4b00:41e:afc6: icmp_seq=96 ttl=63 time=42.7 ms
[1438697196.662976] 64 bytes from aaaa::212:4b00:41e:afc6: icmp_seq=97 ttl=63 time=291 ms
[1438697197.415569] 64 bytes from aaaa::212:4b00:41e:afc6: icmp_seq=98 ttl=63 time=42.5 ms
[1438697198.788617] 64 bytes from aaaa::212:4b00:41e:afc6: icmp_seq=99 ttl=63 time=413 ms

--- aaaa::212:4b00:41e:afc6 ping statistics ---
100 packets transmitted, 76 received, 24% packet loss, time 99221ms
rtt min/avg/max/mdev = 42.100/180.614/893.076/165.004 ms
PING aaaa::212:4b00:41e:afc6(aaaa::212:4b00:41e:afc6) 56 data bytes
[1438697321.091321] 64 bytes from aaaa::212:4b00:41e:afc6: icmp_seq=1 ttl=63 time=144 ms
[1438697322.946817] no answer yet for icmp_seq=2
[1438697323.946871] no answer yet for icmp_seq=3
[1438697324.214886] 64 bytes from aaaa::212:4b00:41e:afc6: icmp_seq=4 ttl=63 time=267 ms
[1438697325.090580] 64 bytes from aaaa::212:4b00:41e:afc6: icmp_seq=5 ttl=63 time=143 ms
[1438697326.091383] 64 bytes from aaaa::212:4b00:41e:afc6: icmp_seq=6 ttl=63 time=143 ms
[1438697327.093170] 64 bytes from aaaa::212:4b00:41e:afc6: icmp_seq=7 ttl=63 time=144 ms
[1438697328.219333] 64 bytes from aaaa::212:4b00:41e:afc6: icmp_seq=8 ttl=63 time=270 ms
[1438697329.093651] 64 bytes from aaaa::212:4b00:41e:afc6: icmp_seq=9 ttl=63 time=144 ms
[1438697330.094350] 64 bytes from aaaa::212:4b00:41e:afc6: icmp_seq=10 ttl=63 time=144 ms
[1438697331.343879] 64 bytes from aaaa::212:4b00:41e:afc6: icmp_seq=11 ttl=63 time=393 ms
[1438697332.956912] no answer yet for icmp_seq=12
[1438697333.096554] 64 bytes from aaaa::212:4b00:41e:afc6: icmp_seq=13 ttl=63 time=139 ms
[1438697334.965001] no answer yet for icmp_seq=14
[1438697335.117884] 64 bytes from aaaa::212:4b00:41e:afc6: icmp_seq=15 ttl=63 time=152 ms
[1438697336.222728] 64 bytes from aaaa::212:4b00:41e:afc6: icmp_seq=16 ttl=63 time=256 ms
[1438697337.097865] 64 bytes from aaaa::212:4b00:41e:afc6: icmp_seq=17 ttl=63 time=131 ms
[1438697338.966853] no answer yet for icmp_seq=18
[1438697339.098545] 64 bytes from aaaa::212:4b00:41e:afc6: icmp_seq=19 ttl=63 time=131 ms
[1438697340.224862] 64 bytes from aaaa::212:4b00:41e:afc6: icmp_seq=20 ttl=63 time=257 ms
[1438697341.966793] no answer yet for icmp_seq=21
[1438697342.186342] 64 bytes from aaaa::212:4b00:41e:afc6: icmp_seq=22 ttl=63 time=219 ms
[1438697343.098235] 64 bytes from aaaa::212:4b00:41e:afc6: icmp_seq=23 ttl=63 time=130 ms
[1438697344.098393] 64 bytes from aaaa::212:4b00:41e:afc6: icmp_seq=24 ttl=63 time=131 ms
[1438697345.098655] 64 bytes from aaaa::212:4b00:41e:afc6: icmp_seq=25 ttl=63 time=131 ms
[1438697346.966851] no answer yet for icmp_seq=26
[1438697347.351887] 64 bytes from aaaa::212:4b00:41e:afc6: icmp_seq=27 ttl=63 time=384 ms
[1438697348.102321] 64 bytes from aaaa::212:4b00:41e:afc6: icmp_seq=28 ttl=63 time=135 ms
[1438697349.102650] 64 bytes from aaaa::212:4b00:41e:afc6: icmp_seq=29 ttl=63 time=135 ms
[1438697350.103403] 64 bytes from aaaa::212:4b00:41e:afc6: icmp_seq=30 ttl=63 time=135 ms
[1438697351.352144] 64 bytes from aaaa::212:4b00:41e:afc6: icmp_seq=31 ttl=63 time=383 ms
[1438697352.104423] 64 bytes from aaaa::212:4b00:41e:afc6: icmp_seq=32 ttl=63 time=135 ms
[1438697353.104647] 64 bytes from aaaa::212:4b00:41e:afc6: icmp_seq=33 ttl=63 time=135 ms
[1438697354.356883] 64 bytes from aaaa::212:4b00:41e:afc6: icmp_seq=34 ttl=63 time=387 ms
[1438697355.354122] 64 bytes from aaaa::212:4b00:41e:afc6: icmp_seq=35 ttl=63 time=384 ms
[1438697356.104747] 64 bytes from aaaa::212:4b00:41e:afc6: icmp_seq=36 ttl=63 time=135 ms
[1438697357.976873] no answer yet for icmp_seq=37
[1438697358.108032] 64 bytes from aaaa::212:4b00:41e:afc6: icmp_seq=38 ttl=63 time=131 ms
[1438697359.231490] 64 bytes from aaaa::212:4b00:41e:afc6: icmp_seq=39 ttl=63 time=254 ms
[1438697360.356464] 64 bytes from aaaa::212:4b00:41e:afc6: icmp_seq=40 ttl=63 time=379 ms
[1438697361.984970] no answer yet for icmp_seq=41
[1438697362.107527] 64 bytes from aaaa::212:4b00:41e:afc6: icmp_seq=42 ttl=63 time=122 ms
[1438697363.108018] 64 bytes from aaaa::212:4b00:41e:afc6: icmp_seq=43 ttl=63 time=122 ms
[1438697364.108659] 64 bytes from aaaa::212:4b00:41e:afc6: icmp_seq=44 ttl=63 time=122 ms
[1438697365.109676] 64 bytes from aaaa::212:4b00:41e:afc6: icmp_seq=45 ttl=63 time=123 ms
[1438697366.109896] 64 bytes from aaaa::212:4b00:41e:afc6: icmp_seq=46 ttl=63 time=123 ms
[1438697367.108946] 64 bytes from aaaa::212:4b00:41e:afc6: icmp_seq=47 ttl=63 time=122 ms
[1438697368.986857] no answer yet for icmp_seq=48
[1438697369.986831] no answer yet for icmp_seq=49
[1438697370.358437] 64 bytes from aaaa::212:4b00:41e:afc6: icmp_seq=50 ttl=63 time=371 ms
[1438697371.109941] 64 bytes from aaaa::212:4b00:41e:afc6: icmp_seq=51 ttl=63 time=122 ms
[1438697372.996886] no answer yet for icmp_seq=52
[1438697373.111046] 64 bytes from aaaa::212:4b00:41e:afc6: icmp_seq=53 ttl=63 time=114 ms
[1438697374.233450] 64 bytes from aaaa::212:4b00:41e:afc6: icmp_seq=54 ttl=63 time=236 ms
[1438697376.004943] no answer yet for icmp_seq=55
[1438697377.013003] no answer yet for icmp_seq=56
[1438697377.110287] 64 bytes from aaaa::212:4b00:41e:afc6: icmp_seq=57 ttl=63 time=97.1 ms
[1438697378.111389] 64 bytes from aaaa::212:4b00:41e:afc6: icmp_seq=58 ttl=63 time=97.0 ms
[1438697379.363176] 64 bytes from aaaa::212:4b00:41e:afc6: icmp_seq=59 ttl=63 time=348 ms
[1438697380.365497] 64 bytes from aaaa::212:4b00:41e:afc6: icmp_seq=60 ttl=63 time=349 ms
[1438697381.731630] 64 bytes from aaaa::212:4b00:41e:afc6: icmp_seq=61 ttl=63 time=714 ms
[1438697382.115261] 64 bytes from aaaa::212:4b00:41e:afc6: icmp_seq=62 ttl=63 time=97.2 ms
[1438697383.364689] 64 bytes from aaaa::212:4b00:41e:afc6: icmp_seq=63 ttl=63 time=345 ms
[1438697385.028967] no answer yet for icmp_seq=64
[1438697385.114077] 64 bytes from aaaa::212:4b00:41e:afc6: icmp_seq=65 ttl=63 time=84.9 ms
[1438697386.364197] 64 bytes from aaaa::212:4b00:41e:afc6: icmp_seq=66 ttl=63 time=334 ms
[1438697387.115533] 64 bytes from aaaa::212:4b00:41e:afc6: icmp_seq=67 ttl=63 time=84.5 ms
[1438697388.116911] 64 bytes from aaaa::212:4b00:41e:afc6: icmp_seq=68 ttl=63 time=84.4 ms
[1438697390.040879] no answer yet for icmp_seq=69
[1438697390.513976] 64 bytes from aaaa::212:4b00:41e:afc6: icmp_seq=70 ttl=63 time=472 ms
[1438697391.117831] 64 bytes from aaaa::212:4b00:41e:afc6: icmp_seq=71 ttl=63 time=76.1 ms
[1438697392.118269] 64 bytes from aaaa::212:4b00:41e:afc6: icmp_seq=72 ttl=63 time=75.9 ms
[1438697394.042876] no answer yet for icmp_seq=73
[1438697394.119261] 64 bytes from aaaa::212:4b00:41e:afc6: icmp_seq=74 ttl=63 time=76.2 ms
[1438697395.496475] 64 bytes from aaaa::212:4b00:41e:afc6: icmp_seq=75 ttl=63 time=452 ms
[1438697396.121167] 64 bytes from aaaa::212:4b00:41e:afc6: icmp_seq=76 ttl=63 time=75.9 ms
[1438697397.122225] 64 bytes from aaaa::212:4b00:41e:afc6: icmp_seq=77 ttl=63 time=76.0 ms
[1438697398.122867] 64 bytes from aaaa::212:4b00:41e:afc6: icmp_seq=78 ttl=63 time=75.9 ms
[1438697399.119687] 64 bytes from aaaa::212:4b00:41e:afc6: icmp_seq=79 ttl=63 time=71.7 ms
[1438697400.372252] 64 bytes from aaaa::212:4b00:41e:afc6: icmp_seq=80 ttl=63 time=322 ms
[1438697402.050835] no answer yet for icmp_seq=81
[1438697403.050855] no answer yet for icmp_seq=82
[1438697404.050849] no answer yet for icmp_seq=83
[1438697404.373203] 64 bytes from aaaa::212:4b00:41e:afc6: icmp_seq=83 ttl=63 time=1322 ms
[1438697404.623426] 64 bytes from aaaa::212:4b00:41e:afc6: icmp_seq=84 ttl=63 time=572 ms
[1438697406.060993] no answer yet for icmp_seq=85
[1438697406.124999] 64 bytes from aaaa::212:4b00:41e:afc6: icmp_seq=86 ttl=63 time=63.9 ms
[1438697407.125549] 64 bytes from aaaa::212:4b00:41e:afc6: icmp_seq=87 ttl=63 time=63.4 ms
[1438697408.127442] 64 bytes from aaaa::212:4b00:41e:afc6: icmp_seq=88 ttl=63 time=63.8 ms
[1438697410.072956] no answer yet for icmp_seq=89
[1438697410.127987] 64 bytes from aaaa::212:4b00:41e:afc6: icmp_seq=90 ttl=63 time=54.9 ms
[1438697411.124689] 64 bytes from aaaa::212:4b00:41e:afc6: icmp_seq=91 ttl=63 time=50.6 ms
[1438697412.126488] 64 bytes from aaaa::212:4b00:41e:afc6: icmp_seq=92 ttl=63 time=50.6 ms
[1438697413.127762] 64 bytes from aaaa::212:4b00:41e:afc6: icmp_seq=93 ttl=63 time=50.6 ms
[1438697414.375058] 64 bytes from aaaa::212:4b00:41e:afc6: icmp_seq=94 ttl=63 time=296 ms
[1438697415.126425] 64 bytes from aaaa::212:4b00:41e:afc6: icmp_seq=95 ttl=63 time=46.5 ms
[1438697416.371267] 64 bytes from aaaa::212:4b00:41e:afc6: icmp_seq=96 ttl=63 time=289 ms
[1438697417.129347] 64 bytes from aaaa::212:4b00:41e:afc6: icmp_seq=97 ttl=63 time=46.4 ms
[1438697419.092926] no answer yet for icmp_seq=98
[1438697419.629258] 64 bytes from aaaa::212:4b00:41e:afc6: icmp_seq=99 ttl=63 time=536 ms
[1438697420.380526] 64 bytes from aaaa::212:4b00:41e:afc6: icmp_seq=100 ttl=63 time=286 ms

--- aaaa::212:4b00:41e:afc6 ping statistics ---
100 packets transmitted, 78 received, 22% packet loss, time 99146ms
rtt min/avg/max/mdev = 46.483/210.050/1322.271/188.930 ms, pipe 2
PING aaaa::212:4b00:41e:afc6(aaaa::212:4b00:41e:afc6) 56 data bytes
[1438697599.802889] no answer yet for icmp_seq=1
[1438697599.963605] 64 bytes from aaaa::212:4b00:41e:afc6: icmp_seq=2 ttl=63 time=160 ms
[1438697601.812944] no answer yet for icmp_seq=3
[1438697602.087368] 64 bytes from aaaa::212:4b00:41e:afc6: icmp_seq=4 ttl=63 time=274 ms
[1438697602.961278] 64 bytes from aaaa::212:4b00:41e:afc6: icmp_seq=5 ttl=63 time=147 ms
[1438697603.962343] 64 bytes from aaaa::212:4b00:41e:afc6: icmp_seq=6 ttl=63 time=148 ms
[1438697604.963385] 64 bytes from aaaa::212:4b00:41e:afc6: icmp_seq=7 ttl=63 time=148 ms
[1438697605.964501] 64 bytes from aaaa::212:4b00:41e:afc6: icmp_seq=8 ttl=63 time=148 ms
[1438697606.965465] 64 bytes from aaaa::212:4b00:41e:afc6: icmp_seq=9 ttl=63 time=147 ms
[1438697608.340984] 64 bytes from aaaa::212:4b00:41e:afc6: icmp_seq=10 ttl=63 time=522 ms
[1438697609.824965] no answer yet for icmp_seq=11
[1438697610.832995] no answer yet for icmp_seq=12
[1438697611.219011] 64 bytes from aaaa::212:4b00:41e:afc6: icmp_seq=13 ttl=63 time=385 ms
[1438697612.470038] 64 bytes from aaaa::212:4b00:41e:afc6: icmp_seq=14 ttl=63 time=637 ms
[1438697613.840966] no answer yet for icmp_seq=15
[1438697614.342762] 64 bytes from aaaa::212:4b00:41e:afc6: icmp_seq=15 ttl=63 time=1510 ms
[1438697614.841437] no answer yet for icmp_seq=16
[1438697615.468633] 64 bytes from aaaa::212:4b00:41e:afc6: icmp_seq=16 ttl=63 time=1627 ms
[1438697615.841079] no answer yet for icmp_seq=17
[1438697615.844879] 64 bytes from aaaa::212:4b00:41e:afc6: icmp_seq=17 ttl=63 time=1003 ms
[1438697616.842917] no answer yet for icmp_seq=18
[1438697616.844683] 64 bytes from aaaa::212:4b00:41e:afc6: icmp_seq=18 ttl=63 time=1003 ms
[1438697617.222265] 64 bytes from aaaa::212:4b00:41e:afc6: icmp_seq=19 ttl=63 time=379 ms
[1438697618.842865] no answer yet for icmp_seq=20
[1438697619.842887] no answer yet for icmp_seq=21
[1438697620.220677] 64 bytes from aaaa::212:4b00:41e:afc6: icmp_seq=22 ttl=63 time=377 ms
[1438697621.589017] 64 bytes from aaaa::212:4b00:41e:afc6: icmp_seq=23 ttl=63 time=745 ms
[1438697621.970285] 64 bytes from aaaa::212:4b00:41e:afc6: icmp_seq=24 ttl=63 time=126 ms
[1438697623.215038] 64 bytes from aaaa::212:4b00:41e:afc6: icmp_seq=25 ttl=63 time=369 ms
[1438697624.471881] 64 bytes from aaaa::212:4b00:41e:afc6: icmp_seq=26 ttl=63 time=626 ms
[1438697625.349538] 64 bytes from aaaa::212:4b00:41e:afc6: icmp_seq=27 ttl=63 time=504 ms
[1438697626.097267] 64 bytes from aaaa::212:4b00:41e:afc6: icmp_seq=28 ttl=63 time=252 ms
[1438697627.225390] 64 bytes from aaaa::212:4b00:41e:afc6: icmp_seq=29 ttl=63 time=380 ms
[1438697628.852941] no answer yet for icmp_seq=30
[1438697629.860969] no answer yet for icmp_seq=31
[1438697630.343382] 64 bytes from aaaa::212:4b00:41e:afc6: icmp_seq=31 ttl=63 time=1490 ms
[1438697630.602702] 64 bytes from aaaa::212:4b00:41e:afc6: icmp_seq=32 ttl=63 time=741 ms
[1438697631.868957] no answer yet for icmp_seq=33
[1438697632.061152] 64 bytes from aaaa::212:4b00:41e:afc6: icmp_seq=34 ttl=63 time=192 ms
[1438697633.227285] 64 bytes from aaaa::212:4b00:41e:afc6: icmp_seq=35 ttl=63 time=358 ms
[1438697634.877031] no answer yet for icmp_seq=36
[1438697634.978644] 64 bytes from aaaa::212:4b00:41e:afc6: icmp_seq=37 ttl=63 time=101 ms
[1438697636.229821] 64 bytes from aaaa::212:4b00:41e:afc6: icmp_seq=38 ttl=63 time=351 ms
[1438697636.979811] 64 bytes from aaaa::212:4b00:41e:afc6: icmp_seq=39 ttl=63 time=101 ms
[1438697637.977158] 64 bytes from aaaa::212:4b00:41e:afc6: icmp_seq=40 ttl=63 time=97.2 ms
[1438697638.982651] 64 bytes from aaaa::212:4b00:41e:afc6: icmp_seq=41 ttl=63 time=101 ms
[1438697639.980052] 64 bytes from aaaa::212:4b00:41e:afc6: icmp_seq=42 ttl=63 time=97.3 ms
[1438697641.105656] 64 bytes from aaaa::212:4b00:41e:afc6: icmp_seq=43 ttl=63 time=221 ms
[1438697642.892955] no answer yet for icmp_seq=44
[1438697643.104531] 64 bytes from aaaa::212:4b00:41e:afc6: icmp_seq=45 ttl=63 time=211 ms
[1438697643.982220] 64 bytes from aaaa::212:4b00:41e:afc6: icmp_seq=46 ttl=63 time=88.7 ms
[1438697645.107285] 64 bytes from aaaa::212:4b00:41e:afc6: icmp_seq=47 ttl=63 time=212 ms
[1438697645.984016] 64 bytes from aaaa::212:4b00:41e:afc6: icmp_seq=48 ttl=63 time=88.7 ms
[1438697647.904995] no answer yet for icmp_seq=49
[1438697647.981022] 64 bytes from aaaa::212:4b00:41e:afc6: icmp_seq=50 ttl=63 time=75.9 ms
[1438697649.226287] 64 bytes from aaaa::212:4b00:41e:afc6: icmp_seq=51 ttl=63 time=320 ms
[1438697649.982348] 64 bytes from aaaa::212:4b00:41e:afc6: icmp_seq=52 ttl=63 time=76.1 ms
[1438697651.906819] no answer yet for icmp_seq=53
[1438697651.984146] 64 bytes from aaaa::212:4b00:41e:afc6: icmp_seq=54 ttl=63 time=77.1 ms
[1438697653.906848] no answer yet for icmp_seq=55
[1438697653.982911] 64 bytes from aaaa::212:4b00:41e:afc6: icmp_seq=56 ttl=63 time=75.9 ms
[1438697654.988301] 64 bytes from aaaa::212:4b00:41e:afc6: icmp_seq=57 ttl=63 time=80.3 ms
[1438697655.985442] 64 bytes from aaaa::212:4b00:41e:afc6: icmp_seq=58 ttl=63 time=76.0 ms
[1438697657.916874] no answer yet for icmp_seq=59
[1438697657.988747] 64 bytes from aaaa::212:4b00:41e:afc6: icmp_seq=60 ttl=63 time=71.7 ms
[1438697659.925006] no answer yet for icmp_seq=61
[1438697659.988573] 64 bytes from aaaa::212:4b00:41e:afc6: icmp_seq=62 ttl=63 time=63.3 ms
[1438697660.990404] 64 bytes from aaaa::212:4b00:41e:afc6: icmp_seq=63 ttl=63 time=63.7 ms
[1438697661.988289] 64 bytes from aaaa::212:4b00:41e:afc6: icmp_seq=64 ttl=63 time=59.8 ms
[1438697662.989398] 64 bytes from aaaa::212:4b00:41e:afc6: icmp_seq=65 ttl=63 time=59.0 ms
[1438697664.367310] 64 bytes from aaaa::212:4b00:41e:afc6: icmp_seq=66 ttl=63 time=436 ms
[1438697665.866527] 64 bytes from aaaa::212:4b00:41e:afc6: icmp_seq=67 ttl=63 time=935 ms
[1438697665.990341] 64 bytes from aaaa::212:4b00:41e:afc6: icmp_seq=68 ttl=63 time=59.5 ms
[1438697667.940870] no answer yet for icmp_seq=69
[1438697668.948985] no answer yet for icmp_seq=70
[1438697668.991725] 64 bytes from aaaa::212:4b00:41e:afc6: icmp_seq=71 ttl=63 time=42.6 ms
[1438697669.993062] 64 bytes from aaaa::212:4b00:41e:afc6: icmp_seq=72 ttl=63 time=42.2 ms
[1438697670.994921] 64 bytes from aaaa::212:4b00:41e:afc6: icmp_seq=73 ttl=63 time=42.7 ms
[1438697672.960937] no answer yet for icmp_seq=74
[1438697673.618820] 64 bytes from aaaa::212:4b00:41e:afc6: icmp_seq=75 ttl=63 time=657 ms
[1438697674.240683] 64 bytes from aaaa::212:4b00:41e:afc6: icmp_seq=76 ttl=63 time=279 ms
[1438697675.117963] 64 bytes from aaaa::212:4b00:41e:afc6: icmp_seq=77 ttl=63 time=156 ms
[1438697676.866813] 64 bytes from aaaa::212:4b00:41e:afc6: icmp_seq=78 ttl=63 time=904 ms
[1438697677.361807] 64 bytes from aaaa::212:4b00:41e:afc6: icmp_seq=79 ttl=63 time=399 ms
[1438697678.612433] 64 bytes from aaaa::212:4b00:41e:afc6: icmp_seq=80 ttl=63 time=649 ms
[1438697679.119452] 64 bytes from aaaa::212:4b00:41e:afc6: icmp_seq=81 ttl=63 time=156 ms
[1438697680.962879] no answer yet for icmp_seq=82
[1438697681.119588] 64 bytes from aaaa::212:4b00:41e:afc6: icmp_seq=83 ttl=63 time=156 ms
[1438697682.120073] 64 bytes from aaaa::212:4b00:41e:afc6: icmp_seq=84 ttl=63 time=156 ms
[1438697683.244931] 64 bytes from aaaa::212:4b00:41e:afc6: icmp_seq=85 ttl=63 time=280 ms
[1438697684.972968] no answer yet for icmp_seq=86
[1438697685.121561] 64 bytes from aaaa::212:4b00:41e:afc6: icmp_seq=87 ttl=63 time=148 ms
[1438697686.980978] no answer yet for icmp_seq=88
[1438697687.124821] 64 bytes from aaaa::212:4b00:41e:afc6: icmp_seq=89 ttl=63 time=143 ms
[1438697688.248681] 64 bytes from aaaa::212:4b00:41e:afc6: icmp_seq=90 ttl=63 time=266 ms
[1438697689.988960] no answer yet for icmp_seq=91
[1438697690.124671] 64 bytes from aaaa::212:4b00:41e:afc6: icmp_seq=92 ttl=63 time=135 ms
[1438697691.996971] no answer yet for icmp_seq=93
[1438697693.005026] no answer yet for icmp_seq=94
[1438697693.249452] 64 bytes from aaaa::212:4b00:41e:afc6: icmp_seq=95 ttl=63 time=244 ms
[1438697694.125358] 64 bytes from aaaa::212:4b00:41e:afc6: icmp_seq=96 ttl=63 time=118 ms
[1438697696.006860] no answer yet for icmp_seq=97
[1438697696.128573] 64 bytes from aaaa::212:4b00:41e:afc6: icmp_seq=97 ttl=63 time=1121 ms
[1438697696.745832] 64 bytes from aaaa::212:4b00:41e:afc6: icmp_seq=98 ttl=63 time=738 ms
[1438697697.129886] 64 bytes from aaaa::212:4b00:41e:afc6: icmp_seq=99 ttl=63 time=122 ms

--- aaaa::212:4b00:41e:afc6 ping statistics ---
100 packets transmitted, 75 received, 25% packet loss, time 99205ms
rtt min/avg/max/mdev = 42.239/341.052/1627.312/359.922 ms, pipe 2
PING aaaa::212:4b00:41e:afc6(aaaa::212:4b00:41e:afc6) 56 data bytes
[1438697732.394830] 64 bytes from aaaa::212:4b00:41e:afc6: icmp_seq=1 ttl=63 time=144 ms
[1438697733.391837] 64 bytes from aaaa::212:4b00:41e:afc6: icmp_seq=2 ttl=63 time=139 ms
[1438697734.392963] 64 bytes from aaaa::212:4b00:41e:afc6: icmp_seq=3 ttl=63 time=140 ms
[1438697735.457581] 64 bytes from aaaa::212:4b00:41e:afc6: icmp_seq=4 ttl=63 time=203 ms
[1438697736.395176] 64 bytes from aaaa::212:4b00:41e:afc6: icmp_seq=5 ttl=63 time=139 ms
[1438697738.264958] no answer yet for icmp_seq=6
[1438697738.396297] 64 bytes from aaaa::212:4b00:41e:afc6: icmp_seq=7 ttl=63 time=131 ms
[1438697739.520222] 64 bytes from aaaa::212:4b00:41e:afc6: icmp_seq=8 ttl=63 time=253 ms
[1438697741.276998] no answer yet for icmp_seq=9
[1438697741.395464] 64 bytes from aaaa::212:4b00:41e:afc6: icmp_seq=10 ttl=63 time=118 ms
[1438697742.396936] 64 bytes from aaaa::212:4b00:41e:afc6: icmp_seq=11 ttl=63 time=118 ms
[1438697743.398290] 64 bytes from aaaa::212:4b00:41e:afc6: icmp_seq=12 ttl=63 time=118 ms
[1438697744.399643] 64 bytes from aaaa::212:4b00:41e:afc6: icmp_seq=13 ttl=63 time=118 ms
[1438697746.289012] no answer yet for icmp_seq=14
[1438697746.399124] 64 bytes from aaaa::212:4b00:41e:afc6: icmp_seq=15 ttl=63 time=110 ms
[1438697747.400011] 64 bytes from aaaa::212:4b00:41e:afc6: icmp_seq=16 ttl=63 time=109 ms
[1438697748.402038] 64 bytes from aaaa::212:4b00:41e:afc6: icmp_seq=17 ttl=63 time=109 ms
[1438697749.398902] 64 bytes from aaaa::212:4b00:41e:afc6: icmp_seq=18 ttl=63 time=105 ms
[1438697750.644082] 64 bytes from aaaa::212:4b00:41e:afc6: icmp_seq=19 ttl=63 time=349 ms
[1438697752.294877] no answer yet for icmp_seq=20
[1438697753.294837] no answer yet for icmp_seq=21
[1438697753.400608] 64 bytes from aaaa::212:4b00:41e:afc6: icmp_seq=22 ttl=63 time=105 ms
[1438697754.402366] 64 bytes from aaaa::212:4b00:41e:afc6: icmp_seq=23 ttl=63 time=105 ms
[1438697755.775477] 64 bytes from aaaa::212:4b00:41e:afc6: icmp_seq=24 ttl=63 time=477 ms
[1438697756.650428] 64 bytes from aaaa::212:4b00:41e:afc6: icmp_seq=25 ttl=63 time=351 ms
[1438697758.298863] no answer yet for icmp_seq=26
[1438697758.529355] 64 bytes from aaaa::212:4b00:41e:afc6: icmp_seq=27 ttl=63 time=230 ms
[1438697760.308984] no answer yet for icmp_seq=28
[1438697760.406363] 64 bytes from aaaa::212:4b00:41e:afc6: icmp_seq=29 ttl=63 time=97.2 ms
[1438697761.407354] 64 bytes from aaaa::212:4b00:41e:afc6: icmp_seq=30 ttl=63 time=97.3 ms
[1438697762.404780] 64 bytes from aaaa::212:4b00:41e:afc6: icmp_seq=31 ttl=63 time=93.3 ms
[1438697763.405845] 64 bytes from aaaa::212:4b00:41e:afc6: icmp_seq=32 ttl=63 time=92.9 ms
[1438697764.406570] 64 bytes from aaaa::212:4b00:41e:afc6: icmp_seq=33 ttl=63 time=93.0 ms
[1438697766.321252] no answer yet for icmp_seq=34
[1438697766.422182] 64 bytes from aaaa::212:4b00:41e:afc6: icmp_seq=35 ttl=63 time=100 ms
[1438697767.407800] 64 bytes from aaaa::212:4b00:41e:afc6: icmp_seq=36 ttl=63 time=84.5 ms
[1438697769.332971] no answer yet for icmp_seq=37
[1438697769.409211] 64 bytes from aaaa::212:4b00:41e:afc6: icmp_seq=38 ttl=63 time=76.1 ms
[1438697770.659139] 64 bytes from aaaa::212:4b00:41e:afc6: icmp_seq=39 ttl=63 time=324 ms
[1438697771.411309] 64 bytes from aaaa::212:4b00:41e:afc6: icmp_seq=40 ttl=63 time=75.9 ms
[1438697772.408280] 64 bytes from aaaa::212:4b00:41e:afc6: icmp_seq=41 ttl=63 time=71.8 ms
[1438697773.410286] 64 bytes from aaaa::212:4b00:41e:afc6: icmp_seq=42 ttl=63 time=71.8 ms
[1438697774.783773] 64 bytes from aaaa::212:4b00:41e:afc6: icmp_seq=43 ttl=63 time=443 ms
[1438697775.785774] 64 bytes from aaaa::212:4b00:41e:afc6: icmp_seq=44 ttl=63 time=444 ms
[1438697776.660913] 64 bytes from aaaa::212:4b00:41e:afc6: icmp_seq=45 ttl=63 time=318 ms
[1438697778.342887] no answer yet for icmp_seq=46
[1438697778.410515] 64 bytes from aaaa::212:4b00:41e:afc6: icmp_seq=47 ttl=63 time=67.5 ms
[1438697779.412288] 64 bytes from aaaa::212:4b00:41e:afc6: icmp_seq=48 ttl=63 time=67.6 ms
[1438697781.353031] no answer yet for icmp_seq=49
[1438697781.412289] 64 bytes from aaaa::212:4b00:41e:afc6: icmp_seq=50 ttl=63 time=59.1 ms
[1438697782.413664] 64 bytes from aaaa::212:4b00:41e:afc6: icmp_seq=51 ttl=63 time=59.2 ms
[1438697783.414134] 64 bytes from aaaa::212:4b00:41e:afc6: icmp_seq=52 ttl=63 time=59.0 ms
[1438697785.365000] no answer yet for icmp_seq=53
[1438697786.372940] no answer yet for icmp_seq=54
[1438697786.415125] 64 bytes from aaaa::212:4b00:41e:afc6: icmp_seq=55 ttl=63 time=42.0 ms
[1438697787.416410] 64 bytes from aaaa::212:4b00:41e:afc6: icmp_seq=56 ttl=63 time=42.1 ms
[1438697788.417902] 64 bytes from aaaa::212:4b00:41e:afc6: icmp_seq=57 ttl=63 time=42.3 ms
[1438697789.418487] 64 bytes from aaaa::212:4b00:41e:afc6: icmp_seq=58 ttl=63 time=42.1 ms
[1438697791.385015] no answer yet for icmp_seq=59
[1438697792.392982] no answer yet for icmp_seq=60
[1438697792.791729] 64 bytes from aaaa::212:4b00:41e:afc6: icmp_seq=61 ttl=63 time=398 ms
[1438697794.400973] no answer yet for icmp_seq=62
[1438697795.408926] no answer yet for icmp_seq=63
[1438697795.792338] 64 bytes from aaaa::212:4b00:41e:afc6: icmp_seq=64 ttl=63 time=383 ms
[1438697796.917359] 64 bytes from aaaa::212:4b00:41e:afc6: icmp_seq=65 ttl=63 time=507 ms
[1438697797.542077] 64 bytes from aaaa::212:4b00:41e:afc6: icmp_seq=66 ttl=63 time=131 ms
[1438697798.543119] 64 bytes from aaaa::212:4b00:41e:afc6: icmp_seq=67 ttl=63 time=130 ms
[1438697799.544221] 64 bytes from aaaa::212:4b00:41e:afc6: icmp_seq=68 ttl=63 time=131 ms
[1438697801.420932] no answer yet for icmp_seq=69
[1438697801.543463] 64 bytes from aaaa::212:4b00:41e:afc6: icmp_seq=70 ttl=63 time=122 ms
[1438697802.920936] 64 bytes from aaaa::212:4b00:41e:afc6: icmp_seq=71 ttl=63 time=498 ms
[1438697804.046738] 64 bytes from aaaa::212:4b00:41e:afc6: icmp_seq=72 ttl=63 time=623 ms
[1438697804.545814] 64 bytes from aaaa::212:4b00:41e:afc6: icmp_seq=73 ttl=63 time=122 ms
[1438697805.547685] 64 bytes from aaaa::212:4b00:41e:afc6: icmp_seq=74 ttl=63 time=123 ms
[1438697806.670951] 64 bytes from aaaa::212:4b00:41e:afc6: icmp_seq=75 ttl=63 time=245 ms
[1438697807.545701] 64 bytes from aaaa::212:4b00:41e:afc6: icmp_seq=76 ttl=63 time=118 ms
[1438697808.921648] 64 bytes from aaaa::212:4b00:41e:afc6: icmp_seq=77 ttl=63 time=492 ms
[1438697810.437147] no answer yet for icmp_seq=78
[1438697810.799015] 64 bytes from aaaa::212:4b00:41e:afc6: icmp_seq=79 ttl=63 time=361 ms
[1438697812.438866] no answer yet for icmp_seq=80
[1438697813.438848] no answer yet for icmp_seq=81
[1438697813.548651] 64 bytes from aaaa::212:4b00:41e:afc6: icmp_seq=82 ttl=63 time=109 ms
[1438697814.550290] 64 bytes from aaaa::212:4b00:41e:afc6: icmp_seq=83 ttl=63 time=109 ms
[1438697815.551647] 64 bytes from aaaa::212:4b00:41e:afc6: icmp_seq=84 ttl=63 time=110 ms
[1438697816.548822] 64 bytes from aaaa::212:4b00:41e:afc6: icmp_seq=85 ttl=63 time=106 ms
[1438697818.442849] no answer yet for icmp_seq=86
[1438697819.442861] no answer yet for icmp_seq=87
[1438697819.552774] 64 bytes from aaaa::212:4b00:41e:afc6: icmp_seq=88 ttl=63 time=109 ms
[1438697820.550638] 64 bytes from aaaa::212:4b00:41e:afc6: icmp_seq=89 ttl=63 time=105 ms
[1438697822.453010] no answer yet for icmp_seq=90
[1438697823.461223] no answer yet for icmp_seq=91
[1438697824.171032] 64 bytes from aaaa::212:4b00:41e:afc6: icmp_seq=91 ttl=63 time=1717 ms
[1438697824.461412] no answer yet for icmp_seq=92
[1438697824.796405] 64 bytes from aaaa::212:4b00:41e:afc6: icmp_seq=92 ttl=63 time=1335 ms
[1438697825.046413] 64 bytes from aaaa::212:4b00:41e:afc6: icmp_seq=93 ttl=63 time=584 ms
[1438697825.553740] 64 bytes from aaaa::212:4b00:41e:afc6: icmp_seq=94 ttl=63 time=92.7 ms
[1438697826.802985] 64 bytes from aaaa::212:4b00:41e:afc6: icmp_seq=95 ttl=63 time=340 ms
[1438697827.806984] 64 bytes from aaaa::212:4b00:41e:afc6: icmp_seq=96 ttl=63 time=343 ms
[1438697829.182255] 64 bytes from aaaa::212:4b00:41e:afc6: icmp_seq=97 ttl=63 time=717 ms
[1438697830.055591] 64 bytes from aaaa::212:4b00:41e:afc6: icmp_seq=98 ttl=63 time=590 ms
[1438697830.798996] 64 bytes from aaaa::212:4b00:41e:afc6: icmp_seq=99 ttl=63 time=333 ms

--- aaaa::212:4b00:41e:afc6 ping statistics ---
100 packets transmitted, 75 received, 25% packet loss, time 99216ms
rtt min/avg/max/mdev = 42.078/236.625/1717.895/270.199 ms, pipe 2
PING aaaa::212:4b00:41e:afc6(aaaa::212:4b00:41e:afc6) 56 data bytes
[1438697856.693809] 64 bytes from aaaa::212:4b00:41e:afc6: icmp_seq=1 ttl=63 time=92.9 ms
[1438697857.695301] 64 bytes from aaaa::212:4b00:41e:afc6: icmp_seq=2 ttl=63 time=93.3 ms
[1438697858.943164] 64 bytes from aaaa::212:4b00:41e:afc6: icmp_seq=3 ttl=63 time=339 ms
[1438697859.693647] 64 bytes from aaaa::212:4b00:41e:afc6: icmp_seq=4 ttl=63 time=88.6 ms
[1438697860.695410] 64 bytes from aaaa::212:4b00:41e:afc6: icmp_seq=5 ttl=63 time=88.6 ms
[1438697861.943406] 64 bytes from aaaa::212:4b00:41e:afc6: icmp_seq=6 ttl=63 time=334 ms
[1438697862.693787] 64 bytes from aaaa::212:4b00:41e:afc6: icmp_seq=7 ttl=63 time=84.5 ms
[1438697863.695504] 64 bytes from aaaa::212:4b00:41e:afc6: icmp_seq=8 ttl=63 time=84.5 ms
[1438697865.620935] no answer yet for icmp_seq=9
[1438697866.195264] 64 bytes from aaaa::212:4b00:41e:afc6: icmp_seq=10 ttl=63 time=574 ms
[1438697866.939772] 64 bytes from aaaa::212:4b00:41e:afc6: icmp_seq=11 ttl=63 time=318 ms
[1438697867.697633] 64 bytes from aaaa::212:4b00:41e:afc6: icmp_seq=12 ttl=63 time=75.9 ms
[1438697868.698875] 64 bytes from aaaa::212:4b00:41e:afc6: icmp_seq=13 ttl=63 time=76.1 ms
[1438697869.822887] 64 bytes from aaaa::212:4b00:41e:afc6: icmp_seq=14 ttl=63 time=198 ms
[1438697870.696502] 64 bytes from aaaa::212:4b00:41e:afc6: icmp_seq=15 ttl=63 time=71.6 ms
[1438697871.698494] 64 bytes from aaaa::212:4b00:41e:afc6: icmp_seq=16 ttl=63 time=71.8 ms
[1438697872.700496] 64 bytes from aaaa::212:4b00:41e:afc6: icmp_seq=17 ttl=63 time=71.8 ms
[1438697873.698111] 64 bytes from aaaa::212:4b00:41e:afc6: icmp_seq=18 ttl=63 time=67.4 ms
[1438697874.699973] 64 bytes from aaaa::212:4b00:41e:afc6: icmp_seq=19 ttl=63 time=67.7 ms
[1438697875.701806] 64 bytes from aaaa::212:4b00:41e:afc6: icmp_seq=20 ttl=63 time=67.6 ms
[1438697876.703365] 64 bytes from aaaa::212:4b00:41e:afc6: icmp_seq=21 ttl=63 time=67.4 ms
[1438697877.944497] 64 bytes from aaaa::212:4b00:41e:afc6: icmp_seq=22 ttl=63 time=307 ms
[1438697878.701592] 64 bytes from aaaa::212:4b00:41e:afc6: icmp_seq=23 ttl=63 time=63.2 ms
[1438697879.702251] 64 bytes from aaaa::212:4b00:41e:afc6: icmp_seq=24 ttl=63 time=63.3 ms
[1438697880.702939] 64 bytes from aaaa::212:4b00:41e:afc6: icmp_seq=25 ttl=63 time=63.3 ms
[1438697881.955339] 64 bytes from aaaa::212:4b00:41e:afc6: icmp_seq=26 ttl=63 time=314 ms
[1438697883.648901] no answer yet for icmp_seq=27
[1438697883.828569] 64 bytes from aaaa::212:4b00:41e:afc6: icmp_seq=28 ttl=63 time=179 ms
[1438697884.957538] 64 bytes from aaaa::212:4b00:41e:afc6: icmp_seq=29 ttl=63 time=307 ms
[1438697885.948253] 64 bytes from aaaa::212:4b00:41e:afc6: icmp_seq=30 ttl=63 time=296 ms
[1438697886.707990] 64 bytes from aaaa::212:4b00:41e:afc6: icmp_seq=31 ttl=63 time=54.8 ms
[1438697887.708328] 64 bytes from aaaa::212:4b00:41e:afc6: icmp_seq=32 ttl=63 time=54.9 ms
[1438697889.660905] no answer yet for icmp_seq=33
[1438697889.707828] 64 bytes from aaaa::212:4b00:41e:afc6: icmp_seq=34 ttl=63 time=46.8 ms
[1438697890.705096] 64 bytes from aaaa::212:4b00:41e:afc6: icmp_seq=35 ttl=63 time=42.1 ms
[1438697891.706370] 64 bytes from aaaa::212:4b00:41e:afc6: icmp_seq=36 ttl=63 time=42.1 ms
[1438697893.672912] no answer yet for icmp_seq=37
[1438697894.680946] no answer yet for icmp_seq=38
[1438697895.327337] 64 bytes from aaaa::212:4b00:41e:afc6: icmp_seq=39 ttl=63 time=646 ms
[1438697896.689003] no answer yet for icmp_seq=40
[1438697897.696978] no answer yet for icmp_seq=41
[1438697897.834052] 64 bytes from aaaa::212:4b00:41e:afc6: icmp_seq=40 ttl=63 time=2153 ms
[1438697898.213209] 64 bytes from aaaa::212:4b00:41e:afc6: icmp_seq=41 ttl=63 time=1524 ms
[1438697898.696792] no answer yet for icmp_seq=42
[1438697898.836276] 64 bytes from aaaa::212:4b00:41e:afc6: icmp_seq=43 ttl=63 time=139 ms
[1438697899.837829] 64 bytes from aaaa::212:4b00:41e:afc6: icmp_seq=44 ttl=63 time=139 ms
[1438697900.960922] 64 bytes from aaaa::212:4b00:41e:afc6: icmp_seq=45 ttl=63 time=262 ms
[1438697901.839343] 64 bytes from aaaa::212:4b00:41e:afc6: icmp_seq=46 ttl=63 time=139 ms
[1438697903.708940] no answer yet for icmp_seq=47
[1438697903.840046] 64 bytes from aaaa::212:4b00:41e:afc6: icmp_seq=48 ttl=63 time=131 ms
[1438697904.841188] 64 bytes from aaaa::212:4b00:41e:afc6: icmp_seq=49 ttl=63 time=131 ms
[1438697905.966538] 64 bytes from aaaa::212:4b00:41e:afc6: icmp_seq=50 ttl=63 time=255 ms
[1438697906.839124] 64 bytes from aaaa::212:4b00:41e:afc6: icmp_seq=51 ttl=63 time=126 ms
[1438697908.208321] 64 bytes from aaaa::212:4b00:41e:afc6: icmp_seq=52 ttl=63 time=494 ms
[1438697909.721023] no answer yet for icmp_seq=53
[1438697909.839438] 64 bytes from aaaa::212:4b00:41e:afc6: icmp_seq=54 ttl=63 time=118 ms
[1438697910.840791] 64 bytes from aaaa::212:4b00:41e:afc6: icmp_seq=55 ttl=63 time=118 ms
[1438697912.722975] no answer yet for icmp_seq=56
[1438697912.968017] 64 bytes from aaaa::212:4b00:41e:afc6: icmp_seq=57 ttl=63 time=244 ms
[1438697913.842184] 64 bytes from aaaa::212:4b00:41e:afc6: icmp_seq=58 ttl=63 time=118 ms
[1438697914.843709] 64 bytes from aaaa::212:4b00:41e:afc6: icmp_seq=59 ttl=63 time=118 ms
[1438697916.726876] no answer yet for icmp_seq=60
[1438697917.726868] no answer yet for icmp_seq=61
[1438697918.596037] 64 bytes from aaaa::212:4b00:41e:afc6: icmp_seq=62 ttl=63 time=869 ms
[1438697919.094999] 64 bytes from aaaa::212:4b00:41e:afc6: icmp_seq=63 ttl=63 time=368 ms
[1438697919.845133] 64 bytes from aaaa::212:4b00:41e:afc6: icmp_seq=64 ttl=63 time=118 ms
[1438697921.469140] 64 bytes from aaaa::212:4b00:41e:afc6: icmp_seq=65 ttl=63 time=740 ms
[1438697922.726873] no answer yet for icmp_seq=66
[1438697923.723036] 64 bytes from aaaa::212:4b00:41e:afc6: icmp_seq=67 ttl=63 time=996 ms
[1438697924.733034] no answer yet for icmp_seq=68
[1438697925.740924] no answer yet for icmp_seq=69
[1438697926.098249] 64 bytes from aaaa::212:4b00:41e:afc6: icmp_seq=69 ttl=63 time=1365 ms
[1438697926.347901] 64 bytes from aaaa::212:4b00:41e:afc6: icmp_seq=70 ttl=63 time=606 ms
[1438697927.098259] 64 bytes from aaaa::212:4b00:41e:afc6: icmp_seq=71 ttl=63 time=356 ms
[1438697927.847793] 64 bytes from aaaa::212:4b00:41e:afc6: icmp_seq=72 ttl=63 time=105 ms
[1438697928.849383] 64 bytes from aaaa::212:4b00:41e:afc6: icmp_seq=73 ttl=63 time=105 ms
[1438697929.851100] 64 bytes from aaaa::212:4b00:41e:afc6: icmp_seq=74 ttl=63 time=105 ms
[1438697930.972135] 64 bytes from aaaa::212:4b00:41e:afc6: icmp_seq=75 ttl=63 time=224 ms
[1438697931.849527] 64 bytes from aaaa::212:4b00:41e:afc6: icmp_seq=76 ttl=63 time=101 ms
[1438697933.756927] no answer yet for icmp_seq=77
[1438697934.764912] no answer yet for icmp_seq=78
[1438697934.849649] 64 bytes from aaaa::212:4b00:41e:afc6: icmp_seq=79 ttl=63 time=84.4 ms
[1438697935.851235] 64 bytes from aaaa::212:4b00:41e:afc6: icmp_seq=80 ttl=63 time=84.5 ms
[1438697937.094311] 64 bytes from aaaa::212:4b00:41e:afc6: icmp_seq=81 ttl=63 time=325 ms
[1438697938.776948] no answer yet for icmp_seq=82
[1438697938.853596] 64 bytes from aaaa::212:4b00:41e:afc6: icmp_seq=83 ttl=63 time=76.5 ms
[1438697939.917722] 64 bytes from aaaa::212:4b00:41e:afc6: icmp_seq=84 ttl=63 time=139 ms
[1438697940.979820] 64 bytes from aaaa::212:4b00:41e:afc6: icmp_seq=85 ttl=63 time=200 ms
[1438697941.852768] 64 bytes from aaaa::212:4b00:41e:afc6: icmp_seq=86 ttl=63 time=71.9 ms
[1438697942.853742] 64 bytes from aaaa::212:4b00:41e:afc6: icmp_seq=87 ttl=63 time=71.8 ms
[1438697943.855750] 64 bytes from aaaa::212:4b00:41e:afc6: icmp_seq=88 ttl=63 time=71.8 ms
[1438697944.857718] 64 bytes from aaaa::212:4b00:41e:afc6: icmp_seq=89 ttl=63 time=71.8 ms
[1438697946.786871] no answer yet for icmp_seq=90
[1438697946.854548] 64 bytes from aaaa::212:4b00:41e:afc6: icmp_seq=91 ttl=63 time=67.5 ms
[1438697947.856712] 64 bytes from aaaa::212:4b00:41e:afc6: icmp_seq=92 ttl=63 time=68.0 ms
[1438697949.483451] 64 bytes from aaaa::212:4b00:41e:afc6: icmp_seq=93 ttl=63 time=693 ms
[1438697949.857835] 64 bytes from aaaa::212:4b00:41e:afc6: icmp_seq=94 ttl=63 time=68.1 ms
[1438697951.359099] 64 bytes from aaaa::212:4b00:41e:afc6: icmp_seq=95 ttl=63 time=568 ms
[1438697951.856968] 64 bytes from aaaa::212:4b00:41e:afc6: icmp_seq=96 ttl=63 time=67.4 ms
[1438697953.790875] no answer yet for icmp_seq=97
[1438697954.790859] no answer yet for icmp_seq=98
[1438697954.858453] 64 bytes from aaaa::212:4b00:41e:afc6: icmp_seq=99 ttl=63 time=67.4 ms
[1438697955.860189] 64 bytes from aaaa::212:4b00:41e:afc6: icmp_seq=100 ttl=63 time=67.6 ms

--- aaaa::212:4b00:41e:afc6 ping statistics ---
100 packets transmitted, 81 received, 19% packet loss, time 99191ms
rtt min/avg/max/mdev = 42.145/253.907/2153.216/349.936 ms, pipe 3
PING aaaa::212:4b00:41e:afc6(aaaa::212:4b00:41e:afc6) 56 data bytes
[1438697983.872435] 64 bytes from aaaa::212:4b00:41e:afc6: icmp_seq=1 ttl=63 time=558 ms
[1438697984.373679] 64 bytes from aaaa::212:4b00:41e:afc6: icmp_seq=2 ttl=63 time=58.9 ms
[1438697985.374894] 64 bytes from aaaa::212:4b00:41e:afc6: icmp_seq=3 ttl=63 time=59.0 ms
[1438697987.325005] no answer yet for icmp_seq=4
[1438697987.376160] 64 bytes from aaaa::212:4b00:41e:afc6: icmp_seq=5 ttl=63 time=51.0 ms
[1438697988.372786] 64 bytes from aaaa::212:4b00:41e:afc6: icmp_seq=6 ttl=63 time=46.4 ms
[1438697990.326859] no answer yet for icmp_seq=7
[1438697991.326872] no answer yet for icmp_seq=8
[1438697991.377632] 64 bytes from aaaa::212:4b00:41e:afc6: icmp_seq=9 ttl=63 time=50.6 ms
[1438697992.375107] 64 bytes from aaaa::212:4b00:41e:afc6: icmp_seq=10 ttl=63 time=46.9 ms
[1438697993.376166] 64 bytes from aaaa::212:4b00:41e:afc6: icmp_seq=11 ttl=63 time=46.8 ms
[1438697994.377768] 64 bytes from aaaa::212:4b00:41e:afc6: icmp_seq=12 ttl=63 time=46.4 ms
[1438697995.379758] 64 bytes from aaaa::212:4b00:41e:afc6: icmp_seq=13 ttl=63 time=46.8 ms
[1438697996.376894] 64 bytes from aaaa::212:4b00:41e:afc6: icmp_seq=14 ttl=63 time=42.5 ms
[1438697997.500950] 64 bytes from aaaa::212:4b00:41e:afc6: icmp_seq=15 ttl=63 time=164 ms
[1438697999.345029] no answer yet for icmp_seq=16
[1438697999.881453] 64 bytes from aaaa::212:4b00:41e:afc6: icmp_seq=16 ttl=63 time=1545 ms
[1438698000.346001] no answer yet for icmp_seq=17
[1438698000.506008] 64 bytes from aaaa::212:4b00:41e:afc6: icmp_seq=17 ttl=63 time=1160 ms
[1438698000.879747] 64 bytes from aaaa::212:4b00:41e:afc6: icmp_seq=18 ttl=63 time=533 ms
[1438698001.881613] 64 bytes from aaaa::212:4b00:41e:afc6: icmp_seq=19 ttl=63 time=534 ms
[1438698003.130877] 64 bytes from aaaa::212:4b00:41e:afc6: icmp_seq=20 ttl=63 time=782 ms
[1438698004.130262] 64 bytes from aaaa::212:4b00:41e:afc6: icmp_seq=21 ttl=63 time=781 ms
[1438698004.633380] 64 bytes from aaaa::212:4b00:41e:afc6: icmp_seq=22 ttl=63 time=285 ms
[1438698005.505991] 64 bytes from aaaa::212:4b00:41e:afc6: icmp_seq=23 ttl=63 time=156 ms
[1438698006.633134] 64 bytes from aaaa::212:4b00:41e:afc6: icmp_seq=24 ttl=63 time=282 ms
[1438698007.875764] 64 bytes from aaaa::212:4b00:41e:afc6: icmp_seq=25 ttl=63 time=523 ms
[1438698008.509734] 64 bytes from aaaa::212:4b00:41e:afc6: icmp_seq=26 ttl=63 time=156 ms
[1438698009.507609] 64 bytes from aaaa::212:4b00:41e:afc6: icmp_seq=27 ttl=63 time=152 ms
[1438698010.632354] 64 bytes from aaaa::212:4b00:41e:afc6: icmp_seq=28 ttl=63 time=275 ms
[1438698011.510622] 64 bytes from aaaa::212:4b00:41e:afc6: icmp_seq=29 ttl=63 time=152 ms
[1438698012.511724] 64 bytes from aaaa::212:4b00:41e:afc6: icmp_seq=30 ttl=63 time=152 ms
[1438698013.752988] 64 bytes from aaaa::212:4b00:41e:afc6: icmp_seq=31 ttl=63 time=392 ms
[1438698014.509840] 64 bytes from aaaa::212:4b00:41e:afc6: icmp_seq=32 ttl=63 time=148 ms
[1438698015.510980] 64 bytes from aaaa::212:4b00:41e:afc6: icmp_seq=33 ttl=63 time=148 ms
[1438698016.762592] 64 bytes from aaaa::212:4b00:41e:afc6: icmp_seq=34 ttl=63 time=398 ms
[1438698017.513849] 64 bytes from aaaa::212:4b00:41e:afc6: icmp_seq=35 ttl=63 time=148 ms
[1438698018.514606] 64 bytes from aaaa::212:4b00:41e:afc6: icmp_seq=36 ttl=63 time=148 ms
[1438698019.511611] 64 bytes from aaaa::212:4b00:41e:afc6: icmp_seq=37 ttl=63 time=144 ms
[1438698020.763987] 64 bytes from aaaa::212:4b00:41e:afc6: icmp_seq=38 ttl=63 time=395 ms
[1438698021.513584] 64 bytes from aaaa::212:4b00:41e:afc6: icmp_seq=39 ttl=63 time=143 ms
[1438698022.516102] 64 bytes from aaaa::212:4b00:41e:afc6: icmp_seq=40 ttl=63 time=144 ms
[1438698023.516834] 64 bytes from aaaa::212:4b00:41e:afc6: icmp_seq=41 ttl=63 time=143 ms
[1438698025.374859] no answer yet for icmp_seq=42
[1438698025.514751] 64 bytes from aaaa::212:4b00:41e:afc6: icmp_seq=43 ttl=63 time=139 ms
[1438698026.516437] 64 bytes from aaaa::212:4b00:41e:afc6: icmp_seq=44 ttl=63 time=139 ms
[1438698027.518087] 64 bytes from aaaa::212:4b00:41e:afc6: icmp_seq=45 ttl=63 time=139 ms
[1438698028.519816] 64 bytes from aaaa::212:4b00:41e:afc6: icmp_seq=46 ttl=63 time=139 ms
[1438698030.389010] no answer yet for icmp_seq=47
[1438698031.396989] no answer yet for icmp_seq=48
[1438698031.520009] 64 bytes from aaaa::212:4b00:41e:afc6: icmp_seq=49 ttl=63 time=122 ms
[1438698032.517076] 64 bytes from aaaa::212:4b00:41e:afc6: icmp_seq=50 ttl=63 time=118 ms
[1438698033.518189] 64 bytes from aaaa::212:4b00:41e:afc6: icmp_seq=51 ttl=63 time=119 ms
[1438698034.519027] 64 bytes from aaaa::212:4b00:41e:afc6: icmp_seq=52 ttl=63 time=118 ms
[1438698036.408867] no answer yet for icmp_seq=53
[1438698037.416889] no answer yet for icmp_seq=54
[1438698037.646072] 64 bytes from aaaa::212:4b00:41e:afc6: icmp_seq=55 ttl=63 time=229 ms
[1438698039.143761] 64 bytes from aaaa::212:4b00:41e:afc6: icmp_seq=56 ttl=63 time=725 ms
[1438698040.268801] 64 bytes from aaaa::212:4b00:41e:afc6: icmp_seq=57 ttl=63 time=850 ms
[1438698040.519823] 64 bytes from aaaa::212:4b00:41e:afc6: icmp_seq=58 ttl=63 time=101 ms
[1438698041.521411] 64 bytes from aaaa::212:4b00:41e:afc6: icmp_seq=59 ttl=63 time=101 ms
[1438698043.428928] no answer yet for icmp_seq=60
[1438698044.398679] 64 bytes from aaaa::212:4b00:41e:afc6: icmp_seq=61 ttl=63 time=969 ms
[1438698044.522051] 64 bytes from aaaa::212:4b00:41e:afc6: icmp_seq=62 ttl=63 time=93.1 ms
[1438698046.436943] no answer yet for icmp_seq=63
[1438698046.649995] 64 bytes from aaaa::212:4b00:41e:afc6: icmp_seq=64 ttl=63 time=212 ms
[1438698047.773845] 64 bytes from aaaa::212:4b00:41e:afc6: icmp_seq=65 ttl=63 time=335 ms
[1438698048.523544] 64 bytes from aaaa::212:4b00:41e:afc6: icmp_seq=66 ttl=63 time=84.8 ms
[1438698049.524898] 64 bytes from aaaa::212:4b00:41e:afc6: icmp_seq=67 ttl=63 time=84.7 ms
[1438698050.526906] 64 bytes from aaaa::212:4b00:41e:afc6: icmp_seq=68 ttl=63 time=84.6 ms
[1438698051.899169] 64 bytes from aaaa::212:4b00:41e:afc6: icmp_seq=69 ttl=63 time=456 ms
[1438698052.524612] 64 bytes from aaaa::212:4b00:41e:afc6: icmp_seq=70 ttl=63 time=80.6 ms
[1438698053.526090] 64 bytes from aaaa::212:4b00:41e:afc6: icmp_seq=71 ttl=63 time=80.3 ms
[1438698054.527695] 64 bytes from aaaa::212:4b00:41e:afc6: icmp_seq=72 ttl=63 time=80.4 ms
[1438698056.457013] no answer yet for icmp_seq=73
[1438698056.902020] 64 bytes from aaaa::212:4b00:41e:afc6: icmp_seq=74 ttl=63 time=444 ms
[1438698057.529546] 64 bytes from aaaa::212:4b00:41e:afc6: icmp_seq=75 ttl=63 time=72.0 ms
[1438698059.464958] no answer yet for icmp_seq=76
[1438698060.472946] no answer yet for icmp_seq=77
[1438698060.528111] 64 bytes from aaaa::212:4b00:41e:afc6: icmp_seq=78 ttl=63 time=54.9 ms
[1438698061.529315] 64 bytes from aaaa::212:4b00:41e:afc6: icmp_seq=79 ttl=63 time=55.0 ms
[1438698063.278156] 64 bytes from aaaa::212:4b00:41e:afc6: icmp_seq=80 ttl=63 time=802 ms
[1438698063.531062] 64 bytes from aaaa::212:4b00:41e:afc6: icmp_seq=81 ttl=63 time=55.4 ms
[1438698064.527782] 64 bytes from aaaa::212:4b00:41e:afc6: icmp_seq=82 ttl=63 time=50.6 ms
[1438698066.478916] no answer yet for icmp_seq=83
[1438698066.529768] 64 bytes from aaaa::212:4b00:41e:afc6: icmp_seq=84 ttl=63 time=50.7 ms
[1438698067.774089] 64 bytes from aaaa::212:4b00:41e:afc6: icmp_seq=85 ttl=63 time=293 ms
[1438698068.532681] 64 bytes from aaaa::212:4b00:41e:afc6: icmp_seq=86 ttl=63 time=50.6 ms
[1438698069.529342] 64 bytes from aaaa::212:4b00:41e:afc6: icmp_seq=87 ttl=63 time=46.4 ms
[1438698071.492963] no answer yet for icmp_seq=88
[1438698072.035012] 64 bytes from aaaa::212:4b00:41e:afc6: icmp_seq=89 ttl=63 time=541 ms
[1438698073.500974] no answer yet for icmp_seq=90
[1438698074.509037] no answer yet for icmp_seq=91
[1438698075.157195] 64 bytes from aaaa::212:4b00:41e:afc6: icmp_seq=92 ttl=63 time=648 ms
[1438698076.517036] no answer yet for icmp_seq=93
[1438698077.524985] no answer yet for icmp_seq=94
[1438698077.784250] 64 bytes from aaaa::212:4b00:41e:afc6: icmp_seq=95 ttl=63 time=259 ms
[1438698078.658023] 64 bytes from aaaa::212:4b00:41e:afc6: icmp_seq=96 ttl=63 time=131 ms
[1438698080.033297] 64 bytes from aaaa::212:4b00:41e:afc6: icmp_seq=97 ttl=63 time=505 ms
[1438698081.536956] no answer yet for icmp_seq=98
[1438698081.911166] 64 bytes from aaaa::212:4b00:41e:afc6: icmp_seq=99 ttl=63 time=374 ms
[1438698082.789386] 64 bytes from aaaa::212:4b00:41e:afc6: icmp_seq=100 ttl=63 time=251 ms

--- aaaa::212:4b00:41e:afc6 ping statistics ---
100 packets transmitted, 80 received, 20% packet loss, time 99224ms
rtt min/avg/max/mdev = 42.550/266.894/1545.222/284.829 ms, pipe 2
PING aaaa::212:4b00:41e:afc6(aaaa::212:4b00:41e:afc6) 56 data bytes
[1438698117.301860] 64 bytes from aaaa::212:4b00:41e:afc6: icmp_seq=1 ttl=63 time=59.1 ms
[1438698118.303587] 64 bytes from aaaa::212:4b00:41e:afc6: icmp_seq=2 ttl=63 time=59.5 ms
[1438698120.252989] no answer yet for icmp_seq=3
[1438698120.372825] 64 bytes from aaaa::212:4b00:41e:afc6: icmp_seq=4 ttl=63 time=119 ms
[1438698122.254822] no answer yet for icmp_seq=5
[1438698123.254798] no answer yet for icmp_seq=6
[1438698123.305777] 64 bytes from aaaa::212:4b00:41e:afc6: icmp_seq=7 ttl=63 time=50.8 ms
[1438698124.306836] 64 bytes from aaaa::212:4b00:41e:afc6: icmp_seq=8 ttl=63 time=50.7 ms
[1438698126.264936] no answer yet for icmp_seq=9
[1438698126.307256] 64 bytes from aaaa::212:4b00:41e:afc6: icmp_seq=10 ttl=63 time=42.2 ms
[1438698127.553497] 64 bytes from aaaa::212:4b00:41e:afc6: icmp_seq=11 ttl=63 time=287 ms
[1438698128.558845] 64 bytes from aaaa::212:4b00:41e:afc6: icmp_seq=12 ttl=63 time=291 ms
[1438698130.277014] no answer yet for icmp_seq=13
[1438698130.434256] 64 bytes from aaaa::212:4b00:41e:afc6: icmp_seq=14 ttl=63 time=157 ms
[1438698131.435230] 64 bytes from aaaa::212:4b00:41e:afc6: icmp_seq=15 ttl=63 time=156 ms
[1438698132.431833] 64 bytes from aaaa::212:4b00:41e:afc6: icmp_seq=16 ttl=63 time=152 ms
[1438698134.288989] no answer yet for icmp_seq=17
[1438698134.520724] 64 bytes from aaaa::212:4b00:41e:afc6: icmp_seq=18 ttl=63 time=231 ms
[1438698135.685811] 64 bytes from aaaa::212:4b00:41e:afc6: icmp_seq=19 ttl=63 time=395 ms
[1438698136.435804] 64 bytes from aaaa::212:4b00:41e:afc6: icmp_seq=20 ttl=63 time=144 ms
[1438698138.300971] no answer yet for icmp_seq=21
[1438698138.497765] 64 bytes from aaaa::212:4b00:41e:afc6: icmp_seq=21 ttl=63 time=1204 ms
[1438698138.687791] 64 bytes from aaaa::212:4b00:41e:afc6: icmp_seq=22 ttl=63 time=386 ms
[1438698139.438912] 64 bytes from aaaa::212:4b00:41e:afc6: icmp_seq=23 ttl=63 time=136 ms
[1438698141.312945] no answer yet for icmp_seq=24
[1438698142.320930] no answer yet for icmp_seq=25
[1438698143.328891] no answer yet for icmp_seq=26
[1438698143.439262] 64 bytes from aaaa::212:4b00:41e:afc6: icmp_seq=27 ttl=63 time=110 ms
[1438698145.336949] no answer yet for icmp_seq=28
[1438698146.344958] no answer yet for icmp_seq=29
[1438698146.438367] 64 bytes from aaaa::212:4b00:41e:afc6: icmp_seq=30 ttl=63 time=93.2 ms
[1438698148.352983] no answer yet for icmp_seq=31
[1438698148.442240] 64 bytes from aaaa::212:4b00:41e:afc6: icmp_seq=31 ttl=63 time=1095 ms
[1438698149.354284] no answer yet for icmp_seq=32
[1438698149.815440] 64 bytes from aaaa::212:4b00:41e:afc6: icmp_seq=32 ttl=63 time=1462 ms
[1438698150.192465] 64 bytes from aaaa::212:4b00:41e:afc6: icmp_seq=33 ttl=63 time=838 ms
[1438698150.442753] 64 bytes from aaaa::212:4b00:41e:afc6: icmp_seq=34 ttl=63 time=88.9 ms
[1438698151.693191] 64 bytes from aaaa::212:4b00:41e:afc6: icmp_seq=35 ttl=63 time=338 ms
[1438698152.810680] 64 bytes from aaaa::212:4b00:41e:afc6: icmp_seq=36 ttl=63 time=454 ms
[1438698153.442192] 64 bytes from aaaa::212:4b00:41e:afc6: icmp_seq=37 ttl=63 time=85.2 ms
[1438698154.944429] 64 bytes from aaaa::212:4b00:41e:afc6: icmp_seq=38 ttl=63 time=586 ms
[1438698155.443702] 64 bytes from aaaa::212:4b00:41e:afc6: icmp_seq=39 ttl=63 time=84.6 ms
[1438698156.445546] 64 bytes from aaaa::212:4b00:41e:afc6: icmp_seq=40 ttl=63 time=84.7 ms
[1438698157.695163] 64 bytes from aaaa::212:4b00:41e:afc6: icmp_seq=41 ttl=63 time=332 ms
[1438698159.373011] no answer yet for icmp_seq=42
[1438698160.381015] no answer yet for icmp_seq=43
[1438698160.444628] 64 bytes from aaaa::212:4b00:41e:afc6: icmp_seq=44 ttl=63 time=63.4 ms
[1438698161.446242] 64 bytes from aaaa::212:4b00:41e:afc6: icmp_seq=45 ttl=63 time=63.4 ms
[1438698162.447774] 64 bytes from aaaa::212:4b00:41e:afc6: icmp_seq=46 ttl=63 time=63.4 ms
[1438698163.445147] 64 bytes from aaaa::212:4b00:41e:afc6: icmp_seq=47 ttl=63 time=59.2 ms
[1438698164.696208] 64 bytes from aaaa::212:4b00:41e:afc6: icmp_seq=48 ttl=63 time=309 ms
[1438698165.447348] 64 bytes from aaaa::212:4b00:41e:afc6: icmp_seq=49 ttl=63 time=59.2 ms
[1438698166.448594] 64 bytes from aaaa::212:4b00:41e:afc6: icmp_seq=50 ttl=63 time=59.1 ms
[1438698168.396940] no answer yet for icmp_seq=51
[1438698168.576103] 64 bytes from aaaa::212:4b00:41e:afc6: icmp_seq=52 ttl=63 time=179 ms
[1438698169.699181] 64 bytes from aaaa::212:4b00:41e:afc6: icmp_seq=53 ttl=63 time=300 ms
[1438698170.446578] 64 bytes from aaaa::212:4b00:41e:afc6: icmp_seq=54 ttl=63 time=46.5 ms
[1438698172.408950] no answer yet for icmp_seq=55
[1438698172.451276] 64 bytes from aaaa::212:4b00:41e:afc6: icmp_seq=56 ttl=63 time=42.2 ms
[1438698173.949711] 64 bytes from aaaa::212:4b00:41e:afc6: icmp_seq=57 ttl=63 time=539 ms
[1438698174.700108] 64 bytes from aaaa::212:4b00:41e:afc6: icmp_seq=58 ttl=63 time=288 ms
[1438698175.574286] 64 bytes from aaaa::212:4b00:41e:afc6: icmp_seq=59 ttl=63 time=161 ms
[1438698176.576507] 64 bytes from aaaa::212:4b00:41e:afc6: icmp_seq=60 ttl=63 time=162 ms
[1438698177.576779] 64 bytes from aaaa::212:4b00:41e:afc6: icmp_seq=61 ttl=63 time=161 ms
[1438698178.578527] 64 bytes from aaaa::212:4b00:41e:afc6: icmp_seq=62 ttl=63 time=161 ms
[1438698180.424989] no answer yet for icmp_seq=63
[1438698180.702246] 64 bytes from aaaa::212:4b00:41e:afc6: icmp_seq=64 ttl=63 time=277 ms
[1438698181.579016] 64 bytes from aaaa::212:4b00:41e:afc6: icmp_seq=65 ttl=63 time=152 ms
[1438698182.580878] 64 bytes from aaaa::212:4b00:41e:afc6: icmp_seq=66 ttl=63 time=152 ms
[1438698183.707475] 64 bytes from aaaa::212:4b00:41e:afc6: icmp_seq=67 ttl=63 time=277 ms
[1438698184.703650] 64 bytes from aaaa::212:4b00:41e:afc6: icmp_seq=68 ttl=63 time=272 ms
[1438698185.581137] 64 bytes from aaaa::212:4b00:41e:afc6: icmp_seq=69 ttl=63 time=148 ms
[1438698187.440950] no answer yet for icmp_seq=70
[1438698187.580999] 64 bytes from aaaa::212:4b00:41e:afc6: icmp_seq=71 ttl=63 time=139 ms
[1438698188.582125] 64 bytes from aaaa::212:4b00:41e:afc6: icmp_seq=72 ttl=63 time=140 ms
[1438698189.831996] 64 bytes from aaaa::212:4b00:41e:afc6: icmp_seq=73 ttl=63 time=388 ms
[1438698190.581019] 64 bytes from aaaa::212:4b00:41e:afc6: icmp_seq=74 ttl=63 time=136 ms
[1438698191.707614] 64 bytes from aaaa::212:4b00:41e:afc6: icmp_seq=75 ttl=63 time=261 ms
[1438698193.446831] no answer yet for icmp_seq=76
[1438698193.582745] 64 bytes from aaaa::212:4b00:41e:afc6: icmp_seq=77 ttl=63 time=135 ms
[1438698195.456950] no answer yet for icmp_seq=78
[1438698195.826242] 64 bytes from aaaa::212:4b00:41e:afc6: icmp_seq=79 ttl=63 time=369 ms
[1438698196.585772] 64 bytes from aaaa::212:4b00:41e:afc6: icmp_seq=80 ttl=63 time=127 ms
[1438698197.583376] 64 bytes from aaaa::212:4b00:41e:afc6: icmp_seq=81 ttl=63 time=123 ms
[1438698198.584346] 64 bytes from aaaa::212:4b00:41e:afc6: icmp_seq=82 ttl=63 time=122 ms
[1438698200.468998] no answer yet for icmp_seq=83
[1438698201.085430] 64 bytes from aaaa::212:4b00:41e:afc6: icmp_seq=84 ttl=63 time=616 ms
[1438698201.711737] 64 bytes from aaaa::212:4b00:41e:afc6: icmp_seq=85 ttl=63 time=242 ms
[1438698202.829109] 64 bytes from aaaa::212:4b00:41e:afc6: icmp_seq=86 ttl=63 time=358 ms
[1438698203.586964] 64 bytes from aaaa::212:4b00:41e:afc6: icmp_seq=87 ttl=63 time=115 ms
[1438698204.587769] 64 bytes from aaaa::212:4b00:41e:afc6: icmp_seq=88 ttl=63 time=114 ms
[1438698205.589355] 64 bytes from aaaa::212:4b00:41e:afc6: icmp_seq=89 ttl=63 time=114 ms
[1438698206.586464] 64 bytes from aaaa::212:4b00:41e:afc6: icmp_seq=90 ttl=63 time=110 ms
[1438698207.715100] 64 bytes from aaaa::212:4b00:41e:afc6: icmp_seq=91 ttl=63 time=237 ms
[1438698208.589168] 64 bytes from aaaa::212:4b00:41e:afc6: icmp_seq=92 ttl=63 time=110 ms
[1438698209.673962] 64 bytes from aaaa::212:4b00:41e:afc6: icmp_seq=93 ttl=63 time=193 ms
[1438698210.840397] 64 bytes from aaaa::212:4b00:41e:afc6: icmp_seq=94 ttl=63 time=358 ms
[1438698211.589200] 64 bytes from aaaa::212:4b00:41e:afc6: icmp_seq=95 ttl=63 time=105 ms
[1438698212.834328] 64 bytes from aaaa::212:4b00:41e:afc6: icmp_seq=96 ttl=63 time=349 ms
[1438698214.493024] no answer yet for icmp_seq=97
[1438698214.590715] 64 bytes from aaaa::212:4b00:41e:afc6: icmp_seq=98 ttl=63 time=97.4 ms
[1438698215.842957] 64 bytes from aaaa::212:4b00:41e:afc6: icmp_seq=99 ttl=63 time=348 ms
[1438698216.593198] 64 bytes from aaaa::212:4b00:41e:afc6: icmp_seq=100 ttl=63 time=97.4 ms

--- aaaa::212:4b00:41e:afc6 ping statistics ---
100 packets transmitted, 79 received, 21% packet loss, time 99253ms
rtt min/avg/max/mdev = 42.225/241.759/1462.362/251.443 ms, pipe 2
PING aaaa::212:4b00:41e:afc6(aaaa::212:4b00:41e:afc6) 56 data bytes
[1438698266.490755] 64 bytes from aaaa::212:4b00:41e:afc6: icmp_seq=1 ttl=63 time=110 ms
[1438698267.487893] 64 bytes from aaaa::212:4b00:41e:afc6: icmp_seq=2 ttl=63 time=106 ms
[1438698268.488894] 64 bytes from aaaa::212:4b00:41e:afc6: icmp_seq=3 ttl=63 time=105 ms
[1438698269.734651] 64 bytes from aaaa::212:4b00:41e:afc6: icmp_seq=4 ttl=63 time=350 ms
[1438698271.392961] no answer yet for icmp_seq=5
[1438698272.400982] no answer yet for icmp_seq=6
[1438698272.506399] 64 bytes from aaaa::212:4b00:41e:afc6: icmp_seq=7 ttl=63 time=105 ms
[1438698274.408919] no answer yet for icmp_seq=8
[1438698275.416929] no answer yet for icmp_seq=9
[1438698275.493247] 64 bytes from aaaa::212:4b00:41e:afc6: icmp_seq=10 ttl=63 time=76.2 ms
[1438698277.424974] no answer yet for icmp_seq=11
[1438698277.736610] 64 bytes from aaaa::212:4b00:41e:afc6: icmp_seq=12 ttl=63 time=311 ms
[1438698278.494378] 64 bytes from aaaa::212:4b00:41e:afc6: icmp_seq=13 ttl=63 time=67.8 ms
[1438698279.496153] 64 bytes from aaaa::212:4b00:41e:afc6: icmp_seq=14 ttl=63 time=67.7 ms
[1438698280.738466] 64 bytes from aaaa::212:4b00:41e:afc6: icmp_seq=15 ttl=63 time=308 ms
[1438698281.494512] 64 bytes from aaaa::212:4b00:41e:afc6: icmp_seq=16 ttl=63 time=63.4 ms
[1438698282.495991] 64 bytes from aaaa::212:4b00:41e:afc6: icmp_seq=17 ttl=63 time=63.4 ms
[1438698283.497555] 64 bytes from aaaa::212:4b00:41e:afc6: icmp_seq=18 ttl=63 time=63.4 ms
[1438698285.434884] no answer yet for icmp_seq=19
[1438698286.434794] no answer yet for icmp_seq=20
[1438698286.493981] 64 bytes from aaaa::212:4b00:41e:afc6: icmp_seq=21 ttl=63 time=59.1 ms
[1438698287.622235] 64 bytes from aaaa::212:4b00:41e:afc6: icmp_seq=22 ttl=63 time=186 ms
[1438698288.496364] 64 bytes from aaaa::212:4b00:41e:afc6: icmp_seq=23 ttl=63 time=59.1 ms
[1438698289.497623] 64 bytes from aaaa::212:4b00:41e:afc6: icmp_seq=24 ttl=63 time=59.1 ms
[1438698290.514372] 64 bytes from aaaa::212:4b00:41e:afc6: icmp_seq=25 ttl=63 time=74.5 ms
[1438698291.500614] 64 bytes from aaaa::212:4b00:41e:afc6: icmp_seq=26 ttl=63 time=59.1 ms
[1438698292.563592] 64 bytes from aaaa::212:4b00:41e:afc6: icmp_seq=27 ttl=63 time=120 ms
[1438698293.743263] 64 bytes from aaaa::212:4b00:41e:afc6: icmp_seq=28 ttl=63 time=298 ms
[1438698294.750316] 64 bytes from aaaa::212:4b00:41e:afc6: icmp_seq=29 ttl=63 time=304 ms
[1438698295.502084] 64 bytes from aaaa::212:4b00:41e:afc6: icmp_seq=30 ttl=63 time=54.9 ms
[1438698296.744684] 64 bytes from aaaa::212:4b00:41e:afc6: icmp_seq=31 ttl=63 time=296 ms
[1438698297.500736] 64 bytes from aaaa::212:4b00:41e:afc6: icmp_seq=32 ttl=63 time=51.2 ms
[1438698298.501495] 64 bytes from aaaa::212:4b00:41e:afc6: icmp_seq=33 ttl=63 time=50.6 ms
[1438698300.460938] no answer yet for icmp_seq=34
[1438698300.503173] 64 bytes from aaaa::212:4b00:41e:afc6: icmp_seq=35 ttl=63 time=42.1 ms
[1438698301.505241] 64 bytes from aaaa::212:4b00:41e:afc6: icmp_seq=36 ttl=63 time=42.9 ms
[1438698302.504943] 64 bytes from aaaa::212:4b00:41e:afc6: icmp_seq=37 ttl=63 time=42.5 ms
[1438698303.747481] 64 bytes from aaaa::212:4b00:41e:afc6: icmp_seq=38 ttl=63 time=283 ms
[1438698304.507853] 64 bytes from aaaa::212:4b00:41e:afc6: icmp_seq=39 ttl=63 time=42.5 ms
[1438698306.255789] 64 bytes from aaaa::212:4b00:41e:afc6: icmp_seq=40 ttl=63 time=788 ms
[1438698306.628477] 64 bytes from aaaa::212:4b00:41e:afc6: icmp_seq=41 ttl=63 time=161 ms
[1438698308.476900] no answer yet for icmp_seq=42
[1438698308.881402] 64 bytes from aaaa::212:4b00:41e:afc6: icmp_seq=43 ttl=63 time=404 ms
[1438698309.637382] 64 bytes from aaaa::212:4b00:41e:afc6: icmp_seq=44 ttl=63 time=159 ms
[1438698310.632166] 64 bytes from aaaa::212:4b00:41e:afc6: icmp_seq=45 ttl=63 time=152 ms
[1438698312.012855] 64 bytes from aaaa::212:4b00:41e:afc6: icmp_seq=46 ttl=63 time=531 ms
[1438698312.634317] 64 bytes from aaaa::212:4b00:41e:afc6: icmp_seq=47 ttl=63 time=152 ms
[1438698313.635974] 64 bytes from aaaa::212:4b00:41e:afc6: icmp_seq=48 ttl=63 time=152 ms
[1438698315.492928] no answer yet for icmp_seq=49
[1438698316.501029] no answer yet for icmp_seq=50
[1438698317.508944] no answer yet for icmp_seq=51
[1438698317.758358] 64 bytes from aaaa::212:4b00:41e:afc6: icmp_seq=52 ttl=63 time=249 ms
[1438698318.637467] 64 bytes from aaaa::212:4b00:41e:afc6: icmp_seq=53 ttl=63 time=127 ms
[1438698319.638707] 64 bytes from aaaa::212:4b00:41e:afc6: icmp_seq=54 ttl=63 time=127 ms
[1438698320.763243] 64 bytes from aaaa::212:4b00:41e:afc6: icmp_seq=55 ttl=63 time=250 ms
[1438698321.636640] 64 bytes from aaaa::212:4b00:41e:afc6: icmp_seq=56 ttl=63 time=123 ms
[1438698322.699075] 64 bytes from aaaa::212:4b00:41e:afc6: icmp_seq=57 ttl=63 time=184 ms
[1438698324.524874] no answer yet for icmp_seq=58
[1438698324.881647] 64 bytes from aaaa::212:4b00:41e:afc6: icmp_seq=59 ttl=63 time=356 ms
[1438698326.138848] 64 bytes from aaaa::212:4b00:41e:afc6: icmp_seq=60 ttl=63 time=612 ms
[1438698326.892827] 64 bytes from aaaa::212:4b00:41e:afc6: icmp_seq=61 ttl=63 time=366 ms
[1438698327.642171] 64 bytes from aaaa::212:4b00:41e:afc6: icmp_seq=62 ttl=63 time=114 ms
[1438698329.536930] no answer yet for icmp_seq=63
[1438698329.638679] 64 bytes from aaaa::212:4b00:41e:afc6: icmp_seq=64 ttl=63 time=101 ms
[1438698331.544989] no answer yet for icmp_seq=65
[1438698331.642396] 64 bytes from aaaa::212:4b00:41e:afc6: icmp_seq=66 ttl=63 time=97.3 ms
[1438698332.760461] 64 bytes from aaaa::212:4b00:41e:afc6: icmp_seq=67 ttl=63 time=214 ms
[1438698333.769177] 64 bytes from aaaa::212:4b00:41e:afc6: icmp_seq=68 ttl=63 time=222 ms
[1438698334.641280] 64 bytes from aaaa::212:4b00:41e:afc6: icmp_seq=69 ttl=63 time=93.1 ms
[1438698335.642681] 64 bytes from aaaa::212:4b00:41e:afc6: icmp_seq=70 ttl=63 time=93.3 ms
[1438698336.644665] 64 bytes from aaaa::212:4b00:41e:afc6: icmp_seq=71 ttl=63 time=93.7 ms
[1438698337.645913] 64 bytes from aaaa::212:4b00:41e:afc6: icmp_seq=72 ttl=63 time=93.1 ms
[1438698338.647029] 64 bytes from aaaa::212:4b00:41e:afc6: icmp_seq=73 ttl=63 time=93.1 ms
[1438698340.554868] no answer yet for icmp_seq=74
[1438698340.644571] 64 bytes from aaaa::212:4b00:41e:afc6: icmp_seq=75 ttl=63 time=89.5 ms
[1438698341.645757] 64 bytes from aaaa::212:4b00:41e:afc6: icmp_seq=76 ttl=63 time=89.1 ms
[1438698342.889550] 64 bytes from aaaa::212:4b00:41e:afc6: icmp_seq=77 ttl=63 time=331 ms
[1438698344.558854] no answer yet for icmp_seq=78
[1438698344.773333] 64 bytes from aaaa::212:4b00:41e:afc6: icmp_seq=79 ttl=63 time=214 ms
[1438698345.649766] 64 bytes from aaaa::212:4b00:41e:afc6: icmp_seq=80 ttl=63 time=89.4 ms
[1438698346.651122] 64 bytes from aaaa::212:4b00:41e:afc6: icmp_seq=81 ttl=63 time=89.2 ms
[1438698347.647122] 64 bytes from aaaa::212:4b00:41e:afc6: icmp_seq=82 ttl=63 time=84.6 ms
[1438698348.649049] 64 bytes from aaaa::212:4b00:41e:afc6: icmp_seq=83 ttl=63 time=84.7 ms
[1438698349.899803] 64 bytes from aaaa::212:4b00:41e:afc6: icmp_seq=84 ttl=63 time=333 ms
[1438698350.652382] 64 bytes from aaaa::212:4b00:41e:afc6: icmp_seq=85 ttl=63 time=84.7 ms
[1438698351.650152] 64 bytes from aaaa::212:4b00:41e:afc6: icmp_seq=86 ttl=63 time=80.5 ms
[1438698353.570797] no answer yet for icmp_seq=87
[1438698353.651351] 64 bytes from aaaa::212:4b00:41e:afc6: icmp_seq=88 ttl=63 time=80.4 ms
[1438698354.654762] 64 bytes from aaaa::212:4b00:41e:afc6: icmp_seq=89 ttl=63 time=80.8 ms
[1438698356.027792] 64 bytes from aaaa::212:4b00:41e:afc6: icmp_seq=90 ttl=63 time=451 ms
[1438698357.574833] no answer yet for icmp_seq=91
[1438698357.651103] 64 bytes from aaaa::212:4b00:41e:afc6: icmp_seq=92 ttl=63 time=76.2 ms
[1438698359.584943] no answer yet for icmp_seq=93
[1438698359.652746] 64 bytes from aaaa::212:4b00:41e:afc6: icmp_seq=94 ttl=63 time=67.7 ms
[1438698360.654466] 64 bytes from aaaa::212:4b00:41e:afc6: icmp_seq=95 ttl=63 time=67.7 ms
[1438698362.596867] no answer yet for icmp_seq=96
[1438698362.716232] 64 bytes from aaaa::212:4b00:41e:afc6: icmp_seq=97 ttl=63 time=119 ms
[1438698363.657000] 64 bytes from aaaa::212:4b00:41e:afc6: icmp_seq=98 ttl=63 time=59.1 ms
[1438698364.653794] 64 bytes from aaaa::212:4b00:41e:afc6: icmp_seq=99 ttl=63 time=54.7 ms
[1438698365.655830] 64 bytes from aaaa::212:4b00:41e:afc6: icmp_seq=100 ttl=63 time=54.9 ms

--- aaaa::212:4b00:41e:afc6 ping statistics ---
100 packets transmitted, 79 received, 21% packet loss, time 99220ms
rtt min/avg/max/mdev = 42.176/161.142/788.879/140.456 ms
PING aaaa::212:4b00:41e:afc6(aaaa::212:4b00:41e:afc6) 56 data bytes
[1438698374.907975] 64 bytes from aaaa::212:4b00:41e:afc6: icmp_seq=1 ttl=63 time=102 ms
[1438698376.806892] no answer yet for icmp_seq=2
[1438698376.912966] 64 bytes from aaaa::212:4b00:41e:afc6: icmp_seq=3 ttl=63 time=105 ms
[1438698377.908827] 64 bytes from aaaa::212:4b00:41e:afc6: icmp_seq=4 ttl=63 time=101 ms
[1438698379.816867] no answer yet for icmp_seq=5
[1438698380.824992] no answer yet for icmp_seq=6
[1438698380.909836] 64 bytes from aaaa::212:4b00:41e:afc6: icmp_seq=7 ttl=63 time=84.7 ms
[1438698381.911506] 64 bytes from aaaa::212:4b00:41e:afc6: icmp_seq=8 ttl=63 time=84.5 ms
[1438698383.412735] 64 bytes from aaaa::212:4b00:41e:afc6: icmp_seq=9 ttl=63 time=584 ms
[1438698383.912971] 64 bytes from aaaa::212:4b00:41e:afc6: icmp_seq=10 ttl=63 time=84.6 ms
[1438698385.165635] 64 bytes from aaaa::212:4b00:41e:afc6: icmp_seq=11 ttl=63 time=335 ms
[1438698385.915077] 64 bytes from aaaa::212:4b00:41e:afc6: icmp_seq=12 ttl=63 time=84.6 ms
[1438698386.916828] 64 bytes from aaaa::212:4b00:41e:afc6: icmp_seq=13 ttl=63 time=84.6 ms
[1438698388.840969] no answer yet for icmp_seq=14
[1438698389.848900] no answer yet for icmp_seq=15
[1438698389.912338] 64 bytes from aaaa::212:4b00:41e:afc6: icmp_seq=16 ttl=63 time=63.3 ms
[1438698390.913870] 64 bytes from aaaa::212:4b00:41e:afc6: icmp_seq=17 ttl=63 time=63.4 ms
[1438698391.915236] 64 bytes from aaaa::212:4b00:41e:afc6: icmp_seq=18 ttl=63 time=63.3 ms
[1438698392.916732] 64 bytes from aaaa::212:4b00:41e:afc6: icmp_seq=19 ttl=63 time=63.4 ms
[1438698394.166199] 64 bytes from aaaa::212:4b00:41e:afc6: icmp_seq=20 ttl=63 time=311 ms
[1438698395.854826] no answer yet for icmp_seq=21
[1438698395.931958] 64 bytes from aaaa::212:4b00:41e:afc6: icmp_seq=22 ttl=63 time=77.0 ms
[1438698396.919923] 64 bytes from aaaa::212:4b00:41e:afc6: icmp_seq=23 ttl=63 time=63.8 ms
[1438698397.916168] 64 bytes from aaaa::212:4b00:41e:afc6: icmp_seq=24 ttl=63 time=59.1 ms
[1438698398.917355] 64 bytes from aaaa::212:4b00:41e:afc6: icmp_seq=25 ttl=63 time=59.1 ms
[1438698399.922131] 64 bytes from aaaa::212:4b00:41e:afc6: icmp_seq=26 ttl=63 time=63.2 ms
[1438698401.868891] no answer yet for icmp_seq=27
[1438698402.876932] no answer yet for icmp_seq=28
[1438698402.919227] 64 bytes from aaaa::212:4b00:41e:afc6: icmp_seq=29 ttl=63 time=42.2 ms
[1438698403.920431] 64 bytes from aaaa::212:4b00:41e:afc6: icmp_seq=30 ttl=63 time=42.0 ms
[1438698405.885005] no answer yet for icmp_seq=31
[1438698406.172898] 64 bytes from aaaa::212:4b00:41e:afc6: icmp_seq=32 ttl=63 time=287 ms
[1438698407.046992] 64 bytes from aaaa::212:4b00:41e:afc6: icmp_seq=33 ttl=63 time=161 ms
[1438698408.046570] 64 bytes from aaaa::212:4b00:41e:afc6: icmp_seq=34 ttl=63 time=161 ms
[1438698409.046835] 64 bytes from aaaa::212:4b00:41e:afc6: icmp_seq=35 ttl=63 time=161 ms
[1438698410.170697] 64 bytes from aaaa::212:4b00:41e:afc6: icmp_seq=36 ttl=63 time=284 ms
[1438698411.046808] 64 bytes from aaaa::212:4b00:41e:afc6: icmp_seq=37 ttl=63 time=161 ms
[1438698412.892933] no answer yet for icmp_seq=38
[1438698413.900949] no answer yet for icmp_seq=39
[1438698414.265708] 64 bytes from aaaa::212:4b00:41e:afc6: icmp_seq=40 ttl=63 time=364 ms
[1438698415.049931] 64 bytes from aaaa::212:4b00:41e:afc6: icmp_seq=41 ttl=63 time=148 ms
[1438698416.050421] 64 bytes from aaaa::212:4b00:41e:afc6: icmp_seq=42 ttl=63 time=148 ms
[1438698417.908959] no answer yet for icmp_seq=43
[1438698418.916983] no answer yet for icmp_seq=44
[1438698419.177734] 64 bytes from aaaa::212:4b00:41e:afc6: icmp_seq=45 ttl=63 time=260 ms
[1438698420.053278] 64 bytes from aaaa::212:4b00:41e:afc6: icmp_seq=46 ttl=63 time=135 ms
[1438698421.178990] 64 bytes from aaaa::212:4b00:41e:afc6: icmp_seq=47 ttl=63 time=260 ms
[1438698422.054542] 64 bytes from aaaa::212:4b00:41e:afc6: icmp_seq=48 ttl=63 time=135 ms
[1438698423.427460] 64 bytes from aaaa::212:4b00:41e:afc6: icmp_seq=49 ttl=63 time=508 ms
[1438698424.054842] 64 bytes from aaaa::212:4b00:41e:afc6: icmp_seq=50 ttl=63 time=135 ms
[1438698425.303733] 64 bytes from aaaa::212:4b00:41e:afc6: icmp_seq=51 ttl=63 time=383 ms
[1438698426.928919] no answer yet for icmp_seq=52
[1438698427.936913] no answer yet for icmp_seq=53
[1438698428.178041] 64 bytes from aaaa::212:4b00:41e:afc6: icmp_seq=54 ttl=63 time=241 ms
[1438698429.945027] no answer yet for icmp_seq=55
[1438698430.307708] 64 bytes from aaaa::212:4b00:41e:afc6: icmp_seq=56 ttl=63 time=362 ms
[1438698431.056153] 64 bytes from aaaa::212:4b00:41e:afc6: icmp_seq=57 ttl=63 time=110 ms
[1438698432.181200] 64 bytes from aaaa::212:4b00:41e:afc6: icmp_seq=58 ttl=63 time=235 ms
[1438698433.307104] 64 bytes from aaaa::212:4b00:41e:afc6: icmp_seq=59 ttl=63 time=360 ms
[1438698434.952914] no answer yet for icmp_seq=60
[1438698435.960970] no answer yet for icmp_seq=61
[1438698436.058564] 64 bytes from aaaa::212:4b00:41e:afc6: icmp_seq=62 ttl=63 time=97.2 ms
[1438698437.059058] 64 bytes from aaaa::212:4b00:41e:afc6: icmp_seq=63 ttl=63 time=97.4 ms
[1438698438.059489] 64 bytes from aaaa::212:4b00:41e:afc6: icmp_seq=64 ttl=63 time=97.3 ms
[1438698439.059779] 64 bytes from aaaa::212:4b00:41e:afc6: icmp_seq=65 ttl=63 time=97.2 ms
[1438698440.060177] 64 bytes from aaaa::212:4b00:41e:afc6: icmp_seq=66 ttl=63 time=97.4 ms
[1438698441.303493] 64 bytes from aaaa::212:4b00:41e:afc6: icmp_seq=67 ttl=63 time=340 ms
[1438698442.962879] no answer yet for icmp_seq=68
[1438698443.178209] 64 bytes from aaaa::212:4b00:41e:afc6: icmp_seq=68 ttl=63 time=1214 ms
[1438698443.313096] 64 bytes from aaaa::212:4b00:41e:afc6: icmp_seq=69 ttl=63 time=350 ms
[1438698444.064722] 64 bytes from aaaa::212:4b00:41e:afc6: icmp_seq=70 ttl=63 time=101 ms
[1438698445.061318] 64 bytes from aaaa::212:4b00:41e:afc6: icmp_seq=71 ttl=63 time=97.4 ms
[1438698446.061886] 64 bytes from aaaa::212:4b00:41e:afc6: icmp_seq=72 ttl=63 time=97.4 ms
[1438698447.062444] 64 bytes from aaaa::212:4b00:41e:afc6: icmp_seq=73 ttl=63 time=97.4 ms
[1438698448.063095] 64 bytes from aaaa::212:4b00:41e:afc6: icmp_seq=74 ttl=63 time=97.5 ms
[1438698449.063605] 64 bytes from aaaa::212:4b00:41e:afc6: icmp_seq=75 ttl=63 time=97.4 ms
[1438698450.687938] 64 bytes from aaaa::212:4b00:41e:afc6: icmp_seq=76 ttl=63 time=721 ms
[1438698451.308441] 64 bytes from aaaa::212:4b00:41e:afc6: icmp_seq=77 ttl=63 time=342 ms
[1438698452.972990] no answer yet for icmp_seq=78
[1438698453.442955] 64 bytes from aaaa::212:4b00:41e:afc6: icmp_seq=79 ttl=63 time=469 ms
[1438698454.066304] 64 bytes from aaaa::212:4b00:41e:afc6: icmp_seq=80 ttl=63 time=93.6 ms
[1438698455.066684] 64 bytes from aaaa::212:4b00:41e:afc6: icmp_seq=81 ttl=63 time=93.3 ms
[1438698456.320836] 64 bytes from aaaa::212:4b00:41e:afc6: icmp_seq=82 ttl=63 time=347 ms
[1438698457.071058] 64 bytes from aaaa::212:4b00:41e:afc6: icmp_seq=83 ttl=63 time=97.4 ms
[1438698458.071438] 64 bytes from aaaa::212:4b00:41e:afc6: icmp_seq=84 ttl=63 time=97.4 ms
[1438698459.195681] 64 bytes from aaaa::212:4b00:41e:afc6: icmp_seq=85 ttl=63 time=221 ms
[1438698460.068309] 64 bytes from aaaa::212:4b00:41e:afc6: icmp_seq=86 ttl=63 time=93.6 ms
[1438698461.313832] 64 bytes from aaaa::212:4b00:41e:afc6: icmp_seq=87 ttl=63 time=338 ms
[1438698462.197103] 64 bytes from aaaa::212:4b00:41e:afc6: icmp_seq=88 ttl=63 time=221 ms
[1438698463.073494] 64 bytes from aaaa::212:4b00:41e:afc6: icmp_seq=89 ttl=63 time=97.3 ms
[1438698464.074563] 64 bytes from aaaa::212:4b00:41e:afc6: icmp_seq=90 ttl=63 time=98.0 ms
[1438698465.984892] no answer yet for icmp_seq=91
[1438698466.992973] no answer yet for icmp_seq=92
[1438698467.073692] 64 bytes from aaaa::212:4b00:41e:afc6: icmp_seq=93 ttl=63 time=80.5 ms
[1438698469.000883] no answer yet for icmp_seq=94
[1438698470.009020] no answer yet for icmp_seq=95
[1438698471.016925] no answer yet for icmp_seq=96
[1438698471.317330] 64 bytes from aaaa::212:4b00:41e:afc6: icmp_seq=97 ttl=63 time=300 ms
[1438698472.077412] 64 bytes from aaaa::212:4b00:41e:afc6: icmp_seq=98 ttl=63 time=59.1 ms
[1438698473.075105] 64 bytes from aaaa::212:4b00:41e:afc6: icmp_seq=99 ttl=63 time=55.5 ms

--- aaaa::212:4b00:41e:afc6 ping statistics ---
100 packets transmitted, 75 received, 25% packet loss, time 99215ms
rtt min/avg/max/mdev = 42.088/192.595/1214.872/182.035 ms, pipe 2
