PING aaaa::212:4b00:41e:afc6(aaaa::212:4b00:41e:afc6) 56 data bytes
[1438705036.423060] 64 bytes from aaaa::212:4b00:41e:afc6: icmp_seq=1 ttl=63 time=152 ms
[1438705037.557727] 64 bytes from aaaa::212:4b00:41e:afc6: icmp_seq=2 ttl=63 time=285 ms
[1438705038.939040] 64 bytes from aaaa::212:4b00:41e:afc6: icmp_seq=3 ttl=63 time=665 ms
[1438705039.426025] 64 bytes from aaaa::212:4b00:41e:afc6: icmp_seq=4 ttl=63 time=151 ms
[1438705040.673331] 64 bytes from aaaa::212:4b00:41e:afc6: icmp_seq=5 ttl=63 time=397 ms
[1438705041.575461] 64 bytes from aaaa::212:4b00:41e:afc6: icmp_seq=6 ttl=63 time=298 ms
[1438705042.426228] 64 bytes from aaaa::212:4b00:41e:afc6: icmp_seq=7 ttl=63 time=147 ms
[1438705043.435715] 64 bytes from aaaa::212:4b00:41e:afc6: icmp_seq=8 ttl=63 time=155 ms
[1438705044.425467] 64 bytes from aaaa::212:4b00:41e:afc6: icmp_seq=9 ttl=63 time=143 ms
[1438705045.452571] 64 bytes from aaaa::212:4b00:41e:afc6: icmp_seq=10 ttl=63 time=170 ms
[1438705047.282869] no answer yet for icmp_seq=11
[1438705047.946207] 64 bytes from aaaa::212:4b00:41e:afc6: icmp_seq=11 ttl=63 time=1663 ms
[1438705048.182227] 64 bytes from aaaa::212:4b00:41e:afc6: icmp_seq=12 ttl=63 time=899 ms
[1438705048.426234] 64 bytes from aaaa::212:4b00:41e:afc6: icmp_seq=13 ttl=63 time=143 ms
[1438705050.282832] no answer yet for icmp_seq=14
[1438705050.447223] 64 bytes from aaaa::212:4b00:41e:afc6: icmp_seq=15 ttl=63 time=164 ms
[1438705051.447604] 64 bytes from aaaa::212:4b00:41e:afc6: icmp_seq=16 ttl=63 time=163 ms
[1438705052.803969] 64 bytes from aaaa::212:4b00:41e:afc6: icmp_seq=17 ttl=63 time=518 ms
[1438705053.433592] 64 bytes from aaaa::212:4b00:41e:afc6: icmp_seq=18 ttl=63 time=146 ms
[1438705054.431775] 64 bytes from aaaa::212:4b00:41e:afc6: icmp_seq=19 ttl=63 time=144 ms
[1438705055.457866] 64 bytes from aaaa::212:4b00:41e:afc6: icmp_seq=20 ttl=63 time=169 ms
[1438705056.442744] 64 bytes from aaaa::212:4b00:41e:afc6: icmp_seq=21 ttl=63 time=152 ms
[1438705057.464228] 64 bytes from aaaa::212:4b00:41e:afc6: icmp_seq=22 ttl=63 time=173 ms
[1438705058.459080] 64 bytes from aaaa::212:4b00:41e:afc6: icmp_seq=23 ttl=63 time=166 ms
[1438705059.442087] 64 bytes from aaaa::212:4b00:41e:afc6: icmp_seq=24 ttl=63 time=147 ms
[1438705060.442626] 64 bytes from aaaa::212:4b00:41e:afc6: icmp_seq=25 ttl=63 time=147 ms
[1438705061.445225] 64 bytes from aaaa::212:4b00:41e:afc6: icmp_seq=26 ttl=63 time=148 ms
[1438705062.469122] 64 bytes from aaaa::212:4b00:41e:afc6: icmp_seq=27 ttl=63 time=170 ms
[1438705063.435392] 64 bytes from aaaa::212:4b00:41e:afc6: icmp_seq=28 ttl=63 time=135 ms
[1438705064.436730] 64 bytes from aaaa::212:4b00:41e:afc6: icmp_seq=29 ttl=63 time=135 ms
[1438705066.060973] 64 bytes from aaaa::212:4b00:41e:afc6: icmp_seq=30 ttl=63 time=758 ms
[1438705066.687233] 64 bytes from aaaa::212:4b00:41e:afc6: icmp_seq=31 ttl=63 time=384 ms
[1438705067.571406] 64 bytes from aaaa::212:4b00:41e:afc6: icmp_seq=32 ttl=63 time=268 ms
[1438705068.706347] 64 bytes from aaaa::212:4b00:41e:afc6: icmp_seq=33 ttl=63 time=402 ms
[1438705069.564763] 64 bytes from aaaa::212:4b00:41e:afc6: icmp_seq=34 ttl=63 time=259 ms
[1438705070.815929] 64 bytes from aaaa::212:4b00:41e:afc6: icmp_seq=35 ttl=63 time=509 ms
[1438705071.463902] 64 bytes from aaaa::212:4b00:41e:afc6: icmp_seq=36 ttl=63 time=156 ms
[1438705072.470476] 64 bytes from aaaa::212:4b00:41e:afc6: icmp_seq=37 ttl=63 time=161 ms
[1438705073.439753] 64 bytes from aaaa::212:4b00:41e:afc6: icmp_seq=38 ttl=63 time=129 ms
[1438705075.188314] 64 bytes from aaaa::212:4b00:41e:afc6: icmp_seq=39 ttl=63 time=876 ms
[1438705075.692105] 64 bytes from aaaa::212:4b00:41e:afc6: icmp_seq=40 ttl=63 time=380 ms
[1438705076.595152] 64 bytes from aaaa::212:4b00:41e:afc6: icmp_seq=41 ttl=63 time=282 ms
[1438705077.461000] 64 bytes from aaaa::212:4b00:41e:afc6: icmp_seq=42 ttl=63 time=146 ms
[1438705078.477107] 64 bytes from aaaa::212:4b00:41e:afc6: icmp_seq=43 ttl=63 time=162 ms
[1438705080.324983] no answer yet for icmp_seq=44
[1438705080.458763] 64 bytes from aaaa::212:4b00:41e:afc6: icmp_seq=45 ttl=63 time=133 ms
[1438705081.707446] 64 bytes from aaaa::212:4b00:41e:afc6: icmp_seq=46 ttl=63 time=380 ms
[1438705082.830995] 64 bytes from aaaa::212:4b00:41e:afc6: icmp_seq=47 ttl=63 time=502 ms
[1438705083.478417] 64 bytes from aaaa::212:4b00:41e:afc6: icmp_seq=48 ttl=63 time=149 ms
[1438705084.470533] 64 bytes from aaaa::212:4b00:41e:afc6: icmp_seq=49 ttl=63 time=139 ms
[1438705085.449278] 64 bytes from aaaa::212:4b00:41e:afc6: icmp_seq=50 ttl=63 time=117 ms
[1438705086.580478] 64 bytes from aaaa::212:4b00:41e:afc6: icmp_seq=51 ttl=63 time=247 ms
[1438705087.590919] 64 bytes from aaaa::212:4b00:41e:afc6: icmp_seq=52 ttl=63 time=256 ms
[1438705088.482492] 64 bytes from aaaa::212:4b00:41e:afc6: icmp_seq=53 ttl=63 time=146 ms
[1438705089.447510] 64 bytes from aaaa::212:4b00:41e:afc6: icmp_seq=54 ttl=63 time=109 ms
[1438705090.467876] 64 bytes from aaaa::212:4b00:41e:afc6: icmp_seq=55 ttl=63 time=129 ms
[1438705091.459057] 64 bytes from aaaa::212:4b00:41e:afc6: icmp_seq=56 ttl=63 time=118 ms
[1438705092.452990] 64 bytes from aaaa::212:4b00:41e:afc6: icmp_seq=57 ttl=63 time=111 ms
[1438705093.466914] 64 bytes from aaaa::212:4b00:41e:afc6: icmp_seq=58 ttl=63 time=123 ms
[1438705094.463137] 64 bytes from aaaa::212:4b00:41e:afc6: icmp_seq=59 ttl=63 time=117 ms
[1438705095.727895] 64 bytes from aaaa::212:4b00:41e:afc6: icmp_seq=60 ttl=63 time=381 ms
[1438705096.953259] 64 bytes from aaaa::212:4b00:41e:afc6: icmp_seq=61 ttl=63 time=605 ms
[1438705097.471499] 64 bytes from aaaa::212:4b00:41e:afc6: icmp_seq=62 ttl=63 time=122 ms
[1438705098.455996] 64 bytes from aaaa::212:4b00:41e:afc6: icmp_seq=63 ttl=63 time=105 ms
[1438705099.456759] 64 bytes from aaaa::212:4b00:41e:afc6: icmp_seq=64 ttl=63 time=104 ms
[1438705100.455265] 64 bytes from aaaa::212:4b00:41e:afc6: icmp_seq=65 ttl=63 time=101 ms
[1438705101.453989] 64 bytes from aaaa::212:4b00:41e:afc6: icmp_seq=66 ttl=63 time=98.6 ms
[1438705102.473797] 64 bytes from aaaa::212:4b00:41e:afc6: icmp_seq=67 ttl=63 time=116 ms
[1438705103.607462] 64 bytes from aaaa::212:4b00:41e:afc6: icmp_seq=68 ttl=63 time=248 ms
[1438705104.705916] 64 bytes from aaaa::212:4b00:41e:afc6: icmp_seq=69 ttl=63 time=345 ms
[1438705106.369030] no answer yet for icmp_seq=70
[1438705106.458018] 64 bytes from aaaa::212:4b00:41e:afc6: icmp_seq=71 ttl=63 time=88.8 ms
[1438705107.484501] 64 bytes from aaaa::212:4b00:41e:afc6: icmp_seq=72 ttl=63 time=114 ms
[1438705108.457903] 64 bytes from aaaa::212:4b00:41e:afc6: icmp_seq=73 ttl=63 time=86.2 ms
[1438705109.467141] 64 bytes from aaaa::212:4b00:41e:afc6: icmp_seq=74 ttl=63 time=94.1 ms
[1438705110.600892] 64 bytes from aaaa::212:4b00:41e:afc6: icmp_seq=75 ttl=63 time=226 ms
[1438705111.488641] 64 bytes from aaaa::212:4b00:41e:afc6: icmp_seq=76 ttl=63 time=112 ms
[1438705112.844776] 64 bytes from aaaa::212:4b00:41e:afc6: icmp_seq=77 ttl=63 time=467 ms
[1438705113.470010] 64 bytes from aaaa::212:4b00:41e:afc6: icmp_seq=78 ttl=63 time=91.5 ms
[1438705114.460260] 64 bytes from aaaa::212:4b00:41e:afc6: icmp_seq=79 ttl=63 time=80.1 ms
[1438705116.389021] no answer yet for icmp_seq=80
[1438705116.486929] 64 bytes from aaaa::212:4b00:41e:afc6: icmp_seq=81 ttl=63 time=97.7 ms
[1438705117.965393] 64 bytes from aaaa::212:4b00:41e:afc6: icmp_seq=82 ttl=63 time=574 ms
[1438705118.464772] 64 bytes from aaaa::212:4b00:41e:afc6: icmp_seq=83 ttl=63 time=72.7 ms
[1438705119.461404] 64 bytes from aaaa::212:4b00:41e:afc6: icmp_seq=84 ttl=63 time=67.5 ms
[1438705120.463152] 64 bytes from aaaa::212:4b00:41e:afc6: icmp_seq=85 ttl=63 time=67.5 ms
[1438705121.483923] 64 bytes from aaaa::212:4b00:41e:afc6: icmp_seq=86 ttl=63 time=86.4 ms
[1438705122.484265] 64 bytes from aaaa::212:4b00:41e:afc6: icmp_seq=87 ttl=63 time=85.2 ms
[1438705123.465893] 64 bytes from aaaa::212:4b00:41e:afc6: icmp_seq=88 ttl=63 time=65.5 ms
[1438705124.465665] 64 bytes from aaaa::212:4b00:41e:afc6: icmp_seq=89 ttl=63 time=63.5 ms
[1438705125.710042] 64 bytes from aaaa::212:4b00:41e:afc6: icmp_seq=90 ttl=63 time=306 ms
[1438705126.841884] 64 bytes from aaaa::212:4b00:41e:afc6: icmp_seq=91 ttl=63 time=436 ms
[1438705127.475889] 64 bytes from aaaa::212:4b00:41e:afc6: icmp_seq=92 ttl=63 time=70.2 ms
[1438705128.721398] 64 bytes from aaaa::212:4b00:41e:afc6: icmp_seq=93 ttl=63 time=314 ms
[1438705129.712147] 64 bytes from aaaa::212:4b00:41e:afc6: icmp_seq=94 ttl=63 time=303 ms
[1438705131.416990] no answer yet for icmp_seq=95
[1438705131.495301] 64 bytes from aaaa::212:4b00:41e:afc6: icmp_seq=96 ttl=63 time=78.1 ms
[1438705132.498154] 64 bytes from aaaa::212:4b00:41e:afc6: icmp_seq=97 ttl=63 time=80.0 ms
[1438705133.714571] 64 bytes from aaaa::212:4b00:41e:afc6: icmp_seq=98 ttl=63 time=295 ms
[1438705134.741074] 64 bytes from aaaa::212:4b00:41e:afc6: icmp_seq=99 ttl=63 time=320 ms
[1438705135.483517] 64 bytes from aaaa::212:4b00:41e:afc6: icmp_seq=100 ttl=63 time=61.5 ms

--- aaaa::212:4b00:41e:afc6 ping statistics ---
100 packets transmitted, 95 received, 5% packet loss, time 99150ms
rtt min/avg/max/mdev = 61.558/238.556/1663.343/228.659 ms, pipe 2
PING aaaa::212:4b00:41e:afc6(aaaa::212:4b00:41e:afc6) 56 data bytes
[1438705149.881152] 64 bytes from aaaa::212:4b00:41e:afc6: icmp_seq=1 ttl=63 time=101 ms
[1438705150.854420] 64 bytes from aaaa::212:4b00:41e:afc6: icmp_seq=2 ttl=63 time=73.1 ms
[1438705151.854329] 64 bytes from aaaa::212:4b00:41e:afc6: icmp_seq=3 ttl=63 time=71.7 ms
[1438705152.856338] 64 bytes from aaaa::212:4b00:41e:afc6: icmp_seq=4 ttl=63 time=72.3 ms
[1438705153.857034] 64 bytes from aaaa::212:4b00:41e:afc6: icmp_seq=5 ttl=63 time=72.3 ms
[1438705154.866276] 64 bytes from aaaa::212:4b00:41e:afc6: icmp_seq=6 ttl=63 time=80.3 ms
[1438705155.861071] 64 bytes from aaaa::212:4b00:41e:afc6: icmp_seq=7 ttl=63 time=74.0 ms
[1438705156.855309] 64 bytes from aaaa::212:4b00:41e:afc6: icmp_seq=8 ttl=63 time=67.6 ms
[1438705157.885200] 64 bytes from aaaa::212:4b00:41e:afc6: icmp_seq=9 ttl=63 time=95.8 ms
[1438705158.862249] 64 bytes from aaaa::212:4b00:41e:afc6: icmp_seq=10 ttl=63 time=70.7 ms
[1438705159.860549] 64 bytes from aaaa::212:4b00:41e:afc6: icmp_seq=11 ttl=63 time=68.1 ms
[1438705160.861231] 64 bytes from aaaa::212:4b00:41e:afc6: icmp_seq=12 ttl=63 time=67.4 ms
[1438705161.879200] 64 bytes from aaaa::212:4b00:41e:afc6: icmp_seq=13 ttl=63 time=84.2 ms
[1438705162.864312] 64 bytes from aaaa::212:4b00:41e:afc6: icmp_seq=14 ttl=63 time=67.9 ms
[1438705163.860859] 64 bytes from aaaa::212:4b00:41e:afc6: icmp_seq=15 ttl=63 time=63.3 ms
[1438705165.362326] 64 bytes from aaaa::212:4b00:41e:afc6: icmp_seq=16 ttl=63 time=563 ms
[1438705165.879174] 64 bytes from aaaa::212:4b00:41e:afc6: icmp_seq=17 ttl=63 time=80.1 ms
[1438705166.864035] 64 bytes from aaaa::212:4b00:41e:afc6: icmp_seq=18 ttl=63 time=63.7 ms
[1438705167.874602] 64 bytes from aaaa::212:4b00:41e:afc6: icmp_seq=19 ttl=63 time=72.4 ms
[1438705169.113802] 64 bytes from aaaa::212:4b00:41e:afc6: icmp_seq=20 ttl=63 time=310 ms
[1438705169.864029] 64 bytes from aaaa::212:4b00:41e:afc6: icmp_seq=21 ttl=63 time=60.3 ms
[1438705170.883921] 64 bytes from aaaa::212:4b00:41e:afc6: icmp_seq=22 ttl=63 time=78.8 ms
[1438705171.866186] 64 bytes from aaaa::212:4b00:41e:afc6: icmp_seq=23 ttl=63 time=59.1 ms
[1438705172.900423] 64 bytes from aaaa::212:4b00:41e:afc6: icmp_seq=24 ttl=63 time=92.0 ms
[1438705173.868677] 64 bytes from aaaa::212:4b00:41e:afc6: icmp_seq=25 ttl=63 time=59.1 ms
[1438705175.136357] 64 bytes from aaaa::212:4b00:41e:afc6: icmp_seq=26 ttl=63 time=325 ms
[1438705175.866440] 64 bytes from aaaa::212:4b00:41e:afc6: icmp_seq=27 ttl=63 time=55.2 ms
[1438705176.871922] 64 bytes from aaaa::212:4b00:41e:afc6: icmp_seq=28 ttl=63 time=59.3 ms
[1438705178.122295] 64 bytes from aaaa::212:4b00:41e:afc6: icmp_seq=29 ttl=63 time=308 ms
[1438705178.872836] 64 bytes from aaaa::212:4b00:41e:afc6: icmp_seq=30 ttl=63 time=58.6 ms
[1438705179.870958] 64 bytes from aaaa::212:4b00:41e:afc6: icmp_seq=31 ttl=63 time=54.9 ms
[1438705180.870073] 64 bytes from aaaa::212:4b00:41e:afc6: icmp_seq=32 ttl=63 time=52.9 ms
[1438705181.873067] 64 bytes from aaaa::212:4b00:41e:afc6: icmp_seq=33 ttl=63 time=54.8 ms
[1438705182.880912] 64 bytes from aaaa::212:4b00:41e:afc6: icmp_seq=34 ttl=63 time=60.6 ms
[1438705183.883551] 64 bytes from aaaa::212:4b00:41e:afc6: icmp_seq=35 ttl=63 time=61.5 ms
[1438705184.897554] 64 bytes from aaaa::212:4b00:41e:afc6: icmp_seq=36 ttl=63 time=73.9 ms
[1438705185.884446] 64 bytes from aaaa::212:4b00:41e:afc6: icmp_seq=37 ttl=63 time=59.8 ms
[1438705186.900574] 64 bytes from aaaa::212:4b00:41e:afc6: icmp_seq=38 ttl=63 time=73.9 ms
[1438705187.874052] 64 bytes from aaaa::212:4b00:41e:afc6: icmp_seq=39 ttl=63 time=46.4 ms
[1438705188.894056] 64 bytes from aaaa::212:4b00:41e:afc6: icmp_seq=40 ttl=63 time=64.8 ms
[1438705189.884687] 64 bytes from aaaa::212:4b00:41e:afc6: icmp_seq=41 ttl=63 time=53.4 ms
[1438705190.893338] 64 bytes from aaaa::212:4b00:41e:afc6: icmp_seq=42 ttl=63 time=60.2 ms
[1438705191.887839] 64 bytes from aaaa::212:4b00:41e:afc6: icmp_seq=43 ttl=63 time=53.3 ms
[1438705192.879187] 64 bytes from aaaa::212:4b00:41e:afc6: icmp_seq=44 ttl=63 time=43.1 ms
[1438705193.886324] 64 bytes from aaaa::212:4b00:41e:afc6: icmp_seq=45 ttl=63 time=48.9 ms
[1438705195.256199] 64 bytes from aaaa::212:4b00:41e:afc6: icmp_seq=46 ttl=63 time=417 ms
[1438705196.014437] 64 bytes from aaaa::212:4b00:41e:afc6: icmp_seq=47 ttl=63 time=175 ms
[1438705196.882040] 64 bytes from aaaa::212:4b00:41e:afc6: icmp_seq=48 ttl=63 time=43.1 ms
[1438705198.031308] 64 bytes from aaaa::212:4b00:41e:afc6: icmp_seq=49 ttl=63 time=191 ms
[1438705198.906674] 64 bytes from aaaa::212:4b00:41e:afc6: icmp_seq=50 ttl=63 time=66.5 ms
[1438705200.024311] 64 bytes from aaaa::212:4b00:41e:afc6: icmp_seq=51 ttl=63 time=182 ms
[1438705201.259015] 64 bytes from aaaa::212:4b00:41e:afc6: icmp_seq=52 ttl=63 time=417 ms
[1438705202.023044] 64 bytes from aaaa::212:4b00:41e:afc6: icmp_seq=53 ttl=63 time=181 ms
[1438705203.124815] 64 bytes from aaaa::212:4b00:41e:afc6: icmp_seq=54 ttl=63 time=282 ms
[1438705203.885468] 64 bytes from aaaa::212:4b00:41e:afc6: icmp_seq=55 ttl=63 time=42.7 ms
[1438705205.005348] 64 bytes from aaaa::212:4b00:41e:afc6: icmp_seq=56 ttl=63 time=160 ms
[1438705206.007954] 64 bytes from aaaa::212:4b00:41e:afc6: icmp_seq=57 ttl=63 time=162 ms
[1438705207.251605] 64 bytes from aaaa::212:4b00:41e:afc6: icmp_seq=58 ttl=63 time=405 ms
[1438705208.278392] 64 bytes from aaaa::212:4b00:41e:afc6: icmp_seq=59 ttl=63 time=432 ms
[1438705209.020985] 64 bytes from aaaa::212:4b00:41e:afc6: icmp_seq=60 ttl=63 time=174 ms
[1438705210.160323] 64 bytes from aaaa::212:4b00:41e:afc6: icmp_seq=61 ttl=63 time=313 ms
[1438705211.037581] 64 bytes from aaaa::212:4b00:41e:afc6: icmp_seq=62 ttl=63 time=190 ms
[1438705212.136188] 64 bytes from aaaa::212:4b00:41e:afc6: icmp_seq=63 ttl=63 time=288 ms
[1438705213.013470] 64 bytes from aaaa::212:4b00:41e:afc6: icmp_seq=64 ttl=63 time=165 ms
[1438705213.890950] 64 bytes from aaaa::212:4b00:41e:afc6: icmp_seq=65 ttl=63 time=42.4 ms
[1438705215.141220] 64 bytes from aaaa::212:4b00:41e:afc6: icmp_seq=66 ttl=63 time=291 ms
[1438705216.163249] 64 bytes from aaaa::212:4b00:41e:afc6: icmp_seq=67 ttl=63 time=313 ms
[1438705217.014987] 64 bytes from aaaa::212:4b00:41e:afc6: icmp_seq=68 ttl=63 time=164 ms
[1438705217.892251] 64 bytes from aaaa::212:4b00:41e:afc6: icmp_seq=69 ttl=63 time=42.2 ms
[1438705219.016912] 64 bytes from aaaa::212:4b00:41e:afc6: icmp_seq=70 ttl=63 time=165 ms
[1438705220.027263] 64 bytes from aaaa::212:4b00:41e:afc6: icmp_seq=71 ttl=63 time=175 ms
[1438705221.860934] no answer yet for icmp_seq=72
[1438705222.043897] 64 bytes from aaaa::212:4b00:41e:afc6: icmp_seq=73 ttl=63 time=182 ms
[1438705223.018329] 64 bytes from aaaa::212:4b00:41e:afc6: icmp_seq=74 ttl=63 time=156 ms
[1438705224.018936] 64 bytes from aaaa::212:4b00:41e:afc6: icmp_seq=75 ttl=63 time=156 ms
[1438705225.862884] no answer yet for icmp_seq=76
[1438705226.019423] 64 bytes from aaaa::212:4b00:41e:afc6: icmp_seq=77 ttl=63 time=156 ms
[1438705227.019708] 64 bytes from aaaa::212:4b00:41e:afc6: icmp_seq=78 ttl=63 time=156 ms
[1438705228.031949] 64 bytes from aaaa::212:4b00:41e:afc6: icmp_seq=79 ttl=63 time=168 ms
[1438705229.020461] 64 bytes from aaaa::212:4b00:41e:afc6: icmp_seq=80 ttl=63 time=156 ms
[1438705230.283115] 64 bytes from aaaa::212:4b00:41e:afc6: icmp_seq=81 ttl=63 time=418 ms
[1438705231.022118] 64 bytes from aaaa::212:4b00:41e:afc6: icmp_seq=82 ttl=63 time=157 ms
[1438705232.021645] 64 bytes from aaaa::212:4b00:41e:afc6: icmp_seq=83 ttl=63 time=156 ms
[1438705233.023408] 64 bytes from aaaa::212:4b00:41e:afc6: icmp_seq=84 ttl=63 time=157 ms
[1438705234.872900] no answer yet for icmp_seq=85
[1438705235.880983] no answer yet for icmp_seq=86
[1438705236.276014] 64 bytes from aaaa::212:4b00:41e:afc6: icmp_seq=87 ttl=63 time=394 ms
[1438705237.034662] 64 bytes from aaaa::212:4b00:41e:afc6: icmp_seq=88 ttl=63 time=153 ms
[1438705238.026023] 64 bytes from aaaa::212:4b00:41e:afc6: icmp_seq=89 ttl=63 time=145 ms
[1438705239.046033] 64 bytes from aaaa::212:4b00:41e:afc6: icmp_seq=90 ttl=63 time=164 ms
[1438705240.300420] 64 bytes from aaaa::212:4b00:41e:afc6: icmp_seq=91 ttl=63 time=419 ms
[1438705241.045315] 64 bytes from aaaa::212:4b00:41e:afc6: icmp_seq=92 ttl=63 time=164 ms
[1438705242.055683] 64 bytes from aaaa::212:4b00:41e:afc6: icmp_seq=93 ttl=63 time=174 ms
[1438705243.029709] 64 bytes from aaaa::212:4b00:41e:afc6: icmp_seq=94 ttl=63 time=148 ms
[1438705244.029350] 64 bytes from aaaa::212:4b00:41e:afc6: icmp_seq=95 ttl=63 time=148 ms
[1438705245.029345] 64 bytes from aaaa::212:4b00:41e:afc6: icmp_seq=96 ttl=63 time=147 ms
[1438705246.050016] 64 bytes from aaaa::212:4b00:41e:afc6: icmp_seq=97 ttl=63 time=169 ms
[1438705247.433507] 64 bytes from aaaa::212:4b00:41e:afc6: icmp_seq=98 ttl=63 time=552 ms
[1438705248.033346] 64 bytes from aaaa::212:4b00:41e:afc6: icmp_seq=99 ttl=63 time=152 ms
[1438705249.059273] 64 bytes from aaaa::212:4b00:41e:afc6: icmp_seq=100 ttl=63 time=177 ms

--- aaaa::212:4b00:41e:afc6 ping statistics ---
100 packets transmitted, 96 received, 4% packet loss, time 99102ms
rtt min/avg/max/mdev = 42.217/154.862/563.314/119.514 ms
PING aaaa::212:4b00:41e:afc6(aaaa::212:4b00:41e:afc6) 56 data bytes
[1438705278.174930] 64 bytes from aaaa::212:4b00:41e:afc6: icmp_seq=1 ttl=63 time=42.3 ms
[1438705279.185436] 64 bytes from aaaa::212:4b00:41e:afc6: icmp_seq=2 ttl=63 time=51.8 ms
[1438705280.418072] 64 bytes from aaaa::212:4b00:41e:afc6: icmp_seq=3 ttl=63 time=283 ms
[1438705281.173932] 64 bytes from aaaa::212:4b00:41e:afc6: icmp_seq=4 ttl=63 time=38.0 ms
[1438705282.804701] 64 bytes from aaaa::212:4b00:41e:afc6: icmp_seq=5 ttl=63 time=667 ms
[1438705283.563290] 64 bytes from aaaa::212:4b00:41e:afc6: icmp_seq=6 ttl=63 time=424 ms
[1438705285.079610] 64 bytes from aaaa::212:4b00:41e:afc6: icmp_seq=7 ttl=63 time=940 ms
[1438705285.929787] 64 bytes from aaaa::212:4b00:41e:afc6: icmp_seq=8 ttl=63 time=790 ms
[1438705286.682609] 64 bytes from aaaa::212:4b00:41e:afc6: icmp_seq=9 ttl=63 time=543 ms
[1438705287.683478] 64 bytes from aaaa::212:4b00:41e:afc6: icmp_seq=10 ttl=63 time=543 ms
[1438705288.798496] 64 bytes from aaaa::212:4b00:41e:afc6: icmp_seq=11 ttl=63 time=657 ms
[1438705289.556304] 64 bytes from aaaa::212:4b00:41e:afc6: icmp_seq=12 ttl=63 time=414 ms
[1438705290.305809] 64 bytes from aaaa::212:4b00:41e:afc6: icmp_seq=13 ttl=63 time=162 ms
[1438705291.433143] 64 bytes from aaaa::212:4b00:41e:afc6: icmp_seq=14 ttl=63 time=288 ms
[1438705292.317768] 64 bytes from aaaa::212:4b00:41e:afc6: icmp_seq=15 ttl=63 time=171 ms
[1438705293.556769] 64 bytes from aaaa::212:4b00:41e:afc6: icmp_seq=16 ttl=63 time=409 ms
[1438705294.459661] 64 bytes from aaaa::212:4b00:41e:afc6: icmp_seq=17 ttl=63 time=311 ms
[1438705295.444651] 64 bytes from aaaa::212:4b00:41e:afc6: icmp_seq=18 ttl=63 time=295 ms
[1438705296.566789] 64 bytes from aaaa::212:4b00:41e:afc6: icmp_seq=19 ttl=63 time=416 ms
[1438705297.456789] 64 bytes from aaaa::212:4b00:41e:afc6: icmp_seq=20 ttl=63 time=305 ms
[1438705298.320908] 64 bytes from aaaa::212:4b00:41e:afc6: icmp_seq=21 ttl=63 time=168 ms
[1438705299.434943] 64 bytes from aaaa::212:4b00:41e:afc6: icmp_seq=22 ttl=63 time=281 ms
[1438705300.321731] 64 bytes from aaaa::212:4b00:41e:afc6: icmp_seq=23 ttl=63 time=166 ms
[1438705301.314698] 64 bytes from aaaa::212:4b00:41e:afc6: icmp_seq=24 ttl=63 time=157 ms
[1438705302.310436] 64 bytes from aaaa::212:4b00:41e:afc6: icmp_seq=25 ttl=63 time=152 ms
[1438705303.325068] 64 bytes from aaaa::212:4b00:41e:afc6: icmp_seq=26 ttl=63 time=165 ms
[1438705304.339641] 64 bytes from aaaa::212:4b00:41e:afc6: icmp_seq=27 ttl=63 time=178 ms
[1438705305.465091] 64 bytes from aaaa::212:4b00:41e:afc6: icmp_seq=28 ttl=63 time=302 ms
[1438705306.324918] 64 bytes from aaaa::212:4b00:41e:afc6: icmp_seq=29 ttl=63 time=160 ms
[1438705307.837255] 64 bytes from aaaa::212:4b00:41e:afc6: icmp_seq=30 ttl=63 time=672 ms
[1438705308.322302] 64 bytes from aaaa::212:4b00:41e:afc6: icmp_seq=31 ttl=63 time=156 ms
[1438705309.591500] 64 bytes from aaaa::212:4b00:41e:afc6: icmp_seq=32 ttl=63 time=424 ms
[1438705310.558753] 64 bytes from aaaa::212:4b00:41e:afc6: icmp_seq=33 ttl=63 time=390 ms
[1438705311.583120] 64 bytes from aaaa::212:4b00:41e:afc6: icmp_seq=34 ttl=63 time=414 ms
[1438705312.318503] 64 bytes from aaaa::212:4b00:41e:afc6: icmp_seq=35 ttl=63 time=148 ms
[1438705313.586061] 64 bytes from aaaa::212:4b00:41e:afc6: icmp_seq=36 ttl=63 time=414 ms
[1438705314.446105] 64 bytes from aaaa::212:4b00:41e:afc6: icmp_seq=37 ttl=63 time=274 ms
[1438705315.332265] 64 bytes from aaaa::212:4b00:41e:afc6: icmp_seq=38 ttl=63 time=159 ms
[1438705316.322711] 64 bytes from aaaa::212:4b00:41e:afc6: icmp_seq=39 ttl=63 time=148 ms
[1438705317.321030] 64 bytes from aaaa::212:4b00:41e:afc6: icmp_seq=40 ttl=63 time=145 ms
[1438705318.447189] 64 bytes from aaaa::212:4b00:41e:afc6: icmp_seq=41 ttl=63 time=270 ms
[1438705319.333531] 64 bytes from aaaa::212:4b00:41e:afc6: icmp_seq=42 ttl=63 time=155 ms
[1438705320.478813] 64 bytes from aaaa::212:4b00:41e:afc6: icmp_seq=43 ttl=63 time=299 ms
[1438705321.320807] 64 bytes from aaaa::212:4b00:41e:afc6: icmp_seq=44 ttl=63 time=140 ms
[1438705322.322417] 64 bytes from aaaa::212:4b00:41e:afc6: icmp_seq=45 ttl=63 time=140 ms
[1438705323.574930] 64 bytes from aaaa::212:4b00:41e:afc6: icmp_seq=46 ttl=63 time=391 ms
[1438705324.467720] 64 bytes from aaaa::212:4b00:41e:afc6: icmp_seq=47 ttl=63 time=282 ms
[1438705325.325704] 64 bytes from aaaa::212:4b00:41e:afc6: icmp_seq=48 ttl=63 time=140 ms
[1438705326.351580] 64 bytes from aaaa::212:4b00:41e:afc6: icmp_seq=49 ttl=63 time=164 ms
[1438705327.351956] 64 bytes from aaaa::212:4b00:41e:afc6: icmp_seq=50 ttl=63 time=163 ms
[1438705328.333266] 64 bytes from aaaa::212:4b00:41e:afc6: icmp_seq=51 ttl=63 time=143 ms
[1438705329.579091] 64 bytes from aaaa::212:4b00:41e:afc6: icmp_seq=52 ttl=63 time=387 ms
[1438705330.345985] 64 bytes from aaaa::212:4b00:41e:afc6: icmp_seq=53 ttl=63 time=153 ms
[1438705331.338620] 64 bytes from aaaa::212:4b00:41e:afc6: icmp_seq=54 ttl=63 time=144 ms
[1438705332.346922] 64 bytes from aaaa::212:4b00:41e:afc6: icmp_seq=55 ttl=63 time=151 ms
[1438705333.327861] 64 bytes from aaaa::212:4b00:41e:afc6: icmp_seq=56 ttl=63 time=132 ms
[1438705334.363133] 64 bytes from aaaa::212:4b00:41e:afc6: icmp_seq=57 ttl=63 time=166 ms
[1438705335.481144] 64 bytes from aaaa::212:4b00:41e:afc6: icmp_seq=58 ttl=63 time=282 ms
[1438705336.356764] 64 bytes from aaaa::212:4b00:41e:afc6: icmp_seq=59 ttl=63 time=157 ms
[1438705337.349325] 64 bytes from aaaa::212:4b00:41e:afc6: icmp_seq=60 ttl=63 time=148 ms
[1438705338.347657] 64 bytes from aaaa::212:4b00:41e:afc6: icmp_seq=61 ttl=63 time=145 ms
[1438705339.727291] 64 bytes from aaaa::212:4b00:41e:afc6: icmp_seq=62 ttl=63 time=523 ms
[1438705340.579065] 64 bytes from aaaa::212:4b00:41e:afc6: icmp_seq=63 ttl=63 time=374 ms
[1438705341.351095] 64 bytes from aaaa::212:4b00:41e:afc6: icmp_seq=64 ttl=63 time=145 ms
[1438705342.367671] 64 bytes from aaaa::212:4b00:41e:afc6: icmp_seq=65 ttl=63 time=160 ms
[1438705343.343050] 64 bytes from aaaa::212:4b00:41e:afc6: icmp_seq=66 ttl=63 time=134 ms
[1438705344.334292] 64 bytes from aaaa::212:4b00:41e:afc6: icmp_seq=67 ttl=63 time=124 ms
[1438705345.334256] 64 bytes from aaaa::212:4b00:41e:afc6: icmp_seq=68 ttl=63 time=122 ms
[1438705347.220937] no answer yet for icmp_seq=69
[1438705347.335433] 64 bytes from aaaa::212:4b00:41e:afc6: icmp_seq=70 ttl=63 time=114 ms
[1438705348.359437] 64 bytes from aaaa::212:4b00:41e:afc6: icmp_seq=71 ttl=63 time=136 ms
[1438705349.337201] 64 bytes from aaaa::212:4b00:41e:afc6: icmp_seq=72 ttl=63 time=114 ms
[1438705350.339205] 64 bytes from aaaa::212:4b00:41e:afc6: icmp_seq=73 ttl=63 time=114 ms
[1438705351.481854] 64 bytes from aaaa::212:4b00:41e:afc6: icmp_seq=74 ttl=63 time=256 ms
[1438705352.336904] 64 bytes from aaaa::212:4b00:41e:afc6: icmp_seq=75 ttl=63 time=110 ms
[1438705353.592002] 64 bytes from aaaa::212:4b00:41e:afc6: icmp_seq=76 ttl=63 time=364 ms
[1438705354.350365] 64 bytes from aaaa::212:4b00:41e:afc6: icmp_seq=77 ttl=63 time=121 ms
[1438705355.340623] 64 bytes from aaaa::212:4b00:41e:afc6: icmp_seq=78 ttl=63 time=110 ms
[1438705356.343617] 64 bytes from aaaa::212:4b00:41e:afc6: icmp_seq=79 ttl=63 time=111 ms
[1438705357.342406] 64 bytes from aaaa::212:4b00:41e:afc6: icmp_seq=80 ttl=63 time=109 ms
[1438705358.591628] 64 bytes from aaaa::212:4b00:41e:afc6: icmp_seq=81 ttl=63 time=357 ms
[1438705359.341761] 64 bytes from aaaa::212:4b00:41e:afc6: icmp_seq=82 ttl=63 time=106 ms
[1438705360.365755] 64 bytes from aaaa::212:4b00:41e:afc6: icmp_seq=83 ttl=63 time=128 ms
[1438705361.346258] 64 bytes from aaaa::212:4b00:41e:afc6: icmp_seq=84 ttl=63 time=108 ms
[1438705362.354508] 64 bytes from aaaa::212:4b00:41e:afc6: icmp_seq=85 ttl=63 time=115 ms
[1438705363.355143] 64 bytes from aaaa::212:4b00:41e:afc6: icmp_seq=86 ttl=63 time=114 ms
[1438705364.361432] 64 bytes from aaaa::212:4b00:41e:afc6: icmp_seq=87 ttl=63 time=119 ms
[1438705365.747093] 64 bytes from aaaa::212:4b00:41e:afc6: icmp_seq=88 ttl=63 time=503 ms
[1438705366.481662] 64 bytes from aaaa::212:4b00:41e:afc6: icmp_seq=89 ttl=63 time=237 ms
[1438705367.596910] 64 bytes from aaaa::212:4b00:41e:afc6: icmp_seq=90 ttl=63 time=351 ms
[1438705368.613455] 64 bytes from aaaa::212:4b00:41e:afc6: icmp_seq=91 ttl=63 time=366 ms
[1438705369.345673] 64 bytes from aaaa::212:4b00:41e:afc6: icmp_seq=92 ttl=63 time=97.4 ms
[1438705370.347402] 64 bytes from aaaa::212:4b00:41e:afc6: icmp_seq=93 ttl=63 time=97.4 ms
[1438705371.349779] 64 bytes from aaaa::212:4b00:41e:afc6: icmp_seq=94 ttl=63 time=98.2 ms
[1438705372.351101] 64 bytes from aaaa::212:4b00:41e:afc6: icmp_seq=95 ttl=63 time=98.2 ms
[1438705373.347334] 64 bytes from aaaa::212:4b00:41e:afc6: icmp_seq=96 ttl=63 time=93.1 ms
[1438705374.600773] 64 bytes from aaaa::212:4b00:41e:afc6: icmp_seq=97 ttl=63 time=345 ms
[1438705375.350207] 64 bytes from aaaa::212:4b00:41e:afc6: icmp_seq=98 ttl=63 time=93.5 ms
[1438705376.377083] 64 bytes from aaaa::212:4b00:41e:afc6: icmp_seq=99 ttl=63 time=118 ms
[1438705377.354337] 64 bytes from aaaa::212:4b00:41e:afc6: icmp_seq=100 ttl=63 time=94.1 ms

--- aaaa::212:4b00:41e:afc6 ping statistics ---
100 packets transmitted, 99 received, 1% packet loss, time 99127ms
rtt min/avg/max/mdev = 38.004/241.394/940.579/169.728 ms
PING aaaa::212:4b00:41e:afc6(aaaa::212:4b00:41e:afc6) 56 data bytes
[1438705383.855866] 64 bytes from aaaa::212:4b00:41e:afc6: icmp_seq=1 ttl=63 time=160 ms
[1438705384.866120] 64 bytes from aaaa::212:4b00:41e:afc6: icmp_seq=2 ttl=63 time=170 ms
[1438705385.859003] 64 bytes from aaaa::212:4b00:41e:afc6: icmp_seq=3 ttl=63 time=161 ms
[1438705387.106078] 64 bytes from aaaa::212:4b00:41e:afc6: icmp_seq=4 ttl=63 time=407 ms
[1438705387.990660] 64 bytes from aaaa::212:4b00:41e:afc6: icmp_seq=5 ttl=63 time=291 ms
[1438705388.983392] 64 bytes from aaaa::212:4b00:41e:afc6: icmp_seq=6 ttl=63 time=282 ms
[1438705389.880269] 64 bytes from aaaa::212:4b00:41e:afc6: icmp_seq=7 ttl=63 time=178 ms
[1438705391.108684] 64 bytes from aaaa::212:4b00:41e:afc6: icmp_seq=8 ttl=63 time=405 ms
[1438705391.860411] 64 bytes from aaaa::212:4b00:41e:afc6: icmp_seq=9 ttl=63 time=156 ms
[1438705392.886171] 64 bytes from aaaa::212:4b00:41e:afc6: icmp_seq=10 ttl=63 time=181 ms
[1438705394.102813] 64 bytes from aaaa::212:4b00:41e:afc6: icmp_seq=11 ttl=63 time=396 ms
[1438705394.858170] 64 bytes from aaaa::212:4b00:41e:afc6: icmp_seq=12 ttl=63 time=152 ms
[1438705395.869729] 64 bytes from aaaa::212:4b00:41e:afc6: icmp_seq=13 ttl=63 time=162 ms
[1438705396.887947] 64 bytes from aaaa::212:4b00:41e:afc6: icmp_seq=14 ttl=63 time=179 ms
[1438705398.238537] 64 bytes from aaaa::212:4b00:41e:afc6: icmp_seq=15 ttl=63 time=528 ms
[1438705398.862598] 64 bytes from aaaa::212:4b00:41e:afc6: icmp_seq=16 ttl=63 time=152 ms
[1438705399.990052] 64 bytes from aaaa::212:4b00:41e:afc6: icmp_seq=17 ttl=63 time=278 ms
[1438705400.866559] 64 bytes from aaaa::212:4b00:41e:afc6: icmp_seq=18 ttl=63 time=153 ms
[1438705402.242674] 64 bytes from aaaa::212:4b00:41e:afc6: icmp_seq=19 ttl=63 time=528 ms
[1438705402.862725] 64 bytes from aaaa::212:4b00:41e:afc6: icmp_seq=20 ttl=63 time=148 ms
[1438705403.864573] 64 bytes from aaaa::212:4b00:41e:afc6: icmp_seq=21 ttl=63 time=148 ms
[1438705405.724994] no answer yet for icmp_seq=22
[1438705405.880958] 64 bytes from aaaa::212:4b00:41e:afc6: icmp_seq=23 ttl=63 time=155 ms
[1438705406.865982] 64 bytes from aaaa::212:4b00:41e:afc6: icmp_seq=24 ttl=63 time=139 ms
[1438705407.877984] 64 bytes from aaaa::212:4b00:41e:afc6: icmp_seq=25 ttl=63 time=150 ms
[1438705408.867986] 64 bytes from aaaa::212:4b00:41e:afc6: icmp_seq=26 ttl=63 time=139 ms
[1438705410.027349] 64 bytes from aaaa::212:4b00:41e:afc6: icmp_seq=27 ttl=63 time=298 ms
[1438705410.887390] 64 bytes from aaaa::212:4b00:41e:afc6: icmp_seq=28 ttl=63 time=158 ms
[1438705411.872510] 64 bytes from aaaa::212:4b00:41e:afc6: icmp_seq=29 ttl=63 time=142 ms
[1438705412.880738] 64 bytes from aaaa::212:4b00:41e:afc6: icmp_seq=30 ttl=63 time=149 ms
[1438705414.014121] 64 bytes from aaaa::212:4b00:41e:afc6: icmp_seq=31 ttl=63 time=281 ms
[1438705414.893267] 64 bytes from aaaa::212:4b00:41e:afc6: icmp_seq=32 ttl=63 time=160 ms
[1438705415.869999] 64 bytes from aaaa::212:4b00:41e:afc6: icmp_seq=33 ttl=63 time=135 ms
[1438705417.245259] 64 bytes from aaaa::212:4b00:41e:afc6: icmp_seq=34 ttl=63 time=509 ms
[1438705417.871510] 64 bytes from aaaa::212:4b00:41e:afc6: icmp_seq=35 ttl=63 time=135 ms
[1438705419.744984] no answer yet for icmp_seq=36
[1438705420.516306] 64 bytes from aaaa::212:4b00:41e:afc6: icmp_seq=37 ttl=63 time=771 ms
[1438705420.898125] 64 bytes from aaaa::212:4b00:41e:afc6: icmp_seq=38 ttl=63 time=153 ms
[1438705422.009943] 64 bytes from aaaa::212:4b00:41e:afc6: icmp_seq=39 ttl=63 time=263 ms
[1438705422.893091] 64 bytes from aaaa::212:4b00:41e:afc6: icmp_seq=40 ttl=63 time=146 ms
[1438705424.018325] 64 bytes from aaaa::212:4b00:41e:afc6: icmp_seq=41 ttl=63 time=270 ms
[1438705424.875459] 64 bytes from aaaa::212:4b00:41e:afc6: icmp_seq=42 ttl=63 time=127 ms
[1438705425.894577] 64 bytes from aaaa::212:4b00:41e:afc6: icmp_seq=43 ttl=63 time=145 ms
[1438705426.877611] 64 bytes from aaaa::212:4b00:41e:afc6: icmp_seq=44 ttl=63 time=126 ms
[1438705427.878879] 64 bytes from aaaa::212:4b00:41e:afc6: icmp_seq=45 ttl=63 time=127 ms
[1438705428.888207] 64 bytes from aaaa::212:4b00:41e:afc6: icmp_seq=46 ttl=63 time=135 ms
[1438705430.055124] 64 bytes from aaaa::212:4b00:41e:afc6: icmp_seq=47 ttl=63 time=300 ms
[1438705431.131496] 64 bytes from aaaa::212:4b00:41e:afc6: icmp_seq=48 ttl=63 time=376 ms
[1438705432.129307] 64 bytes from aaaa::212:4b00:41e:afc6: icmp_seq=49 ttl=63 time=374 ms
[1438705432.878810] 64 bytes from aaaa::212:4b00:41e:afc6: icmp_seq=50 ttl=63 time=123 ms
[1438705433.883880] 64 bytes from aaaa::212:4b00:41e:afc6: icmp_seq=51 ttl=63 time=126 ms
[1438705434.900156] 64 bytes from aaaa::212:4b00:41e:afc6: icmp_seq=52 ttl=63 time=141 ms
[1438705436.025921] 64 bytes from aaaa::212:4b00:41e:afc6: icmp_seq=53 ttl=63 time=265 ms
[1438705436.883907] 64 bytes from aaaa::212:4b00:41e:afc6: icmp_seq=54 ttl=63 time=123 ms
[1438705437.885682] 64 bytes from aaaa::212:4b00:41e:afc6: icmp_seq=55 ttl=63 time=123 ms
[1438705439.251195] 64 bytes from aaaa::212:4b00:41e:afc6: icmp_seq=56 ttl=63 time=487 ms
[1438705439.900700] 64 bytes from aaaa::212:4b00:41e:afc6: icmp_seq=57 ttl=63 time=137 ms
[1438705441.138102] 64 bytes from aaaa::212:4b00:41e:afc6: icmp_seq=58 ttl=63 time=373 ms
[1438705441.896213] 64 bytes from aaaa::212:4b00:41e:afc6: icmp_seq=59 ttl=63 time=131 ms
[1438705442.904692] 64 bytes from aaaa::212:4b00:41e:afc6: icmp_seq=60 ttl=63 time=138 ms
[1438705443.885636] 64 bytes from aaaa::212:4b00:41e:afc6: icmp_seq=61 ttl=63 time=118 ms
[1438705444.887974] 64 bytes from aaaa::212:4b00:41e:afc6: icmp_seq=62 ttl=63 time=119 ms
[1438705445.888983] 64 bytes from aaaa::212:4b00:41e:afc6: icmp_seq=63 ttl=63 time=118 ms
[1438705446.907265] 64 bytes from aaaa::212:4b00:41e:afc6: icmp_seq=64 ttl=63 time=136 ms
[1438705448.137882] 64 bytes from aaaa::212:4b00:41e:afc6: icmp_seq=65 ttl=63 time=365 ms
[1438705448.914379] 64 bytes from aaaa::212:4b00:41e:afc6: icmp_seq=66 ttl=63 time=141 ms
[1438705450.517387] 64 bytes from aaaa::212:4b00:41e:afc6: icmp_seq=67 ttl=63 time=743 ms
[1438705450.892662] 64 bytes from aaaa::212:4b00:41e:afc6: icmp_seq=68 ttl=63 time=118 ms
[1438705452.133892] 64 bytes from aaaa::212:4b00:41e:afc6: icmp_seq=69 ttl=63 time=358 ms
[1438705453.041069] 64 bytes from aaaa::212:4b00:41e:afc6: icmp_seq=70 ttl=63 time=265 ms
[1438705453.895281] 64 bytes from aaaa::212:4b00:41e:afc6: icmp_seq=71 ttl=63 time=119 ms
[1438705454.911691] 64 bytes from aaaa::212:4b00:41e:afc6: icmp_seq=72 ttl=63 time=134 ms
[1438705455.908316] 64 bytes from aaaa::212:4b00:41e:afc6: icmp_seq=73 ttl=63 time=129 ms
[1438705456.920417] 64 bytes from aaaa::212:4b00:41e:afc6: icmp_seq=74 ttl=63 time=140 ms
[1438705457.897349] 64 bytes from aaaa::212:4b00:41e:afc6: icmp_seq=75 ttl=63 time=115 ms
[1438705458.894183] 64 bytes from aaaa::212:4b00:41e:afc6: icmp_seq=76 ttl=63 time=110 ms
[1438705459.906329] 64 bytes from aaaa::212:4b00:41e:afc6: icmp_seq=77 ttl=63 time=121 ms
[1438705460.897225] 64 bytes from aaaa::212:4b00:41e:afc6: icmp_seq=78 ttl=63 time=110 ms
[1438705461.898458] 64 bytes from aaaa::212:4b00:41e:afc6: icmp_seq=79 ttl=63 time=110 ms
[1438705463.397719] 64 bytes from aaaa::212:4b00:41e:afc6: icmp_seq=80 ttl=63 time=608 ms
[1438705463.924211] 64 bytes from aaaa::212:4b00:41e:afc6: icmp_seq=81 ttl=63 time=134 ms
[1438705464.908862] 64 bytes from aaaa::212:4b00:41e:afc6: icmp_seq=82 ttl=63 time=118 ms
[1438705465.925264] 64 bytes from aaaa::212:4b00:41e:afc6: icmp_seq=83 ttl=63 time=133 ms
[1438705466.899385] 64 bytes from aaaa::212:4b00:41e:afc6: icmp_seq=84 ttl=63 time=106 ms
[1438705467.900774] 64 bytes from aaaa::212:4b00:41e:afc6: icmp_seq=85 ttl=63 time=106 ms
[1438705468.915001] 64 bytes from aaaa::212:4b00:41e:afc6: icmp_seq=86 ttl=63 time=119 ms
[1438705470.393548] 64 bytes from aaaa::212:4b00:41e:afc6: icmp_seq=87 ttl=63 time=596 ms
[1438705471.091162] 64 bytes from aaaa::212:4b00:41e:afc6: icmp_seq=88 ttl=63 time=294 ms
[1438705472.035809] 64 bytes from aaaa::212:4b00:41e:afc6: icmp_seq=89 ttl=63 time=238 ms
[1438705472.903823] 64 bytes from aaaa::212:4b00:41e:afc6: icmp_seq=90 ttl=63 time=106 ms
[1438705474.163780] 64 bytes from aaaa::212:4b00:41e:afc6: icmp_seq=91 ttl=63 time=364 ms
[1438705475.405304] 64 bytes from aaaa::212:4b00:41e:afc6: icmp_seq=92 ttl=63 time=605 ms
[1438705475.910925] 64 bytes from aaaa::212:4b00:41e:afc6: icmp_seq=93 ttl=63 time=111 ms
[1438705477.147094] 64 bytes from aaaa::212:4b00:41e:afc6: icmp_seq=94 ttl=63 time=346 ms
[1438705477.905937] 64 bytes from aaaa::212:4b00:41e:afc6: icmp_seq=95 ttl=63 time=105 ms
[1438705479.047393] 64 bytes from aaaa::212:4b00:41e:afc6: icmp_seq=96 ttl=63 time=245 ms
[1438705480.292579] 64 bytes from aaaa::212:4b00:41e:afc6: icmp_seq=97 ttl=63 time=490 ms
[1438705480.908364] 64 bytes from aaaa::212:4b00:41e:afc6: icmp_seq=98 ttl=63 time=106 ms
[1438705482.155997] 64 bytes from aaaa::212:4b00:41e:afc6: icmp_seq=99 ttl=63 time=352 ms
[1438705482.907118] 64 bytes from aaaa::212:4b00:41e:afc6: icmp_seq=100 ttl=63 time=103 ms

--- aaaa::212:4b00:41e:afc6 ping statistics ---
100 packets transmitted, 98 received, 2% packet loss, time 99108ms
rtt min/avg/max/mdev = 103.247/226.999/771.188/150.674 ms
PING aaaa::212:4b00:41e:afc6(aaaa::212:4b00:41e:afc6) 56 data bytes
[1438705496.058593] 64 bytes from aaaa::212:4b00:41e:afc6: icmp_seq=1 ttl=63 time=261 ms
[1438705496.916585] 64 bytes from aaaa::212:4b00:41e:afc6: icmp_seq=2 ttl=63 time=119 ms
[1438705497.917352] 64 bytes from aaaa::212:4b00:41e:afc6: icmp_seq=3 ttl=63 time=118 ms
[1438705498.915574] 64 bytes from aaaa::212:4b00:41e:afc6: icmp_seq=4 ttl=63 time=115 ms
[1438705499.923249] 64 bytes from aaaa::212:4b00:41e:afc6: icmp_seq=5 ttl=63 time=121 ms
[1438705500.919722] 64 bytes from aaaa::212:4b00:41e:afc6: icmp_seq=6 ttl=63 time=116 ms
[1438705501.920508] 64 bytes from aaaa::212:4b00:41e:afc6: icmp_seq=7 ttl=63 time=116 ms
[1438705502.917887] 64 bytes from aaaa::212:4b00:41e:afc6: icmp_seq=8 ttl=63 time=112 ms
[1438705503.927341] 64 bytes from aaaa::212:4b00:41e:afc6: icmp_seq=9 ttl=63 time=120 ms
[1438705504.918988] 64 bytes from aaaa::212:4b00:41e:afc6: icmp_seq=10 ttl=63 time=110 ms
[1438705506.677637] 64 bytes from aaaa::212:4b00:41e:afc6: icmp_seq=11 ttl=63 time=867 ms
[1438705507.178011] 64 bytes from aaaa::212:4b00:41e:afc6: icmp_seq=12 ttl=63 time=368 ms
[1438705507.920130] 64 bytes from aaaa::212:4b00:41e:afc6: icmp_seq=13 ttl=63 time=110 ms
[1438705509.181647] 64 bytes from aaaa::212:4b00:41e:afc6: icmp_seq=14 ttl=63 time=370 ms
[1438705509.932893] 64 bytes from aaaa::212:4b00:41e:afc6: icmp_seq=15 ttl=63 time=121 ms
[1438705511.298264] 64 bytes from aaaa::212:4b00:41e:afc6: icmp_seq=16 ttl=63 time=485 ms
[1438705511.923292] 64 bytes from aaaa::212:4b00:41e:afc6: icmp_seq=17 ttl=63 time=110 ms
[1438705512.924987] 64 bytes from aaaa::212:4b00:41e:afc6: icmp_seq=18 ttl=63 time=110 ms
[1438705513.923072] 64 bytes from aaaa::212:4b00:41e:afc6: icmp_seq=19 ttl=63 time=106 ms
[1438705514.924307] 64 bytes from aaaa::212:4b00:41e:afc6: icmp_seq=20 ttl=63 time=106 ms
[1438705515.925306] 64 bytes from aaaa::212:4b00:41e:afc6: icmp_seq=21 ttl=63 time=105 ms
[1438705516.951792] 64 bytes from aaaa::212:4b00:41e:afc6: icmp_seq=22 ttl=63 time=132 ms
[1438705518.168427] 64 bytes from aaaa::212:4b00:41e:afc6: icmp_seq=23 ttl=63 time=347 ms
[1438705518.937068] 64 bytes from aaaa::212:4b00:41e:afc6: icmp_seq=24 ttl=63 time=115 ms
[1438705519.924818] 64 bytes from aaaa::212:4b00:41e:afc6: icmp_seq=25 ttl=63 time=101 ms
[1438705520.928083] 64 bytes from aaaa::212:4b00:41e:afc6: icmp_seq=26 ttl=63 time=103 ms
[1438705521.927723] 64 bytes from aaaa::212:4b00:41e:afc6: icmp_seq=27 ttl=63 time=101 ms
[1438705522.931341] 64 bytes from aaaa::212:4b00:41e:afc6: icmp_seq=28 ttl=63 time=103 ms
[1438705523.939755] 64 bytes from aaaa::212:4b00:41e:afc6: icmp_seq=29 ttl=63 time=110 ms
[1438705524.938108] 64 bytes from aaaa::212:4b00:41e:afc6: icmp_seq=30 ttl=63 time=107 ms
[1438705525.929724] 64 bytes from aaaa::212:4b00:41e:afc6: icmp_seq=31 ttl=63 time=97.5 ms
[1438705526.931261] 64 bytes from aaaa::212:4b00:41e:afc6: icmp_seq=32 ttl=63 time=97.4 ms
[1438705527.941147] 64 bytes from aaaa::212:4b00:41e:afc6: icmp_seq=33 ttl=63 time=105 ms
[1438705528.941987] 64 bytes from aaaa::212:4b00:41e:afc6: icmp_seq=34 ttl=63 time=104 ms
[1438705529.950391] 64 bytes from aaaa::212:4b00:41e:afc6: icmp_seq=35 ttl=63 time=111 ms
[1438705530.956645] 64 bytes from aaaa::212:4b00:41e:afc6: icmp_seq=36 ttl=63 time=116 ms
[1438705531.934896] 64 bytes from aaaa::212:4b00:41e:afc6: icmp_seq=37 ttl=63 time=93.2 ms
[1438705533.191532] 64 bytes from aaaa::212:4b00:41e:afc6: icmp_seq=38 ttl=63 time=348 ms
[1438705533.932796] 64 bytes from aaaa::212:4b00:41e:afc6: icmp_seq=39 ttl=63 time=89.4 ms
[1438705534.944533] 64 bytes from aaaa::212:4b00:41e:afc6: icmp_seq=40 ttl=63 time=99.6 ms
[1438705535.945482] 64 bytes from aaaa::212:4b00:41e:afc6: icmp_seq=41 ttl=63 time=98.8 ms
[1438705537.427796] 64 bytes from aaaa::212:4b00:41e:afc6: icmp_seq=42 ttl=63 time=580 ms
[1438705537.952179] 64 bytes from aaaa::212:4b00:41e:afc6: icmp_seq=43 ttl=63 time=104 ms
[1438705538.947222] 64 bytes from aaaa::212:4b00:41e:afc6: icmp_seq=44 ttl=63 time=97.9 ms
[1438705539.947183] 64 bytes from aaaa::212:4b00:41e:afc6: icmp_seq=45 ttl=63 time=96.8 ms
[1438705540.936944] 64 bytes from aaaa::212:4b00:41e:afc6: icmp_seq=46 ttl=63 time=84.6 ms
[1438705541.938637] 64 bytes from aaaa::212:4b00:41e:afc6: icmp_seq=47 ttl=63 time=84.5 ms
[1438705542.940825] 64 bytes from aaaa::212:4b00:41e:afc6: icmp_seq=48 ttl=63 time=85.0 ms
[1438705543.957438] 64 bytes from aaaa::212:4b00:41e:afc6: icmp_seq=49 ttl=63 time=100 ms
[1438705544.965865] 64 bytes from aaaa::212:4b00:41e:afc6: icmp_seq=50 ttl=63 time=107 ms
[1438705545.950723] 64 bytes from aaaa::212:4b00:41e:afc6: icmp_seq=51 ttl=63 time=90.8 ms
[1438705546.942232] 64 bytes from aaaa::212:4b00:41e:afc6: icmp_seq=52 ttl=63 time=80.4 ms
[1438705547.939485] 64 bytes from aaaa::212:4b00:41e:afc6: icmp_seq=53 ttl=63 time=76.1 ms
[1438705548.944219] 64 bytes from aaaa::212:4b00:41e:afc6: icmp_seq=54 ttl=63 time=79.5 ms
[1438705549.941879] 64 bytes from aaaa::212:4b00:41e:afc6: icmp_seq=55 ttl=63 time=76.0 ms
[1438705550.945495] 64 bytes from aaaa::212:4b00:41e:afc6: icmp_seq=56 ttl=63 time=78.5 ms
[1438705551.977867] 64 bytes from aaaa::212:4b00:41e:afc6: icmp_seq=57 ttl=63 time=109 ms
[1438705552.941880] 64 bytes from aaaa::212:4b00:41e:afc6: icmp_seq=58 ttl=63 time=71.9 ms
[1438705553.968286] 64 bytes from aaaa::212:4b00:41e:afc6: icmp_seq=59 ttl=63 time=97.2 ms
[1438705555.203044] 64 bytes from aaaa::212:4b00:41e:afc6: icmp_seq=60 ttl=63 time=330 ms
[1438705555.945760] 64 bytes from aaaa::212:4b00:41e:afc6: icmp_seq=61 ttl=63 time=72.8 ms
[1438705556.948268] 64 bytes from aaaa::212:4b00:41e:afc6: icmp_seq=62 ttl=63 time=75.1 ms
[1438705557.946150] 64 bytes from aaaa::212:4b00:41e:afc6: icmp_seq=63 ttl=63 time=71.7 ms
[1438705558.957933] 64 bytes from aaaa::212:4b00:41e:afc6: icmp_seq=64 ttl=63 time=81.4 ms
[1438705559.949036] 64 bytes from aaaa::212:4b00:41e:afc6: icmp_seq=65 ttl=63 time=70.9 ms
[1438705560.946800] 64 bytes from aaaa::212:4b00:41e:afc6: icmp_seq=66 ttl=63 time=67.6 ms
[1438705561.951681] 64 bytes from aaaa::212:4b00:41e:afc6: icmp_seq=67 ttl=63 time=70.7 ms
[1438705562.950445] 64 bytes from aaaa::212:4b00:41e:afc6: icmp_seq=68 ttl=63 time=67.6 ms
[1438705564.200314] 64 bytes from aaaa::212:4b00:41e:afc6: icmp_seq=69 ttl=63 time=315 ms
[1438705564.952944] 64 bytes from aaaa::212:4b00:41e:afc6: icmp_seq=70 ttl=63 time=67.7 ms
[1438705565.950978] 64 bytes from aaaa::212:4b00:41e:afc6: icmp_seq=71 ttl=63 time=63.8 ms
[1438705566.952438] 64 bytes from aaaa::212:4b00:41e:afc6: icmp_seq=72 ttl=63 time=63.3 ms
[1438705567.953444] 64 bytes from aaaa::212:4b00:41e:afc6: icmp_seq=73 ttl=63 time=63.2 ms
[1438705569.470591] 64 bytes from aaaa::212:4b00:41e:afc6: icmp_seq=74 ttl=63 time=579 ms
[1438705569.954953] 64 bytes from aaaa::212:4b00:41e:afc6: icmp_seq=75 ttl=63 time=63.7 ms
[1438705570.952219] 64 bytes from aaaa::212:4b00:41e:afc6: icmp_seq=76 ttl=63 time=59.9 ms
[1438705571.965366] 64 bytes from aaaa::212:4b00:41e:afc6: icmp_seq=77 ttl=63 time=72.2 ms
[1438705572.956613] 64 bytes from aaaa::212:4b00:41e:afc6: icmp_seq=78 ttl=63 time=62.1 ms
[1438705573.958879] 64 bytes from aaaa::212:4b00:41e:afc6: icmp_seq=79 ttl=63 time=63.7 ms
[1438705574.980233] 64 bytes from aaaa::212:4b00:41e:afc6: icmp_seq=80 ttl=63 time=83.2 ms
[1438705575.975017] 64 bytes from aaaa::212:4b00:41e:afc6: icmp_seq=81 ttl=63 time=76.6 ms
[1438705576.958248] 64 bytes from aaaa::212:4b00:41e:afc6: icmp_seq=82 ttl=63 time=58.0 ms
[1438705577.976151] 64 bytes from aaaa::212:4b00:41e:afc6: icmp_seq=83 ttl=63 time=74.7 ms
[1438705578.976767] 64 bytes from aaaa::212:4b00:41e:afc6: icmp_seq=84 ttl=63 time=73.4 ms
[1438705579.977130] 64 bytes from aaaa::212:4b00:41e:afc6: icmp_seq=85 ttl=63 time=72.2 ms
[1438705580.957044] 64 bytes from aaaa::212:4b00:41e:afc6: icmp_seq=86 ttl=63 time=50.7 ms
[1438705581.983677] 64 bytes from aaaa::212:4b00:41e:afc6: icmp_seq=87 ttl=63 time=75.5 ms
[1438705583.338014] 64 bytes from aaaa::212:4b00:41e:afc6: icmp_seq=88 ttl=63 time=428 ms
[1438705583.960530] 64 bytes from aaaa::212:4b00:41e:afc6: icmp_seq=89 ttl=63 time=50.7 ms
[1438705584.979719] 64 bytes from aaaa::212:4b00:41e:afc6: icmp_seq=90 ttl=63 time=68.0 ms
[1438705586.920978] no answer yet for icmp_seq=91
[1438705586.965286] 64 bytes from aaaa::212:4b00:41e:afc6: icmp_seq=92 ttl=63 time=44.1 ms
[1438705588.112529] 64 bytes from aaaa::212:4b00:41e:afc6: icmp_seq=93 ttl=63 time=190 ms
[1438705588.989440] 64 bytes from aaaa::212:4b00:41e:afc6: icmp_seq=94 ttl=63 time=66.9 ms
[1438705589.966555] 64 bytes from aaaa::212:4b00:41e:afc6: icmp_seq=95 ttl=63 time=43.2 ms
[1438705591.463571] 64 bytes from aaaa::212:4b00:41e:afc6: icmp_seq=96 ttl=63 time=538 ms
[1438705592.491804] 64 bytes from aaaa::212:4b00:41e:afc6: icmp_seq=97 ttl=63 time=566 ms
[1438705592.968553] 64 bytes from aaaa::212:4b00:41e:afc6: icmp_seq=98 ttl=63 time=43.1 ms
[1438705594.932878] no answer yet for icmp_seq=99
[1438705595.094460] 64 bytes from aaaa::212:4b00:41e:afc6: icmp_seq=99 ttl=63 time=1167 ms
[1438705595.228376] 64 bytes from aaaa::212:4b00:41e:afc6: icmp_seq=100 ttl=63 time=295 ms

--- aaaa::212:4b00:41e:afc6 ping statistics ---
100 packets transmitted, 99 received, 1% packet loss, time 99136ms
rtt min/avg/max/mdev = 43.178/154.692/1167.738/175.520 ms, pipe 2
PING aaaa::212:4b00:41e:afc6(aaaa::212:4b00:41e:afc6) 56 data bytes
[1438705622.724714] 64 bytes from aaaa::212:4b00:41e:afc6: icmp_seq=1 ttl=63 time=364 ms
[1438705623.730728] 64 bytes from aaaa::212:4b00:41e:afc6: icmp_seq=2 ttl=63 time=369 ms
[1438705624.501277] 64 bytes from aaaa::212:4b00:41e:afc6: icmp_seq=3 ttl=63 time=138 ms
[1438705625.606340] 64 bytes from aaaa::212:4b00:41e:afc6: icmp_seq=4 ttl=63 time=241 ms
[1438705626.484218] 64 bytes from aaaa::212:4b00:41e:afc6: icmp_seq=5 ttl=63 time=118 ms
[1438705627.501206] 64 bytes from aaaa::212:4b00:41e:afc6: icmp_seq=6 ttl=63 time=135 ms
[1438705628.628735] 64 bytes from aaaa::212:4b00:41e:afc6: icmp_seq=7 ttl=63 time=261 ms
[1438705629.483242] 64 bytes from aaaa::212:4b00:41e:afc6: icmp_seq=8 ttl=63 time=114 ms
[1438705630.496866] 64 bytes from aaaa::212:4b00:41e:afc6: icmp_seq=9 ttl=63 time=126 ms
[1438705631.485355] 64 bytes from aaaa::212:4b00:41e:afc6: icmp_seq=10 ttl=63 time=114 ms
[1438705632.486337] 64 bytes from aaaa::212:4b00:41e:afc6: icmp_seq=11 ttl=63 time=113 ms
[1438705633.628067] 64 bytes from aaaa::212:4b00:41e:afc6: icmp_seq=12 ttl=63 time=254 ms
[1438705634.489256] 64 bytes from aaaa::212:4b00:41e:afc6: icmp_seq=13 ttl=63 time=114 ms
[1438705635.507483] 64 bytes from aaaa::212:4b00:41e:afc6: icmp_seq=14 ttl=63 time=131 ms
[1438705636.731744] 64 bytes from aaaa::212:4b00:41e:afc6: icmp_seq=15 ttl=63 time=354 ms
[1438705637.614531] 64 bytes from aaaa::212:4b00:41e:afc6: icmp_seq=16 ttl=63 time=235 ms
[1438705638.489249] 64 bytes from aaaa::212:4b00:41e:afc6: icmp_seq=17 ttl=63 time=109 ms
[1438705639.491266] 64 bytes from aaaa::212:4b00:41e:afc6: icmp_seq=18 ttl=63 time=109 ms
[1438705640.768032] 64 bytes from aaaa::212:4b00:41e:afc6: icmp_seq=19 ttl=63 time=385 ms
[1438705641.490602] 64 bytes from aaaa::212:4b00:41e:afc6: icmp_seq=20 ttl=63 time=106 ms
[1438705642.491799] 64 bytes from aaaa::212:4b00:41e:afc6: icmp_seq=21 ttl=63 time=106 ms
[1438705643.617185] 64 bytes from aaaa::212:4b00:41e:afc6: icmp_seq=22 ttl=63 time=230 ms
[1438705644.494307] 64 bytes from aaaa::212:4b00:41e:afc6: icmp_seq=23 ttl=63 time=106 ms
[1438705645.496983] 64 bytes from aaaa::212:4b00:41e:afc6: icmp_seq=24 ttl=63 time=107 ms
[1438705646.521290] 64 bytes from aaaa::212:4b00:41e:afc6: icmp_seq=25 ttl=63 time=130 ms
[1438705647.494750] 64 bytes from aaaa::212:4b00:41e:afc6: icmp_seq=26 ttl=63 time=102 ms
[1438705648.520553] 64 bytes from aaaa::212:4b00:41e:afc6: icmp_seq=27 ttl=63 time=126 ms
[1438705649.513006] 64 bytes from aaaa::212:4b00:41e:afc6: icmp_seq=28 ttl=63 time=117 ms
[1438705650.522945] 64 bytes from aaaa::212:4b00:41e:afc6: icmp_seq=29 ttl=63 time=125 ms
[1438705651.739697] 64 bytes from aaaa::212:4b00:41e:afc6: icmp_seq=30 ttl=63 time=340 ms
[1438705652.497059] 64 bytes from aaaa::212:4b00:41e:afc6: icmp_seq=31 ttl=63 time=97.3 ms
[1438705653.498476] 64 bytes from aaaa::212:4b00:41e:afc6: icmp_seq=32 ttl=63 time=97.3 ms
[1438705654.499591] 64 bytes from aaaa::212:4b00:41e:afc6: icmp_seq=33 ttl=63 time=97.0 ms
[1438705655.531941] 64 bytes from aaaa::212:4b00:41e:afc6: icmp_seq=34 ttl=63 time=128 ms
[1438705656.516956] 64 bytes from aaaa::212:4b00:41e:afc6: icmp_seq=35 ttl=63 time=111 ms
[1438705657.999606] 64 bytes from aaaa::212:4b00:41e:afc6: icmp_seq=36 ttl=63 time=593 ms
[1438705658.500213] 64 bytes from aaaa::212:4b00:41e:afc6: icmp_seq=37 ttl=63 time=93.0 ms
[1438705659.501337] 64 bytes from aaaa::212:4b00:41e:afc6: icmp_seq=38 ttl=63 time=93.0 ms
[1438705660.750519] 64 bytes from aaaa::212:4b00:41e:afc6: icmp_seq=39 ttl=63 time=341 ms
[1438705661.506183] 64 bytes from aaaa::212:4b00:41e:afc6: icmp_seq=40 ttl=63 time=95.6 ms
[1438705662.647629] 64 bytes from aaaa::212:4b00:41e:afc6: icmp_seq=41 ttl=63 time=235 ms
[1438705663.746756] 64 bytes from aaaa::212:4b00:41e:afc6: icmp_seq=42 ttl=63 time=333 ms
[1438705664.523101] 64 bytes from aaaa::212:4b00:41e:afc6: icmp_seq=43 ttl=63 time=108 ms
[1438705665.515609] 64 bytes from aaaa::212:4b00:41e:afc6: icmp_seq=44 ttl=63 time=99.4 ms
[1438705667.015501] 64 bytes from aaaa::212:4b00:41e:afc6: icmp_seq=45 ttl=63 time=597 ms
[1438705668.424965] no answer yet for icmp_seq=46
[1438705668.509383] 64 bytes from aaaa::212:4b00:41e:afc6: icmp_seq=47 ttl=63 time=84.2 ms
[1438705669.510017] 64 bytes from aaaa::212:4b00:41e:afc6: icmp_seq=48 ttl=63 time=83.5 ms
[1438705670.750025] 64 bytes from aaaa::212:4b00:41e:afc6: icmp_seq=49 ttl=63 time=321 ms
[1438705671.516712] 64 bytes from aaaa::212:4b00:41e:afc6: icmp_seq=50 ttl=63 time=87.7 ms
[1438705672.519420] 64 bytes from aaaa::212:4b00:41e:afc6: icmp_seq=51 ttl=63 time=88.5 ms
[1438705673.520011] 64 bytes from aaaa::212:4b00:41e:afc6: icmp_seq=52 ttl=63 time=87.4 ms
[1438705674.526151] 64 bytes from aaaa::212:4b00:41e:afc6: icmp_seq=53 ttl=63 time=92.0 ms
[1438705675.511044] 64 bytes from aaaa::212:4b00:41e:afc6: icmp_seq=54 ttl=63 time=76.0 ms
[1438705676.521451] 64 bytes from aaaa::212:4b00:41e:afc6: icmp_seq=55 ttl=63 time=85.2 ms
[1438705677.535550] 64 bytes from aaaa::212:4b00:41e:afc6: icmp_seq=56 ttl=63 time=97.9 ms
[1438705678.787703] 64 bytes from aaaa::212:4b00:41e:afc6: icmp_seq=57 ttl=63 time=349 ms
[1438705679.511795] 64 bytes from aaaa::212:4b00:41e:afc6: icmp_seq=58 ttl=63 time=72.2 ms
[1438705680.516158] 64 bytes from aaaa::212:4b00:41e:afc6: icmp_seq=59 ttl=63 time=75.2 ms
[1438705681.514180] 64 bytes from aaaa::212:4b00:41e:afc6: icmp_seq=60 ttl=63 time=71.8 ms
[1438705682.515583] 64 bytes from aaaa::212:4b00:41e:afc6: icmp_seq=61 ttl=63 time=72.2 ms
[1438705683.512693] 64 bytes from aaaa::212:4b00:41e:afc6: icmp_seq=62 ttl=63 time=67.9 ms
[1438705684.541432] 64 bytes from aaaa::212:4b00:41e:afc6: icmp_seq=63 ttl=63 time=96.2 ms
[1438705685.514138] 64 bytes from aaaa::212:4b00:41e:afc6: icmp_seq=64 ttl=63 time=67.6 ms
[1438705686.515987] 64 bytes from aaaa::212:4b00:41e:afc6: icmp_seq=65 ttl=63 time=67.6 ms
[1438705687.782968] 64 bytes from aaaa::212:4b00:41e:afc6: icmp_seq=66 ttl=63 time=333 ms
[1438705688.528081] 64 bytes from aaaa::212:4b00:41e:afc6: icmp_seq=67 ttl=63 time=77.2 ms
[1438705689.543976] 64 bytes from aaaa::212:4b00:41e:afc6: icmp_seq=68 ttl=63 time=91.7 ms
[1438705690.779030] 64 bytes from aaaa::212:4b00:41e:afc6: icmp_seq=69 ttl=63 time=324 ms
[1438705691.519586] 64 bytes from aaaa::212:4b00:41e:afc6: icmp_seq=70 ttl=63 time=64.6 ms
[1438705692.519839] 64 bytes from aaaa::212:4b00:41e:afc6: icmp_seq=71 ttl=63 time=63.2 ms
[1438705693.521483] 64 bytes from aaaa::212:4b00:41e:afc6: icmp_seq=72 ttl=63 time=63.5 ms
[1438705694.538973] 64 bytes from aaaa::212:4b00:41e:afc6: icmp_seq=73 ttl=63 time=79.3 ms
[1438705695.802498] 64 bytes from aaaa::212:4b00:41e:afc6: icmp_seq=74 ttl=63 time=341 ms
[1438705696.899615] 64 bytes from aaaa::212:4b00:41e:afc6: icmp_seq=75 ttl=63 time=437 ms
[1438705697.540488] 64 bytes from aaaa::212:4b00:41e:afc6: icmp_seq=76 ttl=63 time=77.1 ms
[1438705698.548612] 64 bytes from aaaa::212:4b00:41e:afc6: icmp_seq=77 ttl=63 time=83.9 ms
[1438705699.522008] 64 bytes from aaaa::212:4b00:41e:afc6: icmp_seq=78 ttl=63 time=56.2 ms
[1438705700.541617] 64 bytes from aaaa::212:4b00:41e:afc6: icmp_seq=79 ttl=63 time=74.8 ms
[1438705701.766239] 64 bytes from aaaa::212:4b00:41e:afc6: icmp_seq=80 ttl=63 time=297 ms
[1438705702.525119] 64 bytes from aaaa::212:4b00:41e:afc6: icmp_seq=81 ttl=63 time=54.9 ms
[1438705703.558217] 64 bytes from aaaa::212:4b00:41e:afc6: icmp_seq=82 ttl=63 time=86.9 ms
[1438705704.527281] 64 bytes from aaaa::212:4b00:41e:afc6: icmp_seq=83 ttl=63 time=54.9 ms
[1438705705.551995] 64 bytes from aaaa::212:4b00:41e:afc6: icmp_seq=84 ttl=63 time=78.9 ms
[1438705706.544763] 64 bytes from aaaa::212:4b00:41e:afc6: icmp_seq=85 ttl=63 time=69.6 ms
[1438705707.527532] 64 bytes from aaaa::212:4b00:41e:afc6: icmp_seq=86 ttl=63 time=50.6 ms
[1438705708.529420] 64 bytes from aaaa::212:4b00:41e:afc6: icmp_seq=87 ttl=63 time=50.7 ms
[1438705709.777157] 64 bytes from aaaa::212:4b00:41e:afc6: icmp_seq=88 ttl=63 time=296 ms
[1438705710.789529] 64 bytes from aaaa::212:4b00:41e:afc6: icmp_seq=89 ttl=63 time=307 ms
[1438705711.529912] 64 bytes from aaaa::212:4b00:41e:afc6: icmp_seq=90 ttl=63 time=46.4 ms
[1438705712.540371] 64 bytes from aaaa::212:4b00:41e:afc6: icmp_seq=91 ttl=63 time=55.3 ms
[1438705713.556402] 64 bytes from aaaa::212:4b00:41e:afc6: icmp_seq=92 ttl=63 time=69.8 ms
[1438705714.565064] 64 bytes from aaaa::212:4b00:41e:afc6: icmp_seq=93 ttl=63 time=76.5 ms
[1438705715.530282] 64 bytes from aaaa::212:4b00:41e:afc6: icmp_seq=94 ttl=63 time=40.1 ms
[1438705717.490846] no answer yet for icmp_seq=95
[1438705717.533183] 64 bytes from aaaa::212:4b00:41e:afc6: icmp_seq=96 ttl=63 time=42.2 ms
[1438705718.549301] 64 bytes from aaaa::212:4b00:41e:afc6: icmp_seq=97 ttl=63 time=56.9 ms
[1438705720.057701] 64 bytes from aaaa::212:4b00:41e:afc6: icmp_seq=98 ttl=63 time=564 ms
[1438705721.167544] 64 bytes from aaaa::212:4b00:41e:afc6: icmp_seq=99 ttl=63 time=674 ms
[1438705721.560565] 64 bytes from aaaa::212:4b00:41e:afc6: icmp_seq=100 ttl=63 time=67.5 ms

--- aaaa::212:4b00:41e:afc6 ping statistics ---
100 packets transmitted, 98 received, 2% packet loss, time 99132ms
rtt min/avg/max/mdev = 40.144/160.956/674.217/136.182 ms
PING aaaa::212:4b00:41e:afc6(aaaa::212:4b00:41e:afc6) 56 data bytes
[1438705748.316843] 64 bytes from aaaa::212:4b00:41e:afc6: icmp_seq=1 ttl=63 time=175 ms
[1438705749.299349] 64 bytes from aaaa::212:4b00:41e:afc6: icmp_seq=2 ttl=63 time=156 ms
[1438705750.302521] 64 bytes from aaaa::212:4b00:41e:afc6: icmp_seq=3 ttl=63 time=158 ms
[1438705751.324481] 64 bytes from aaaa::212:4b00:41e:afc6: icmp_seq=4 ttl=63 time=178 ms
[1438705752.299306] 64 bytes from aaaa::212:4b00:41e:afc6: icmp_seq=5 ttl=63 time=152 ms
[1438705753.460494] 64 bytes from aaaa::212:4b00:41e:afc6: icmp_seq=6 ttl=63 time=312 ms
[1438705754.302245] 64 bytes from aaaa::212:4b00:41e:afc6: icmp_seq=7 ttl=63 time=152 ms
[1438705755.318481] 64 bytes from aaaa::212:4b00:41e:afc6: icmp_seq=8 ttl=63 time=168 ms
[1438705756.324971] 64 bytes from aaaa::212:4b00:41e:afc6: icmp_seq=9 ttl=63 time=174 ms
[1438705758.150874] no answer yet for icmp_seq=10
[1438705758.695343] 64 bytes from aaaa::212:4b00:41e:afc6: icmp_seq=10 ttl=63 time=1543 ms
[1438705759.151914] no answer yet for icmp_seq=11
[1438705759.695962] 64 bytes from aaaa::212:4b00:41e:afc6: icmp_seq=11 ttl=63 time=1544 ms
[1438705760.152494] no answer yet for icmp_seq=12
[1438705760.803714] 64 bytes from aaaa::212:4b00:41e:afc6: icmp_seq=12 ttl=63 time=1651 ms
[1438705761.153165] no answer yet for icmp_seq=13
[1438705762.160905] no answer yet for icmp_seq=14
[1438705762.182812] 64 bytes from aaaa::212:4b00:41e:afc6: icmp_seq=13 ttl=63 time=2030 ms
[1438705762.310732] 64 bytes from aaaa::212:4b00:41e:afc6: icmp_seq=14 ttl=63 time=1157 ms
[1438705763.162706] no answer yet for icmp_seq=15
[1438705763.449708] 64 bytes from aaaa::212:4b00:41e:afc6: icmp_seq=15 ttl=63 time=1288 ms
[1438705763.940225] 64 bytes from aaaa::212:4b00:41e:afc6: icmp_seq=16 ttl=63 time=777 ms
[1438705764.442761] 64 bytes from aaaa::212:4b00:41e:afc6: icmp_seq=17 ttl=63 time=279 ms
[1438705766.172997] no answer yet for icmp_seq=18
[1438705767.180998] no answer yet for icmp_seq=19
[1438705767.425849] 64 bytes from aaaa::212:4b00:41e:afc6: icmp_seq=18 ttl=63 time=2261 ms
[1438705767.572254] 64 bytes from aaaa::212:4b00:41e:afc6: icmp_seq=19 ttl=63 time=1399 ms
[1438705767.696853] 64 bytes from aaaa::212:4b00:41e:afc6: icmp_seq=20 ttl=63 time=515 ms
[1438705768.307926] 64 bytes from aaaa::212:4b00:41e:afc6: icmp_seq=21 ttl=63 time=125 ms
[1438705769.435564] 64 bytes from aaaa::212:4b00:41e:afc6: icmp_seq=22 ttl=63 time=251 ms
[1438705770.308234] 64 bytes from aaaa::212:4b00:41e:afc6: icmp_seq=23 ttl=63 time=122 ms
[1438705771.576626] 64 bytes from aaaa::212:4b00:41e:afc6: icmp_seq=24 ttl=63 time=389 ms
[1438705773.196981] no answer yet for icmp_seq=25
[1438705773.311614] 64 bytes from aaaa::212:4b00:41e:afc6: icmp_seq=26 ttl=63 time=114 ms
[1438705774.313093] 64 bytes from aaaa::212:4b00:41e:afc6: icmp_seq=27 ttl=63 time=114 ms
[1438705775.311085] 64 bytes from aaaa::212:4b00:41e:afc6: icmp_seq=28 ttl=63 time=110 ms
[1438705776.554690] 64 bytes from aaaa::212:4b00:41e:afc6: icmp_seq=29 ttl=63 time=353 ms
[1438705777.339160] 64 bytes from aaaa::212:4b00:41e:afc6: icmp_seq=30 ttl=63 time=136 ms
[1438705778.581858] 64 bytes from aaaa::212:4b00:41e:afc6: icmp_seq=31 ttl=63 time=377 ms
[1438705779.311610] 64 bytes from aaaa::212:4b00:41e:afc6: icmp_seq=32 ttl=63 time=105 ms
[1438705780.324720] 64 bytes from aaaa::212:4b00:41e:afc6: icmp_seq=33 ttl=63 time=117 ms
[1438705781.312989] 64 bytes from aaaa::212:4b00:41e:afc6: icmp_seq=34 ttl=63 time=105 ms
[1438705782.314892] 64 bytes from aaaa::212:4b00:41e:afc6: icmp_seq=35 ttl=63 time=105 ms
[1438705783.326082] 64 bytes from aaaa::212:4b00:41e:afc6: icmp_seq=36 ttl=63 time=115 ms
[1438705784.315207] 64 bytes from aaaa::212:4b00:41e:afc6: icmp_seq=37 ttl=63 time=103 ms
[1438705785.443579] 64 bytes from aaaa::212:4b00:41e:afc6: icmp_seq=38 ttl=63 time=230 ms
[1438705786.316358] 64 bytes from aaaa::212:4b00:41e:afc6: icmp_seq=39 ttl=63 time=102 ms
[1438705787.328765] 64 bytes from aaaa::212:4b00:41e:afc6: icmp_seq=40 ttl=63 time=113 ms
[1438705788.334864] 64 bytes from aaaa::212:4b00:41e:afc6: icmp_seq=41 ttl=63 time=117 ms
[1438705789.345096] 64 bytes from aaaa::212:4b00:41e:afc6: icmp_seq=42 ttl=63 time=127 ms
[1438705790.320589] 64 bytes from aaaa::212:4b00:41e:afc6: icmp_seq=43 ttl=63 time=101 ms
[1438705791.714070] 64 bytes from aaaa::212:4b00:41e:afc6: icmp_seq=44 ttl=63 time=493 ms
[1438705792.696716] 64 bytes from aaaa::212:4b00:41e:afc6: icmp_seq=45 ttl=63 time=474 ms
[1438705793.463364] 64 bytes from aaaa::212:4b00:41e:afc6: icmp_seq=46 ttl=63 time=240 ms
[1438705795.082595] 64 bytes from aaaa::212:4b00:41e:afc6: icmp_seq=47 ttl=63 time=859 ms
[1438705795.571080] 64 bytes from aaaa::212:4b00:41e:afc6: icmp_seq=48 ttl=63 time=348 ms
[1438705796.321106] 64 bytes from aaaa::212:4b00:41e:afc6: icmp_seq=49 ttl=63 time=97.1 ms
[1438705797.823556] 64 bytes from aaaa::212:4b00:41e:afc6: icmp_seq=50 ttl=63 time=598 ms
[1438705798.323846] 64 bytes from aaaa::212:4b00:41e:afc6: icmp_seq=51 ttl=63 time=97.6 ms
[1438705799.325624] 64 bytes from aaaa::212:4b00:41e:afc6: icmp_seq=52 ttl=63 time=97.6 ms
[1438705800.326830] 64 bytes from aaaa::212:4b00:41e:afc6: icmp_seq=53 ttl=63 time=97.1 ms
[1438705801.323822] 64 bytes from aaaa::212:4b00:41e:afc6: icmp_seq=54 ttl=63 time=92.9 ms
[1438705802.352535] 64 bytes from aaaa::212:4b00:41e:afc6: icmp_seq=55 ttl=63 time=121 ms
[1438705803.602964] 64 bytes from aaaa::212:4b00:41e:afc6: icmp_seq=56 ttl=63 time=370 ms
[1438705805.241027] no answer yet for icmp_seq=57
[1438705805.338360] 64 bytes from aaaa::212:4b00:41e:afc6: icmp_seq=58 ttl=63 time=97.1 ms
[1438705806.468451] 64 bytes from aaaa::212:4b00:41e:afc6: icmp_seq=59 ttl=63 time=225 ms
[1438705807.337540] 64 bytes from aaaa::212:4b00:41e:afc6: icmp_seq=60 ttl=63 time=94.1 ms
[1438705808.329086] 64 bytes from aaaa::212:4b00:41e:afc6: icmp_seq=61 ttl=63 time=84.4 ms
[1438705809.332700] 64 bytes from aaaa::212:4b00:41e:afc6: icmp_seq=62 ttl=63 time=86.4 ms
[1438705810.329511] 64 bytes from aaaa::212:4b00:41e:afc6: icmp_seq=63 ttl=63 time=81.7 ms
[1438705811.330322] 64 bytes from aaaa::212:4b00:41e:afc6: icmp_seq=64 ttl=63 time=80.6 ms
[1438705812.365934] 64 bytes from aaaa::212:4b00:41e:afc6: icmp_seq=65 ttl=63 time=114 ms
[1438705813.457223] 64 bytes from aaaa::212:4b00:41e:afc6: icmp_seq=66 ttl=63 time=204 ms
[1438705814.358805] 64 bytes from aaaa::212:4b00:41e:afc6: icmp_seq=67 ttl=63 time=104 ms
[1438705815.359379] 64 bytes from aaaa::212:4b00:41e:afc6: icmp_seq=68 ttl=63 time=103 ms
[1438705816.351949] 64 bytes from aaaa::212:4b00:41e:afc6: icmp_seq=69 ttl=63 time=94.5 ms
[1438705817.352955] 64 bytes from aaaa::212:4b00:41e:afc6: icmp_seq=70 ttl=63 time=93.8 ms
[1438705818.337948] 64 bytes from aaaa::212:4b00:41e:afc6: icmp_seq=71 ttl=63 time=77.8 ms
[1438705819.353885] 64 bytes from aaaa::212:4b00:41e:afc6: icmp_seq=72 ttl=63 time=91.8 ms
[1438705820.344438] 64 bytes from aaaa::212:4b00:41e:afc6: icmp_seq=73 ttl=63 time=80.4 ms
[1438705821.333013] 64 bytes from aaaa::212:4b00:41e:afc6: icmp_seq=74 ttl=63 time=67.5 ms
[1438705822.595322] 64 bytes from aaaa::212:4b00:41e:afc6: icmp_seq=75 ttl=63 time=328 ms
[1438705823.715560] 64 bytes from aaaa::212:4b00:41e:afc6: icmp_seq=76 ttl=63 time=447 ms
[1438705824.364195] 64 bytes from aaaa::212:4b00:41e:afc6: icmp_seq=77 ttl=63 time=94.9 ms
[1438705825.740317] 64 bytes from aaaa::212:4b00:41e:afc6: icmp_seq=78 ttl=63 time=470 ms
[1438705826.338720] 64 bytes from aaaa::212:4b00:41e:afc6: icmp_seq=79 ttl=63 time=67.6 ms
[1438705827.345297] 64 bytes from aaaa::212:4b00:41e:afc6: icmp_seq=80 ttl=63 time=72.4 ms
[1438705828.366195] 64 bytes from aaaa::212:4b00:41e:afc6: icmp_seq=81 ttl=63 time=91.7 ms
[1438705829.339683] 64 bytes from aaaa::212:4b00:41e:afc6: icmp_seq=82 ttl=63 time=63.3 ms
[1438705830.349599] 64 bytes from aaaa::212:4b00:41e:afc6: icmp_seq=83 ttl=63 time=71.7 ms
[1438705831.352567] 64 bytes from aaaa::212:4b00:41e:afc6: icmp_seq=84 ttl=63 time=73.6 ms
[1438705832.344074] 64 bytes from aaaa::212:4b00:41e:afc6: icmp_seq=85 ttl=63 time=63.4 ms
[1438705833.353721] 64 bytes from aaaa::212:4b00:41e:afc6: icmp_seq=86 ttl=63 time=71.3 ms
[1438705834.366197] 64 bytes from aaaa::212:4b00:41e:afc6: icmp_seq=87 ttl=63 time=83.2 ms
[1438705835.620346] 64 bytes from aaaa::212:4b00:41e:afc6: icmp_seq=88 ttl=63 time=336 ms
[1438705836.360951] 64 bytes from aaaa::212:4b00:41e:afc6: icmp_seq=89 ttl=63 time=75.7 ms
[1438705837.345568] 64 bytes from aaaa::212:4b00:41e:afc6: icmp_seq=90 ttl=63 time=59.1 ms
[1438705838.618681] 64 bytes from aaaa::212:4b00:41e:afc6: icmp_seq=91 ttl=63 time=330 ms
[1438705839.347812] 64 bytes from aaaa::212:4b00:41e:afc6: icmp_seq=92 ttl=63 time=59.3 ms
[1438705840.373124] 64 bytes from aaaa::212:4b00:41e:afc6: icmp_seq=93 ttl=63 time=83.1 ms
[1438705841.373122] 64 bytes from aaaa::212:4b00:41e:afc6: icmp_seq=94 ttl=63 time=81.8 ms
[1438705842.347377] 64 bytes from aaaa::212:4b00:41e:afc6: icmp_seq=95 ttl=63 time=55.0 ms
[1438705843.364313] 64 bytes from aaaa::212:4b00:41e:afc6: icmp_seq=96 ttl=63 time=70.8 ms
[1438705844.351449] 64 bytes from aaaa::212:4b00:41e:afc6: icmp_seq=97 ttl=63 time=56.5 ms
[1438705845.375678] 64 bytes from aaaa::212:4b00:41e:afc6: icmp_seq=98 ttl=63 time=79.1 ms
[1438705846.358565] 64 bytes from aaaa::212:4b00:41e:afc6: icmp_seq=99 ttl=63 time=60.7 ms
[1438705847.360988] 64 bytes from aaaa::212:4b00:41e:afc6: icmp_seq=100 ttl=63 time=61.0 ms

--- aaaa::212:4b00:41e:afc6 ping statistics ---
100 packets transmitted, 98 received, 2% packet loss, time 99158ms
rtt min/avg/max/mdev = 55.090/293.922/2261.663/431.757 ms, pipe 3
PING aaaa::212:4b00:41e:afc6(aaaa::212:4b00:41e:afc6) 56 data bytes
[1438705884.620248] 64 bytes from aaaa::212:4b00:41e:afc6: icmp_seq=1 ttl=63 time=147 ms
[1438705885.620698] 64 bytes from aaaa::212:4b00:41e:afc6: icmp_seq=2 ttl=63 time=148 ms
[1438705886.624964] 64 bytes from aaaa::212:4b00:41e:afc6: icmp_seq=3 ttl=63 time=151 ms
[1438705887.646936] 64 bytes from aaaa::212:4b00:41e:afc6: icmp_seq=4 ttl=63 time=171 ms
[1438705888.649587] 64 bytes from aaaa::212:4b00:41e:afc6: icmp_seq=5 ttl=63 time=173 ms
[1438705889.626333] 64 bytes from aaaa::212:4b00:41e:afc6: icmp_seq=6 ttl=63 time=148 ms
[1438705890.623188] 64 bytes from aaaa::212:4b00:41e:afc6: icmp_seq=7 ttl=63 time=143 ms
[1438705891.651207] 64 bytes from aaaa::212:4b00:41e:afc6: icmp_seq=8 ttl=63 time=170 ms
[1438705892.771332] 64 bytes from aaaa::212:4b00:41e:afc6: icmp_seq=9 ttl=63 time=289 ms
[1438705893.902938] 64 bytes from aaaa::212:4b00:41e:afc6: icmp_seq=10 ttl=63 time=419 ms
[1438705894.750840] 64 bytes from aaaa::212:4b00:41e:afc6: icmp_seq=11 ttl=63 time=266 ms
[1438705895.625264] 64 bytes from aaaa::212:4b00:41e:afc6: icmp_seq=12 ttl=63 time=139 ms
[1438705896.763559] 64 bytes from aaaa::212:4b00:41e:afc6: icmp_seq=13 ttl=63 time=276 ms
[1438705897.631328] 64 bytes from aaaa::212:4b00:41e:afc6: icmp_seq=14 ttl=63 time=142 ms
[1438705898.655183] 64 bytes from aaaa::212:4b00:41e:afc6: icmp_seq=15 ttl=63 time=165 ms
[1438705899.754206] 64 bytes from aaaa::212:4b00:41e:afc6: icmp_seq=16 ttl=63 time=263 ms
[1438705900.648109] 64 bytes from aaaa::212:4b00:41e:afc6: icmp_seq=17 ttl=63 time=156 ms
[1438705901.872684] 64 bytes from aaaa::212:4b00:41e:afc6: icmp_seq=18 ttl=63 time=379 ms
[1438705902.629831] 64 bytes from aaaa::212:4b00:41e:afc6: icmp_seq=19 ttl=63 time=135 ms
[1438705903.657476] 64 bytes from aaaa::212:4b00:41e:afc6: icmp_seq=20 ttl=63 time=162 ms
[1438705904.880294] 64 bytes from aaaa::212:4b00:41e:afc6: icmp_seq=21 ttl=63 time=383 ms
[1438705905.651074] 64 bytes from aaaa::212:4b00:41e:afc6: icmp_seq=22 ttl=63 time=152 ms
[1438705906.651858] 64 bytes from aaaa::212:4b00:41e:afc6: icmp_seq=23 ttl=63 time=152 ms
[1438705908.032953] 64 bytes from aaaa::212:4b00:41e:afc6: icmp_seq=24 ttl=63 time=532 ms
[1438705908.652451] 64 bytes from aaaa::212:4b00:41e:afc6: icmp_seq=25 ttl=63 time=151 ms
[1438705909.632542] 64 bytes from aaaa::212:4b00:41e:afc6: icmp_seq=26 ttl=63 time=131 ms
[1438705910.770838] 64 bytes from aaaa::212:4b00:41e:afc6: icmp_seq=27 ttl=63 time=268 ms
[1438705911.638704] 64 bytes from aaaa::212:4b00:41e:afc6: icmp_seq=28 ttl=63 time=134 ms
[1438705912.904835] 64 bytes from aaaa::212:4b00:41e:afc6: icmp_seq=29 ttl=63 time=400 ms
[1438705913.636585] 64 bytes from aaaa::212:4b00:41e:afc6: icmp_seq=30 ttl=63 time=130 ms
[1438705914.663226] 64 bytes from aaaa::212:4b00:41e:afc6: icmp_seq=31 ttl=63 time=156 ms
[1438705916.012697] 64 bytes from aaaa::212:4b00:41e:afc6: icmp_seq=32 ttl=63 time=504 ms
[1438705916.646570] 64 bytes from aaaa::212:4b00:41e:afc6: icmp_seq=33 ttl=63 time=138 ms
[1438705917.779946] 64 bytes from aaaa::212:4b00:41e:afc6: icmp_seq=34 ttl=63 time=270 ms
[1438705918.642092] 64 bytes from aaaa::212:4b00:41e:afc6: icmp_seq=35 ttl=63 time=131 ms
[1438705919.650553] 64 bytes from aaaa::212:4b00:41e:afc6: icmp_seq=36 ttl=63 time=138 ms
[1438705921.149074] 64 bytes from aaaa::212:4b00:41e:afc6: icmp_seq=37 ttl=63 time=635 ms
[1438705921.657087] 64 bytes from aaaa::212:4b00:41e:afc6: icmp_seq=38 ttl=63 time=143 ms
[1438705923.022327] 64 bytes from aaaa::212:4b00:41e:afc6: icmp_seq=39 ttl=63 time=507 ms
[1438705923.652162] 64 bytes from aaaa::212:4b00:41e:afc6: icmp_seq=40 ttl=63 time=137 ms
[1438705924.642850] 64 bytes from aaaa::212:4b00:41e:afc6: icmp_seq=41 ttl=63 time=126 ms
[1438705925.649460] 64 bytes from aaaa::212:4b00:41e:afc6: icmp_seq=42 ttl=63 time=132 ms
[1438705926.919067] 64 bytes from aaaa::212:4b00:41e:afc6: icmp_seq=43 ttl=63 time=400 ms
[1438705927.667567] 64 bytes from aaaa::212:4b00:41e:afc6: icmp_seq=44 ttl=63 time=148 ms
[1438705928.647328] 64 bytes from aaaa::212:4b00:41e:afc6: icmp_seq=45 ttl=63 time=126 ms
[1438705929.892522] 64 bytes from aaaa::212:4b00:41e:afc6: icmp_seq=46 ttl=63 time=370 ms
[1438705930.655578] 64 bytes from aaaa::212:4b00:41e:afc6: icmp_seq=47 ttl=63 time=132 ms
[1438705931.679459] 64 bytes from aaaa::212:4b00:41e:afc6: icmp_seq=48 ttl=63 time=154 ms
[1438705932.645449] 64 bytes from aaaa::212:4b00:41e:afc6: icmp_seq=49 ttl=63 time=118 ms
[1438705934.138836] 64 bytes from aaaa::212:4b00:41e:afc6: icmp_seq=50 ttl=63 time=611 ms
[1438705934.669181] 64 bytes from aaaa::212:4b00:41e:afc6: icmp_seq=51 ttl=63 time=141 ms
[1438705935.673602] 64 bytes from aaaa::212:4b00:41e:afc6: icmp_seq=52 ttl=63 time=144 ms
[1438705936.656491] 64 bytes from aaaa::212:4b00:41e:afc6: icmp_seq=53 ttl=63 time=125 ms
[1438705937.646542] 64 bytes from aaaa::212:4b00:41e:afc6: icmp_seq=54 ttl=63 time=114 ms
[1438705938.921910] 64 bytes from aaaa::212:4b00:41e:afc6: icmp_seq=55 ttl=63 time=388 ms
[1438705939.659854] 64 bytes from aaaa::212:4b00:41e:afc6: icmp_seq=56 ttl=63 time=125 ms
[1438705940.650026] 64 bytes from aaaa::212:4b00:41e:afc6: icmp_seq=57 ttl=63 time=114 ms
[1438705941.900925] 64 bytes from aaaa::212:4b00:41e:afc6: icmp_seq=58 ttl=63 time=363 ms
[1438705942.648804] 64 bytes from aaaa::212:4b00:41e:afc6: icmp_seq=59 ttl=63 time=110 ms
[1438705944.287021] 64 bytes from aaaa::212:4b00:41e:afc6: icmp_seq=60 ttl=63 time=747 ms
[1438705945.538834] no answer yet for icmp_seq=61
[1438705945.676482] 64 bytes from aaaa::212:4b00:41e:afc6: icmp_seq=62 ttl=63 time=137 ms
[1438705946.661222] 64 bytes from aaaa::212:4b00:41e:afc6: icmp_seq=63 ttl=63 time=120 ms
[1438705947.652444] 64 bytes from aaaa::212:4b00:41e:afc6: icmp_seq=64 ttl=63 time=110 ms
[1438705948.670053] 64 bytes from aaaa::212:4b00:41e:afc6: icmp_seq=65 ttl=63 time=126 ms
[1438705949.655568] 64 bytes from aaaa::212:4b00:41e:afc6: icmp_seq=66 ttl=63 time=110 ms
[1438705950.657576] 64 bytes from aaaa::212:4b00:41e:afc6: icmp_seq=67 ttl=63 time=110 ms
[1438705951.672001] 64 bytes from aaaa::212:4b00:41e:afc6: icmp_seq=68 ttl=63 time=124 ms
[1438705952.789613] 64 bytes from aaaa::212:4b00:41e:afc6: icmp_seq=69 ttl=63 time=240 ms
[1438705953.781654] 64 bytes from aaaa::212:4b00:41e:afc6: icmp_seq=70 ttl=63 time=231 ms
[1438705954.665440] 64 bytes from aaaa::212:4b00:41e:afc6: icmp_seq=71 ttl=63 time=113 ms
[1438705955.931526] 64 bytes from aaaa::212:4b00:41e:afc6: icmp_seq=72 ttl=63 time=378 ms
[1438705956.913744] 64 bytes from aaaa::212:4b00:41e:afc6: icmp_seq=73 ttl=63 time=359 ms
[1438705957.656499] 64 bytes from aaaa::212:4b00:41e:afc6: icmp_seq=74 ttl=63 time=101 ms
[1438705958.684867] 64 bytes from aaaa::212:4b00:41e:afc6: icmp_seq=75 ttl=63 time=128 ms
[1438705959.911835] 64 bytes from aaaa::212:4b00:41e:afc6: icmp_seq=76 ttl=63 time=353 ms
[1438705960.685515] 64 bytes from aaaa::212:4b00:41e:afc6: icmp_seq=77 ttl=63 time=125 ms
[1438705961.670337] 64 bytes from aaaa::212:4b00:41e:afc6: icmp_seq=78 ttl=63 time=108 ms
[1438705962.660535] 64 bytes from aaaa::212:4b00:41e:afc6: icmp_seq=79 ttl=63 time=97.1 ms
[1438705963.678921] 64 bytes from aaaa::212:4b00:41e:afc6: icmp_seq=80 ttl=63 time=114 ms
[1438705964.789501] 64 bytes from aaaa::212:4b00:41e:afc6: icmp_seq=81 ttl=63 time=223 ms
[1438705965.904559] 64 bytes from aaaa::212:4b00:41e:afc6: icmp_seq=82 ttl=63 time=337 ms
[1438705966.689117] 64 bytes from aaaa::212:4b00:41e:afc6: icmp_seq=83 ttl=63 time=120 ms
[1438705967.800996] 64 bytes from aaaa::212:4b00:41e:afc6: icmp_seq=84 ttl=63 time=230 ms
[1438705968.666257] 64 bytes from aaaa::212:4b00:41e:afc6: icmp_seq=85 ttl=63 time=94.3 ms
[1438705969.690216] 64 bytes from aaaa::212:4b00:41e:afc6: icmp_seq=86 ttl=63 time=117 ms
[1438705970.663616] 64 bytes from aaaa::212:4b00:41e:afc6: icmp_seq=87 ttl=63 time=89.4 ms
[1438705971.675867] 64 bytes from aaaa::212:4b00:41e:afc6: icmp_seq=88 ttl=63 time=100 ms
[1438705972.665759] 64 bytes from aaaa::212:4b00:41e:afc6: icmp_seq=89 ttl=63 time=88.8 ms
[1438705973.663842] 64 bytes from aaaa::212:4b00:41e:afc6: icmp_seq=90 ttl=63 time=84.9 ms
[1438705974.665222] 64 bytes from aaaa::212:4b00:41e:afc6: icmp_seq=91 ttl=63 time=85.3 ms
[1438705975.677160] 64 bytes from aaaa::212:4b00:41e:afc6: icmp_seq=92 ttl=63 time=95.8 ms
[1438705976.667856] 64 bytes from aaaa::212:4b00:41e:afc6: icmp_seq=93 ttl=63 time=84.5 ms
[1438705977.826841] 64 bytes from aaaa::212:4b00:41e:afc6: icmp_seq=94 ttl=63 time=241 ms
[1438705978.684797] 64 bytes from aaaa::212:4b00:41e:afc6: icmp_seq=95 ttl=63 time=98.0 ms
[1438705979.668165] 64 bytes from aaaa::212:4b00:41e:afc6: icmp_seq=96 ttl=63 time=80.2 ms
[1438705980.921531] 64 bytes from aaaa::212:4b00:41e:afc6: icmp_seq=97 ttl=63 time=332 ms
[1438705982.596899] no answer yet for icmp_seq=98
[1438705982.696807] 64 bytes from aaaa::212:4b00:41e:afc6: icmp_seq=99 ttl=63 time=99.6 ms
[1438705984.189886] 64 bytes from aaaa::212:4b00:41e:afc6: icmp_seq=100 ttl=63 time=591 ms

--- aaaa::212:4b00:41e:afc6 ping statistics ---
100 packets transmitted, 98 received, 2% packet loss, time 99126ms
rtt min/avg/max/mdev = 80.288/207.569/747.159/140.411 ms
PING aaaa::212:4b00:41e:afc6(aaaa::212:4b00:41e:afc6) 56 data bytes
[1438706003.680771] 64 bytes from aaaa::212:4b00:41e:afc6: icmp_seq=1 ttl=63 time=362 ms
[1438706004.709381] 64 bytes from aaaa::212:4b00:41e:afc6: icmp_seq=2 ttl=63 time=389 ms
[1438706005.444537] 64 bytes from aaaa::212:4b00:41e:afc6: icmp_seq=3 ttl=63 time=123 ms
[1438706006.432582] 64 bytes from aaaa::212:4b00:41e:afc6: icmp_seq=4 ttl=63 time=110 ms
[1438706007.434637] 64 bytes from aaaa::212:4b00:41e:afc6: icmp_seq=5 ttl=63 time=111 ms
[1438706009.076506] 64 bytes from aaaa::212:4b00:41e:afc6: icmp_seq=6 ttl=63 time=751 ms
[1438706009.434907] 64 bytes from aaaa::212:4b00:41e:afc6: icmp_seq=7 ttl=63 time=110 ms
[1438706010.454083] 64 bytes from aaaa::212:4b00:41e:afc6: icmp_seq=8 ttl=63 time=128 ms
[1438706011.695270] 64 bytes from aaaa::212:4b00:41e:afc6: icmp_seq=9 ttl=63 time=368 ms
[1438706012.684979] 64 bytes from aaaa::212:4b00:41e:afc6: icmp_seq=10 ttl=63 time=356 ms
[1438706013.679654] 64 bytes from aaaa::212:4b00:41e:afc6: icmp_seq=11 ttl=63 time=348 ms
[1438706014.438173] 64 bytes from aaaa::212:4b00:41e:afc6: icmp_seq=12 ttl=63 time=105 ms
[1438706015.962299] 64 bytes from aaaa::212:4b00:41e:afc6: icmp_seq=13 ttl=63 time=627 ms
[1438706016.441275] 64 bytes from aaaa::212:4b00:41e:afc6: icmp_seq=14 ttl=63 time=105 ms
[1438706017.689145] 64 bytes from aaaa::212:4b00:41e:afc6: icmp_seq=15 ttl=63 time=351 ms
[1438706018.440536] 64 bytes from aaaa::212:4b00:41e:afc6: icmp_seq=16 ttl=63 time=101 ms
[1438706019.451158] 64 bytes from aaaa::212:4b00:41e:afc6: icmp_seq=17 ttl=63 time=111 ms
[1438706021.348863] no answer yet for icmp_seq=18
[1438706021.584730] 64 bytes from aaaa::212:4b00:41e:afc6: icmp_seq=18 ttl=63 time=1243 ms
[1438706021.808865] 64 bytes from aaaa::212:4b00:41e:afc6: icmp_seq=19 ttl=63 time=459 ms
[1438706022.452225] 64 bytes from aaaa::212:4b00:41e:afc6: icmp_seq=20 ttl=63 time=102 ms
[1438706023.450856] 64 bytes from aaaa::212:4b00:41e:afc6: icmp_seq=21 ttl=63 time=100 ms
[1438706024.935506] 64 bytes from aaaa::212:4b00:41e:afc6: icmp_seq=22 ttl=63 time=583 ms
[1438706025.469879] 64 bytes from aaaa::212:4b00:41e:afc6: icmp_seq=23 ttl=63 time=116 ms
[1438706026.443730] 64 bytes from aaaa::212:4b00:41e:afc6: icmp_seq=24 ttl=63 time=88.8 ms
[1438706027.694498] 64 bytes from aaaa::212:4b00:41e:afc6: icmp_seq=25 ttl=63 time=337 ms
[1438706028.694607] 64 bytes from aaaa::212:4b00:41e:afc6: icmp_seq=26 ttl=63 time=336 ms
[1438706029.445967] 64 bytes from aaaa::212:4b00:41e:afc6: icmp_seq=27 ttl=63 time=86.5 ms
[1438706030.445784] 64 bytes from aaaa::212:4b00:41e:afc6: icmp_seq=28 ttl=63 time=84.6 ms
[1438706031.947926] 64 bytes from aaaa::212:4b00:41e:afc6: icmp_seq=29 ttl=63 time=585 ms
[1438706033.362804] no answer yet for icmp_seq=30
[1438706033.458342] 64 bytes from aaaa::212:4b00:41e:afc6: icmp_seq=31 ttl=63 time=95.4 ms
[1438706034.449934] 64 bytes from aaaa::212:4b00:41e:afc6: icmp_seq=32 ttl=63 time=85.8 ms
[1438706035.450187] 64 bytes from aaaa::212:4b00:41e:afc6: icmp_seq=33 ttl=63 time=84.6 ms
[1438706036.459510] 64 bytes from aaaa::212:4b00:41e:afc6: icmp_seq=34 ttl=63 time=92.7 ms
[1438706037.475811] 64 bytes from aaaa::212:4b00:41e:afc6: icmp_seq=35 ttl=63 time=107 ms
[1438706038.711147] 64 bytes from aaaa::212:4b00:41e:afc6: icmp_seq=36 ttl=63 time=341 ms
[1438706039.453661] 64 bytes from aaaa::212:4b00:41e:afc6: icmp_seq=37 ttl=63 time=82.7 ms
[1438706040.478125] 64 bytes from aaaa::212:4b00:41e:afc6: icmp_seq=38 ttl=63 time=105 ms
[1438706041.968364] 64 bytes from aaaa::212:4b00:41e:afc6: icmp_seq=39 ttl=63 time=594 ms
[1438706042.461107] 64 bytes from aaaa::212:4b00:41e:afc6: icmp_seq=40 ttl=63 time=86.2 ms
[1438706043.463880] 64 bytes from aaaa::212:4b00:41e:afc6: icmp_seq=41 ttl=63 time=88.0 ms
[1438706044.462474] 64 bytes from aaaa::212:4b00:41e:afc6: icmp_seq=42 ttl=63 time=85.5 ms
[1438706045.465007] 64 bytes from aaaa::212:4b00:41e:afc6: icmp_seq=43 ttl=63 time=86.4 ms
[1438706046.455768] 64 bytes from aaaa::212:4b00:41e:afc6: icmp_seq=44 ttl=63 time=75.7 ms
[1438706047.471830] 64 bytes from aaaa::212:4b00:41e:afc6: icmp_seq=45 ttl=63 time=90.0 ms
[1438706048.455342] 64 bytes from aaaa::212:4b00:41e:afc6: icmp_seq=46 ttl=63 time=72.4 ms
[1438706049.715058] 64 bytes from aaaa::212:4b00:41e:afc6: icmp_seq=47 ttl=63 time=330 ms
[1438706050.592999] 64 bytes from aaaa::212:4b00:41e:afc6: icmp_seq=48 ttl=63 time=207 ms
[1438706051.715736] 64 bytes from aaaa::212:4b00:41e:afc6: icmp_seq=49 ttl=63 time=328 ms
[1438706052.484613] 64 bytes from aaaa::212:4b00:41e:afc6: icmp_seq=50 ttl=63 time=96.0 ms
[1438706053.457474] 64 bytes from aaaa::212:4b00:41e:afc6: icmp_seq=51 ttl=63 time=67.7 ms
[1438706054.708530] 64 bytes from aaaa::212:4b00:41e:afc6: icmp_seq=52 ttl=63 time=316 ms
[1438706055.485985] 64 bytes from aaaa::212:4b00:41e:afc6: icmp_seq=53 ttl=63 time=93.6 ms
[1438706056.461691] 64 bytes from aaaa::212:4b00:41e:afc6: icmp_seq=54 ttl=63 time=67.6 ms
[1438706057.462638] 64 bytes from aaaa::212:4b00:41e:afc6: icmp_seq=55 ttl=63 time=67.6 ms
[1438706058.460830] 64 bytes from aaaa::212:4b00:41e:afc6: icmp_seq=56 ttl=63 time=64.0 ms
[1438706059.464859] 64 bytes from aaaa::212:4b00:41e:afc6: icmp_seq=57 ttl=63 time=66.9 ms
[1438706060.488768] 64 bytes from aaaa::212:4b00:41e:afc6: icmp_seq=58 ttl=63 time=89.8 ms
[1438706061.838178] 64 bytes from aaaa::212:4b00:41e:afc6: icmp_seq=59 ttl=63 time=437 ms
[1438706062.489740] 64 bytes from aaaa::212:4b00:41e:afc6: icmp_seq=60 ttl=63 time=87.8 ms
[1438706063.497999] 64 bytes from aaaa::212:4b00:41e:afc6: icmp_seq=61 ttl=63 time=94.1 ms
[1438706064.463425] 64 bytes from aaaa::212:4b00:41e:afc6: icmp_seq=62 ttl=63 time=59.1 ms
[1438706065.472051] 64 bytes from aaaa::212:4b00:41e:afc6: icmp_seq=63 ttl=63 time=66.5 ms
[1438706066.497748] 64 bytes from aaaa::212:4b00:41e:afc6: icmp_seq=64 ttl=63 time=91.1 ms
[1438706067.486517] 64 bytes from aaaa::212:4b00:41e:afc6: icmp_seq=65 ttl=63 time=78.6 ms
[1438706068.708786] 64 bytes from aaaa::212:4b00:41e:afc6: icmp_seq=66 ttl=63 time=299 ms
[1438706069.469832] 64 bytes from aaaa::212:4b00:41e:afc6: icmp_seq=67 ttl=63 time=59.2 ms
[1438706070.468223] 64 bytes from aaaa::212:4b00:41e:afc6: icmp_seq=68 ttl=63 time=56.3 ms
[1438706071.468234] 64 bytes from aaaa::212:4b00:41e:afc6: icmp_seq=69 ttl=63 time=54.9 ms
[1438706072.595275] 64 bytes from aaaa::212:4b00:41e:afc6: icmp_seq=70 ttl=63 time=180 ms
[1438706073.711850] 64 bytes from aaaa::212:4b00:41e:afc6: icmp_seq=71 ttl=63 time=296 ms
[1438706075.424913] no answer yet for icmp_seq=72
[1438706075.473186] 64 bytes from aaaa::212:4b00:41e:afc6: icmp_seq=73 ttl=63 time=48.2 ms
[1438706076.472702] 64 bytes from aaaa::212:4b00:41e:afc6: icmp_seq=74 ttl=63 time=46.4 ms
[1438706077.497802] 64 bytes from aaaa::212:4b00:41e:afc6: icmp_seq=75 ttl=63 time=69.9 ms
[1438706078.482719] 64 bytes from aaaa::212:4b00:41e:afc6: icmp_seq=76 ttl=63 time=54.0 ms
[1438706079.714799] 64 bytes from aaaa::212:4b00:41e:afc6: icmp_seq=77 ttl=63 time=284 ms
[1438706080.481578] 64 bytes from aaaa::212:4b00:41e:afc6: icmp_seq=78 ttl=63 time=50.9 ms
[1438706081.489862] 64 bytes from aaaa::212:4b00:41e:afc6: icmp_seq=79 ttl=63 time=58.1 ms
[1438706082.482612] 64 bytes from aaaa::212:4b00:41e:afc6: icmp_seq=80 ttl=63 time=49.6 ms
[1438706083.848855] 64 bytes from aaaa::212:4b00:41e:afc6: icmp_seq=81 ttl=63 time=414 ms
[1438706084.993584] 64 bytes from aaaa::212:4b00:41e:afc6: icmp_seq=82 ttl=63 time=557 ms
[1438706085.993953] 64 bytes from aaaa::212:4b00:41e:afc6: icmp_seq=83 ttl=63 time=557 ms
[1438706086.736701] 64 bytes from aaaa::212:4b00:41e:afc6: icmp_seq=84 ttl=63 time=299 ms
[1438706087.728198] 64 bytes from aaaa::212:4b00:41e:afc6: icmp_seq=85 ttl=63 time=289 ms
[1438706088.726728] 64 bytes from aaaa::212:4b00:41e:afc6: icmp_seq=86 ttl=63 time=286 ms
[1438706090.448946] no answer yet for icmp_seq=87
[1438706090.629395] 64 bytes from aaaa::212:4b00:41e:afc6: icmp_seq=88 ttl=63 time=180 ms
[1438706091.855801] 64 bytes from aaaa::212:4b00:41e:afc6: icmp_seq=89 ttl=63 time=405 ms
[1438706092.604078] 64 bytes from aaaa::212:4b00:41e:afc6: icmp_seq=90 ttl=63 time=152 ms
[1438706093.618185] 64 bytes from aaaa::212:4b00:41e:afc6: icmp_seq=91 ttl=63 time=165 ms
[1438706094.629295] 64 bytes from aaaa::212:4b00:41e:afc6: icmp_seq=92 ttl=63 time=175 ms
[1438706095.857287] 64 bytes from aaaa::212:4b00:41e:afc6: icmp_seq=93 ttl=63 time=402 ms
[1438706096.604319] 64 bytes from aaaa::212:4b00:41e:afc6: icmp_seq=94 ttl=63 time=148 ms
[1438706097.605579] 64 bytes from aaaa::212:4b00:41e:afc6: icmp_seq=95 ttl=63 time=148 ms
[1438706098.607438] 64 bytes from aaaa::212:4b00:41e:afc6: icmp_seq=96 ttl=63 time=148 ms
[1438706099.613531] 64 bytes from aaaa::212:4b00:41e:afc6: icmp_seq=97 ttl=63 time=153 ms
[1438706100.605955] 64 bytes from aaaa::212:4b00:41e:afc6: icmp_seq=98 ttl=63 time=144 ms
[1438706101.611169] 64 bytes from aaaa::212:4b00:41e:afc6: icmp_seq=99 ttl=63 time=148 ms
[1438706102.611769] 64 bytes from aaaa::212:4b00:41e:afc6: icmp_seq=100 ttl=63 time=147 ms

--- aaaa::212:4b00:41e:afc6 ping statistics ---
100 packets transmitted, 97 received, 3% packet loss, time 99145ms
rtt min/avg/max/mdev = 46.464/207.323/1243.488/192.755 ms, pipe 2
PING aaaa::212:4b00:41e:afc6(aaaa::212:4b00:41e:afc6) 56 data bytes
[1438706107.616940] no answer yet for icmp_seq=1
[1438706107.620484] 64 bytes from aaaa::212:4b00:41e:afc6: icmp_seq=1 ttl=63 time=1011 ms
[1438706107.736159] 64 bytes from aaaa::212:4b00:41e:afc6: icmp_seq=2 ttl=63 time=119 ms
[1438706108.737259] 64 bytes from aaaa::212:4b00:41e:afc6: icmp_seq=3 ttl=63 time=119 ms
[1438706109.748503] 64 bytes from aaaa::212:4b00:41e:afc6: icmp_seq=4 ttl=63 time=129 ms
[1438706110.739104] 64 bytes from aaaa::212:4b00:41e:afc6: icmp_seq=5 ttl=63 time=118 ms
[1438706111.742021] 64 bytes from aaaa::212:4b00:41e:afc6: icmp_seq=6 ttl=63 time=119 ms
[1438706112.756134] 64 bytes from aaaa::212:4b00:41e:afc6: icmp_seq=7 ttl=63 time=131 ms
[1438706113.757946] 64 bytes from aaaa::212:4b00:41e:afc6: icmp_seq=8 ttl=63 time=132 ms
[1438706114.759223] 64 bytes from aaaa::212:4b00:41e:afc6: icmp_seq=9 ttl=63 time=133 ms
[1438706115.743870] 64 bytes from aaaa::212:4b00:41e:afc6: icmp_seq=10 ttl=63 time=116 ms
[1438706116.901036] 64 bytes from aaaa::212:4b00:41e:afc6: icmp_seq=11 ttl=63 time=271 ms
[1438706117.745212] 64 bytes from aaaa::212:4b00:41e:afc6: icmp_seq=12 ttl=63 time=115 ms
[1438706118.753730] 64 bytes from aaaa::212:4b00:41e:afc6: icmp_seq=13 ttl=63 time=122 ms
[1438706119.985971] 64 bytes from aaaa::212:4b00:41e:afc6: icmp_seq=14 ttl=63 time=353 ms
[1438706121.005034] 64 bytes from aaaa::212:4b00:41e:afc6: icmp_seq=15 ttl=63 time=371 ms
[1438706121.743936] 64 bytes from aaaa::212:4b00:41e:afc6: icmp_seq=16 ttl=63 time=110 ms
[1438706122.748185] 64 bytes from aaaa::212:4b00:41e:afc6: icmp_seq=17 ttl=63 time=113 ms
[1438706123.988185] 64 bytes from aaaa::212:4b00:41e:afc6: icmp_seq=18 ttl=63 time=351 ms
[1438706125.014718] 64 bytes from aaaa::212:4b00:41e:afc6: icmp_seq=19 ttl=63 time=377 ms
[1438706125.748329] 64 bytes from aaaa::212:4b00:41e:afc6: icmp_seq=20 ttl=63 time=110 ms
[1438706126.746422] 64 bytes from aaaa::212:4b00:41e:afc6: icmp_seq=21 ttl=63 time=107 ms
[1438706127.746480] 64 bytes from aaaa::212:4b00:41e:afc6: icmp_seq=22 ttl=63 time=105 ms
[1438706128.750950] 64 bytes from aaaa::212:4b00:41e:afc6: icmp_seq=23 ttl=63 time=109 ms
[1438706129.775034] 64 bytes from aaaa::212:4b00:41e:afc6: icmp_seq=24 ttl=63 time=132 ms
[1438706130.749904] 64 bytes from aaaa::212:4b00:41e:afc6: icmp_seq=25 ttl=63 time=105 ms
[1438706131.893522] 64 bytes from aaaa::212:4b00:41e:afc6: icmp_seq=26 ttl=63 time=247 ms
[1438706132.765151] 64 bytes from aaaa::212:4b00:41e:afc6: icmp_seq=27 ttl=63 time=117 ms
[1438706133.750787] 64 bytes from aaaa::212:4b00:41e:afc6: icmp_seq=28 ttl=63 time=101 ms
[1438706134.758023] 64 bytes from aaaa::212:4b00:41e:afc6: icmp_seq=29 ttl=63 time=107 ms
[1438706135.777639] 64 bytes from aaaa::212:4b00:41e:afc6: icmp_seq=30 ttl=63 time=125 ms
[1438706136.751585] 64 bytes from aaaa::212:4b00:41e:afc6: icmp_seq=31 ttl=63 time=97.8 ms
[1438706138.254242] 64 bytes from aaaa::212:4b00:41e:afc6: icmp_seq=32 ttl=63 time=598 ms
[1438706138.767997] 64 bytes from aaaa::212:4b00:41e:afc6: icmp_seq=33 ttl=63 time=112 ms
[1438706139.754894] 64 bytes from aaaa::212:4b00:41e:afc6: icmp_seq=34 ttl=63 time=97.8 ms
[1438706140.752289] 64 bytes from aaaa::212:4b00:41e:afc6: icmp_seq=35 ttl=63 time=93.2 ms
[1438706141.753654] 64 bytes from aaaa::212:4b00:41e:afc6: icmp_seq=36 ttl=63 time=93.2 ms
[1438706142.762242] 64 bytes from aaaa::212:4b00:41e:afc6: icmp_seq=37 ttl=63 time=100 ms
[1438706144.004344] 64 bytes from aaaa::212:4b00:41e:afc6: icmp_seq=38 ttl=63 time=341 ms
[1438706144.783170] 64 bytes from aaaa::212:4b00:41e:afc6: icmp_seq=39 ttl=63 time=119 ms
[1438706145.781398] 64 bytes from aaaa::212:4b00:41e:afc6: icmp_seq=40 ttl=63 time=117 ms
[1438706146.768378] 64 bytes from aaaa::212:4b00:41e:afc6: icmp_seq=41 ttl=63 time=102 ms
[1438706147.755344] 64 bytes from aaaa::212:4b00:41e:afc6: icmp_seq=42 ttl=63 time=88.9 ms
[1438706149.007964] 64 bytes from aaaa::212:4b00:41e:afc6: icmp_seq=43 ttl=63 time=340 ms
[1438706149.758371] 64 bytes from aaaa::212:4b00:41e:afc6: icmp_seq=44 ttl=63 time=90.5 ms
[1438706150.759068] 64 bytes from aaaa::212:4b00:41e:afc6: icmp_seq=45 ttl=63 time=89.6 ms
[1438706152.007460] 64 bytes from aaaa::212:4b00:41e:afc6: icmp_seq=46 ttl=63 time=336 ms
[1438706152.763859] 64 bytes from aaaa::212:4b00:41e:afc6: icmp_seq=47 ttl=63 time=92.5 ms
[1438706153.768361] 64 bytes from aaaa::212:4b00:41e:afc6: icmp_seq=48 ttl=63 time=95.4 ms
[1438706155.504414] 64 bytes from aaaa::212:4b00:41e:afc6: icmp_seq=49 ttl=63 time=829 ms
[1438706155.886112] 64 bytes from aaaa::212:4b00:41e:afc6: icmp_seq=50 ttl=63 time=212 ms
[1438706156.781458] 64 bytes from aaaa::212:4b00:41e:afc6: icmp_seq=51 ttl=63 time=106 ms
[1438706157.766471] 64 bytes from aaaa::212:4b00:41e:afc6: icmp_seq=52 ttl=63 time=89.8 ms
[1438706158.766167] 64 bytes from aaaa::212:4b00:41e:afc6: icmp_seq=53 ttl=63 time=89.0 ms
[1438706159.762938] 64 bytes from aaaa::212:4b00:41e:afc6: icmp_seq=54 ttl=63 time=84.6 ms
[1438706161.688980] no answer yet for icmp_seq=55
[1438706161.765307] 64 bytes from aaaa::212:4b00:41e:afc6: icmp_seq=56 ttl=63 time=76.2 ms
[1438706163.142714] 64 bytes from aaaa::212:4b00:41e:afc6: icmp_seq=57 ttl=63 time=452 ms
[1438706164.265211] 64 bytes from aaaa::212:4b00:41e:afc6: icmp_seq=58 ttl=63 time=574 ms
[1438706165.277565] 64 bytes from aaaa::212:4b00:41e:afc6: icmp_seq=59 ttl=63 time=586 ms
[1438706166.690896] no answer yet for icmp_seq=60
[1438706167.021467] 64 bytes from aaaa::212:4b00:41e:afc6: icmp_seq=61 ttl=63 time=330 ms
[1438706167.767579] 64 bytes from aaaa::212:4b00:41e:afc6: icmp_seq=62 ttl=63 time=76.2 ms
[1438706169.018070] 64 bytes from aaaa::212:4b00:41e:afc6: icmp_seq=63 ttl=63 time=325 ms
[1438706169.788526] 64 bytes from aaaa::212:4b00:41e:afc6: icmp_seq=64 ttl=63 time=95.5 ms
[1438706170.898536] 64 bytes from aaaa::212:4b00:41e:afc6: icmp_seq=65 ttl=63 time=203 ms
[1438706171.771795] 64 bytes from aaaa::212:4b00:41e:afc6: icmp_seq=66 ttl=63 time=76.2 ms
[1438706173.027769] 64 bytes from aaaa::212:4b00:41e:afc6: icmp_seq=67 ttl=63 time=330 ms
[1438706173.790630] 64 bytes from aaaa::212:4b00:41e:afc6: icmp_seq=68 ttl=63 time=93.0 ms
[1438706174.770806] 64 bytes from aaaa::212:4b00:41e:afc6: icmp_seq=69 ttl=63 time=72.0 ms
[1438706175.799394] 64 bytes from aaaa::212:4b00:41e:afc6: icmp_seq=70 ttl=63 time=99.4 ms
[1438706176.773764] 64 bytes from aaaa::212:4b00:41e:afc6: icmp_seq=71 ttl=63 time=72.2 ms
[1438706178.159688] 64 bytes from aaaa::212:4b00:41e:afc6: icmp_seq=72 ttl=63 time=456 ms
[1438706178.785889] 64 bytes from aaaa::212:4b00:41e:afc6: icmp_seq=73 ttl=63 time=82.4 ms
[1438706179.802025] 64 bytes from aaaa::212:4b00:41e:afc6: icmp_seq=74 ttl=63 time=97.0 ms
[1438706180.775377] 64 bytes from aaaa::212:4b00:41e:afc6: icmp_seq=75 ttl=63 time=69.2 ms
[1438706181.800622] 64 bytes from aaaa::212:4b00:41e:afc6: icmp_seq=76 ttl=63 time=93.1 ms
[1438706182.803243] 64 bytes from aaaa::212:4b00:41e:afc6: icmp_seq=77 ttl=63 time=94.5 ms
[1438706183.780501] 64 bytes from aaaa::212:4b00:41e:afc6: icmp_seq=78 ttl=63 time=70.9 ms
[1438706185.043257] 64 bytes from aaaa::212:4b00:41e:afc6: icmp_seq=79 ttl=63 time=332 ms
[1438706185.797360] 64 bytes from aaaa::212:4b00:41e:afc6: icmp_seq=80 ttl=63 time=86.2 ms
[1438706187.021854] 64 bytes from aaaa::212:4b00:41e:afc6: icmp_seq=81 ttl=63 time=309 ms
[1438706187.780375] 64 bytes from aaaa::212:4b00:41e:afc6: icmp_seq=82 ttl=63 time=67.6 ms
[1438706188.783575] 64 bytes from aaaa::212:4b00:41e:afc6: icmp_seq=83 ttl=63 time=69.1 ms
[1438706189.799505] 64 bytes from aaaa::212:4b00:41e:afc6: icmp_seq=84 ttl=63 time=84.7 ms
[1438706190.792220] 64 bytes from aaaa::212:4b00:41e:afc6: icmp_seq=85 ttl=63 time=75.6 ms
[1438706192.058726] 64 bytes from aaaa::212:4b00:41e:afc6: icmp_seq=86 ttl=63 time=340 ms
[1438706192.789840] 64 bytes from aaaa::212:4b00:41e:afc6: icmp_seq=87 ttl=63 time=71.2 ms
[1438706193.801724] 64 bytes from aaaa::212:4b00:41e:afc6: icmp_seq=88 ttl=63 time=81.7 ms
[1438706194.786350] 64 bytes from aaaa::212:4b00:41e:afc6: icmp_seq=89 ttl=63 time=64.5 ms
[1438706196.052555] 64 bytes from aaaa::212:4b00:41e:afc6: icmp_seq=90 ttl=63 time=329 ms
[1438706196.787235] 64 bytes from aaaa::212:4b00:41e:afc6: icmp_seq=91 ttl=63 time=63.8 ms
[1438706197.784464] 64 bytes from aaaa::212:4b00:41e:afc6: icmp_seq=92 ttl=63 time=59.1 ms
[1438706199.038999] 64 bytes from aaaa::212:4b00:41e:afc6: icmp_seq=93 ttl=63 time=312 ms
[1438706199.802347] 64 bytes from aaaa::212:4b00:41e:afc6: icmp_seq=94 ttl=63 time=75.4 ms
[1438706200.783675] 64 bytes from aaaa::212:4b00:41e:afc6: icmp_seq=95 ttl=63 time=55.1 ms
[1438706202.050941] 64 bytes from aaaa::212:4b00:41e:afc6: icmp_seq=96 ttl=63 time=321 ms
[1438706202.811552] 64 bytes from aaaa::212:4b00:41e:afc6: icmp_seq=97 ttl=63 time=82.1 ms
[1438706203.785577] 64 bytes from aaaa::212:4b00:41e:afc6: icmp_seq=98 ttl=63 time=54.9 ms
[1438706204.807155] 64 bytes from aaaa::212:4b00:41e:afc6: icmp_seq=99 ttl=63 time=75.4 ms
[1438706205.788207] 64 bytes from aaaa::212:4b00:41e:afc6: icmp_seq=100 ttl=63 time=54.9 ms

--- aaaa::212:4b00:41e:afc6 ping statistics ---
100 packets transmitted, 98 received, 2% packet loss, time 99124ms
rtt min/avg/max/mdev = 54.942/179.662/1011.514/166.622 ms, pipe 2
