PING aaaa::212:4b00:41e:afc6(aaaa::212:4b00:41e:afc6) 56 data bytes
[1438769711.972761] 64 bytes from aaaa::212:4b00:41e:afc6: icmp_seq=1 ttl=63 time=105 ms
[1438769712.979352] 64 bytes from aaaa::212:4b00:41e:afc6: icmp_seq=2 ttl=63 time=111 ms
[1438769714.333288] 64 bytes from aaaa::212:4b00:41e:afc6: icmp_seq=3 ttl=63 time=463 ms
[1438769714.949801] 64 bytes from aaaa::212:4b00:41e:afc6: icmp_seq=4 ttl=63 time=80.7 ms
[1438769715.977084] 64 bytes from aaaa::212:4b00:41e:afc6: icmp_seq=5 ttl=63 time=106 ms
[1438769717.880970] no answer yet for icmp_seq=6
[1438769718.585543] 64 bytes from aaaa::212:4b00:41e:afc6: icmp_seq=7 ttl=63 time=704 ms
[1438769718.948929] 64 bytes from aaaa::212:4b00:41e:afc6: icmp_seq=8 ttl=63 time=67.9 ms
[1438769719.990731] 64 bytes from aaaa::212:4b00:41e:afc6: icmp_seq=9 ttl=63 time=108 ms
[1438769721.882888] no answer yet for icmp_seq=10
[1438769721.951945] 64 bytes from aaaa::212:4b00:41e:afc6: icmp_seq=11 ttl=63 time=68.9 ms
[1438769723.478315] 64 bytes from aaaa::212:4b00:41e:afc6: icmp_seq=12 ttl=63 time=594 ms
[1438769723.955949] 64 bytes from aaaa::212:4b00:41e:afc6: icmp_seq=13 ttl=63 time=72.0 ms
[1438769724.954059] 64 bytes from aaaa::212:4b00:41e:afc6: icmp_seq=14 ttl=63 time=69.0 ms
[1438769725.958327] 64 bytes from aaaa::212:4b00:41e:afc6: icmp_seq=15 ttl=63 time=72.1 ms
[1438769726.972701] 64 bytes from aaaa::212:4b00:41e:afc6: icmp_seq=16 ttl=63 time=85.2 ms
[1438769728.199222] 64 bytes from aaaa::212:4b00:41e:afc6: icmp_seq=17 ttl=63 time=310 ms
[1438769728.956988] 64 bytes from aaaa::212:4b00:41e:afc6: icmp_seq=18 ttl=63 time=67.9 ms
[1438769729.975743] 64 bytes from aaaa::212:4b00:41e:afc6: icmp_seq=19 ttl=63 time=85.6 ms
[1438769730.955961] 64 bytes from aaaa::212:4b00:41e:afc6: icmp_seq=20 ttl=63 time=64.0 ms
[1438769732.200827] 64 bytes from aaaa::212:4b00:41e:afc6: icmp_seq=21 ttl=63 time=307 ms
[1438769732.957377] 64 bytes from aaaa::212:4b00:41e:afc6: icmp_seq=22 ttl=63 time=63.6 ms
[1438769733.959706] 64 bytes from aaaa::212:4b00:41e:afc6: icmp_seq=23 ttl=63 time=64.1 ms
[1438769734.986318] 64 bytes from aaaa::212:4b00:41e:afc6: icmp_seq=24 ttl=63 time=89.5 ms
[1438769735.961982] 64 bytes from aaaa::212:4b00:41e:afc6: icmp_seq=25 ttl=63 time=63.5 ms
[1438769736.959468] 64 bytes from aaaa::212:4b00:41e:afc6: icmp_seq=26 ttl=63 time=59.3 ms
[1438769737.991819] 64 bytes from aaaa::212:4b00:41e:afc6: icmp_seq=27 ttl=63 time=90.2 ms
[1438769738.966511] 64 bytes from aaaa::212:4b00:41e:afc6: icmp_seq=28 ttl=63 time=63.5 ms
[1438769739.987710] 64 bytes from aaaa::212:4b00:41e:afc6: icmp_seq=29 ttl=63 time=83.0 ms
[1438769740.996951] 64 bytes from aaaa::212:4b00:41e:afc6: icmp_seq=30 ttl=63 time=91.1 ms
[1438769741.964234] 64 bytes from aaaa::212:4b00:41e:afc6: icmp_seq=31 ttl=63 time=57.1 ms
[1438769743.341878] 64 bytes from aaaa::212:4b00:41e:afc6: icmp_seq=32 ttl=63 time=433 ms
[1438769744.216157] 64 bytes from aaaa::212:4b00:41e:afc6: icmp_seq=33 ttl=63 time=307 ms
[1438769744.964110] 64 bytes from aaaa::212:4b00:41e:afc6: icmp_seq=34 ttl=63 time=55.1 ms
[1438769745.965356] 64 bytes from aaaa::212:4b00:41e:afc6: icmp_seq=35 ttl=63 time=55.0 ms
[1438769747.233453] 64 bytes from aaaa::212:4b00:41e:afc6: icmp_seq=36 ttl=63 time=321 ms
[1438769747.989465] 64 bytes from aaaa::212:4b00:41e:afc6: icmp_seq=37 ttl=63 time=78.1 ms
[1438769748.964735] 64 bytes from aaaa::212:4b00:41e:afc6: icmp_seq=38 ttl=63 time=52.1 ms
[1438769749.974932] 64 bytes from aaaa::212:4b00:41e:afc6: icmp_seq=39 ttl=63 time=61.8 ms
[1438769750.968165] 64 bytes from aaaa::212:4b00:41e:afc6: icmp_seq=40 ttl=63 time=54.0 ms
[1438769751.968012] 64 bytes from aaaa::212:4b00:41e:afc6: icmp_seq=41 ttl=63 time=52.3 ms
[1438769752.967965] 64 bytes from aaaa::212:4b00:41e:afc6: icmp_seq=42 ttl=63 time=50.8 ms
[1438769753.998697] 64 bytes from aaaa::212:4b00:41e:afc6: icmp_seq=43 ttl=63 time=80.5 ms
[1438769755.226112] 64 bytes from aaaa::212:4b00:41e:afc6: icmp_seq=44 ttl=63 time=306 ms
[1438769756.000598] 64 bytes from aaaa::212:4b00:41e:afc6: icmp_seq=45 ttl=63 time=80.5 ms
[1438769757.003000] 64 bytes from aaaa::212:4b00:41e:afc6: icmp_seq=46 ttl=63 time=82.2 ms
[1438769758.494122] 64 bytes from aaaa::212:4b00:41e:afc6: icmp_seq=47 ttl=63 time=572 ms
[1438769758.967241] 64 bytes from aaaa::212:4b00:41e:afc6: icmp_seq=48 ttl=63 time=46.5 ms
[1438769759.973497] 64 bytes from aaaa::212:4b00:41e:afc6: icmp_seq=49 ttl=63 time=51.8 ms
[1438769761.473061] 64 bytes from aaaa::212:4b00:41e:afc6: icmp_seq=50 ttl=63 time=549 ms
[1438769761.989905] 64 bytes from aaaa::212:4b00:41e:afc6: icmp_seq=51 ttl=63 time=66.1 ms
[1438769763.375152] 64 bytes from aaaa::212:4b00:41e:afc6: icmp_seq=52 ttl=63 time=450 ms
[1438769764.014008] 64 bytes from aaaa::212:4b00:41e:afc6: icmp_seq=53 ttl=63 time=89.1 ms
[1438769764.974895] 64 bytes from aaaa::212:4b00:41e:afc6: icmp_seq=54 ttl=63 time=49.7 ms
[1438769766.229388] 64 bytes from aaaa::212:4b00:41e:afc6: icmp_seq=55 ttl=63 time=302 ms
[1438769766.973859] 64 bytes from aaaa::212:4b00:41e:afc6: icmp_seq=56 ttl=63 time=46.5 ms
[1438769767.996311] 64 bytes from aaaa::212:4b00:41e:afc6: icmp_seq=57 ttl=63 time=67.3 ms
[1438769769.766314] 64 bytes from aaaa::212:4b00:41e:afc6: icmp_seq=58 ttl=63 time=835 ms
[1438769769.971968] 64 bytes from aaaa::212:4b00:41e:afc6: icmp_seq=59 ttl=63 time=42.3 ms
[1438769771.254995] 64 bytes from aaaa::212:4b00:41e:afc6: icmp_seq=60 ttl=63 time=324 ms
[1438769772.008894] 64 bytes from aaaa::212:4b00:41e:afc6: icmp_seq=61 ttl=63 time=78.0 ms
[1438769772.974235] 64 bytes from aaaa::212:4b00:41e:afc6: icmp_seq=62 ttl=63 time=43.2 ms
[1438769773.975223] 64 bytes from aaaa::212:4b00:41e:afc6: icmp_seq=63 ttl=63 time=42.9 ms
[1438769775.941006] no answer yet for icmp_seq=64
[1438769776.144340] 64 bytes from aaaa::212:4b00:41e:afc6: icmp_seq=65 ttl=63 time=203 ms
[1438769777.353453] 64 bytes from aaaa::212:4b00:41e:afc6: icmp_seq=66 ttl=63 time=412 ms
[1438769778.102502] 64 bytes from aaaa::212:4b00:41e:afc6: icmp_seq=67 ttl=63 time=161 ms
[1438769779.127609] 64 bytes from aaaa::212:4b00:41e:afc6: icmp_seq=68 ttl=63 time=186 ms
[1438769780.729880] 64 bytes from aaaa::212:4b00:41e:afc6: icmp_seq=69 ttl=63 time=788 ms
[1438769781.120496] 64 bytes from aaaa::212:4b00:41e:afc6: icmp_seq=70 ttl=63 time=179 ms
[1438769782.347015] 64 bytes from aaaa::212:4b00:41e:afc6: icmp_seq=71 ttl=63 time=405 ms
[1438769783.264796] 64 bytes from aaaa::212:4b00:41e:afc6: icmp_seq=72 ttl=63 time=322 ms
[1438769784.358269] 64 bytes from aaaa::212:4b00:41e:afc6: icmp_seq=73 ttl=63 time=416 ms
[1438769785.232001] 64 bytes from aaaa::212:4b00:41e:afc6: icmp_seq=74 ttl=63 time=289 ms
[1438769786.482349] 64 bytes from aaaa::212:4b00:41e:afc6: icmp_seq=75 ttl=63 time=540 ms
[1438769786.983133] 64 bytes from aaaa::212:4b00:41e:afc6: icmp_seq=76 ttl=63 time=41.1 ms
[1438769788.766832] 64 bytes from aaaa::212:4b00:41e:afc6: icmp_seq=77 ttl=63 time=823 ms
[1438769789.518410] 64 bytes from aaaa::212:4b00:41e:afc6: icmp_seq=78 ttl=63 time=575 ms
[1438769790.388790] 64 bytes from aaaa::212:4b00:41e:afc6: icmp_seq=79 ttl=63 time=445 ms
[1438769791.601539] 64 bytes from aaaa::212:4b00:41e:afc6: icmp_seq=80 ttl=63 time=657 ms
[1438769791.985435] 64 bytes from aaaa::212:4b00:41e:afc6: icmp_seq=81 ttl=63 time=42.3 ms
[1438769792.990562] 64 bytes from aaaa::212:4b00:41e:afc6: icmp_seq=82 ttl=63 time=46.5 ms
[1438769794.657479] 64 bytes from aaaa::212:4b00:41e:afc6: icmp_seq=83 ttl=63 time=711 ms
[1438769795.484392] 64 bytes from aaaa::212:4b00:41e:afc6: icmp_seq=84 ttl=63 time=538 ms
[1438769796.018305] 64 bytes from aaaa::212:4b00:41e:afc6: icmp_seq=85 ttl=63 time=72.2 ms
[1438769797.012897] 64 bytes from aaaa::212:4b00:41e:afc6: icmp_seq=86 ttl=63 time=66.4 ms
[1438769798.860779] 64 bytes from aaaa::212:4b00:41e:afc6: icmp_seq=87 ttl=63 time=913 ms
[1438769799.020008] 64 bytes from aaaa::212:4b00:41e:afc6: icmp_seq=88 ttl=63 time=72.9 ms
[1438769799.988922] 64 bytes from aaaa::212:4b00:41e:afc6: icmp_seq=89 ttl=63 time=42.3 ms
[1438769800.990396] 64 bytes from aaaa::212:4b00:41e:afc6: icmp_seq=90 ttl=63 time=42.3 ms
[1438769802.238312] 64 bytes from aaaa::212:4b00:41e:afc6: icmp_seq=91 ttl=63 time=288 ms
[1438769803.250716] 64 bytes from aaaa::212:4b00:41e:afc6: icmp_seq=92 ttl=63 time=300 ms
[1438769804.522397] 64 bytes from aaaa::212:4b00:41e:afc6: icmp_seq=93 ttl=63 time=571 ms
[1438769805.239298] 64 bytes from aaaa::212:4b00:41e:afc6: icmp_seq=94 ttl=63 time=288 ms
[1438769806.642232] 64 bytes from aaaa::212:4b00:41e:afc6: icmp_seq=95 ttl=63 time=690 ms
[1438769807.242166] 64 bytes from aaaa::212:4b00:41e:afc6: icmp_seq=96 ttl=63 time=291 ms
[1438769807.993390] 64 bytes from aaaa::212:4b00:41e:afc6: icmp_seq=97 ttl=63 time=42.3 ms
[1438769809.518404] 64 bytes from aaaa::212:4b00:41e:afc6: icmp_seq=98 ttl=63 time=565 ms
[1438769810.032532] 64 bytes from aaaa::212:4b00:41e:afc6: icmp_seq=99 ttl=63 time=80.5 ms
[1438769810.995046] 64 bytes from aaaa::212:4b00:41e:afc6: icmp_seq=100 ttl=63 time=42.3 ms

--- aaaa::212:4b00:41e:afc6 ping statistics ---
100 packets transmitted, 97 received, 3% packet loss, time 99084ms
rtt min/avg/max/mdev = 41.147/228.489/913.757/230.553 ms
PING aaaa::212:4b00:41e:afc6(aaaa::212:4b00:41e:afc6) 56 data bytes
[1438769822.615247] 64 bytes from aaaa::212:4b00:41e:afc6: icmp_seq=1 ttl=63 time=310 ms
[1438769823.391467] 64 bytes from aaaa::212:4b00:41e:afc6: icmp_seq=2 ttl=63 time=85.2 ms
[1438769824.892297] 64 bytes from aaaa::212:4b00:41e:afc6: icmp_seq=3 ttl=63 time=584 ms
[1438769825.406452] 64 bytes from aaaa::212:4b00:41e:afc6: icmp_seq=4 ttl=63 time=97.5 ms
[1438769826.393323] 64 bytes from aaaa::212:4b00:41e:afc6: icmp_seq=5 ttl=63 time=82.7 ms
[1438769828.123541] 64 bytes from aaaa::212:4b00:41e:afc6: icmp_seq=6 ttl=63 time=811 ms
[1438769828.617944] 64 bytes from aaaa::212:4b00:41e:afc6: icmp_seq=7 ttl=63 time=306 ms
[1438769829.628442] 64 bytes from aaaa::212:4b00:41e:afc6: icmp_seq=8 ttl=63 time=315 ms
[1438769830.374747] 64 bytes from aaaa::212:4b00:41e:afc6: icmp_seq=9 ttl=63 time=60.4 ms
[1438769831.375817] 64 bytes from aaaa::212:4b00:41e:afc6: icmp_seq=10 ttl=63 time=59.8 ms
[1438769832.508681] 64 bytes from aaaa::212:4b00:41e:afc6: icmp_seq=11 ttl=63 time=191 ms
[1438769833.750693] 64 bytes from aaaa::212:4b00:41e:afc6: icmp_seq=12 ttl=63 time=432 ms
[1438769834.627797] 64 bytes from aaaa::212:4b00:41e:afc6: icmp_seq=13 ttl=63 time=308 ms
[1438769835.518325] 64 bytes from aaaa::212:4b00:41e:afc6: icmp_seq=14 ttl=63 time=197 ms
[1438769836.405072] 64 bytes from aaaa::212:4b00:41e:afc6: icmp_seq=15 ttl=63 time=82.7 ms
[1438769837.379839] 64 bytes from aaaa::212:4b00:41e:afc6: icmp_seq=16 ttl=63 time=56.2 ms
[1438769838.379986] 64 bytes from aaaa::212:4b00:41e:afc6: icmp_seq=17 ttl=63 time=54.9 ms
[1438769839.398472] 64 bytes from aaaa::212:4b00:41e:afc6: icmp_seq=18 ttl=63 time=72.3 ms
[1438769840.421848] 64 bytes from aaaa::212:4b00:41e:afc6: icmp_seq=19 ttl=63 time=94.2 ms
[1438769841.387347] 64 bytes from aaaa::212:4b00:41e:afc6: icmp_seq=20 ttl=63 time=58.3 ms
[1438769842.389821] 64 bytes from aaaa::212:4b00:41e:afc6: icmp_seq=21 ttl=63 time=59.3 ms
[1438769843.415686] 64 bytes from aaaa::212:4b00:41e:afc6: icmp_seq=22 ttl=63 time=83.7 ms
[1438769844.380216] 64 bytes from aaaa::212:4b00:41e:afc6: icmp_seq=23 ttl=63 time=46.4 ms
[1438769845.382086] 64 bytes from aaaa::212:4b00:41e:afc6: icmp_seq=24 ttl=63 time=46.6 ms
[1438769846.383475] 64 bytes from aaaa::212:4b00:41e:afc6: icmp_seq=25 ttl=63 time=46.2 ms
[1438769847.634946] 64 bytes from aaaa::212:4b00:41e:afc6: icmp_seq=26 ttl=63 time=296 ms
[1438769848.417351] 64 bytes from aaaa::212:4b00:41e:afc6: icmp_seq=27 ttl=63 time=77.5 ms
[1438769849.383870] 64 bytes from aaaa::212:4b00:41e:afc6: icmp_seq=28 ttl=63 time=42.4 ms
[1438769850.509012] 64 bytes from aaaa::212:4b00:41e:afc6: icmp_seq=29 ttl=63 time=165 ms
[1438769851.390645] 64 bytes from aaaa::212:4b00:41e:afc6: icmp_seq=30 ttl=63 time=46.5 ms
[1438769852.877574] 64 bytes from aaaa::212:4b00:41e:afc6: icmp_seq=31 ttl=63 time=531 ms
[1438769854.253089] 64 bytes from aaaa::212:4b00:41e:afc6: icmp_seq=32 ttl=63 time=905 ms
[1438769854.508609] 64 bytes from aaaa::212:4b00:41e:afc6: icmp_seq=33 ttl=63 time=161 ms
[1438769855.509837] 64 bytes from aaaa::212:4b00:41e:afc6: icmp_seq=34 ttl=63 time=161 ms
[1438769856.535844] 64 bytes from aaaa::212:4b00:41e:afc6: icmp_seq=35 ttl=63 time=185 ms
[1438769857.538333] 64 bytes from aaaa::212:4b00:41e:afc6: icmp_seq=36 ttl=63 time=187 ms
[1438769858.523320] 64 bytes from aaaa::212:4b00:41e:afc6: icmp_seq=37 ttl=63 time=170 ms
[1438769860.136834] 64 bytes from aaaa::212:4b00:41e:afc6: icmp_seq=38 ttl=63 time=783 ms
[1438769860.530594] 64 bytes from aaaa::212:4b00:41e:afc6: icmp_seq=39 ttl=63 time=177 ms
[1438769861.515908] 64 bytes from aaaa::212:4b00:41e:afc6: icmp_seq=40 ttl=63 time=161 ms
[1438769863.354873] no answer yet for icmp_seq=41
[1438769863.662873] 64 bytes from aaaa::212:4b00:41e:afc6: icmp_seq=42 ttl=63 time=307 ms
[1438769864.775334] 64 bytes from aaaa::212:4b00:41e:afc6: icmp_seq=43 ttl=63 time=419 ms
[1438769866.364974] no answer yet for icmp_seq=44
[1438769866.513345] 64 bytes from aaaa::212:4b00:41e:afc6: icmp_seq=44 ttl=63 time=1156 ms
[1438769867.027638] 64 bytes from aaaa::212:4b00:41e:afc6: icmp_seq=45 ttl=63 time=662 ms
[1438769867.523842] 64 bytes from aaaa::212:4b00:41e:afc6: icmp_seq=46 ttl=63 time=158 ms
[1438769868.543712] 64 bytes from aaaa::212:4b00:41e:afc6: icmp_seq=47 ttl=63 time=176 ms
[1438769869.643604] 64 bytes from aaaa::212:4b00:41e:afc6: icmp_seq=48 ttl=63 time=274 ms
[1438769871.376988] no answer yet for icmp_seq=49
[1438769871.767719] 64 bytes from aaaa::212:4b00:41e:afc6: icmp_seq=49 ttl=63 time=1398 ms
[1438769872.378402] no answer yet for icmp_seq=50
[1438769872.885970] 64 bytes from aaaa::212:4b00:41e:afc6: icmp_seq=50 ttl=63 time=1508 ms
[1438769873.145145] 64 bytes from aaaa::212:4b00:41e:afc6: icmp_seq=51 ttl=63 time=766 ms
[1438769874.267099] 64 bytes from aaaa::212:4b00:41e:afc6: icmp_seq=52 ttl=63 time=888 ms
[1438769875.052219] 64 bytes from aaaa::212:4b00:41e:afc6: icmp_seq=53 ttl=63 time=673 ms
[1438769875.809988] 64 bytes from aaaa::212:4b00:41e:afc6: icmp_seq=54 ttl=63 time=431 ms
[1438769877.378880] no answer yet for icmp_seq=55
[1438769877.520498] 64 bytes from aaaa::212:4b00:41e:afc6: icmp_seq=55 ttl=63 time=1140 ms
[1438769878.380431] no answer yet for icmp_seq=56
[1438769879.388996] no answer yet for icmp_seq=57
[1438769880.021717] 64 bytes from aaaa::212:4b00:41e:afc6: icmp_seq=56 ttl=63 time=2642 ms
[1438769880.389212] no answer yet for icmp_seq=58
[1438769880.556628] 64 bytes from aaaa::212:4b00:41e:afc6: icmp_seq=57 ttl=63 time=2176 ms
[1438769881.390608] no answer yet for icmp_seq=59
[1438769882.390893] no answer yet for icmp_seq=60
[1438769883.390858] no answer yet for icmp_seq=61
[1438769884.390826] no answer yet for icmp_seq=62
[1438769885.390879] no answer yet for icmp_seq=63
[1438769886.043743] 64 bytes from aaaa::212:4b00:41e:afc6: icmp_seq=58 ttl=63 time=6654 ms
[1438769886.391202] no answer yet for icmp_seq=64
[1438769887.390848] no answer yet for icmp_seq=65
[1438769887.417398] 64 bytes from aaaa::212:4b00:41e:afc6: icmp_seq=59 ttl=63 time=7028 ms
[1438769888.278027] 64 bytes from aaaa::212:4b00:41e:afc6: icmp_seq=60 ttl=63 time=6887 ms
[1438769888.390215] no answer yet for icmp_seq=66
[1438769889.397011] no answer yet for icmp_seq=67
[1438769890.057129] 64 bytes from aaaa::212:4b00:41e:afc6: icmp_seq=63 ttl=63 time=5666 ms
[1438769890.396596] no answer yet for icmp_seq=68
[1438769890.644398] 64 bytes from aaaa::212:4b00:41e:afc6: icmp_seq=65 ttl=63 time=4253 ms
[1438769890.798939] 64 bytes from aaaa::212:4b00:41e:afc6: icmp_seq=66 ttl=63 time=3407 ms
[1438769891.186129] 64 bytes from aaaa::212:4b00:41e:afc6: icmp_seq=67 ttl=63 time=2795 ms
[1438769891.396431] no answer yet for icmp_seq=69
[1438769891.529129] 64 bytes from aaaa::212:4b00:41e:afc6: icmp_seq=69 ttl=63 time=1132 ms
[1438769891.652162] 64 bytes from aaaa::212:4b00:41e:afc6: icmp_seq=70 ttl=63 time=255 ms
[1438769892.683135] 64 bytes from aaaa::212:4b00:41e:afc6: icmp_seq=71 ttl=63 time=285 ms
[1438769894.039120] 64 bytes from aaaa::212:4b00:41e:afc6: icmp_seq=72 ttl=63 time=640 ms
[1438769895.404936] no answer yet for icmp_seq=73
[1438769895.652767] 64 bytes from aaaa::212:4b00:41e:afc6: icmp_seq=73 ttl=63 time=1254 ms
[1438769896.028232] 64 bytes from aaaa::212:4b00:41e:afc6: icmp_seq=74 ttl=63 time=623 ms
[1438769896.560026] 64 bytes from aaaa::212:4b00:41e:afc6: icmp_seq=75 ttl=63 time=155 ms
[1438769897.778155] 64 bytes from aaaa::212:4b00:41e:afc6: icmp_seq=76 ttl=63 time=372 ms
[1438769898.904290] 64 bytes from aaaa::212:4b00:41e:afc6: icmp_seq=77 ttl=63 time=497 ms
[1438769899.548869] 64 bytes from aaaa::212:4b00:41e:afc6: icmp_seq=78 ttl=63 time=140 ms
[1438769901.280913] 64 bytes from aaaa::212:4b00:41e:afc6: icmp_seq=79 ttl=63 time=871 ms
[1438769901.550251] 64 bytes from aaaa::212:4b00:41e:afc6: icmp_seq=80 ttl=63 time=142 ms
[1438769902.781632] 64 bytes from aaaa::212:4b00:41e:afc6: icmp_seq=81 ttl=63 time=373 ms
[1438769904.025217] 64 bytes from aaaa::212:4b00:41e:afc6: icmp_seq=82 ttl=63 time=615 ms
[1438769904.680642] 64 bytes from aaaa::212:4b00:41e:afc6: icmp_seq=83 ttl=63 time=270 ms
[1438769905.557763] 64 bytes from aaaa::212:4b00:41e:afc6: icmp_seq=84 ttl=63 time=147 ms
[1438769906.565634] 64 bytes from aaaa::212:4b00:41e:afc6: icmp_seq=85 ttl=63 time=153 ms
[1438769908.421001] no answer yet for icmp_seq=86
[1438769909.027040] 64 bytes from aaaa::212:4b00:41e:afc6: icmp_seq=87 ttl=63 time=605 ms
[1438769910.428933] no answer yet for icmp_seq=88
[1438769910.811050] 64 bytes from aaaa::212:4b00:41e:afc6: icmp_seq=88 ttl=63 time=1390 ms
[1438769911.027934] 64 bytes from aaaa::212:4b00:41e:afc6: icmp_seq=89 ttl=63 time=598 ms
[1438769911.562012] 64 bytes from aaaa::212:4b00:41e:afc6: icmp_seq=90 ttl=63 time=133 ms
[1438769912.562430] 64 bytes from aaaa::212:4b00:41e:afc6: icmp_seq=91 ttl=63 time=132 ms
[1438769913.912066] 64 bytes from aaaa::212:4b00:41e:afc6: icmp_seq=92 ttl=63 time=480 ms
[1438769914.938062] 64 bytes from aaaa::212:4b00:41e:afc6: icmp_seq=93 ttl=63 time=505 ms
[1438769916.440985] no answer yet for icmp_seq=94
[1438769916.534297] 64 bytes from aaaa::212:4b00:41e:afc6: icmp_seq=95 ttl=63 time=93.1 ms
[1438769917.546582] 64 bytes from aaaa::212:4b00:41e:afc6: icmp_seq=96 ttl=63 time=104 ms
[1438769918.580663] 64 bytes from aaaa::212:4b00:41e:afc6: icmp_seq=97 ttl=63 time=137 ms
[1438769920.453006] no answer yet for icmp_seq=98
[1438769920.907571] 64 bytes from aaaa::212:4b00:41e:afc6: icmp_seq=99 ttl=63 time=454 ms
[1438769921.539197] 64 bytes from aaaa::212:4b00:41e:afc6: icmp_seq=100 ttl=63 time=84.9 ms

--- aaaa::212:4b00:41e:afc6 ping statistics ---
100 packets transmitted, 92 received, 8% packet loss, time 99149ms
rtt min/avg/max/mdev = 42.432/790.529/7028.072/1427.783 ms, pipe 8
PING aaaa::212:4b00:41e:afc6(aaaa::212:4b00:41e:afc6) 56 data bytes
[1438769940.947167] 64 bytes from aaaa::212:4b00:41e:afc6: icmp_seq=1 ttl=63 time=290 ms
[1438769942.191162] 64 bytes from aaaa::212:4b00:41e:afc6: icmp_seq=2 ttl=63 time=533 ms
[1438769943.201600] 64 bytes from aaaa::212:4b00:41e:afc6: icmp_seq=3 ttl=63 time=543 ms
[1438769943.802147] 64 bytes from aaaa::212:4b00:41e:afc6: icmp_seq=4 ttl=63 time=143 ms
[1438769945.051875] 64 bytes from aaaa::212:4b00:41e:afc6: icmp_seq=5 ttl=63 time=393 ms
[1438769946.664895] no answer yet for icmp_seq=6
[1438769946.934187] 64 bytes from aaaa::212:4b00:41e:afc6: icmp_seq=6 ttl=63 time=1275 ms
[1438769947.666010] no answer yet for icmp_seq=7
[1438769947.929204] 64 bytes from aaaa::212:4b00:41e:afc6: icmp_seq=7 ttl=63 time=1264 ms
[1438769948.303324] 64 bytes from aaaa::212:4b00:41e:afc6: icmp_seq=8 ttl=63 time=637 ms
[1438769949.077210] 64 bytes from aaaa::212:4b00:41e:afc6: icmp_seq=9 ttl=63 time=411 ms
[1438769949.802052] 64 bytes from aaaa::212:4b00:41e:afc6: icmp_seq=10 ttl=63 time=136 ms
[1438769951.181590] 64 bytes from aaaa::212:4b00:41e:afc6: icmp_seq=11 ttl=63 time=514 ms
[1438769952.666887] no answer yet for icmp_seq=12
[1438769952.922625] 64 bytes from aaaa::212:4b00:41e:afc6: icmp_seq=12 ttl=63 time=1255 ms
[1438769953.092375] 64 bytes from aaaa::212:4b00:41e:afc6: icmp_seq=13 ttl=63 time=425 ms
[1438769954.080110] 64 bytes from aaaa::212:4b00:41e:afc6: icmp_seq=14 ttl=63 time=412 ms
[1438769955.058221] 64 bytes from aaaa::212:4b00:41e:afc6: icmp_seq=15 ttl=63 time=391 ms
[1438769955.806976] 64 bytes from aaaa::212:4b00:41e:afc6: icmp_seq=16 ttl=63 time=139 ms
[1438769957.048891] 64 bytes from aaaa::212:4b00:41e:afc6: icmp_seq=17 ttl=63 time=380 ms
[1438769958.676948] no answer yet for icmp_seq=18
[1438769958.962688] 64 bytes from aaaa::212:4b00:41e:afc6: icmp_seq=19 ttl=63 time=285 ms
[1438769959.966928] 64 bytes from aaaa::212:4b00:41e:afc6: icmp_seq=20 ttl=63 time=288 ms
[1438769960.832467] 64 bytes from aaaa::212:4b00:41e:afc6: icmp_seq=21 ttl=63 time=152 ms
[1438769961.808643] 64 bytes from aaaa::212:4b00:41e:afc6: icmp_seq=22 ttl=63 time=127 ms
[1438769962.816255] 64 bytes from aaaa::212:4b00:41e:afc6: icmp_seq=23 ttl=63 time=133 ms
[1438769963.847882] 64 bytes from aaaa::212:4b00:41e:afc6: icmp_seq=24 ttl=63 time=163 ms
[1438769964.809542] 64 bytes from aaaa::212:4b00:41e:afc6: icmp_seq=25 ttl=63 time=123 ms
[1438769966.084678] 64 bytes from aaaa::212:4b00:41e:afc6: icmp_seq=26 ttl=63 time=397 ms
[1438769967.062852] 64 bytes from aaaa::212:4b00:41e:afc6: icmp_seq=27 ttl=63 time=375 ms
[1438769968.062797] 64 bytes from aaaa::212:4b00:41e:afc6: icmp_seq=28 ttl=63 time=375 ms
[1438769969.064253] 64 bytes from aaaa::212:4b00:41e:afc6: icmp_seq=29 ttl=63 time=376 ms
[1438769969.811116] 64 bytes from aaaa::212:4b00:41e:afc6: icmp_seq=30 ttl=63 time=123 ms
[1438769971.081948] 64 bytes from aaaa::212:4b00:41e:afc6: icmp_seq=31 ttl=63 time=392 ms
[1438769971.812683] 64 bytes from aaaa::212:4b00:41e:afc6: icmp_seq=32 ttl=63 time=122 ms
[1438769972.815312] 64 bytes from aaaa::212:4b00:41e:afc6: icmp_seq=33 ttl=63 time=124 ms
[1438769973.815676] 64 bytes from aaaa::212:4b00:41e:afc6: icmp_seq=34 ttl=63 time=123 ms
[1438769974.825498] 64 bytes from aaaa::212:4b00:41e:afc6: icmp_seq=35 ttl=63 time=131 ms
[1438769975.814319] 64 bytes from aaaa::212:4b00:41e:afc6: icmp_seq=36 ttl=63 time=118 ms
[1438769976.815935] 64 bytes from aaaa::212:4b00:41e:afc6: icmp_seq=37 ttl=63 time=118 ms
[1438769978.065826] 64 bytes from aaaa::212:4b00:41e:afc6: icmp_seq=38 ttl=63 time=366 ms
[1438769978.997341] 64 bytes from aaaa::212:4b00:41e:afc6: icmp_seq=39 ttl=63 time=297 ms
[1438769979.820073] 64 bytes from aaaa::212:4b00:41e:afc6: icmp_seq=40 ttl=63 time=118 ms
[1438769980.817591] 64 bytes from aaaa::212:4b00:41e:afc6: icmp_seq=41 ttl=63 time=114 ms
[1438769982.694759] 64 bytes from aaaa::212:4b00:41e:afc6: icmp_seq=42 ttl=63 time=990 ms
[1438769982.818000] 64 bytes from aaaa::212:4b00:41e:afc6: icmp_seq=43 ttl=63 time=114 ms
[1438769983.850736] 64 bytes from aaaa::212:4b00:41e:afc6: icmp_seq=44 ttl=63 time=145 ms
[1438769984.845374] 64 bytes from aaaa::212:4b00:41e:afc6: icmp_seq=45 ttl=63 time=138 ms
[1438769985.861510] 64 bytes from aaaa::212:4b00:41e:afc6: icmp_seq=46 ttl=63 time=153 ms
[1438769986.819761] 64 bytes from aaaa::212:4b00:41e:afc6: icmp_seq=47 ttl=63 time=110 ms
[1438769987.821604] 64 bytes from aaaa::212:4b00:41e:afc6: icmp_seq=48 ttl=63 time=110 ms
[1438769989.318385] 64 bytes from aaaa::212:4b00:41e:afc6: icmp_seq=49 ttl=63 time=605 ms
[1438769989.847826] 64 bytes from aaaa::212:4b00:41e:afc6: icmp_seq=50 ttl=63 time=134 ms
[1438769990.838533] 64 bytes from aaaa::212:4b00:41e:afc6: icmp_seq=51 ttl=63 time=123 ms
[1438769991.864546] 64 bytes from aaaa::212:4b00:41e:afc6: icmp_seq=52 ttl=63 time=147 ms
[1438769992.849431] 64 bytes from aaaa::212:4b00:41e:afc6: icmp_seq=53 ttl=63 time=131 ms
[1438769993.821787] 64 bytes from aaaa::212:4b00:41e:afc6: icmp_seq=54 ttl=63 time=102 ms
[1438769994.850572] 64 bytes from aaaa::212:4b00:41e:afc6: icmp_seq=55 ttl=63 time=129 ms
[1438769995.982070] 64 bytes from aaaa::212:4b00:41e:afc6: icmp_seq=56 ttl=63 time=259 ms
[1438769996.857440] 64 bytes from aaaa::212:4b00:41e:afc6: icmp_seq=57 ttl=63 time=133 ms
[1438769998.232947] 64 bytes from aaaa::212:4b00:41e:afc6: icmp_seq=58 ttl=63 time=508 ms
[1438769998.859960] 64 bytes from aaaa::212:4b00:41e:afc6: icmp_seq=59 ttl=63 time=135 ms
[1438769999.975368] 64 bytes from aaaa::212:4b00:41e:afc6: icmp_seq=60 ttl=63 time=249 ms
[1438770000.974311] 64 bytes from aaaa::212:4b00:41e:afc6: icmp_seq=61 ttl=63 time=247 ms
[1438770001.861015] 64 bytes from aaaa::212:4b00:41e:afc6: icmp_seq=62 ttl=63 time=132 ms
[1438770002.827591] 64 bytes from aaaa::212:4b00:41e:afc6: icmp_seq=63 ttl=63 time=97.5 ms
[1438770003.829623] 64 bytes from aaaa::212:4b00:41e:afc6: icmp_seq=64 ttl=63 time=97.9 ms
[1438770005.112113] 64 bytes from aaaa::212:4b00:41e:afc6: icmp_seq=65 ttl=63 time=379 ms
[1438770005.845624] 64 bytes from aaaa::212:4b00:41e:afc6: icmp_seq=66 ttl=63 time=112 ms
[1438770006.853522] 64 bytes from aaaa::212:4b00:41e:afc6: icmp_seq=67 ttl=63 time=119 ms
[1438770007.832633] 64 bytes from aaaa::212:4b00:41e:afc6: icmp_seq=68 ttl=63 time=97.0 ms
[1438770008.830905] 64 bytes from aaaa::212:4b00:41e:afc6: icmp_seq=69 ttl=63 time=94.2 ms
[1438770010.072899] 64 bytes from aaaa::212:4b00:41e:afc6: icmp_seq=70 ttl=63 time=334 ms
[1438770010.837928] 64 bytes from aaaa::212:4b00:41e:afc6: icmp_seq=71 ttl=63 time=100 ms
[1438770012.738822] no answer yet for icmp_seq=72
[1438770013.087776] 64 bytes from aaaa::212:4b00:41e:afc6: icmp_seq=73 ttl=63 time=348 ms
[1438770013.996017] 64 bytes from aaaa::212:4b00:41e:afc6: icmp_seq=74 ttl=63 time=256 ms
[1438770015.724686] 64 bytes from aaaa::212:4b00:41e:afc6: icmp_seq=75 ttl=63 time=983 ms
[1438770016.749016] no answer yet for icmp_seq=76
[1438770017.210042] 64 bytes from aaaa::212:4b00:41e:afc6: icmp_seq=77 ttl=63 time=460 ms
[1438770017.989445] 64 bytes from aaaa::212:4b00:41e:afc6: icmp_seq=78 ttl=63 time=240 ms
[1438770018.849045] 64 bytes from aaaa::212:4b00:41e:afc6: icmp_seq=79 ttl=63 time=98.6 ms
[1438770019.845425] 64 bytes from aaaa::212:4b00:41e:afc6: icmp_seq=80 ttl=63 time=93.3 ms
[1438770020.960806] 64 bytes from aaaa::212:4b00:41e:afc6: icmp_seq=81 ttl=63 time=207 ms
[1438770021.855016] 64 bytes from aaaa::212:4b00:41e:afc6: icmp_seq=82 ttl=63 time=100 ms
[1438770022.963578] 64 bytes from aaaa::212:4b00:41e:afc6: icmp_seq=83 ttl=63 time=207 ms
[1438770023.962586] 64 bytes from aaaa::212:4b00:41e:afc6: icmp_seq=84 ttl=63 time=205 ms
[1438770024.855844] 64 bytes from aaaa::212:4b00:41e:afc6: icmp_seq=85 ttl=63 time=97.2 ms
[1438770025.848147] 64 bytes from aaaa::212:4b00:41e:afc6: icmp_seq=86 ttl=63 time=88.2 ms
[1438770026.860363] 64 bytes from aaaa::212:4b00:41e:afc6: icmp_seq=87 ttl=63 time=99.1 ms
[1438770027.868373] 64 bytes from aaaa::212:4b00:41e:afc6: icmp_seq=88 ttl=63 time=105 ms
[1438770029.474615] 64 bytes from aaaa::212:4b00:41e:afc6: icmp_seq=89 ttl=63 time=711 ms
[1438770029.838478] 64 bytes from aaaa::212:4b00:41e:afc6: icmp_seq=90 ttl=63 time=76.3 ms
[1438770031.090063] 64 bytes from aaaa::212:4b00:41e:afc6: icmp_seq=91 ttl=63 time=326 ms
[1438770031.840111] 64 bytes from aaaa::212:4b00:41e:afc6: icmp_seq=92 ttl=63 time=76.1 ms
[1438770032.966645] 64 bytes from aaaa::212:4b00:41e:afc6: icmp_seq=93 ttl=63 time=201 ms
[1438770033.867386] 64 bytes from aaaa::212:4b00:41e:afc6: icmp_seq=94 ttl=63 time=100 ms
[1438770034.840506] 64 bytes from aaaa::212:4b00:41e:afc6: icmp_seq=95 ttl=63 time=72.0 ms
[1438770035.850828] 64 bytes from aaaa::212:4b00:41e:afc6: icmp_seq=96 ttl=63 time=81.1 ms
[1438770036.842910] 64 bytes from aaaa::212:4b00:41e:afc6: icmp_seq=97 ttl=63 time=71.9 ms
[1438770037.852021] 64 bytes from aaaa::212:4b00:41e:afc6: icmp_seq=98 ttl=63 time=80.5 ms
[1438770038.869894] 64 bytes from aaaa::212:4b00:41e:afc6: icmp_seq=99 ttl=63 time=96.7 ms
[1438770039.843520] 64 bytes from aaaa::212:4b00:41e:afc6: icmp_seq=100 ttl=63 time=68.5 ms

--- aaaa::212:4b00:41e:afc6 ping statistics ---
100 packets transmitted, 97 received, 3% packet loss, time 99118ms
rtt min/avg/max/mdev = 68.535/266.970/1275.544/255.387 ms, pipe 2
PING aaaa::212:4b00:41e:afc6(aaaa::212:4b00:41e:afc6) 56 data bytes
[1438770096.737809] 64 bytes from aaaa::212:4b00:41e:afc6: icmp_seq=1 ttl=63 time=381 ms
[1438770097.619503] 64 bytes from aaaa::212:4b00:41e:afc6: icmp_seq=2 ttl=63 time=261 ms
[1438770098.870828] 64 bytes from aaaa::212:4b00:41e:afc6: icmp_seq=3 ttl=63 time=511 ms
[1438770099.495921] 64 bytes from aaaa::212:4b00:41e:afc6: icmp_seq=4 ttl=63 time=135 ms
[1438770100.999338] 64 bytes from aaaa::212:4b00:41e:afc6: icmp_seq=5 ttl=63 time=638 ms
[1438770101.514087] 64 bytes from aaaa::212:4b00:41e:afc6: icmp_seq=6 ttl=63 time=152 ms
[1438770102.865327] 64 bytes from aaaa::212:4b00:41e:afc6: icmp_seq=7 ttl=63 time=502 ms
[1438770103.621314] 64 bytes from aaaa::212:4b00:41e:afc6: icmp_seq=8 ttl=63 time=257 ms
[1438770104.499837] 64 bytes from aaaa::212:4b00:41e:afc6: icmp_seq=9 ttl=63 time=134 ms
[1438770105.498363] 64 bytes from aaaa::212:4b00:41e:afc6: icmp_seq=10 ttl=63 time=131 ms
[1438770106.499674] 64 bytes from aaaa::212:4b00:41e:afc6: icmp_seq=11 ttl=63 time=131 ms
[1438770108.118223] 64 bytes from aaaa::212:4b00:41e:afc6: icmp_seq=12 ttl=63 time=748 ms
[1438770108.761853] 64 bytes from aaaa::212:4b00:41e:afc6: icmp_seq=13 ttl=63 time=392 ms
[1438770109.508358] 64 bytes from aaaa::212:4b00:41e:afc6: icmp_seq=14 ttl=63 time=138 ms
[1438770110.653008] 64 bytes from aaaa::212:4b00:41e:afc6: icmp_seq=15 ttl=63 time=282 ms
[1438770112.119478] 64 bytes from aaaa::212:4b00:41e:afc6: icmp_seq=16 ttl=63 time=747 ms
[1438770112.626741] 64 bytes from aaaa::212:4b00:41e:afc6: icmp_seq=17 ttl=63 time=254 ms
[1438770113.745248] 64 bytes from aaaa::212:4b00:41e:afc6: icmp_seq=18 ttl=63 time=371 ms
[1438770114.770321] 64 bytes from aaaa::212:4b00:41e:afc6: icmp_seq=19 ttl=63 time=395 ms
[1438770115.754319] 64 bytes from aaaa::212:4b00:41e:afc6: icmp_seq=20 ttl=63 time=378 ms
[1438770116.504431] 64 bytes from aaaa::212:4b00:41e:afc6: icmp_seq=21 ttl=63 time=127 ms
[1438770117.535538] 64 bytes from aaaa::212:4b00:41e:afc6: icmp_seq=22 ttl=63 time=157 ms
[1438770118.508260] 64 bytes from aaaa::212:4b00:41e:afc6: icmp_seq=23 ttl=63 time=128 ms
[1438770119.504479] 64 bytes from aaaa::212:4b00:41e:afc6: icmp_seq=24 ttl=63 time=123 ms
[1438770120.899757] 64 bytes from aaaa::212:4b00:41e:afc6: icmp_seq=25 ttl=63 time=517 ms
[1438770121.506415] 64 bytes from aaaa::212:4b00:41e:afc6: icmp_seq=26 ttl=63 time=123 ms
[1438770122.637026] 64 bytes from aaaa::212:4b00:41e:afc6: icmp_seq=27 ttl=63 time=252 ms
[1438770123.516267] 64 bytes from aaaa::212:4b00:41e:afc6: icmp_seq=28 ttl=63 time=130 ms
[1438770124.506661] 64 bytes from aaaa::212:4b00:41e:afc6: icmp_seq=29 ttl=63 time=119 ms
[1438770125.507911] 64 bytes from aaaa::212:4b00:41e:afc6: icmp_seq=30 ttl=63 time=119 ms
[1438770127.252038] 64 bytes from aaaa::212:4b00:41e:afc6: icmp_seq=31 ttl=63 time=862 ms
[1438770128.396966] no answer yet for icmp_seq=32
[1438770128.803181] 64 bytes from aaaa::212:4b00:41e:afc6: icmp_seq=32 ttl=63 time=1413 ms
[1438770129.002544] 64 bytes from aaaa::212:4b00:41e:afc6: icmp_seq=33 ttl=63 time=605 ms
[1438770129.665757] 64 bytes from aaaa::212:4b00:41e:afc6: icmp_seq=34 ttl=63 time=268 ms
[1438770130.908688] 64 bytes from aaaa::212:4b00:41e:afc6: icmp_seq=35 ttl=63 time=509 ms
[1438770132.254561] 64 bytes from aaaa::212:4b00:41e:afc6: icmp_seq=36 ttl=63 time=855 ms
[1438770133.262491] 64 bytes from aaaa::212:4b00:41e:afc6: icmp_seq=37 ttl=63 time=863 ms
[1438770133.513433] 64 bytes from aaaa::212:4b00:41e:afc6: icmp_seq=38 ttl=63 time=114 ms
[1438770134.531969] 64 bytes from aaaa::212:4b00:41e:afc6: icmp_seq=39 ttl=63 time=131 ms
[1438770135.904342] 64 bytes from aaaa::212:4b00:41e:afc6: icmp_seq=40 ttl=63 time=502 ms
[1438770136.661567] 64 bytes from aaaa::212:4b00:41e:afc6: icmp_seq=41 ttl=63 time=258 ms
[1438770137.546650] 64 bytes from aaaa::212:4b00:41e:afc6: icmp_seq=42 ttl=63 time=142 ms
[1438770139.024960] 64 bytes from aaaa::212:4b00:41e:afc6: icmp_seq=43 ttl=63 time=619 ms
[1438770140.412968] no answer yet for icmp_seq=44
[1438770140.642583] 64 bytes from aaaa::212:4b00:41e:afc6: icmp_seq=44 ttl=63 time=1237 ms
[1438770140.890092] 64 bytes from aaaa::212:4b00:41e:afc6: icmp_seq=45 ttl=63 time=477 ms
[1438770142.144599] 64 bytes from aaaa::212:4b00:41e:afc6: icmp_seq=46 ttl=63 time=730 ms
[1438770143.410956] 64 bytes from aaaa::212:4b00:41e:afc6: icmp_seq=47 ttl=63 time=996 ms
[1438770143.666597] 64 bytes from aaaa::212:4b00:41e:afc6: icmp_seq=48 ttl=63 time=253 ms
[1438770144.643239] 64 bytes from aaaa::212:4b00:41e:afc6: icmp_seq=49 ttl=63 time=228 ms
[1438770146.425007] no answer yet for icmp_seq=50
[1438770147.432935] no answer yet for icmp_seq=51
[1438770148.440930] no answer yet for icmp_seq=52
[1438770149.449284] no answer yet for icmp_seq=53
[1438770149.530518] 64 bytes from aaaa::212:4b00:41e:afc6: icmp_seq=50 ttl=63 time=4114 ms
[1438770150.019138] 64 bytes from aaaa::212:4b00:41e:afc6: icmp_seq=51 ttl=63 time=3594 ms
[1438770150.449619] no answer yet for icmp_seq=54
[1438770150.519145] 64 bytes from aaaa::212:4b00:41e:afc6: icmp_seq=52 ttl=63 time=3086 ms
[1438770151.138244] 64 bytes from aaaa::212:4b00:41e:afc6: icmp_seq=53 ttl=63 time=2697 ms
[1438770151.437513] 64 bytes from aaaa::212:4b00:41e:afc6: icmp_seq=55 ttl=63 time=987 ms
[1438770152.021262] 64 bytes from aaaa::212:4b00:41e:afc6: icmp_seq=56 ttl=63 time=571 ms
[1438770153.457013] no answer yet for icmp_seq=57
[1438770154.464914] no answer yet for icmp_seq=58
[1438770154.664776] 64 bytes from aaaa::212:4b00:41e:afc6: icmp_seq=57 ttl=63 time=2214 ms
[1438770155.466070] no answer yet for icmp_seq=59
[1438770156.165592] 64 bytes from aaaa::212:4b00:41e:afc6: icmp_seq=58 ttl=63 time=2708 ms
[1438770156.466013] no answer yet for icmp_seq=60
[1438770156.782906] 64 bytes from aaaa::212:4b00:41e:afc6: icmp_seq=59 ttl=63 time=2317 ms
[1438770157.467715] no answer yet for icmp_seq=61
[1438770157.521655] 64 bytes from aaaa::212:4b00:41e:afc6: icmp_seq=60 ttl=63 time=2055 ms
[1438770158.469723] no answer yet for icmp_seq=62
[1438770158.772291] 64 bytes from aaaa::212:4b00:41e:afc6: icmp_seq=61 ttl=63 time=2306 ms
[1438770159.470881] no answer yet for icmp_seq=63
[1438770159.648171] 64 bytes from aaaa::212:4b00:41e:afc6: icmp_seq=62 ttl=63 time=2180 ms
[1438770160.409465] 64 bytes from aaaa::212:4b00:41e:afc6: icmp_seq=63 ttl=63 time=1939 ms
[1438770160.470640] no answer yet for icmp_seq=64
[1438770161.022333] 64 bytes from aaaa::212:4b00:41e:afc6: icmp_seq=64 ttl=63 time=1551 ms
[1438770161.400217] 64 bytes from aaaa::212:4b00:41e:afc6: icmp_seq=65 ttl=63 time=929 ms
[1438770161.552344] 64 bytes from aaaa::212:4b00:41e:afc6: icmp_seq=66 ttl=63 time=81.8 ms
[1438770162.901799] 64 bytes from aaaa::212:4b00:41e:afc6: icmp_seq=67 ttl=63 time=430 ms
[1438770164.058603] 64 bytes from aaaa::212:4b00:41e:afc6: icmp_seq=68 ttl=63 time=585 ms
[1438770164.527230] 64 bytes from aaaa::212:4b00:41e:afc6: icmp_seq=69 ttl=63 time=54.9 ms
[1438770165.525084] 64 bytes from aaaa::212:4b00:41e:afc6: icmp_seq=70 ttl=63 time=51.7 ms
[1438770167.150439] 64 bytes from aaaa::212:4b00:41e:afc6: icmp_seq=71 ttl=63 time=675 ms
[1438770167.692835] 64 bytes from aaaa::212:4b00:41e:afc6: icmp_seq=72 ttl=63 time=217 ms
[1438770168.527214] 64 bytes from aaaa::212:4b00:41e:afc6: icmp_seq=73 ttl=63 time=51.3 ms
[1438770169.528571] 64 bytes from aaaa::212:4b00:41e:afc6: icmp_seq=74 ttl=63 time=51.2 ms
[1438770170.547117] 64 bytes from aaaa::212:4b00:41e:afc6: icmp_seq=75 ttl=63 time=68.3 ms
[1438770171.570737] 64 bytes from aaaa::212:4b00:41e:afc6: icmp_seq=76 ttl=63 time=90.4 ms
[1438770172.914712] 64 bytes from aaaa::212:4b00:41e:afc6: icmp_seq=77 ttl=63 time=432 ms
[1438770173.529081] 64 bytes from aaaa::212:4b00:41e:afc6: icmp_seq=78 ttl=63 time=46.5 ms
[1438770175.492995] no answer yet for icmp_seq=79
[1438770176.154340] 64 bytes from aaaa::212:4b00:41e:afc6: icmp_seq=80 ttl=63 time=661 ms
[1438770176.792093] 64 bytes from aaaa::212:4b00:41e:afc6: icmp_seq=81 ttl=63 time=299 ms
[1438770178.500942] no answer yet for icmp_seq=82
[1438770179.508957] no answer yet for icmp_seq=83
[1438770180.166598] 64 bytes from aaaa::212:4b00:41e:afc6: icmp_seq=82 ttl=63 time=2672 ms
[1438770180.509010] no answer yet for icmp_seq=84
[1438770180.572604] 64 bytes from aaaa::212:4b00:41e:afc6: icmp_seq=83 ttl=63 time=2071 ms
[1438770180.807572] 64 bytes from aaaa::212:4b00:41e:afc6: icmp_seq=84 ttl=63 time=1298 ms
[1438770181.510418] no answer yet for icmp_seq=85
[1438770182.033355] 64 bytes from aaaa::212:4b00:41e:afc6: icmp_seq=85 ttl=63 time=1524 ms
[1438770182.510961] no answer yet for icmp_seq=86
[1438770183.034366] 64 bytes from aaaa::212:4b00:41e:afc6: icmp_seq=86 ttl=63 time=1523 ms
[1438770183.510954] no answer yet for icmp_seq=87
[1438770184.510883] no answer yet for icmp_seq=88
[1438770184.574899] 64 bytes from aaaa::212:4b00:41e:afc6: icmp_seq=87 ttl=63 time=2063 ms
[1438770185.511979] no answer yet for icmp_seq=89
[1438770185.812250] 64 bytes from aaaa::212:4b00:41e:afc6: icmp_seq=88 ttl=63 time=2301 ms
[1438770186.513084] no answer yet for icmp_seq=90
[1438770186.536771] 64 bytes from aaaa::212:4b00:41e:afc6: icmp_seq=89 ttl=63 time=2025 ms
[1438770187.187408] 64 bytes from aaaa::212:4b00:41e:afc6: icmp_seq=90 ttl=63 time=1675 ms
[1438770187.512830] no answer yet for icmp_seq=91
[1438770188.411392] 64 bytes from aaaa::212:4b00:41e:afc6: icmp_seq=91 ttl=63 time=1898 ms
[1438770188.512585] no answer yet for icmp_seq=92
[1438770189.520989] no answer yet for icmp_seq=93
[1438770190.528928] no answer yet for icmp_seq=94
[1438770190.914157] 64 bytes from aaaa::212:4b00:41e:afc6: icmp_seq=92 ttl=63 time=3401 ms
[1438770191.529911] no answer yet for icmp_seq=95
[1438770192.536967] no answer yet for icmp_seq=96
[1438770192.674168] 64 bytes from aaaa::212:4b00:41e:afc6: icmp_seq=93 ttl=63 time=4161 ms
[1438770193.538168] no answer yet for icmp_seq=97
[1438770193.932544] 64 bytes from aaaa::212:4b00:41e:afc6: icmp_seq=94 ttl=63 time=4411 ms
[1438770194.323307] 64 bytes from aaaa::212:4b00:41e:afc6: icmp_seq=95 ttl=63 time=3794 ms
[1438770194.537581] no answer yet for icmp_seq=98
[1438770195.198664] 64 bytes from aaaa::212:4b00:41e:afc6: icmp_seq=96 ttl=63 time=3668 ms
[1438770195.537123] no answer yet for icmp_seq=99
[1438770196.181405] 64 bytes from aaaa::212:4b00:41e:afc6: icmp_seq=98 ttl=63 time=2643 ms
[1438770196.954933] 64 bytes from aaaa::212:4b00:41e:afc6: icmp_seq=99 ttl=63 time=2417 ms
[1438770198.789674] 64 bytes from aaaa::212:4b00:41e:afc6: icmp_seq=100 ttl=63 time=3252 ms

--- aaaa::212:4b00:41e:afc6 ping statistics ---
100 packets transmitted, 97 received, 3% packet loss, time 99181ms
rtt min/avg/max/mdev = 46.598/1068.814/4411.425/1148.778 ms, pipe 5
PING aaaa::212:4b00:41e:afc6(aaaa::212:4b00:41e:afc6) 56 data bytes
[1438770211.444482] 64 bytes from aaaa::212:4b00:41e:afc6: icmp_seq=1 ttl=63 time=477 ms
[1438770212.966842] no answer yet for icmp_seq=2
[1438770213.966837] no answer yet for icmp_seq=3
[1438770214.328353] 64 bytes from aaaa::212:4b00:41e:afc6: icmp_seq=2 ttl=63 time=2361 ms
[1438770214.799470] 64 bytes from aaaa::212:4b00:41e:afc6: icmp_seq=3 ttl=63 time=1832 ms
[1438770214.966725] no answer yet for icmp_seq=4
[1438770215.215536] 64 bytes from aaaa::212:4b00:41e:afc6: icmp_seq=4 ttl=63 time=1248 ms
[1438770215.415727] 64 bytes from aaaa::212:4b00:41e:afc6: icmp_seq=5 ttl=63 time=448 ms
[1438770216.079228] 64 bytes from aaaa::212:4b00:41e:afc6: icmp_seq=6 ttl=63 time=112 ms
[1438770217.047729] 64 bytes from aaaa::212:4b00:41e:afc6: icmp_seq=7 ttl=63 time=80.4 ms
[1438770218.049251] 64 bytes from aaaa::212:4b00:41e:afc6: icmp_seq=8 ttl=63 time=81.2 ms
[1438770219.061288] 64 bytes from aaaa::212:4b00:41e:afc6: icmp_seq=9 ttl=63 time=92.8 ms
[1438770220.048866] 64 bytes from aaaa::212:4b00:41e:afc6: icmp_seq=10 ttl=63 time=80.5 ms
[1438770221.050402] 64 bytes from aaaa::212:4b00:41e:afc6: icmp_seq=11 ttl=63 time=81.3 ms
[1438770222.552402] 64 bytes from aaaa::212:4b00:41e:afc6: icmp_seq=12 ttl=63 time=582 ms
[1438770223.053513] 64 bytes from aaaa::212:4b00:41e:afc6: icmp_seq=13 ttl=63 time=84.7 ms
[1438770224.082636] 64 bytes from aaaa::212:4b00:41e:afc6: icmp_seq=14 ttl=63 time=112 ms
[1438770225.078886] 64 bytes from aaaa::212:4b00:41e:afc6: icmp_seq=15 ttl=63 time=109 ms
[1438770226.545882] 64 bytes from aaaa::212:4b00:41e:afc6: icmp_seq=16 ttl=63 time=575 ms
[1438770227.050948] 64 bytes from aaaa::212:4b00:41e:afc6: icmp_seq=17 ttl=63 time=80.4 ms
[1438770228.306061] 64 bytes from aaaa::212:4b00:41e:afc6: icmp_seq=18 ttl=63 time=335 ms
[1438770229.055772] 64 bytes from aaaa::212:4b00:41e:afc6: icmp_seq=19 ttl=63 time=84.8 ms
[1438770230.056655] 64 bytes from aaaa::212:4b00:41e:afc6: icmp_seq=20 ttl=63 time=84.7 ms
[1438770231.085958] 64 bytes from aaaa::212:4b00:41e:afc6: icmp_seq=21 ttl=63 time=113 ms
[1438770232.064287] 64 bytes from aaaa::212:4b00:41e:afc6: icmp_seq=22 ttl=63 time=91.2 ms
[1438770233.053904] 64 bytes from aaaa::212:4b00:41e:afc6: icmp_seq=23 ttl=63 time=80.5 ms
[1438770234.088159] 64 bytes from aaaa::212:4b00:41e:afc6: icmp_seq=24 ttl=63 time=114 ms
[1438770235.075425] 64 bytes from aaaa::212:4b00:41e:afc6: icmp_seq=25 ttl=63 time=101 ms
[1438770236.331930] 64 bytes from aaaa::212:4b00:41e:afc6: icmp_seq=26 ttl=63 time=357 ms
[1438770237.059550] 64 bytes from aaaa::212:4b00:41e:afc6: icmp_seq=27 ttl=63 time=84.7 ms
[1438770238.100425] 64 bytes from aaaa::212:4b00:41e:afc6: icmp_seq=28 ttl=63 time=124 ms
[1438770239.694679] 64 bytes from aaaa::212:4b00:41e:afc6: icmp_seq=29 ttl=63 time=718 ms
[1438770240.577629] 64 bytes from aaaa::212:4b00:41e:afc6: icmp_seq=30 ttl=63 time=601 ms
[1438770241.685203] 64 bytes from aaaa::212:4b00:41e:afc6: icmp_seq=31 ttl=63 time=708 ms
[1438770242.098369] 64 bytes from aaaa::212:4b00:41e:afc6: icmp_seq=32 ttl=63 time=122 ms
[1438770243.217552] 64 bytes from aaaa::212:4b00:41e:afc6: icmp_seq=33 ttl=63 time=241 ms
[1438770244.220220] 64 bytes from aaaa::212:4b00:41e:afc6: icmp_seq=34 ttl=63 time=243 ms
[1438770245.076335] 64 bytes from aaaa::212:4b00:41e:afc6: icmp_seq=35 ttl=63 time=99.1 ms
[1438770246.190356] 64 bytes from aaaa::212:4b00:41e:afc6: icmp_seq=36 ttl=63 time=212 ms
[1438770247.089210] 64 bytes from aaaa::212:4b00:41e:afc6: icmp_seq=37 ttl=63 time=111 ms
[1438770248.079646] 64 bytes from aaaa::212:4b00:41e:afc6: icmp_seq=38 ttl=63 time=101 ms
[1438770249.066713] 64 bytes from aaaa::212:4b00:41e:afc6: icmp_seq=39 ttl=63 time=88.0 ms
[1438770250.086727] 64 bytes from aaaa::212:4b00:41e:afc6: icmp_seq=40 ttl=63 time=107 ms
[1438770251.071484] 64 bytes from aaaa::212:4b00:41e:afc6: icmp_seq=41 ttl=63 time=92.6 ms
[1438770252.074008] 64 bytes from aaaa::212:4b00:41e:afc6: icmp_seq=42 ttl=63 time=95.0 ms
[1438770253.065091] 64 bytes from aaaa::212:4b00:41e:afc6: icmp_seq=43 ttl=63 time=85.9 ms
[1438770254.096788] 64 bytes from aaaa::212:4b00:41e:afc6: icmp_seq=44 ttl=63 time=117 ms
[1438770255.098919] 64 bytes from aaaa::212:4b00:41e:afc6: icmp_seq=45 ttl=63 time=120 ms
[1438770256.078025] 64 bytes from aaaa::212:4b00:41e:afc6: icmp_seq=46 ttl=63 time=99.0 ms
[1438770257.068145] 64 bytes from aaaa::212:4b00:41e:afc6: icmp_seq=47 ttl=63 time=89.0 ms
[1438770258.703627] 64 bytes from aaaa::212:4b00:41e:afc6: icmp_seq=48 ttl=63 time=724 ms
[1438770259.068110] 64 bytes from aaaa::212:4b00:41e:afc6: icmp_seq=49 ttl=63 time=89.0 ms
[1438770260.311363] 64 bytes from aaaa::212:4b00:41e:afc6: icmp_seq=50 ttl=63 time=332 ms
[1438770261.068369] 64 bytes from aaaa::212:4b00:41e:afc6: icmp_seq=51 ttl=63 time=89.4 ms
[1438770262.068023] 64 bytes from aaaa::212:4b00:41e:afc6: icmp_seq=52 ttl=63 time=89.0 ms
[1438770263.093198] 64 bytes from aaaa::212:4b00:41e:afc6: icmp_seq=53 ttl=63 time=114 ms
[1438770264.072532] 64 bytes from aaaa::212:4b00:41e:afc6: icmp_seq=54 ttl=63 time=93.2 ms
[1438770265.068005] 64 bytes from aaaa::212:4b00:41e:afc6: icmp_seq=55 ttl=63 time=89.0 ms
[1438770266.978867] no answer yet for icmp_seq=56
[1438770267.072155] 64 bytes from aaaa::212:4b00:41e:afc6: icmp_seq=57 ttl=63 time=93.1 ms
[1438770268.072178] 64 bytes from aaaa::212:4b00:41e:afc6: icmp_seq=58 ttl=63 time=93.2 ms
[1438770269.205045] 64 bytes from aaaa::212:4b00:41e:afc6: icmp_seq=59 ttl=63 time=226 ms
[1438770270.323954] 64 bytes from aaaa::212:4b00:41e:afc6: icmp_seq=60 ttl=63 time=344 ms
[1438770271.072562] 64 bytes from aaaa::212:4b00:41e:afc6: icmp_seq=61 ttl=63 time=93.7 ms
[1438770272.100906] 64 bytes from aaaa::212:4b00:41e:afc6: icmp_seq=62 ttl=63 time=121 ms
[1438770273.093406] 64 bytes from aaaa::212:4b00:41e:afc6: icmp_seq=63 ttl=63 time=114 ms
[1438770274.076919] 64 bytes from aaaa::212:4b00:41e:afc6: icmp_seq=64 ttl=63 time=97.4 ms
[1438770275.074074] 64 bytes from aaaa::212:4b00:41e:afc6: icmp_seq=65 ttl=63 time=94.1 ms
[1438770276.116334] 64 bytes from aaaa::212:4b00:41e:afc6: icmp_seq=66 ttl=63 time=136 ms
[1438770277.077841] 64 bytes from aaaa::212:4b00:41e:afc6: icmp_seq=67 ttl=63 time=97.4 ms
[1438770278.117281] 64 bytes from aaaa::212:4b00:41e:afc6: icmp_seq=68 ttl=63 time=136 ms
[1438770279.201824] 64 bytes from aaaa::212:4b00:41e:afc6: icmp_seq=69 ttl=63 time=220 ms
[1438770280.080080] 64 bytes from aaaa::212:4b00:41e:afc6: icmp_seq=70 ttl=63 time=98.2 ms
[1438770281.079597] 64 bytes from aaaa::212:4b00:41e:afc6: icmp_seq=71 ttl=63 time=97.4 ms
[1438770282.079972] 64 bytes from aaaa::212:4b00:41e:afc6: icmp_seq=72 ttl=63 time=97.3 ms
[1438770283.080584] 64 bytes from aaaa::212:4b00:41e:afc6: icmp_seq=73 ttl=63 time=97.5 ms
[1438770284.080736] 64 bytes from aaaa::212:4b00:41e:afc6: icmp_seq=74 ttl=63 time=97.3 ms
[1438770285.122918] 64 bytes from aaaa::212:4b00:41e:afc6: icmp_seq=75 ttl=63 time=139 ms
[1438770286.081472] 64 bytes from aaaa::212:4b00:41e:afc6: icmp_seq=76 ttl=63 time=97.4 ms
[1438770287.370357] 64 bytes from aaaa::212:4b00:41e:afc6: icmp_seq=77 ttl=63 time=385 ms
[1438770288.343353] 64 bytes from aaaa::212:4b00:41e:afc6: icmp_seq=78 ttl=63 time=358 ms
[1438770289.082726] 64 bytes from aaaa::212:4b00:41e:afc6: icmp_seq=79 ttl=63 time=97.5 ms
[1438770290.101715] 64 bytes from aaaa::212:4b00:41e:afc6: icmp_seq=80 ttl=63 time=115 ms
[1438770291.084238] 64 bytes from aaaa::212:4b00:41e:afc6: icmp_seq=81 ttl=63 time=97.5 ms
[1438770292.127613] 64 bytes from aaaa::212:4b00:41e:afc6: icmp_seq=82 ttl=63 time=140 ms
[1438770293.227509] 64 bytes from aaaa::212:4b00:41e:afc6: icmp_seq=83 ttl=63 time=239 ms
[1438770294.084854] 64 bytes from aaaa::212:4b00:41e:afc6: icmp_seq=84 ttl=63 time=97.4 ms
[1438770295.095994] 64 bytes from aaaa::212:4b00:41e:afc6: icmp_seq=85 ttl=63 time=108 ms
[1438770296.085492] 64 bytes from aaaa::212:4b00:41e:afc6: icmp_seq=86 ttl=63 time=97.3 ms
[1438770297.212996] 64 bytes from aaaa::212:4b00:41e:afc6: icmp_seq=87 ttl=63 time=225 ms
[1438770298.210244] 64 bytes from aaaa::212:4b00:41e:afc6: icmp_seq=88 ttl=63 time=222 ms
[1438770299.329518] 64 bytes from aaaa::212:4b00:41e:afc6: icmp_seq=89 ttl=63 time=342 ms
[1438770300.088866] 64 bytes from aaaa::212:4b00:41e:afc6: icmp_seq=90 ttl=63 time=101 ms
[1438770301.352139] 64 bytes from aaaa::212:4b00:41e:afc6: icmp_seq=91 ttl=63 time=364 ms
[1438770302.336312] 64 bytes from aaaa::212:4b00:41e:afc6: icmp_seq=92 ttl=63 time=348 ms
[1438770303.090281] 64 bytes from aaaa::212:4b00:41e:afc6: icmp_seq=93 ttl=63 time=102 ms
[1438770304.373547] 64 bytes from aaaa::212:4b00:41e:afc6: icmp_seq=94 ttl=63 time=385 ms
[1438770305.090100] 64 bytes from aaaa::212:4b00:41e:afc6: icmp_seq=95 ttl=63 time=101 ms
[1438770306.350697] 64 bytes from aaaa::212:4b00:41e:afc6: icmp_seq=96 ttl=63 time=362 ms
[1438770307.366649] 64 bytes from aaaa::212:4b00:41e:afc6: icmp_seq=97 ttl=63 time=378 ms
[1438770308.097528] 64 bytes from aaaa::212:4b00:41e:afc6: icmp_seq=98 ttl=63 time=109 ms
[1438770309.090315] 64 bytes from aaaa::212:4b00:41e:afc6: icmp_seq=99 ttl=63 time=101 ms
[1438770310.117543] 64 bytes from aaaa::212:4b00:41e:afc6: icmp_seq=100 ttl=63 time=128 ms

--- aaaa::212:4b00:41e:afc6 ping statistics ---
100 packets transmitted, 99 received, 1% packet loss, time 99021ms
rtt min/avg/max/mdev = 80.405/235.339/2361.138/328.587 ms, pipe 3
