PING aaaa::212:4b00:41e:afc6(aaaa::212:4b00:41e:afc6) 56 data bytes
[1438167488.332697] 64 bytes from aaaa::212:4b00:41e:afc6: icmp_seq=1 ttl=63 time=32.1 ms
[1438167489.334072] 64 bytes from aaaa::212:4b00:41e:afc6: icmp_seq=2 ttl=63 time=32.4 ms
[1438167490.335700] 64 bytes from aaaa::212:4b00:41e:afc6: icmp_seq=3 ttl=63 time=32.4 ms
[1438167491.337322] 64 bytes from aaaa::212:4b00:41e:afc6: icmp_seq=4 ttl=63 time=32.4 ms
[1438167492.338958] 64 bytes from aaaa::212:4b00:41e:afc6: icmp_seq=5 ttl=63 time=32.4 ms
[1438167493.340572] 64 bytes from aaaa::212:4b00:41e:afc6: icmp_seq=6 ttl=63 time=32.4 ms
[1438167494.342104] 64 bytes from aaaa::212:4b00:41e:afc6: icmp_seq=7 ttl=63 time=32.3 ms
[1438167495.343610] 64 bytes from aaaa::212:4b00:41e:afc6: icmp_seq=8 ttl=63 time=32.3 ms
[1438167496.345342] 64 bytes from aaaa::212:4b00:41e:afc6: icmp_seq=9 ttl=63 time=32.5 ms
[1438167497.346854] 64 bytes from aaaa::212:4b00:41e:afc6: icmp_seq=10 ttl=63 time=32.3 ms
[1438167498.348468] 64 bytes from aaaa::212:4b00:41e:afc6: icmp_seq=11 ttl=63 time=32.4 ms
[1438167499.350088] 64 bytes from aaaa::212:4b00:41e:afc6: icmp_seq=12 ttl=63 time=32.4 ms
[1438167500.580459] 64 bytes from aaaa::212:4b00:41e:afc6: icmp_seq=13 ttl=63 time=261 ms
[1438167501.352843] 64 bytes from aaaa::212:4b00:41e:afc6: icmp_seq=14 ttl=63 time=32.3 ms
[1438167502.354477] 64 bytes from aaaa::212:4b00:41e:afc6: icmp_seq=15 ttl=63 time=32.4 ms
[1438167503.541464] 64 bytes from aaaa::212:4b00:41e:afc6: icmp_seq=16 ttl=63 time=217 ms
[1438167504.357992] 64 bytes from aaaa::212:4b00:41e:afc6: icmp_seq=17 ttl=63 time=32.4 ms
[1438167505.359578] 64 bytes from aaaa::212:4b00:41e:afc6: icmp_seq=18 ttl=63 time=32.3 ms
[1438167506.361082] 64 bytes from aaaa::212:4b00:41e:afc6: icmp_seq=19 ttl=63 time=32.3 ms
[1438167507.362676] 64 bytes from aaaa::212:4b00:41e:afc6: icmp_seq=20 ttl=63 time=32.3 ms
[1438167508.364411] 64 bytes from aaaa::212:4b00:41e:afc6: icmp_seq=21 ttl=63 time=32.5 ms
[1438167509.365913] 64 bytes from aaaa::212:4b00:41e:afc6: icmp_seq=22 ttl=63 time=32.2 ms
[1438167510.367526] 64 bytes from aaaa::212:4b00:41e:afc6: icmp_seq=23 ttl=63 time=32.4 ms
[1438167511.369288] 64 bytes from aaaa::212:4b00:41e:afc6: icmp_seq=24 ttl=63 time=32.5 ms
[1438167512.370874] 64 bytes from aaaa::212:4b00:41e:afc6: icmp_seq=25 ttl=63 time=32.3 ms
[1438167513.510238] 64 bytes from aaaa::212:4b00:41e:afc6: icmp_seq=26 ttl=63 time=170 ms
[1438167514.373758] 64 bytes from aaaa::212:4b00:41e:afc6: icmp_seq=27 ttl=63 time=32.4 ms
[1438167515.375222] 64 bytes from aaaa::212:4b00:41e:afc6: icmp_seq=28 ttl=63 time=32.2 ms
[1438167516.533215] 64 bytes from aaaa::212:4b00:41e:afc6: icmp_seq=29 ttl=63 time=188 ms
[1438167517.501831] 64 bytes from aaaa::212:4b00:41e:afc6: icmp_seq=30 ttl=63 time=155 ms
[1438167518.525344] 64 bytes from aaaa::212:4b00:41e:afc6: icmp_seq=31 ttl=63 time=177 ms
[1438167519.618926] 64 bytes from aaaa::212:4b00:41e:afc6: icmp_seq=32 ttl=63 time=269 ms
[1438167520.383295] 64 bytes from aaaa::212:4b00:41e:afc6: icmp_seq=33 ttl=63 time=32.4 ms
[1438167521.384786] 64 bytes from aaaa::212:4b00:41e:afc6: icmp_seq=34 ttl=63 time=32.2 ms
[1438167522.386414] 64 bytes from aaaa::212:4b00:41e:afc6: icmp_seq=35 ttl=63 time=32.4 ms
[1438167523.556266] 64 bytes from aaaa::212:4b00:41e:afc6: icmp_seq=36 ttl=63 time=200 ms
[1438167525.532863] 64 bytes from aaaa::212:4b00:41e:afc6: icmp_seq=38 ttl=63 time=168 ms
[1438167526.398368] 64 bytes from aaaa::212:4b00:41e:afc6: icmp_seq=39 ttl=63 time=32.4 ms
[1438167527.399974] 64 bytes from aaaa::212:4b00:41e:afc6: icmp_seq=40 ttl=63 time=32.3 ms
[1438167528.401592] 64 bytes from aaaa::212:4b00:41e:afc6: icmp_seq=41 ttl=63 time=32.4 ms
[1438167529.403209] 64 bytes from aaaa::212:4b00:41e:afc6: icmp_seq=42 ttl=63 time=32.4 ms
[1438167530.404818] 64 bytes from aaaa::212:4b00:41e:afc6: icmp_seq=43 ttl=63 time=32.3 ms
[1438167531.406351] 64 bytes from aaaa::212:4b00:41e:afc6: icmp_seq=44 ttl=63 time=32.2 ms
[1438167532.408055] 64 bytes from aaaa::212:4b00:41e:afc6: icmp_seq=45 ttl=63 time=32.4 ms
[1438167533.409545] 64 bytes from aaaa::212:4b00:41e:afc6: icmp_seq=46 ttl=63 time=32.3 ms
[1438167534.411160] 64 bytes from aaaa::212:4b00:41e:afc6: icmp_seq=47 ttl=63 time=32.3 ms
[1438167535.412788] 64 bytes from aaaa::212:4b00:41e:afc6: icmp_seq=48 ttl=63 time=32.4 ms
[1438167536.414260] 64 bytes from aaaa::212:4b00:41e:afc6: icmp_seq=49 ttl=63 time=32.2 ms
[1438167537.416005] 64 bytes from aaaa::212:4b00:41e:afc6: icmp_seq=50 ttl=63 time=32.5 ms
[1438167538.417620] 64 bytes from aaaa::212:4b00:41e:afc6: icmp_seq=51 ttl=63 time=32.4 ms
[1438167539.419237] 64 bytes from aaaa::212:4b00:41e:afc6: icmp_seq=52 ttl=63 time=32.4 ms
[1438167540.420857] 64 bytes from aaaa::212:4b00:41e:afc6: icmp_seq=53 ttl=63 time=32.4 ms
[1438167541.610367] 64 bytes from aaaa::212:4b00:41e:afc6: icmp_seq=54 ttl=63 time=220 ms
[1438167542.423732] 64 bytes from aaaa::212:4b00:41e:afc6: icmp_seq=55 ttl=63 time=32.3 ms
[1438167543.425356] 64 bytes from aaaa::212:4b00:41e:afc6: icmp_seq=56 ttl=63 time=32.4 ms
[1438167544.427101] 64 bytes from aaaa::212:4b00:41e:afc6: icmp_seq=57 ttl=63 time=32.5 ms
[1438167545.428715] 64 bytes from aaaa::212:4b00:41e:afc6: icmp_seq=58 ttl=63 time=32.3 ms
[1438167546.430301] 64 bytes from aaaa::212:4b00:41e:afc6: icmp_seq=59 ttl=63 time=32.3 ms
[1438167547.657037] 64 bytes from aaaa::212:4b00:41e:afc6: icmp_seq=60 ttl=63 time=257 ms
[1438167548.617905] 64 bytes from aaaa::212:4b00:41e:afc6: icmp_seq=61 ttl=63 time=216 ms
[1438167549.434283] 64 bytes from aaaa::212:4b00:41e:afc6: icmp_seq=62 ttl=63 time=32.3 ms
[1438167550.436015] 64 bytes from aaaa::212:4b00:41e:afc6: icmp_seq=63 ttl=63 time=32.4 ms
[1438167551.437629] 64 bytes from aaaa::212:4b00:41e:afc6: icmp_seq=64 ttl=63 time=32.4 ms
[1438167552.439265] 64 bytes from aaaa::212:4b00:41e:afc6: icmp_seq=65 ttl=63 time=32.4 ms
[1438167553.441012] 64 bytes from aaaa::212:4b00:41e:afc6: icmp_seq=66 ttl=63 time=32.5 ms
[1438167554.442631] 64 bytes from aaaa::212:4b00:41e:afc6: icmp_seq=67 ttl=63 time=32.4 ms
[1438167555.444248] 64 bytes from aaaa::212:4b00:41e:afc6: icmp_seq=68 ttl=63 time=32.4 ms
[1438167556.445956] 64 bytes from aaaa::212:4b00:41e:afc6: icmp_seq=69 ttl=63 time=32.5 ms
[1438167557.447455] 64 bytes from aaaa::212:4b00:41e:afc6: icmp_seq=70 ttl=63 time=32.3 ms
[1438167558.449065] 64 bytes from aaaa::212:4b00:41e:afc6: icmp_seq=71 ttl=63 time=32.4 ms
[1438167559.450816] 64 bytes from aaaa::212:4b00:41e:afc6: icmp_seq=72 ttl=63 time=32.5 ms
[1438167560.452427] 64 bytes from aaaa::212:4b00:41e:afc6: icmp_seq=73 ttl=63 time=32.3 ms
[1438167561.625291] 64 bytes from aaaa::212:4b00:41e:afc6: icmp_seq=74 ttl=63 time=203 ms
[1438167562.455797] 64 bytes from aaaa::212:4b00:41e:afc6: icmp_seq=75 ttl=63 time=32.4 ms
[1438167563.457279] 64 bytes from aaaa::212:4b00:41e:afc6: icmp_seq=76 ttl=63 time=32.2 ms
[1438167564.664273] 64 bytes from aaaa::212:4b00:41e:afc6: icmp_seq=77 ttl=63 time=237 ms
[1438167565.460792] 64 bytes from aaaa::212:4b00:41e:afc6: icmp_seq=78 ttl=63 time=32.4 ms
[1438167566.462393] 64 bytes from aaaa::212:4b00:41e:afc6: icmp_seq=79 ttl=63 time=32.3 ms
[1438167567.463993] 64 bytes from aaaa::212:4b00:41e:afc6: icmp_seq=80 ttl=63 time=32.3 ms
[1438167568.465745] 64 bytes from aaaa::212:4b00:41e:afc6: icmp_seq=81 ttl=63 time=32.5 ms
[1438167569.467231] 64 bytes from aaaa::212:4b00:41e:afc6: icmp_seq=82 ttl=63 time=32.2 ms
[1438167570.468854] 64 bytes from aaaa::212:4b00:41e:afc6: icmp_seq=83 ttl=63 time=32.4 ms
[1438167571.470466] 64 bytes from aaaa::212:4b00:41e:afc6: icmp_seq=84 ttl=63 time=32.4 ms
[1438167572.472075] 64 bytes from aaaa::212:4b00:41e:afc6: icmp_seq=85 ttl=63 time=32.3 ms
[1438167573.473814] 64 bytes from aaaa::212:4b00:41e:afc6: icmp_seq=86 ttl=63 time=32.5 ms
[1438167574.671810] 64 bytes from aaaa::212:4b00:41e:afc6: icmp_seq=87 ttl=63 time=228 ms
[1438167575.477174] 64 bytes from aaaa::212:4b00:41e:afc6: icmp_seq=88 ttl=63 time=32.3 ms
[1438167576.478795] 64 bytes from aaaa::212:4b00:41e:afc6: icmp_seq=89 ttl=63 time=32.4 ms
[1438167577.480412] 64 bytes from aaaa::212:4b00:41e:afc6: icmp_seq=90 ttl=63 time=32.4 ms
[1438167578.481901] 64 bytes from aaaa::212:4b00:41e:afc6: icmp_seq=91 ttl=63 time=32.2 ms
[1438167579.483649] 64 bytes from aaaa::212:4b00:41e:afc6: icmp_seq=92 ttl=63 time=32.4 ms
[1438167583.509108] 64 bytes from aaaa::212:4b00:41e:afc6: icmp_seq=96 ttl=63 time=32.4 ms
[1438167584.679224] 64 bytes from aaaa::212:4b00:41e:afc6: icmp_seq=97 ttl=63 time=200 ms
[1438167585.511716] 64 bytes from aaaa::212:4b00:41e:afc6: icmp_seq=98 ttl=63 time=32.4 ms
[1438167586.513336] 64 bytes from aaaa::212:4b00:41e:afc6: icmp_seq=99 ttl=63 time=32.4 ms
[1438167587.514943] 64 bytes from aaaa::212:4b00:41e:afc6: icmp_seq=100 ttl=63 time=32.4 ms

--- aaaa::212:4b00:41e:afc6 ping statistics ---
100 packets transmitted, 96 received, 4% packet loss, time 99182ms
rtt min/avg/max/mdev = 32.168/62.161/269.535/67.913 ms
