PING aaaa::212:4b00:41e:afc6(aaaa::212:4b00:41e:afc6) 56 data bytes
[1438170883.362338] 64 bytes from aaaa::212:4b00:41e:afc6: icmp_seq=1 ttl=63 time=85.2 ms
[1438170884.606963] 64 bytes from aaaa::212:4b00:41e:afc6: icmp_seq=2 ttl=63 time=328 ms
[1438170885.364778] 64 bytes from aaaa::212:4b00:41e:afc6: icmp_seq=3 ttl=63 time=84.9 ms
[1438170886.739100] 64 bytes from aaaa::212:4b00:41e:afc6: icmp_seq=4 ttl=63 time=458 ms
[1438170887.366605] 64 bytes from aaaa::212:4b00:41e:afc6: icmp_seq=5 ttl=63 time=84.8 ms
[1438170888.492765] 64 bytes from aaaa::212:4b00:41e:afc6: icmp_seq=6 ttl=63 time=208 ms
[1438170889.365368] 64 bytes from aaaa::212:4b00:41e:afc6: icmp_seq=7 ttl=63 time=80.5 ms
[1438170890.859304] 64 bytes from aaaa::212:4b00:41e:afc6: icmp_seq=8 ttl=63 time=572 ms
[1438170891.368639] 64 bytes from aaaa::212:4b00:41e:afc6: icmp_seq=9 ttl=63 time=80.6 ms
[1438170892.489928] 64 bytes from aaaa::212:4b00:41e:afc6: icmp_seq=10 ttl=63 time=200 ms
[1438170893.742656] 64 bytes from aaaa::212:4b00:41e:afc6: icmp_seq=11 ttl=63 time=451 ms
[1438170894.369024] 64 bytes from aaaa::212:4b00:41e:afc6: icmp_seq=12 ttl=63 time=76.5 ms
[1438170896.495535] 64 bytes from aaaa::212:4b00:41e:afc6: icmp_seq=14 ttl=63 time=194 ms
[1438170897.736618] 64 bytes from aaaa::212:4b00:41e:afc6: icmp_seq=15 ttl=63 time=435 ms
[1438170900.363140] 64 bytes from aaaa::212:4b00:41e:afc6: icmp_seq=16 ttl=63 time=2060 ms
[1438170900.496872] 64 bytes from aaaa::212:4b00:41e:afc6: icmp_seq=17 ttl=63 time=1194 ms
[1438170900.871632] 64 bytes from aaaa::212:4b00:41e:afc6: icmp_seq=18 ttl=63 time=569 ms
[1438170901.371004] 64 bytes from aaaa::212:4b00:41e:afc6: icmp_seq=19 ttl=63 time=67.7 ms
[1438170902.373000] 64 bytes from aaaa::212:4b00:41e:afc6: icmp_seq=20 ttl=63 time=67.8 ms
[1438170903.619116] 64 bytes from aaaa::212:4b00:41e:afc6: icmp_seq=21 ttl=63 time=312 ms
[1438170904.370629] 64 bytes from aaaa::212:4b00:41e:afc6: icmp_seq=22 ttl=63 time=63.6 ms
[1438170905.372867] 64 bytes from aaaa::212:4b00:41e:afc6: icmp_seq=23 ttl=63 time=64.0 ms
[1438170906.873493] 64 bytes from aaaa::212:4b00:41e:afc6: icmp_seq=24 ttl=63 time=563 ms
[1438170907.374634] 64 bytes from aaaa::212:4b00:41e:afc6: icmp_seq=25 ttl=63 time=63.5 ms
[1438170908.372124] 64 bytes from aaaa::212:4b00:41e:afc6: icmp_seq=26 ttl=63 time=59.3 ms
[1438170909.866396] 64 bytes from aaaa::212:4b00:41e:afc6: icmp_seq=27 ttl=63 time=552 ms
[1438170910.374509] 64 bytes from aaaa::212:4b00:41e:afc6: icmp_seq=28 ttl=63 time=59.4 ms
[1438170911.376381] 64 bytes from aaaa::212:4b00:41e:afc6: icmp_seq=29 ttl=63 time=59.7 ms
[1438170912.875628] 64 bytes from aaaa::212:4b00:41e:afc6: icmp_seq=30 ttl=63 time=557 ms
[1438170913.374901] 64 bytes from aaaa::212:4b00:41e:afc6: icmp_seq=31 ttl=63 time=55.5 ms
[1438170915.375442] 64 bytes from aaaa::212:4b00:41e:afc6: icmp_seq=33 ttl=63 time=46.7 ms
[1438170916.624942] 64 bytes from aaaa::212:4b00:41e:afc6: icmp_seq=34 ttl=63 time=294 ms
[1438170917.374316] 64 bytes from aaaa::212:4b00:41e:afc6: icmp_seq=35 ttl=63 time=42.3 ms
[1438170918.376091] 64 bytes from aaaa::212:4b00:41e:afc6: icmp_seq=36 ttl=63 time=42.4 ms
[1438170919.377577] 64 bytes from aaaa::212:4b00:41e:afc6: icmp_seq=37 ttl=63 time=42.2 ms
[1438170920.379088] 64 bytes from aaaa::212:4b00:41e:afc6: icmp_seq=38 ttl=63 time=42.3 ms
[1438170921.628089] 64 bytes from aaaa::212:4b00:41e:afc6: icmp_seq=39 ttl=63 time=289 ms
[1438170922.751775] 64 bytes from aaaa::212:4b00:41e:afc6: icmp_seq=40 ttl=63 time=412 ms
[1438170923.754259] 64 bytes from aaaa::212:4b00:41e:afc6: icmp_seq=41 ttl=63 time=413 ms
[1438170924.754303] 64 bytes from aaaa::212:4b00:41e:afc6: icmp_seq=42 ttl=63 time=412 ms
[1438170925.628935] 64 bytes from aaaa::212:4b00:41e:afc6: icmp_seq=43 ttl=63 time=285 ms
[1438170926.502164] 64 bytes from aaaa::212:4b00:41e:afc6: icmp_seq=44 ttl=63 time=157 ms
[1438170927.503449] 64 bytes from aaaa::212:4b00:41e:afc6: icmp_seq=45 ttl=63 time=157 ms
[1438170929.130918] 64 bytes from aaaa::212:4b00:41e:afc6: icmp_seq=46 ttl=63 time=783 ms
[1438170929.504542] 64 bytes from aaaa::212:4b00:41e:afc6: icmp_seq=47 ttl=63 time=157 ms
[1438170930.505912] 64 bytes from aaaa::212:4b00:41e:afc6: icmp_seq=48 ttl=63 time=157 ms
[1438170931.755054] 64 bytes from aaaa::212:4b00:41e:afc6: icmp_seq=49 ttl=63 time=405 ms
[1438170932.508241] 64 bytes from aaaa::212:4b00:41e:afc6: icmp_seq=50 ttl=63 time=157 ms
[1438170933.505290] 64 bytes from aaaa::212:4b00:41e:afc6: icmp_seq=51 ttl=63 time=153 ms
[1438170935.634008] 64 bytes from aaaa::212:4b00:41e:afc6: icmp_seq=53 ttl=63 time=273 ms
[1438170936.506431] 64 bytes from aaaa::212:4b00:41e:afc6: icmp_seq=54 ttl=63 time=144 ms
[1438170937.634289] 64 bytes from aaaa::212:4b00:41e:afc6: icmp_seq=55 ttl=63 time=270 ms
[1438170938.759954] 64 bytes from aaaa::212:4b00:41e:afc6: icmp_seq=56 ttl=63 time=395 ms
[1438170939.510166] 64 bytes from aaaa::212:4b00:41e:afc6: icmp_seq=57 ttl=63 time=144 ms
[1438170940.511664] 64 bytes from aaaa::212:4b00:41e:afc6: icmp_seq=58 ttl=63 time=144 ms
[1438170941.634933] 64 bytes from aaaa::212:4b00:41e:afc6: icmp_seq=59 ttl=63 time=266 ms
[1438170942.510187] 64 bytes from aaaa::212:4b00:41e:afc6: icmp_seq=60 ttl=63 time=140 ms
[1438170944.134110] 64 bytes from aaaa::212:4b00:41e:afc6: icmp_seq=61 ttl=63 time=762 ms
[1438170944.635958] 64 bytes from aaaa::212:4b00:41e:afc6: icmp_seq=62 ttl=63 time=264 ms
[1438170946.512325] 64 bytes from aaaa::212:4b00:41e:afc6: icmp_seq=64 ttl=63 time=131 ms
[1438170947.886186] 64 bytes from aaaa::212:4b00:41e:afc6: icmp_seq=65 ttl=63 time=503 ms
[1438170948.887953] 64 bytes from aaaa::212:4b00:41e:afc6: icmp_seq=66 ttl=63 time=504 ms
[1438170949.637728] 64 bytes from aaaa::212:4b00:41e:afc6: icmp_seq=67 ttl=63 time=253 ms
[1438170950.765686] 64 bytes from aaaa::212:4b00:41e:afc6: icmp_seq=68 ttl=63 time=379 ms
[1438170958.515203] 64 bytes from aaaa::212:4b00:41e:afc6: icmp_seq=69 ttl=63 time=7128 ms
[1438170958.892865] 64 bytes from aaaa::212:4b00:41e:afc6: icmp_seq=70 ttl=63 time=6506 ms
[1438170959.144127] 64 bytes from aaaa::212:4b00:41e:afc6: icmp_seq=71 ttl=63 time=5757 ms
[1438170959.640215] 64 bytes from aaaa::212:4b00:41e:afc6: icmp_seq=72 ttl=63 time=5253 ms
[1438170961.135627] 64 bytes from aaaa::212:4b00:41e:afc6: icmp_seq=77 ttl=63 time=1749 ms
[1438170962.518092] 64 bytes from aaaa::212:4b00:41e:afc6: icmp_seq=78 ttl=63 time=2129 ms
[1438170962.768581] 64 bytes from aaaa::212:4b00:41e:afc6: icmp_seq=79 ttl=63 time=1380 ms
[1438170963.018480] 64 bytes from aaaa::212:4b00:41e:afc6: icmp_seq=80 ttl=63 time=621 ms
[1438170964.011339] 64 bytes from aaaa::212:4b00:41e:afc6: icmp_seq=81 ttl=63 time=615 ms
[1438170964.519085] 64 bytes from aaaa::212:4b00:41e:afc6: icmp_seq=82 ttl=63 time=123 ms
[1438170965.643030] 64 bytes from aaaa::212:4b00:41e:afc6: icmp_seq=83 ttl=63 time=245 ms
[1438170966.518582] 64 bytes from aaaa::212:4b00:41e:afc6: icmp_seq=84 ttl=63 time=119 ms
[1438170967.767763] 64 bytes from aaaa::212:4b00:41e:afc6: icmp_seq=85 ttl=63 time=367 ms
[1438170969.519599] 64 bytes from aaaa::212:4b00:41e:afc6: icmp_seq=87 ttl=63 time=110 ms
[1438170971.264352] 64 bytes from aaaa::212:4b00:41e:afc6: icmp_seq=88 ttl=63 time=854 ms
[1438170972.022475] 64 bytes from aaaa::212:4b00:41e:afc6: icmp_seq=89 ttl=63 time=612 ms
[1438170972.773234] 64 bytes from aaaa::212:4b00:41e:afc6: icmp_seq=90 ttl=63 time=363 ms
[1438170973.521840] 64 bytes from aaaa::212:4b00:41e:afc6: icmp_seq=91 ttl=63 time=110 ms
[1438170976.522011] 64 bytes from aaaa::212:4b00:41e:afc6: icmp_seq=94 ttl=63 time=93.4 ms
[1438170977.773229] 64 bytes from aaaa::212:4b00:41e:afc6: icmp_seq=95 ttl=63 time=343 ms
[1438170978.773757] 64 bytes from aaaa::212:4b00:41e:afc6: icmp_seq=96 ttl=63 time=342 ms
[1438170979.526124] 64 bytes from aaaa::212:4b00:41e:afc6: icmp_seq=97 ttl=63 time=93.4 ms
[1438170980.523498] 64 bytes from aaaa::212:4b00:41e:afc6: icmp_seq=98 ttl=63 time=89.2 ms
[1438170981.651619] 64 bytes from aaaa::212:4b00:41e:afc6: icmp_seq=99 ttl=63 time=215 ms
[1438170982.525865] 64 bytes from aaaa::212:4b00:41e:afc6: icmp_seq=100 ttl=63 time=89.2 ms

--- aaaa::212:4b00:41e:afc6 ping statistics ---
100 packets transmitted, 89 received, 11% packet loss, time 99159ms
rtt min/avg/max/mdev = 42.282/607.457/7128.650/1276.121 ms, pipe 8
