PING aaaa::212:4b00:41e:afc6(aaaa::212:4b00:41e:afc6) 56 data bytes
[1438184063.077595] 64 bytes from aaaa::212:4b00:41e:afc6: icmp_seq=1 ttl=63 time=960 ms
[1438184063.326589] 64 bytes from aaaa::212:4b00:41e:afc6: icmp_seq=2 ttl=63 time=209 ms
[1438184065.203624] 64 bytes from aaaa::212:4b00:41e:afc6: icmp_seq=4 ttl=63 time=85.1 ms
[1438184067.455358] 64 bytes from aaaa::212:4b00:41e:afc6: icmp_seq=5 ttl=63 time=1336 ms
[1438184067.954613] 64 bytes from aaaa::212:4b00:41e:afc6: icmp_seq=6 ttl=63 time=836 ms
[1438184069.581362] 64 bytes from aaaa::212:4b00:41e:afc6: icmp_seq=8 ttl=63 time=462 ms
[1438184070.456363] 64 bytes from aaaa::212:4b00:41e:afc6: icmp_seq=9 ttl=63 time=336 ms
[1438184071.206012] 64 bytes from aaaa::212:4b00:41e:afc6: icmp_seq=10 ttl=63 time=84.7 ms
[1438184072.207733] 64 bytes from aaaa::212:4b00:41e:afc6: icmp_seq=11 ttl=63 time=84.6 ms
[1438184073.451095] 64 bytes from aaaa::212:4b00:41e:afc6: icmp_seq=12 ttl=63 time=326 ms
[1438184074.576742] 64 bytes from aaaa::212:4b00:41e:afc6: icmp_seq=13 ttl=63 time=450 ms
[1438184075.952270] 64 bytes from aaaa::212:4b00:41e:afc6: icmp_seq=14 ttl=63 time=824 ms
[1438184076.827755] 64 bytes from aaaa::212:4b00:41e:afc6: icmp_seq=15 ttl=63 time=699 ms
[1438184077.209767] 64 bytes from aaaa::212:4b00:41e:afc6: icmp_seq=16 ttl=63 time=80.4 ms
[1438184078.836254] 64 bytes from aaaa::212:4b00:41e:afc6: icmp_seq=17 ttl=63 time=705 ms
[1438184079.212395] 64 bytes from aaaa::212:4b00:41e:afc6: icmp_seq=18 ttl=63 time=80.5 ms
[1438184080.209752] 64 bytes from aaaa::212:4b00:41e:afc6: icmp_seq=19 ttl=63 time=76.2 ms
[1438184081.210679] 64 bytes from aaaa::212:4b00:41e:afc6: icmp_seq=20 ttl=63 time=76.1 ms
[1438184083.085253] 64 bytes from aaaa::212:4b00:41e:afc6: icmp_seq=21 ttl=63 time=949 ms
[1438184084.456397] 64 bytes from aaaa::212:4b00:41e:afc6: icmp_seq=22 ttl=63 time=1320 ms
[1438184084.956406] 64 bytes from aaaa::212:4b00:41e:afc6: icmp_seq=23 ttl=63 time=821 ms
[1438184085.456519] 64 bytes from aaaa::212:4b00:41e:afc6: icmp_seq=24 ttl=63 time=321 ms
[1438184086.456776] 64 bytes from aaaa::212:4b00:41e:afc6: icmp_seq=25 ttl=63 time=320 ms
[1438184087.707392] 64 bytes from aaaa::212:4b00:41e:afc6: icmp_seq=26 ttl=63 time=569 ms
[1438184088.215298] 64 bytes from aaaa::212:4b00:41e:afc6: icmp_seq=27 ttl=63 time=76.2 ms
[1438184089.216671] 64 bytes from aaaa::212:4b00:41e:afc6: icmp_seq=28 ttl=63 time=76.2 ms
[1438184090.218049] 64 bytes from aaaa::212:4b00:41e:afc6: icmp_seq=29 ttl=63 time=76.2 ms
[1438184091.840667] 64 bytes from aaaa::212:4b00:41e:afc6: icmp_seq=30 ttl=63 time=698 ms
[1438184093.716409] 64 bytes from aaaa::212:4b00:41e:afc6: icmp_seq=31 ttl=63 time=1573 ms
[1438184094.968526] 64 bytes from aaaa::212:4b00:41e:afc6: icmp_seq=32 ttl=63 time=1826 ms
[1438184095.344032] 64 bytes from aaaa::212:4b00:41e:afc6: icmp_seq=33 ttl=63 time=1201 ms
[1438184095.719310] 64 bytes from aaaa::212:4b00:41e:afc6: icmp_seq=34 ttl=63 time=575 ms
[1438184096.221408] 64 bytes from aaaa::212:4b00:41e:afc6: icmp_seq=35 ttl=63 time=76.4 ms
[1438184097.218667] 64 bytes from aaaa::212:4b00:41e:afc6: icmp_seq=36 ttl=63 time=72.1 ms
[1438184098.219936] 64 bytes from aaaa::212:4b00:41e:afc6: icmp_seq=37 ttl=63 time=72.1 ms
[1438184099.221068] 64 bytes from aaaa::212:4b00:41e:afc6: icmp_seq=38 ttl=63 time=71.9 ms
[1438184100.222472] 64 bytes from aaaa::212:4b00:41e:afc6: icmp_seq=39 ttl=63 time=72.2 ms
[1438184102.840334] 64 bytes from aaaa::212:4b00:41e:afc6: icmp_seq=40 ttl=63 time=1688 ms
[1438184103.221912] 64 bytes from aaaa::212:4b00:41e:afc6: icmp_seq=41 ttl=63 time=1061 ms
[1438184103.465544] 64 bytes from aaaa::212:4b00:41e:afc6: icmp_seq=42 ttl=63 time=303 ms
[1438184104.473149] 64 bytes from aaaa::212:4b00:41e:afc6: icmp_seq=43 ttl=63 time=309 ms
[1438184105.224410] 64 bytes from aaaa::212:4b00:41e:afc6: icmp_seq=44 ttl=63 time=59.3 ms
[1438184107.596924] 64 bytes from aaaa::212:4b00:41e:afc6: icmp_seq=45 ttl=63 time=1430 ms
[1438184108.601810] 64 bytes from aaaa::212:4b00:41e:afc6: icmp_seq=46 ttl=63 time=1435 ms
[1438184109.092931] 64 bytes from aaaa::212:4b00:41e:afc6: icmp_seq=47 ttl=63 time=925 ms
[1438184109.976574] 64 bytes from aaaa::212:4b00:41e:afc6: icmp_seq=48 ttl=63 time=809 ms
[1438184110.851071] 64 bytes from aaaa::212:4b00:41e:afc6: icmp_seq=49 ttl=63 time=683 ms
[1438184112.098808] 64 bytes from aaaa::212:4b00:41e:afc6: icmp_seq=50 ttl=63 time=930 ms
[1438184112.227555] 64 bytes from aaaa::212:4b00:41e:afc6: icmp_seq=51 ttl=63 time=59.4 ms
[1438184116.228819] 64 bytes from aaaa::212:4b00:41e:afc6: icmp_seq=52 ttl=63 time=3059 ms
[1438184121.354439] 64 bytes from aaaa::212:4b00:41e:afc6: icmp_seq=53 ttl=63 time=7177 ms
[1438184129.600956] 64 bytes from aaaa::212:4b00:41e:afc6: icmp_seq=54 ttl=63 time=14416 ms
[1438184131.482652] 64 bytes from aaaa::212:4b00:41e:afc6: icmp_seq=55 ttl=63 time=15289 ms
[1438184131.733643] 64 bytes from aaaa::212:4b00:41e:afc6: icmp_seq=56 ttl=63 time=14539 ms
[1438184136.111114] 64 bytes from aaaa::212:4b00:41e:afc6: icmp_seq=68 ttl=63 time=6884 ms
[1438184136.362432] 64 bytes from aaaa::212:4b00:41e:afc6: icmp_seq=71 ttl=63 time=4124 ms
[1438184140.235846] 64 bytes from aaaa::212:4b00:41e:afc6: icmp_seq=72 ttl=63 time=6991 ms
[1438184144.366610] 64 bytes from aaaa::212:4b00:41e:afc6: icmp_seq=74 ttl=63 time=9105 ms
[1438184145.739240] 64 bytes from aaaa::212:4b00:41e:afc6: icmp_seq=75 ttl=63 time=9478 ms
[1438184145.990505] 64 bytes from aaaa::212:4b00:41e:afc6: icmp_seq=76 ttl=63 time=8728 ms
[1438184147.739486] 64 bytes from aaaa::212:4b00:41e:afc6: icmp_seq=79 ttl=63 time=7463 ms
[1438184149.116614] 64 bytes from aaaa::212:4b00:41e:afc6: icmp_seq=83 ttl=63 time=4807 ms
[1438184151.117896] 64 bytes from aaaa::212:4b00:41e:afc6: icmp_seq=85 ttl=63 time=4806 ms
[1438184152.118374] 64 bytes from aaaa::212:4b00:41e:afc6: icmp_seq=86 ttl=63 time=4807 ms
[1438184153.242650] 64 bytes from aaaa::212:4b00:41e:afc6: icmp_seq=87 ttl=63 time=4931 ms
[1438184156.744380] 64 bytes from aaaa::212:4b00:41e:afc6: icmp_seq=88 ttl=63 time=7433 ms
[1438184159.495002] 64 bytes from aaaa::212:4b00:41e:afc6: icmp_seq=90 ttl=63 time=8184 ms
[1438184163.615129] 64 bytes from aaaa::212:4b00:41e:afc6: icmp_seq=91 ttl=63 time=11305 ms
[1438184165.865787] 64 bytes from aaaa::212:4b00:41e:afc6: icmp_seq=92 ttl=63 time=12556 ms
[1438184179.254155] 64 bytes from aaaa::212:4b00:41e:afc6: icmp_seq=96 ttl=63 time=21919 ms
[1438184186.508041] 64 bytes from aaaa::212:4b00:41e:afc6: icmp_seq=99 ttl=63 time=26157 ms

--- aaaa::212:4b00:41e:afc6 ping statistics ---
100 packets transmitted, 71 received, 29% packet loss, time 99239ms
rtt min/avg/max/mdev = 59.371/3413.464/26157.939/5306.873 ms, pipe 16
