PING aaaa::212:4b00:41e:afc6(aaaa::212:4b00:41e:afc6) 56 data bytes
[1438875266.790069] 64 bytes from aaaa::212:4b00:41e:afc6: icmp_seq=1 ttl=63 time=88.9 ms
[1438875267.918013] 64 bytes from aaaa::212:4b00:41e:afc6: icmp_seq=2 ttl=63 time=215 ms
[1438875269.703332] no answer yet for icmp_seq=3
[1438875269.792540] 64 bytes from aaaa::212:4b00:41e:afc6: icmp_seq=4 ttl=63 time=89.0 ms
[1438875270.793685] 64 bytes from aaaa::212:4b00:41e:afc6: icmp_seq=5 ttl=63 time=89.0 ms
[1438875271.794894] 64 bytes from aaaa::212:4b00:41e:afc6: icmp_seq=6 ttl=63 time=89.0 ms
[1438875272.796538] 64 bytes from aaaa::212:4b00:41e:afc6: icmp_seq=7 ttl=63 time=89.5 ms
[1438875274.039148] 64 bytes from aaaa::212:4b00:41e:afc6: icmp_seq=8 ttl=63 time=330 ms
[1438875274.798911] 64 bytes from aaaa::212:4b00:41e:afc6: icmp_seq=9 ttl=63 time=89.8 ms
[1438875275.795775] 64 bytes from aaaa::212:4b00:41e:afc6: icmp_seq=10 ttl=63 time=84.7 ms
[1438875276.797778] 64 bytes from aaaa::212:4b00:41e:afc6: icmp_seq=11 ttl=63 time=84.8 ms
[1438875277.799782] 64 bytes from aaaa::212:4b00:41e:afc6: icmp_seq=12 ttl=63 time=84.8 ms
[1438875279.048778] 64 bytes from aaaa::212:4b00:41e:afc6: icmp_seq=13 ttl=63 time=332 ms
[1438875280.292907] 64 bytes from aaaa::212:4b00:41e:afc6: icmp_seq=14 ttl=63 time=576 ms
[1438875280.801406] 64 bytes from aaaa::212:4b00:41e:afc6: icmp_seq=15 ttl=63 time=84.8 ms
[1438875281.803302] 64 bytes from aaaa::212:4b00:41e:afc6: icmp_seq=16 ttl=63 time=84.7 ms
[1438875283.044555] 64 bytes from aaaa::212:4b00:41e:afc6: icmp_seq=17 ttl=63 time=324 ms
[1438875283.801042] 64 bytes from aaaa::212:4b00:41e:afc6: icmp_seq=18 ttl=63 time=80.6 ms
[1438875284.929671] 64 bytes from aaaa::212:4b00:41e:afc6: icmp_seq=19 ttl=63 time=207 ms
[1438875286.055317] 64 bytes from aaaa::212:4b00:41e:afc6: icmp_seq=20 ttl=63 time=331 ms
[1438875287.723263] no answer yet for icmp_seq=21
[1438875287.803809] 64 bytes from aaaa::212:4b00:41e:afc6: icmp_seq=22 ttl=63 time=80.4 ms
[1438875288.805565] 64 bytes from aaaa::212:4b00:41e:afc6: icmp_seq=23 ttl=63 time=80.6 ms
[1438875289.803065] 64 bytes from aaaa::212:4b00:41e:afc6: icmp_seq=24 ttl=63 time=76.3 ms
[1438875290.804564] 64 bytes from aaaa::212:4b00:41e:afc6: icmp_seq=25 ttl=63 time=76.3 ms
[1438875291.805943] 64 bytes from aaaa::212:4b00:41e:afc6: icmp_seq=26 ttl=63 time=76.2 ms
[1438875292.807448] 64 bytes from aaaa::212:4b00:41e:afc6: icmp_seq=27 ttl=63 time=76.4 ms
[1438875294.060058] 64 bytes from aaaa::212:4b00:41e:afc6: icmp_seq=28 ttl=63 time=327 ms
[1438875295.185075] 64 bytes from aaaa::212:4b00:41e:afc6: icmp_seq=29 ttl=63 time=452 ms
[1438875295.809192] 64 bytes from aaaa::212:4b00:41e:afc6: icmp_seq=30 ttl=63 time=76.3 ms
[1438875297.741478] no answer yet for icmp_seq=31
[1438875298.052975] 64 bytes from aaaa::212:4b00:41e:afc6: icmp_seq=32 ttl=63 time=311 ms
[1438875299.060585] 64 bytes from aaaa::212:4b00:41e:afc6: icmp_seq=33 ttl=63 time=318 ms
[1438875299.810202] 64 bytes from aaaa::212:4b00:41e:afc6: icmp_seq=34 ttl=63 time=67.7 ms
[1438875300.812094] 64 bytes from aaaa::212:4b00:41e:afc6: icmp_seq=35 ttl=63 time=67.7 ms
[1438875302.753444] no answer yet for icmp_seq=36
[1438875302.813075] 64 bytes from aaaa::212:4b00:41e:afc6: icmp_seq=37 ttl=63 time=59.5 ms
[1438875304.311971] 64 bytes from aaaa::212:4b00:41e:afc6: icmp_seq=38 ttl=63 time=556 ms
[1438875304.815115] 64 bytes from aaaa::212:4b00:41e:afc6: icmp_seq=39 ttl=63 time=59.4 ms
[1438875305.816585] 64 bytes from aaaa::212:4b00:41e:afc6: icmp_seq=40 ttl=63 time=59.3 ms
[1438875306.812989] 64 bytes from aaaa::212:4b00:41e:afc6: icmp_seq=41 ttl=63 time=55.1 ms
[1438875307.814358] 64 bytes from aaaa::212:4b00:41e:afc6: icmp_seq=42 ttl=63 time=55.1 ms
[1438875308.815612] 64 bytes from aaaa::212:4b00:41e:afc6: icmp_seq=43 ttl=63 time=55.0 ms
[1438875309.817389] 64 bytes from aaaa::212:4b00:41e:afc6: icmp_seq=44 ttl=63 time=55.5 ms
[1438875310.814362] 64 bytes from aaaa::212:4b00:41e:afc6: icmp_seq=45 ttl=63 time=50.8 ms
[1438875311.816230] 64 bytes from aaaa::212:4b00:41e:afc6: icmp_seq=46 ttl=63 time=50.7 ms
[1438875312.818244] 64 bytes from aaaa::212:4b00:41e:afc6: icmp_seq=47 ttl=63 time=50.8 ms
[1438875313.820747] 64 bytes from aaaa::212:4b00:41e:afc6: icmp_seq=48 ttl=63 time=51.3 ms
[1438875314.821609] 64 bytes from aaaa::212:4b00:41e:afc6: icmp_seq=49 ttl=63 time=50.7 ms
[1438875316.781450] no answer yet for icmp_seq=50
[1438875317.789439] no answer yet for icmp_seq=51
[1438875318.797407] no answer yet for icmp_seq=52
[1438875318.946012] 64 bytes from aaaa::212:4b00:41e:afc6: icmp_seq=53 ttl=63 time=148 ms
[1438875320.321127] 64 bytes from aaaa::212:4b00:41e:afc6: icmp_seq=54 ttl=63 time=522 ms
[1438875320.947742] 64 bytes from aaaa::212:4b00:41e:afc6: icmp_seq=55 ttl=63 time=148 ms
[1438875321.948365] 64 bytes from aaaa::212:4b00:41e:afc6: icmp_seq=56 ttl=63 time=148 ms
[1438875322.949993] 64 bytes from aaaa::212:4b00:41e:afc6: icmp_seq=57 ttl=63 time=148 ms
[1438875323.951999] 64 bytes from aaaa::212:4b00:41e:afc6: icmp_seq=58 ttl=63 time=148 ms
[1438875325.074772] 64 bytes from aaaa::212:4b00:41e:afc6: icmp_seq=59 ttl=63 time=270 ms
[1438875326.443878] 64 bytes from aaaa::212:4b00:41e:afc6: icmp_seq=60 ttl=63 time=639 ms
[1438875326.948634] 64 bytes from aaaa::212:4b00:41e:afc6: icmp_seq=61 ttl=63 time=144 ms
[1438875327.950508] 64 bytes from aaaa::212:4b00:41e:afc6: icmp_seq=62 ttl=63 time=144 ms
[1438875329.445803] 64 bytes from aaaa::212:4b00:41e:afc6: icmp_seq=63 ttl=63 time=638 ms
[1438875329.951519] 64 bytes from aaaa::212:4b00:41e:afc6: icmp_seq=64 ttl=63 time=144 ms
[1438875330.952888] 64 bytes from aaaa::212:4b00:41e:afc6: icmp_seq=65 ttl=63 time=144 ms
[1438875331.954268] 64 bytes from aaaa::212:4b00:41e:afc6: icmp_seq=66 ttl=63 time=144 ms
[1438875333.203897] 64 bytes from aaaa::212:4b00:41e:afc6: icmp_seq=67 ttl=63 time=392 ms
[1438875333.956009] 64 bytes from aaaa::212:4b00:41e:afc6: icmp_seq=68 ttl=63 time=144 ms
[1438875334.957394] 64 bytes from aaaa::212:4b00:41e:afc6: icmp_seq=69 ttl=63 time=144 ms
[1438875335.958659] 64 bytes from aaaa::212:4b00:41e:afc6: icmp_seq=70 ttl=63 time=144 ms
[1438875336.955757] 64 bytes from aaaa::212:4b00:41e:afc6: icmp_seq=71 ttl=63 time=140 ms
[1438875337.956795] 64 bytes from aaaa::212:4b00:41e:afc6: icmp_seq=72 ttl=63 time=140 ms
[1438875338.962011] 64 bytes from aaaa::212:4b00:41e:afc6: icmp_seq=73 ttl=63 time=144 ms
[1438875339.959152] 64 bytes from aaaa::212:4b00:41e:afc6: icmp_seq=74 ttl=63 time=140 ms
[1438875341.210263] 64 bytes from aaaa::212:4b00:41e:afc6: icmp_seq=75 ttl=63 time=390 ms
[1438875341.959784] 64 bytes from aaaa::212:4b00:41e:afc6: icmp_seq=76 ttl=63 time=139 ms
[1438875342.961590] 64 bytes from aaaa::212:4b00:41e:afc6: icmp_seq=77 ttl=63 time=139 ms
[1438875343.963554] 64 bytes from aaaa::212:4b00:41e:afc6: icmp_seq=78 ttl=63 time=140 ms
[1438875345.085801] 64 bytes from aaaa::212:4b00:41e:afc6: icmp_seq=79 ttl=63 time=261 ms
[1438875346.833417] no answer yet for icmp_seq=80
[1438875346.963699] 64 bytes from aaaa::212:4b00:41e:afc6: icmp_seq=80 ttl=63 time=1139 ms
[1438875347.715419] 64 bytes from aaaa::212:4b00:41e:afc6: icmp_seq=81 ttl=63 time=881 ms
[1438875348.456722] 64 bytes from aaaa::212:4b00:41e:afc6: icmp_seq=82 ttl=63 time=623 ms
[1438875349.831338] no answer yet for icmp_seq=83
[1438875349.963455] 64 bytes from aaaa::212:4b00:41e:afc6: icmp_seq=84 ttl=63 time=131 ms
[1438875351.339318] 64 bytes from aaaa::212:4b00:41e:afc6: icmp_seq=85 ttl=63 time=506 ms
[1438875351.964299] 64 bytes from aaaa::212:4b00:41e:afc6: icmp_seq=86 ttl=63 time=131 ms
[1438875352.965804] 64 bytes from aaaa::212:4b00:41e:afc6: icmp_seq=87 ttl=63 time=131 ms
[1438875353.966616] 64 bytes from aaaa::212:4b00:41e:afc6: icmp_seq=88 ttl=63 time=131 ms
[1438875354.968185] 64 bytes from aaaa::212:4b00:41e:afc6: icmp_seq=89 ttl=63 time=131 ms
[1438875355.969618] 64 bytes from aaaa::212:4b00:41e:afc6: icmp_seq=90 ttl=63 time=131 ms
[1438875356.966623] 64 bytes from aaaa::212:4b00:41e:afc6: icmp_seq=91 ttl=63 time=127 ms
[1438875357.968263] 64 bytes from aaaa::212:4b00:41e:afc6: icmp_seq=92 ttl=63 time=127 ms
[1438875359.217409] 64 bytes from aaaa::212:4b00:41e:afc6: icmp_seq=93 ttl=63 time=375 ms
[1438875360.849344] no answer yet for icmp_seq=94
[1438875361.214429] 64 bytes from aaaa::212:4b00:41e:afc6: icmp_seq=94 ttl=63 time=1372 ms
[1438875361.348049] 64 bytes from aaaa::212:4b00:41e:afc6: icmp_seq=95 ttl=63 time=498 ms
[1438875362.222440] 64 bytes from aaaa::212:4b00:41e:afc6: icmp_seq=96 ttl=63 time=372 ms
[1438875362.973077] 64 bytes from aaaa::212:4b00:41e:afc6: icmp_seq=97 ttl=63 time=122 ms
[1438875364.857323] no answer yet for icmp_seq=98
[1438875365.224710] 64 bytes from aaaa::212:4b00:41e:afc6: icmp_seq=99 ttl=63 time=367 ms
[1438875366.865285] no answer yet for icmp_seq=100
[1438875367.101665] 64 bytes from aaaa::212:4b00:41e:afc6: icmp_seq=101 ttl=63 time=236 ms
[1438875367.975816] 64 bytes from aaaa::212:4b00:41e:afc6: icmp_seq=102 ttl=63 time=110 ms
[1438875369.873348] no answer yet for icmp_seq=103
[1438875369.975284] 64 bytes from aaaa::212:4b00:41e:afc6: icmp_seq=104 ttl=63 time=101 ms
[1438875370.977339] 64 bytes from aaaa::212:4b00:41e:afc6: icmp_seq=105 ttl=63 time=101 ms
[1438875372.885351] no answer yet for icmp_seq=106
[1438875373.220799] 64 bytes from aaaa::212:4b00:41e:afc6: icmp_seq=107 ttl=63 time=335 ms
[1438875374.102965] 64 bytes from aaaa::212:4b00:41e:afc6: icmp_seq=108 ttl=63 time=217 ms
[1438875374.978906] 64 bytes from aaaa::212:4b00:41e:afc6: icmp_seq=109 ttl=63 time=93.0 ms
[1438875375.980716] 64 bytes from aaaa::212:4b00:41e:afc6: icmp_seq=110 ttl=63 time=93.7 ms
[1438875377.222958] 64 bytes from aaaa::212:4b00:41e:afc6: icmp_seq=111 ttl=63 time=334 ms
[1438875377.981785] 64 bytes from aaaa::212:4b00:41e:afc6: icmp_seq=112 ttl=63 time=93.0 ms
[1438875378.978857] 64 bytes from aaaa::212:4b00:41e:afc6: icmp_seq=113 ttl=63 time=88.9 ms
[1438875379.980457] 64 bytes from aaaa::212:4b00:41e:afc6: icmp_seq=114 ttl=63 time=89.5 ms
[1438875380.981295] 64 bytes from aaaa::212:4b00:41e:afc6: icmp_seq=115 ttl=63 time=88.8 ms
[1438875381.983181] 64 bytes from aaaa::212:4b00:41e:afc6: icmp_seq=116 ttl=63 time=88.9 ms
[1438875382.980118] 64 bytes from aaaa::212:4b00:41e:afc6: icmp_seq=117 ttl=63 time=84.7 ms
[1438875384.108301] 64 bytes from aaaa::212:4b00:41e:afc6: icmp_seq=118 ttl=63 time=211 ms
[1438875385.226261] 64 bytes from aaaa::212:4b00:41e:afc6: icmp_seq=119 ttl=63 time=329 ms
[1438875385.985989] 64 bytes from aaaa::212:4b00:41e:afc6: icmp_seq=120 ttl=63 time=88.9 ms
[1438875386.982731] 64 bytes from aaaa::212:4b00:41e:afc6: icmp_seq=121 ttl=63 time=84.7 ms
[1438875387.983932] 64 bytes from aaaa::212:4b00:41e:afc6: icmp_seq=122 ttl=63 time=84.6 ms
[1438875388.985700] 64 bytes from aaaa::212:4b00:41e:afc6: icmp_seq=123 ttl=63 time=84.7 ms
[1438875389.982996] 64 bytes from aaaa::212:4b00:41e:afc6: icmp_seq=124 ttl=63 time=80.3 ms
[1438875390.988160] 64 bytes from aaaa::212:4b00:41e:afc6: icmp_seq=125 ttl=63 time=84.7 ms
[1438875392.229628] 64 bytes from aaaa::212:4b00:41e:afc6: icmp_seq=126 ttl=63 time=324 ms
[1438875393.355227] 64 bytes from aaaa::212:4b00:41e:afc6: icmp_seq=127 ttl=63 time=449 ms
[1438875393.986346] 64 bytes from aaaa::212:4b00:41e:afc6: icmp_seq=128 ttl=63 time=80.4 ms
[1438875394.988028] 64 bytes from aaaa::212:4b00:41e:afc6: icmp_seq=129 ttl=63 time=80.6 ms
[1438875395.989516] 64 bytes from aaaa::212:4b00:41e:afc6: icmp_seq=130 ttl=63 time=80.4 ms
[1438875396.991014] 64 bytes from aaaa::212:4b00:41e:afc6: icmp_seq=131 ttl=63 time=80.4 ms
[1438875398.237093] 64 bytes from aaaa::212:4b00:41e:afc6: icmp_seq=132 ttl=63 time=325 ms
[1438875398.987333] 64 bytes from aaaa::212:4b00:41e:afc6: icmp_seq=133 ttl=63 time=76.0 ms
[1438875400.239955] 64 bytes from aaaa::212:4b00:41e:afc6: icmp_seq=134 ttl=63 time=327 ms
[1438875400.993391] 64 bytes from aaaa::212:4b00:41e:afc6: icmp_seq=135 ttl=63 time=80.6 ms
[1438875402.234468] 64 bytes from aaaa::212:4b00:41e:afc6: icmp_seq=136 ttl=63 time=320 ms
[1438875403.234843] 64 bytes from aaaa::212:4b00:41e:afc6: icmp_seq=137 ttl=63 time=320 ms
[1438875403.990862] 64 bytes from aaaa::212:4b00:41e:afc6: icmp_seq=138 ttl=63 time=76.2 ms
[1438875405.235782] 64 bytes from aaaa::212:4b00:41e:afc6: icmp_seq=139 ttl=63 time=319 ms
[1438875405.992803] 64 bytes from aaaa::212:4b00:41e:afc6: icmp_seq=140 ttl=63 time=76.2 ms
[1438875406.993987] 64 bytes from aaaa::212:4b00:41e:afc6: icmp_seq=141 ttl=63 time=76.1 ms
[1438875407.995103] 64 bytes from aaaa::212:4b00:41e:afc6: icmp_seq=142 ttl=63 time=76.1 ms
[1438875408.995548] 64 bytes from aaaa::212:4b00:41e:afc6: icmp_seq=143 ttl=63 time=76.2 ms
[1438875409.992773] 64 bytes from aaaa::212:4b00:41e:afc6: icmp_seq=144 ttl=63 time=72.1 ms
[1438875410.994974] 64 bytes from aaaa::212:4b00:41e:afc6: icmp_seq=145 ttl=63 time=71.8 ms
[1438875411.996992] 64 bytes from aaaa::212:4b00:41e:afc6: icmp_seq=146 ttl=63 time=72.0 ms
[1438875413.490303] 64 bytes from aaaa::212:4b00:41e:afc6: icmp_seq=147 ttl=63 time=564 ms
[1438875413.997796] 64 bytes from aaaa::212:4b00:41e:afc6: icmp_seq=148 ttl=63 time=71.9 ms
[1438875415.496652] 64 bytes from aaaa::212:4b00:41e:afc6: icmp_seq=149 ttl=63 time=569 ms
[1438875415.999304] 64 bytes from aaaa::212:4b00:41e:afc6: icmp_seq=150 ttl=63 time=72.1 ms
[1438875416.999535] 64 bytes from aaaa::212:4b00:41e:afc6: icmp_seq=151 ttl=63 time=72.0 ms
[1438875418.000774] 64 bytes from aaaa::212:4b00:41e:afc6: icmp_seq=152 ttl=63 time=72.1 ms
[1438875419.000920] 64 bytes from aaaa::212:4b00:41e:afc6: icmp_seq=153 ttl=63 time=72.1 ms
[1438875420.123877] 64 bytes from aaaa::212:4b00:41e:afc6: icmp_seq=154 ttl=63 time=194 ms
[1438875421.126000] 64 bytes from aaaa::212:4b00:41e:afc6: icmp_seq=155 ttl=63 time=197 ms
[1438875422.251819] 64 bytes from aaaa::212:4b00:41e:afc6: icmp_seq=156 ttl=63 time=322 ms
[1438875423.000554] 64 bytes from aaaa::212:4b00:41e:afc6: icmp_seq=157 ttl=63 time=71.9 ms
[1438875424.745928] 64 bytes from aaaa::212:4b00:41e:afc6: icmp_seq=158 ttl=63 time=818 ms
[1438875425.004206] 64 bytes from aaaa::212:4b00:41e:afc6: icmp_seq=159 ttl=63 time=76.9 ms
[1438875426.496693] 64 bytes from aaaa::212:4b00:41e:afc6: icmp_seq=160 ttl=63 time=569 ms
[1438875427.933333] no answer yet for icmp_seq=161
[1438875428.122185] 64 bytes from aaaa::212:4b00:41e:afc6: icmp_seq=161 ttl=63 time=1195 ms
[1438875428.872320] 64 bytes from aaaa::212:4b00:41e:afc6: icmp_seq=162 ttl=63 time=938 ms
[1438875429.004407] 64 bytes from aaaa::212:4b00:41e:afc6: icmp_seq=163 ttl=63 time=71.9 ms
[1438875430.005543] 64 bytes from aaaa::212:4b00:41e:afc6: icmp_seq=164 ttl=63 time=72.0 ms
[1438875431.005757] 64 bytes from aaaa::212:4b00:41e:afc6: icmp_seq=165 ttl=63 time=72.1 ms
[1438875432.011912] 64 bytes from aaaa::212:4b00:41e:afc6: icmp_seq=166 ttl=63 time=78.1 ms
[1438875433.006020] 64 bytes from aaaa::212:4b00:41e:afc6: icmp_seq=167 ttl=63 time=72.0 ms
[1438875434.006071] 64 bytes from aaaa::212:4b00:41e:afc6: icmp_seq=168 ttl=63 time=71.9 ms
[1438875435.006087] 64 bytes from aaaa::212:4b00:41e:afc6: icmp_seq=169 ttl=63 time=71.9 ms
[1438875436.010449] 64 bytes from aaaa::212:4b00:41e:afc6: icmp_seq=170 ttl=63 time=76.3 ms
[1438875437.010087] 64 bytes from aaaa::212:4b00:41e:afc6: icmp_seq=171 ttl=63 time=76.3 ms
[1438875438.261691] 64 bytes from aaaa::212:4b00:41e:afc6: icmp_seq=172 ttl=63 time=327 ms
[1438875439.011053] 64 bytes from aaaa::212:4b00:41e:afc6: icmp_seq=173 ttl=63 time=76.6 ms
[1438875440.503465] 64 bytes from aaaa::212:4b00:41e:afc6: icmp_seq=174 ttl=63 time=568 ms
[1438875441.263186] 64 bytes from aaaa::212:4b00:41e:afc6: icmp_seq=175 ttl=63 time=328 ms
[1438875442.011256] 64 bytes from aaaa::212:4b00:41e:afc6: icmp_seq=176 ttl=63 time=76.2 ms
[1438875443.254799] 64 bytes from aaaa::212:4b00:41e:afc6: icmp_seq=177 ttl=63 time=319 ms
[1438875444.011826] 64 bytes from aaaa::212:4b00:41e:afc6: icmp_seq=178 ttl=63 time=76.2 ms
[1438875445.012058] 64 bytes from aaaa::212:4b00:41e:afc6: icmp_seq=179 ttl=63 time=76.2 ms
[1438875446.012847] 64 bytes from aaaa::212:4b00:41e:afc6: icmp_seq=180 ttl=63 time=76.7 ms
[1438875447.013928] 64 bytes from aaaa::212:4b00:41e:afc6: icmp_seq=181 ttl=63 time=76.6 ms
[1438875448.014217] 64 bytes from aaaa::212:4b00:41e:afc6: icmp_seq=182 ttl=63 time=76.2 ms
[1438875449.257935] 64 bytes from aaaa::212:4b00:41e:afc6: icmp_seq=183 ttl=63 time=319 ms
[1438875450.014983] 64 bytes from aaaa::212:4b00:41e:afc6: icmp_seq=184 ttl=63 time=76.2 ms
[1438875451.259187] 64 bytes from aaaa::212:4b00:41e:afc6: icmp_seq=185 ttl=63 time=320 ms
[1438875452.264326] 64 bytes from aaaa::212:4b00:41e:afc6: icmp_seq=186 ttl=63 time=325 ms
[1438875453.020032] 64 bytes from aaaa::212:4b00:41e:afc6: icmp_seq=187 ttl=63 time=80.8 ms
[1438875454.268462] 64 bytes from aaaa::212:4b00:41e:afc6: icmp_seq=188 ttl=63 time=329 ms
[1438875455.015619] 64 bytes from aaaa::212:4b00:41e:afc6: icmp_seq=189 ttl=63 time=76.3 ms
[1438875456.020090] 64 bytes from aaaa::212:4b00:41e:afc6: icmp_seq=190 ttl=63 time=80.4 ms
[1438875457.939225] no answer yet for icmp_seq=191
[1438875458.019736] 64 bytes from aaaa::212:4b00:41e:afc6: icmp_seq=192 ttl=63 time=80.4 ms
[1438875459.020096] 64 bytes from aaaa::212:4b00:41e:afc6: icmp_seq=193 ttl=63 time=80.3 ms
[1438875460.019823] 64 bytes from aaaa::212:4b00:41e:afc6: icmp_seq=194 ttl=63 time=80.5 ms
[1438875461.019869] 64 bytes from aaaa::212:4b00:41e:afc6: icmp_seq=195 ttl=63 time=80.5 ms
[1438875462.020602] 64 bytes from aaaa::212:4b00:41e:afc6: icmp_seq=196 ttl=63 time=80.4 ms
[1438875463.021646] 64 bytes from aaaa::212:4b00:41e:afc6: icmp_seq=197 ttl=63 time=80.9 ms
[1438875464.021229] 64 bytes from aaaa::212:4b00:41e:afc6: icmp_seq=198 ttl=63 time=80.5 ms
[1438875465.021638] 64 bytes from aaaa::212:4b00:41e:afc6: icmp_seq=199 ttl=63 time=80.4 ms
[1438875466.273840] 64 bytes from aaaa::212:4b00:41e:afc6: icmp_seq=200 ttl=63 time=332 ms
[1438875467.273973] 64 bytes from aaaa::212:4b00:41e:afc6: icmp_seq=201 ttl=63 time=332 ms
[1438875468.026357] 64 bytes from aaaa::212:4b00:41e:afc6: icmp_seq=202 ttl=63 time=84.6 ms
[1438875469.949317] no answer yet for icmp_seq=203
[1438875470.268944] 64 bytes from aaaa::212:4b00:41e:afc6: icmp_seq=203 ttl=63 time=1326 ms
[1438875470.949723] no answer yet for icmp_seq=204
[1438875471.026026] 64 bytes from aaaa::212:4b00:41e:afc6: icmp_seq=205 ttl=63 time=76.1 ms
[1438875472.026408] 64 bytes from aaaa::212:4b00:41e:afc6: icmp_seq=206 ttl=63 time=76.3 ms
[1438875473.026915] 64 bytes from aaaa::212:4b00:41e:afc6: icmp_seq=207 ttl=63 time=76.4 ms
[1438875474.027164] 64 bytes from aaaa::212:4b00:41e:afc6: icmp_seq=208 ttl=63 time=76.1 ms
[1438875475.027916] 64 bytes from aaaa::212:4b00:41e:afc6: icmp_seq=209 ttl=63 time=76.6 ms
[1438875476.028409] 64 bytes from aaaa::212:4b00:41e:afc6: icmp_seq=210 ttl=63 time=76.3 ms
[1438875477.027898] 64 bytes from aaaa::212:4b00:41e:afc6: icmp_seq=211 ttl=63 time=76.1 ms
[1438875478.028188] 64 bytes from aaaa::212:4b00:41e:afc6: icmp_seq=212 ttl=63 time=76.2 ms
[1438875479.272966] 64 bytes from aaaa::212:4b00:41e:afc6: icmp_seq=213 ttl=63 time=320 ms
[1438875480.029010] 64 bytes from aaaa::212:4b00:41e:afc6: icmp_seq=214 ttl=63 time=76.2 ms
[1438875481.029428] 64 bytes from aaaa::212:4b00:41e:afc6: icmp_seq=215 ttl=63 time=76.2 ms
[1438875482.029928] 64 bytes from aaaa::212:4b00:41e:afc6: icmp_seq=216 ttl=63 time=76.4 ms
[1438875483.034289] 64 bytes from aaaa::212:4b00:41e:afc6: icmp_seq=217 ttl=63 time=80.3 ms
[1438875484.284190] 64 bytes from aaaa::212:4b00:41e:afc6: icmp_seq=218 ttl=63 time=329 ms
[1438875485.961353] no answer yet for icmp_seq=219
[1438875486.284007] 64 bytes from aaaa::212:4b00:41e:afc6: icmp_seq=220 ttl=63 time=322 ms
[1438875487.033623] 64 bytes from aaaa::212:4b00:41e:afc6: icmp_seq=221 ttl=63 time=71.8 ms
[1438875488.034144] 64 bytes from aaaa::212:4b00:41e:afc6: icmp_seq=222 ttl=63 time=72.0 ms
[1438875489.034196] 64 bytes from aaaa::212:4b00:41e:afc6: icmp_seq=223 ttl=63 time=71.9 ms
[1438875490.528460] 64 bytes from aaaa::212:4b00:41e:afc6: icmp_seq=224 ttl=63 time=566 ms
[1438875491.536277] 64 bytes from aaaa::212:4b00:41e:afc6: icmp_seq=225 ttl=63 time=574 ms
[1438875492.285439] 64 bytes from aaaa::212:4b00:41e:afc6: icmp_seq=226 ttl=63 time=323 ms
[1438875493.969327] no answer yet for icmp_seq=227
[1438875494.037200] 64 bytes from aaaa::212:4b00:41e:afc6: icmp_seq=228 ttl=63 time=67.7 ms
[1438875495.038451] 64 bytes from aaaa::212:4b00:41e:afc6: icmp_seq=229 ttl=63 time=68.2 ms
[1438875496.038318] 64 bytes from aaaa::212:4b00:41e:afc6: icmp_seq=230 ttl=63 time=67.8 ms
[1438875497.280910] 64 bytes from aaaa::212:4b00:41e:afc6: icmp_seq=231 ttl=63 time=309 ms
[1438875498.039404] 64 bytes from aaaa::212:4b00:41e:afc6: icmp_seq=232 ttl=63 time=67.7 ms
[1438875499.035936] 64 bytes from aaaa::212:4b00:41e:afc6: icmp_seq=233 ttl=63 time=63.4 ms
[1438875500.281975] 64 bytes from aaaa::212:4b00:41e:afc6: icmp_seq=234 ttl=63 time=308 ms
[1438875501.038946] 64 bytes from aaaa::212:4b00:41e:afc6: icmp_seq=235 ttl=63 time=64.0 ms
[1438875502.038403] 64 bytes from aaaa::212:4b00:41e:afc6: icmp_seq=236 ttl=63 time=63.4 ms
[1438875503.042720] 64 bytes from aaaa::212:4b00:41e:afc6: icmp_seq=237 ttl=63 time=67.7 ms
[1438875504.039245] 64 bytes from aaaa::212:4b00:41e:afc6: icmp_seq=238 ttl=63 time=63.4 ms
[1438875505.039963] 64 bytes from aaaa::212:4b00:41e:afc6: icmp_seq=239 ttl=63 time=63.6 ms
[1438875506.040725] 64 bytes from aaaa::212:4b00:41e:afc6: icmp_seq=240 ttl=63 time=63.6 ms
[1438875507.985321] no answer yet for icmp_seq=241
[1438875508.040594] 64 bytes from aaaa::212:4b00:41e:afc6: icmp_seq=242 ttl=63 time=55.1 ms
[1438875509.045110] 64 bytes from aaaa::212:4b00:41e:afc6: icmp_seq=243 ttl=63 time=59.4 ms
[1438875510.045481] 64 bytes from aaaa::212:4b00:41e:afc6: icmp_seq=244 ttl=63 time=59.2 ms
[1438875511.046101] 64 bytes from aaaa::212:4b00:41e:afc6: icmp_seq=245 ttl=63 time=59.5 ms
[1438875512.042245] 64 bytes from aaaa::212:4b00:41e:afc6: icmp_seq=246 ttl=63 time=55.0 ms
[1438875513.046577] 64 bytes from aaaa::212:4b00:41e:afc6: icmp_seq=247 ttl=63 time=59.2 ms
[1438875514.042552] 64 bytes from aaaa::212:4b00:41e:afc6: icmp_seq=248 ttl=63 time=54.9 ms
[1438875515.047141] 64 bytes from aaaa::212:4b00:41e:afc6: icmp_seq=249 ttl=63 time=59.5 ms
[1438875516.987288] no answer yet for icmp_seq=250
[1438875517.987279] no answer yet for icmp_seq=251
[1438875518.046795] 64 bytes from aaaa::212:4b00:41e:afc6: icmp_seq=252 ttl=63 time=59.3 ms
[1438875519.290481] 64 bytes from aaaa::212:4b00:41e:afc6: icmp_seq=253 ttl=63 time=302 ms
[1438875520.047780] 64 bytes from aaaa::212:4b00:41e:afc6: icmp_seq=254 ttl=63 time=59.4 ms
[1438875521.166939] 64 bytes from aaaa::212:4b00:41e:afc6: icmp_seq=255 ttl=63 time=178 ms
[1438875522.048252] 64 bytes from aaaa::212:4b00:41e:afc6: icmp_seq=256 ttl=63 time=59.3 ms
[1438875523.048633] 64 bytes from aaaa::212:4b00:41e:afc6: icmp_seq=257 ttl=63 time=59.2 ms
[1438875524.049635] 64 bytes from aaaa::212:4b00:41e:afc6: icmp_seq=258 ttl=63 time=59.9 ms
[1438875525.049068] 64 bytes from aaaa::212:4b00:41e:afc6: icmp_seq=259 ttl=63 time=59.2 ms
[1438875526.050036] 64 bytes from aaaa::212:4b00:41e:afc6: icmp_seq=260 ttl=63 time=59.8 ms
[1438875527.050522] 64 bytes from aaaa::212:4b00:41e:afc6: icmp_seq=261 ttl=63 time=59.3 ms
[1438875528.050451] 64 bytes from aaaa::212:4b00:41e:afc6: icmp_seq=262 ttl=63 time=59.1 ms
[1438875529.055238] 64 bytes from aaaa::212:4b00:41e:afc6: icmp_seq=263 ttl=63 time=63.6 ms
[1438875530.051801] 64 bytes from aaaa::212:4b00:41e:afc6: icmp_seq=264 ttl=63 time=59.4 ms
[1438875531.052210] 64 bytes from aaaa::212:4b00:41e:afc6: icmp_seq=265 ttl=63 time=59.2 ms
[1438875532.052662] 64 bytes from aaaa::212:4b00:41e:afc6: icmp_seq=266 ttl=63 time=59.3 ms
[1438875533.053163] 64 bytes from aaaa::212:4b00:41e:afc6: icmp_seq=267 ttl=63 time=59.3 ms
[1438875534.053412] 64 bytes from aaaa::212:4b00:41e:afc6: icmp_seq=268 ttl=63 time=59.1 ms
[1438875535.058026] 64 bytes from aaaa::212:4b00:41e:afc6: icmp_seq=269 ttl=63 time=63.5 ms
[1438875536.054526] 64 bytes from aaaa::212:4b00:41e:afc6: icmp_seq=270 ttl=63 time=59.4 ms
[1438875537.054907] 64 bytes from aaaa::212:4b00:41e:afc6: icmp_seq=271 ttl=63 time=59.2 ms
[1438875538.300061] 64 bytes from aaaa::212:4b00:41e:afc6: icmp_seq=272 ttl=63 time=304 ms
[1438875539.059505] 64 bytes from aaaa::212:4b00:41e:afc6: icmp_seq=273 ttl=63 time=63.5 ms
[1438875540.060102] 64 bytes from aaaa::212:4b00:41e:afc6: icmp_seq=274 ttl=63 time=63.4 ms
[1438875541.060795] 64 bytes from aaaa::212:4b00:41e:afc6: icmp_seq=275 ttl=63 time=63.6 ms
[1438875542.057308] 64 bytes from aaaa::212:4b00:41e:afc6: icmp_seq=276 ttl=63 time=59.3 ms
[1438875544.005408] no answer yet for icmp_seq=277
[1438875544.060723] 64 bytes from aaaa::212:4b00:41e:afc6: icmp_seq=278 ttl=63 time=55.1 ms
[1438875545.061732] 64 bytes from aaaa::212:4b00:41e:afc6: icmp_seq=279 ttl=63 time=54.9 ms
[1438875546.062829] 64 bytes from aaaa::212:4b00:41e:afc6: icmp_seq=280 ttl=63 time=54.9 ms
[1438875547.060180] 64 bytes from aaaa::212:4b00:41e:afc6: icmp_seq=281 ttl=63 time=51.2 ms
[1438875548.061167] 64 bytes from aaaa::212:4b00:41e:afc6: icmp_seq=282 ttl=63 time=50.9 ms
[1438875549.313174] 64 bytes from aaaa::212:4b00:41e:afc6: icmp_seq=283 ttl=63 time=301 ms
[1438875550.063141] 64 bytes from aaaa::212:4b00:41e:afc6: icmp_seq=284 ttl=63 time=51.0 ms
[1438875551.064309] 64 bytes from aaaa::212:4b00:41e:afc6: icmp_seq=285 ttl=63 time=50.9 ms
[1438875552.060975] 64 bytes from aaaa::212:4b00:41e:afc6: icmp_seq=286 ttl=63 time=46.5 ms
[1438875553.062700] 64 bytes from aaaa::212:4b00:41e:afc6: icmp_seq=287 ttl=63 time=46.5 ms
[1438875554.564449] 64 bytes from aaaa::212:4b00:41e:afc6: icmp_seq=288 ttl=63 time=546 ms
[1438875555.066248] 64 bytes from aaaa::212:4b00:41e:afc6: icmp_seq=289 ttl=63 time=47.1 ms
[1438875556.308956] 64 bytes from aaaa::212:4b00:41e:afc6: icmp_seq=290 ttl=63 time=288 ms
[1438875557.068464] 64 bytes from aaaa::212:4b00:41e:afc6: icmp_seq=291 ttl=63 time=46.6 ms
[1438875558.065851] 64 bytes from aaaa::212:4b00:41e:afc6: icmp_seq=292 ttl=63 time=42.2 ms
[1438875559.067331] 64 bytes from aaaa::212:4b00:41e:afc6: icmp_seq=293 ttl=63 time=42.3 ms
[1438875560.068573] 64 bytes from aaaa::212:4b00:41e:afc6: icmp_seq=294 ttl=63 time=42.7 ms
[1438875561.070082] 64 bytes from aaaa::212:4b00:41e:afc6: icmp_seq=295 ttl=63 time=42.3 ms
[1438875562.318110] 64 bytes from aaaa::212:4b00:41e:afc6: icmp_seq=296 ttl=63 time=288 ms
[1438875563.195558] 64 bytes from aaaa::212:4b00:41e:afc6: icmp_seq=297 ttl=63 time=165 ms
[1438875564.196772] 64 bytes from aaaa::212:4b00:41e:afc6: icmp_seq=298 ttl=63 time=165 ms
[1438875565.195949] 64 bytes from aaaa::212:4b00:41e:afc6: icmp_seq=299 ttl=63 time=163 ms
[1438875567.041422] no answer yet for icmp_seq=300
[1438875567.194187] 64 bytes from aaaa::212:4b00:41e:afc6: icmp_seq=301 ttl=63 time=152 ms
[1438875568.196323] 64 bytes from aaaa::212:4b00:41e:afc6: icmp_seq=302 ttl=63 time=153 ms
[1438875569.197060] 64 bytes from aaaa::212:4b00:41e:afc6: icmp_seq=303 ttl=63 time=152 ms
[1438875570.319830] 64 bytes from aaaa::212:4b00:41e:afc6: icmp_seq=304 ttl=63 time=273 ms
[1438875571.440599] 64 bytes from aaaa::212:4b00:41e:afc6: icmp_seq=305 ttl=63 time=392 ms
[1438875572.441108] 64 bytes from aaaa::212:4b00:41e:afc6: icmp_seq=306 ttl=63 time=391 ms
[1438875573.325348] 64 bytes from aaaa::212:4b00:41e:afc6: icmp_seq=307 ttl=63 time=274 ms
[1438875574.441880] 64 bytes from aaaa::212:4b00:41e:afc6: icmp_seq=308 ttl=63 time=389 ms
[1438875575.201746] 64 bytes from aaaa::212:4b00:41e:afc6: icmp_seq=309 ttl=63 time=148 ms
[1438875576.199453] 64 bytes from aaaa::212:4b00:41e:afc6: icmp_seq=310 ttl=63 time=144 ms
[1438875577.200597] 64 bytes from aaaa::212:4b00:41e:afc6: icmp_seq=311 ttl=63 time=144 ms
[1438875578.201910] 64 bytes from aaaa::212:4b00:41e:afc6: icmp_seq=312 ttl=63 time=144 ms
[1438875579.328391] 64 bytes from aaaa::212:4b00:41e:afc6: icmp_seq=313 ttl=63 time=269 ms
[1438875580.694457] 64 bytes from aaaa::212:4b00:41e:afc6: icmp_seq=314 ttl=63 time=634 ms
[1438875581.577386] 64 bytes from aaaa::212:4b00:41e:afc6: icmp_seq=315 ttl=63 time=516 ms
[1438875582.454367] 64 bytes from aaaa::212:4b00:41e:afc6: icmp_seq=316 ttl=63 time=392 ms
[1438875583.203319] 64 bytes from aaaa::212:4b00:41e:afc6: icmp_seq=317 ttl=63 time=140 ms
[1438875584.455235] 64 bytes from aaaa::212:4b00:41e:afc6: icmp_seq=318 ttl=63 time=391 ms
[1438875585.204498] 64 bytes from aaaa::212:4b00:41e:afc6: icmp_seq=319 ttl=63 time=139 ms
[1438875587.073379] no answer yet for icmp_seq=320
[1438875587.205501] 64 bytes from aaaa::212:4b00:41e:afc6: icmp_seq=321 ttl=63 time=132 ms
[1438875588.205673] 64 bytes from aaaa::212:4b00:41e:afc6: icmp_seq=322 ttl=63 time=131 ms
[1438875589.202857] 64 bytes from aaaa::212:4b00:41e:afc6: icmp_seq=323 ttl=63 time=127 ms
[1438875590.204529] 64 bytes from aaaa::212:4b00:41e:afc6: icmp_seq=324 ttl=63 time=127 ms
[1438875591.205730] 64 bytes from aaaa::212:4b00:41e:afc6: icmp_seq=325 ttl=63 time=127 ms
[1438875592.699760] 64 bytes from aaaa::212:4b00:41e:afc6: icmp_seq=326 ttl=63 time=619 ms
[1438875593.207506] 64 bytes from aaaa::212:4b00:41e:afc6: icmp_seq=327 ttl=63 time=127 ms
[1438875594.333529] 64 bytes from aaaa::212:4b00:41e:afc6: icmp_seq=328 ttl=63 time=252 ms
[1438875595.205382] 64 bytes from aaaa::212:4b00:41e:afc6: icmp_seq=329 ttl=63 time=122 ms
[1438875596.210640] 64 bytes from aaaa::212:4b00:41e:afc6: icmp_seq=330 ttl=63 time=127 ms
[1438875597.207541] 64 bytes from aaaa::212:4b00:41e:afc6: icmp_seq=331 ttl=63 time=122 ms
[1438875598.461644] 64 bytes from aaaa::212:4b00:41e:afc6: icmp_seq=332 ttl=63 time=376 ms
[1438875599.209391] 64 bytes from aaaa::212:4b00:41e:afc6: icmp_seq=333 ttl=63 time=123 ms
[1438875600.460045] 64 bytes from aaaa::212:4b00:41e:afc6: icmp_seq=334 ttl=63 time=372 ms
[1438875601.212189] 64 bytes from aaaa::212:4b00:41e:afc6: icmp_seq=335 ttl=63 time=123 ms
[1438875602.209019] 64 bytes from aaaa::212:4b00:41e:afc6: icmp_seq=336 ttl=63 time=118 ms
[1438875603.210749] 64 bytes from aaaa::212:4b00:41e:afc6: icmp_seq=337 ttl=63 time=118 ms
[1438875604.212762] 64 bytes from aaaa::212:4b00:41e:afc6: icmp_seq=338 ttl=63 time=118 ms
[1438875605.213604] 64 bytes from aaaa::212:4b00:41e:afc6: icmp_seq=339 ttl=63 time=118 ms
[1438875606.955541] 64 bytes from aaaa::212:4b00:41e:afc6: icmp_seq=340 ttl=63 time=858 ms
[1438875607.463185] 64 bytes from aaaa::212:4b00:41e:afc6: icmp_seq=341 ttl=63 time=366 ms
[1438875608.213214] 64 bytes from aaaa::212:4b00:41e:afc6: icmp_seq=342 ttl=63 time=115 ms
[1438875609.213727] 64 bytes from aaaa::212:4b00:41e:afc6: icmp_seq=343 ttl=63 time=114 ms
[1438875610.465709] 64 bytes from aaaa::212:4b00:41e:afc6: icmp_seq=344 ttl=63 time=364 ms
[1438875611.215754] 64 bytes from aaaa::212:4b00:41e:afc6: icmp_seq=345 ttl=63 time=114 ms
[1438875612.707526] 64 bytes from aaaa::212:4b00:41e:afc6: icmp_seq=346 ttl=63 time=604 ms
[1438875613.457939] 64 bytes from aaaa::212:4b00:41e:afc6: icmp_seq=347 ttl=63 time=354 ms
[1438875614.215234] 64 bytes from aaaa::212:4b00:41e:afc6: icmp_seq=348 ttl=63 time=110 ms
[1438875615.216440] 64 bytes from aaaa::212:4b00:41e:afc6: icmp_seq=349 ttl=63 time=110 ms
[1438875616.213412] 64 bytes from aaaa::212:4b00:41e:afc6: icmp_seq=350 ttl=63 time=106 ms
[1438875617.218685] 64 bytes from aaaa::212:4b00:41e:afc6: icmp_seq=351 ttl=63 time=110 ms
[1438875618.215666] 64 bytes from aaaa::212:4b00:41e:afc6: icmp_seq=352 ttl=63 time=105 ms
[1438875619.216535] 64 bytes from aaaa::212:4b00:41e:afc6: icmp_seq=353 ttl=63 time=105 ms
[1438875620.218575] 64 bytes from aaaa::212:4b00:41e:afc6: icmp_seq=354 ttl=63 time=106 ms
[1438875621.467073] 64 bytes from aaaa::212:4b00:41e:afc6: icmp_seq=355 ttl=63 time=353 ms
[1438875622.220598] 64 bytes from aaaa::212:4b00:41e:afc6: icmp_seq=356 ttl=63 time=106 ms
[1438875623.962834] 64 bytes from aaaa::212:4b00:41e:afc6: icmp_seq=357 ttl=63 time=847 ms
[1438875624.463022] 64 bytes from aaaa::212:4b00:41e:afc6: icmp_seq=358 ttl=63 time=346 ms
[1438875625.219709] 64 bytes from aaaa::212:4b00:41e:afc6: icmp_seq=359 ttl=63 time=101 ms
[1438875627.119313] no answer yet for icmp_seq=360
[1438875627.597916] 64 bytes from aaaa::212:4b00:41e:afc6: icmp_seq=361 ttl=63 time=478 ms
[1438875628.723279] 64 bytes from aaaa::212:4b00:41e:afc6: icmp_seq=362 ttl=63 time=602 ms
[1438875629.223708] 64 bytes from aaaa::212:4b00:41e:afc6: icmp_seq=363 ttl=63 time=101 ms
[1438875630.221219] 64 bytes from aaaa::212:4b00:41e:afc6: icmp_seq=364 ttl=63 time=97.4 ms
[1438875631.222962] 64 bytes from aaaa::212:4b00:41e:afc6: icmp_seq=365 ttl=63 time=97.6 ms
[1438875632.351034] 64 bytes from aaaa::212:4b00:41e:afc6: icmp_seq=366 ttl=63 time=224 ms
[1438875634.127259] no answer yet for icmp_seq=367
[1438875634.224837] 64 bytes from aaaa::212:4b00:41e:afc6: icmp_seq=368 ttl=63 time=97.4 ms
[1438875635.717997] 64 bytes from aaaa::212:4b00:41e:afc6: icmp_seq=369 ttl=63 time=589 ms
[1438875636.226943] 64 bytes from aaaa::212:4b00:41e:afc6: icmp_seq=370 ttl=63 time=97.4 ms
[1438875637.224306] 64 bytes from aaaa::212:4b00:41e:afc6: icmp_seq=371 ttl=63 time=93.3 ms
[1438875638.225720] 64 bytes from aaaa::212:4b00:41e:afc6: icmp_seq=372 ttl=63 time=93.3 ms
[1438875639.350981] 64 bytes from aaaa::212:4b00:41e:afc6: icmp_seq=373 ttl=63 time=217 ms
[1438875640.228258] 64 bytes from aaaa::212:4b00:41e:afc6: icmp_seq=374 ttl=63 time=93.3 ms
[1438875641.229797] 64 bytes from aaaa::212:4b00:41e:afc6: icmp_seq=375 ttl=63 time=93.4 ms
[1438875642.605719] 64 bytes from aaaa::212:4b00:41e:afc6: icmp_seq=376 ttl=63 time=468 ms
[1438875643.227503] 64 bytes from aaaa::212:4b00:41e:afc6: icmp_seq=377 ttl=63 time=89.0 ms
[1438875644.228360] 64 bytes from aaaa::212:4b00:41e:afc6: icmp_seq=378 ttl=63 time=89.0 ms
[1438875645.229358] 64 bytes from aaaa::212:4b00:41e:afc6: icmp_seq=379 ttl=63 time=88.9 ms
[1438875646.856095] 64 bytes from aaaa::212:4b00:41e:afc6: icmp_seq=380 ttl=63 time=714 ms
[1438875647.479747] 64 bytes from aaaa::212:4b00:41e:afc6: icmp_seq=381 ttl=63 time=337 ms
[1438875648.232275] 64 bytes from aaaa::212:4b00:41e:afc6: icmp_seq=382 ttl=63 time=88.9 ms
[1438875649.229020] 64 bytes from aaaa::212:4b00:41e:afc6: icmp_seq=383 ttl=63 time=84.7 ms
[1438875650.231377] 64 bytes from aaaa::212:4b00:41e:afc6: icmp_seq=384 ttl=63 time=85.3 ms
[1438875651.232249] 64 bytes from aaaa::212:4b00:41e:afc6: icmp_seq=385 ttl=63 time=84.8 ms
[1438875652.726325] 64 bytes from aaaa::212:4b00:41e:afc6: icmp_seq=386 ttl=63 time=577 ms
[1438875654.157405] no answer yet for icmp_seq=387
[1438875655.165355] no answer yet for icmp_seq=388
[1438875655.233308] 64 bytes from aaaa::212:4b00:41e:afc6: icmp_seq=389 ttl=63 time=67.8 ms
[1438875656.358397] 64 bytes from aaaa::212:4b00:41e:afc6: icmp_seq=390 ttl=63 time=191 ms
[1438875657.236017] 64 bytes from aaaa::212:4b00:41e:afc6: icmp_seq=391 ttl=63 time=67.6 ms
[1438875658.237724] 64 bytes from aaaa::212:4b00:41e:afc6: icmp_seq=392 ttl=63 time=67.8 ms
[1438875659.235364] 64 bytes from aaaa::212:4b00:41e:afc6: icmp_seq=393 ttl=63 time=63.5 ms
[1438875660.236994] 64 bytes from aaaa::212:4b00:41e:afc6: icmp_seq=394 ttl=63 time=63.5 ms
[1438875661.238645] 64 bytes from aaaa::212:4b00:41e:afc6: icmp_seq=395 ttl=63 time=63.6 ms
[1438875662.481184] 64 bytes from aaaa::212:4b00:41e:afc6: icmp_seq=396 ttl=63 time=304 ms
[1438875663.237266] 64 bytes from aaaa::212:4b00:41e:afc6: icmp_seq=397 ttl=63 time=59.2 ms
[1438875664.238858] 64 bytes from aaaa::212:4b00:41e:afc6: icmp_seq=398 ttl=63 time=59.4 ms
[1438875665.481938] 64 bytes from aaaa::212:4b00:41e:afc6: icmp_seq=399 ttl=63 time=300 ms
[1438875666.241022] 64 bytes from aaaa::212:4b00:41e:afc6: icmp_seq=400 ttl=63 time=59.2 ms
[1438875667.242589] 64 bytes from aaaa::212:4b00:41e:afc6: icmp_seq=401 ttl=63 time=59.4 ms
[1438875669.108778] 64 bytes from aaaa::212:4b00:41e:afc6: icmp_seq=402 ttl=63 time=924 ms
[1438875669.243241] 64 bytes from aaaa::212:4b00:41e:afc6: icmp_seq=403 ttl=63 time=59.2 ms
[1438875670.240473] 64 bytes from aaaa::212:4b00:41e:afc6: icmp_seq=404 ttl=63 time=55.1 ms
[1438875672.193440] no answer yet for icmp_seq=405
[1438875672.244328] 64 bytes from aaaa::212:4b00:41e:afc6: icmp_seq=406 ttl=63 time=50.7 ms
[1438875673.241845] 64 bytes from aaaa::212:4b00:41e:afc6: icmp_seq=407 ttl=63 time=46.4 ms
[1438875674.242660] 64 bytes from aaaa::212:4b00:41e:afc6: icmp_seq=408 ttl=63 time=46.6 ms
[1438875675.244275] 64 bytes from aaaa::212:4b00:41e:afc6: icmp_seq=409 ttl=63 time=46.5 ms
[1438875676.245944] 64 bytes from aaaa::212:4b00:41e:afc6: icmp_seq=410 ttl=63 time=46.5 ms
[1438875677.243418] 64 bytes from aaaa::212:4b00:41e:afc6: icmp_seq=411 ttl=63 time=42.3 ms
[1438875678.244293] 64 bytes from aaaa::212:4b00:41e:afc6: icmp_seq=412 ttl=63 time=42.4 ms
[1438875679.246200] 64 bytes from aaaa::212:4b00:41e:afc6: icmp_seq=413 ttl=63 time=42.8 ms
[1438875680.243581] 64 bytes from aaaa::212:4b00:41e:afc6: icmp_seq=414 ttl=63 time=38.2 ms
[1438875681.244666] 64 bytes from aaaa::212:4b00:41e:afc6: icmp_seq=415 ttl=63 time=37.9 ms
[1438875682.373346] 64 bytes from aaaa::212:4b00:41e:afc6: icmp_seq=416 ttl=63 time=165 ms
[1438875683.370568] 64 bytes from aaaa::212:4b00:41e:afc6: icmp_seq=417 ttl=63 time=161 ms
[1438875684.371634] 64 bytes from aaaa::212:4b00:41e:afc6: icmp_seq=418 ttl=63 time=161 ms
[1438875685.623306] 64 bytes from aaaa::212:4b00:41e:afc6: icmp_seq=419 ttl=63 time=411 ms
[1438875686.374342] 64 bytes from aaaa::212:4b00:41e:afc6: icmp_seq=420 ttl=63 time=161 ms
[1438875687.623323] 64 bytes from aaaa::212:4b00:41e:afc6: icmp_seq=421 ttl=63 time=408 ms
[1438875688.501450] 64 bytes from aaaa::212:4b00:41e:afc6: icmp_seq=422 ttl=63 time=286 ms
[1438875689.373829] 64 bytes from aaaa::212:4b00:41e:afc6: icmp_seq=423 ttl=63 time=157 ms
[1438875690.624334] 64 bytes from aaaa::212:4b00:41e:afc6: icmp_seq=424 ttl=63 time=406 ms
[1438875691.500435] 64 bytes from aaaa::212:4b00:41e:afc6: icmp_seq=425 ttl=63 time=281 ms
[1438875692.377333] 64 bytes from aaaa::212:4b00:41e:afc6: icmp_seq=426 ttl=63 time=157 ms
[1438875693.870223] 64 bytes from aaaa::212:4b00:41e:afc6: icmp_seq=427 ttl=63 time=648 ms
[1438875694.379143] 64 bytes from aaaa::212:4b00:41e:afc6: icmp_seq=428 ttl=63 time=157 ms
[1438875695.380379] 64 bytes from aaaa::212:4b00:41e:afc6: icmp_seq=429 ttl=63 time=157 ms
[1438875696.630106] 64 bytes from aaaa::212:4b00:41e:afc6: icmp_seq=430 ttl=63 time=405 ms
[1438875697.379083] 64 bytes from aaaa::212:4b00:41e:afc6: icmp_seq=431 ttl=63 time=153 ms
[1438875698.878707] 64 bytes from aaaa::212:4b00:41e:afc6: icmp_seq=432 ttl=63 time=651 ms
[1438875699.380847] 64 bytes from aaaa::212:4b00:41e:afc6: icmp_seq=433 ttl=63 time=152 ms
[1438875700.378953] 64 bytes from aaaa::212:4b00:41e:afc6: icmp_seq=434 ttl=63 time=149 ms
[1438875701.506694] 64 bytes from aaaa::212:4b00:41e:afc6: icmp_seq=435 ttl=63 time=275 ms
[1438875702.381347] 64 bytes from aaaa::212:4b00:41e:afc6: icmp_seq=436 ttl=63 time=148 ms
[1438875703.382849] 64 bytes from aaaa::212:4b00:41e:afc6: icmp_seq=437 ttl=63 time=148 ms
[1438875704.624873] 64 bytes from aaaa::212:4b00:41e:afc6: icmp_seq=438 ttl=63 time=388 ms
[1438875705.380808] 64 bytes from aaaa::212:4b00:41e:afc6: icmp_seq=439 ttl=63 time=144 ms
[1438875706.625773] 64 bytes from aaaa::212:4b00:41e:afc6: icmp_seq=440 ttl=63 time=387 ms
[1438875707.382396] 64 bytes from aaaa::212:4b00:41e:afc6: icmp_seq=441 ttl=63 time=144 ms
[1438875708.383435] 64 bytes from aaaa::212:4b00:41e:afc6: icmp_seq=442 ttl=63 time=144 ms
[1438875709.385116] 64 bytes from aaaa::212:4b00:41e:afc6: icmp_seq=443 ttl=63 time=144 ms
[1438875710.386741] 64 bytes from aaaa::212:4b00:41e:afc6: icmp_seq=444 ttl=63 time=144 ms
[1438875711.383603] 64 bytes from aaaa::212:4b00:41e:afc6: icmp_seq=445 ttl=63 time=139 ms
[1438875712.385617] 64 bytes from aaaa::212:4b00:41e:afc6: icmp_seq=446 ttl=63 time=139 ms
[1438875713.511889] 64 bytes from aaaa::212:4b00:41e:afc6: icmp_seq=447 ttl=63 time=265 ms
[1438875714.387607] 64 bytes from aaaa::212:4b00:41e:afc6: icmp_seq=448 ttl=63 time=139 ms
[1438875715.635859] 64 bytes from aaaa::212:4b00:41e:afc6: icmp_seq=449 ttl=63 time=386 ms
[1438875716.513085] 64 bytes from aaaa::212:4b00:41e:afc6: icmp_seq=450 ttl=63 time=262 ms
[1438875717.387573] 64 bytes from aaaa::212:4b00:41e:afc6: icmp_seq=451 ttl=63 time=135 ms
[1438875718.389366] 64 bytes from aaaa::212:4b00:41e:afc6: icmp_seq=452 ttl=63 time=135 ms
[1438875719.387386] 64 bytes from aaaa::212:4b00:41e:afc6: icmp_seq=453 ttl=63 time=131 ms
[1438875721.265462] no answer yet for icmp_seq=454
[1438875721.388766] 64 bytes from aaaa::212:4b00:41e:afc6: icmp_seq=455 ttl=63 time=123 ms
[1438875722.642749] 64 bytes from aaaa::212:4b00:41e:afc6: icmp_seq=456 ttl=63 time=375 ms
[1438875723.390382] 64 bytes from aaaa::212:4b00:41e:afc6: icmp_seq=457 ttl=63 time=122 ms
[1438875724.518000] 64 bytes from aaaa::212:4b00:41e:afc6: icmp_seq=458 ttl=63 time=248 ms
[1438875725.390126] 64 bytes from aaaa::212:4b00:41e:afc6: icmp_seq=459 ttl=63 time=119 ms
[1438875726.391232] 64 bytes from aaaa::212:4b00:41e:afc6: icmp_seq=460 ttl=63 time=119 ms
[1438875728.281454] no answer yet for icmp_seq=461
[1438875728.391899] 64 bytes from aaaa::212:4b00:41e:afc6: icmp_seq=462 ttl=63 time=110 ms
[1438875729.518630] 64 bytes from aaaa::212:4b00:41e:afc6: icmp_seq=463 ttl=63 time=235 ms
[1438875730.395282] 64 bytes from aaaa::212:4b00:41e:afc6: icmp_seq=464 ttl=63 time=110 ms
[1438875731.516522] 64 bytes from aaaa::212:4b00:41e:afc6: icmp_seq=465 ttl=63 time=230 ms
[1438875732.393356] 64 bytes from aaaa::212:4b00:41e:afc6: icmp_seq=466 ttl=63 time=105 ms
[1438875733.394392] 64 bytes from aaaa::212:4b00:41e:afc6: icmp_seq=467 ttl=63 time=106 ms
[1438875734.396030] 64 bytes from aaaa::212:4b00:41e:afc6: icmp_seq=468 ttl=63 time=106 ms
[1438875735.396906] 64 bytes from aaaa::212:4b00:41e:afc6: icmp_seq=469 ttl=63 time=105 ms
[1438875736.395429] 64 bytes from aaaa::212:4b00:41e:afc6: icmp_seq=470 ttl=63 time=102 ms
[1438875737.396278] 64 bytes from aaaa::212:4b00:41e:afc6: icmp_seq=471 ttl=63 time=101 ms
[1438875738.397783] 64 bytes from aaaa::212:4b00:41e:afc6: icmp_seq=472 ttl=63 time=101 ms
[1438875739.400023] 64 bytes from aaaa::212:4b00:41e:afc6: icmp_seq=473 ttl=63 time=102 ms
[1438875740.900665] 64 bytes from aaaa::212:4b00:41e:afc6: icmp_seq=474 ttl=63 time=601 ms
[1438875741.397510] 64 bytes from aaaa::212:4b00:41e:afc6: icmp_seq=475 ttl=63 time=97.2 ms
[1438875742.651658] 64 bytes from aaaa::212:4b00:41e:afc6: icmp_seq=476 ttl=63 time=350 ms
[1438875743.650551] 64 bytes from aaaa::212:4b00:41e:afc6: icmp_seq=477 ttl=63 time=348 ms
[1438875744.643105] 64 bytes from aaaa::212:4b00:41e:afc6: icmp_seq=478 ttl=63 time=339 ms
[1438875745.402590] 64 bytes from aaaa::212:4b00:41e:afc6: icmp_seq=479 ttl=63 time=97.6 ms
[1438875747.019713] 64 bytes from aaaa::212:4b00:41e:afc6: icmp_seq=480 ttl=63 time=713 ms
[1438875747.644897] 64 bytes from aaaa::212:4b00:41e:afc6: icmp_seq=481 ttl=63 time=338 ms
[1438875748.400549] 64 bytes from aaaa::212:4b00:41e:afc6: icmp_seq=482 ttl=63 time=93.4 ms
[1438875749.402071] 64 bytes from aaaa::212:4b00:41e:afc6: icmp_seq=483 ttl=63 time=93.4 ms
[1438875751.271431] 64 bytes from aaaa::212:4b00:41e:afc6: icmp_seq=484 ttl=63 time=961 ms
[1438875751.528074] 64 bytes from aaaa::212:4b00:41e:afc6: icmp_seq=485 ttl=63 time=218 ms
[1438875752.779802] 64 bytes from aaaa::212:4b00:41e:afc6: icmp_seq=486 ttl=63 time=468 ms
[1438875753.405521] 64 bytes from aaaa::212:4b00:41e:afc6: icmp_seq=487 ttl=63 time=93.0 ms
[1438875754.654789] 64 bytes from aaaa::212:4b00:41e:afc6: icmp_seq=488 ttl=63 time=341 ms
[1438875755.657575] 64 bytes from aaaa::212:4b00:41e:afc6: icmp_seq=489 ttl=63 time=343 ms
[1438875756.408417] 64 bytes from aaaa::212:4b00:41e:afc6: icmp_seq=490 ttl=63 time=93.0 ms
[1438875757.649663] 64 bytes from aaaa::212:4b00:41e:afc6: icmp_seq=491 ttl=63 time=333 ms
[1438875758.656065] 64 bytes from aaaa::212:4b00:41e:afc6: icmp_seq=492 ttl=63 time=338 ms
[1438875760.325357] no answer yet for icmp_seq=493
[1438875760.406912] 64 bytes from aaaa::212:4b00:41e:afc6: icmp_seq=494 ttl=63 time=81.4 ms
[1438875761.407518] 64 bytes from aaaa::212:4b00:41e:afc6: icmp_seq=495 ttl=63 time=80.5 ms
[1438875762.409064] 64 bytes from aaaa::212:4b00:41e:afc6: icmp_seq=496 ttl=63 time=80.4 ms
[1438875763.411132] 64 bytes from aaaa::212:4b00:41e:afc6: icmp_seq=497 ttl=63 time=81.0 ms
[1438875764.407386] 64 bytes from aaaa::212:4b00:41e:afc6: icmp_seq=498 ttl=63 time=76.2 ms
[1438875765.408773] 64 bytes from aaaa::212:4b00:41e:afc6: icmp_seq=499 ttl=63 time=76.2 ms
[1438875766.410207] 64 bytes from aaaa::212:4b00:41e:afc6: icmp_seq=500 ttl=63 time=76.2 ms
[1438875767.662538] 64 bytes from aaaa::212:4b00:41e:afc6: icmp_seq=501 ttl=63 time=327 ms
[1438875768.663465] 64 bytes from aaaa::212:4b00:41e:afc6: icmp_seq=502 ttl=63 time=327 ms
[1438875769.413585] 64 bytes from aaaa::212:4b00:41e:afc6: icmp_seq=503 ttl=63 time=76.2 ms
[1438875771.345484] no answer yet for icmp_seq=504
[1438875772.353468] no answer yet for icmp_seq=505
[1438875772.781826] 64 bytes from aaaa::212:4b00:41e:afc6: icmp_seq=504 ttl=63 time=2443 ms
[1438875773.354475] no answer yet for icmp_seq=506
[1438875773.657114] 64 bytes from aaaa::212:4b00:41e:afc6: icmp_seq=505 ttl=63 time=2311 ms
[1438875774.282651] 64 bytes from aaaa::212:4b00:41e:afc6: icmp_seq=506 ttl=63 time=1929 ms
[1438875774.353795] no answer yet for icmp_seq=507
[1438875775.033244] 64 bytes from aaaa::212:4b00:41e:afc6: icmp_seq=507 ttl=63 time=1678 ms
[1438875775.283274] 64 bytes from aaaa::212:4b00:41e:afc6: icmp_seq=508 ttl=63 time=929 ms
[1438875775.658489] 64 bytes from aaaa::212:4b00:41e:afc6: icmp_seq=509 ttl=63 time=304 ms
[1438875776.414125] 64 bytes from aaaa::212:4b00:41e:afc6: icmp_seq=510 ttl=63 time=59.7 ms
[1438875777.416003] 64 bytes from aaaa::212:4b00:41e:afc6: icmp_seq=511 ttl=63 time=59.7 ms
[1438875778.417504] 64 bytes from aaaa::212:4b00:41e:afc6: icmp_seq=512 ttl=63 time=59.3 ms
[1438875779.419100] 64 bytes from aaaa::212:4b00:41e:afc6: icmp_seq=513 ttl=63 time=59.4 ms
[1438875780.420253] 64 bytes from aaaa::212:4b00:41e:afc6: icmp_seq=514 ttl=63 time=59.3 ms
[1438875781.417489] 64 bytes from aaaa::212:4b00:41e:afc6: icmp_seq=515 ttl=63 time=55.1 ms
[1438875782.418741] 64 bytes from aaaa::212:4b00:41e:afc6: icmp_seq=516 ttl=63 time=55.1 ms
[1438875783.419887] 64 bytes from aaaa::212:4b00:41e:afc6: icmp_seq=517 ttl=63 time=54.9 ms
[1438875784.421201] 64 bytes from aaaa::212:4b00:41e:afc6: icmp_seq=518 ttl=63 time=55.1 ms
[1438875785.913490] 64 bytes from aaaa::212:4b00:41e:afc6: icmp_seq=519 ttl=63 time=546 ms
[1438875786.422987] 64 bytes from aaaa::212:4b00:41e:afc6: icmp_seq=520 ttl=63 time=54.9 ms
[1438875787.419869] 64 bytes from aaaa::212:4b00:41e:afc6: icmp_seq=521 ttl=63 time=50.8 ms
[1438875788.665260] 64 bytes from aaaa::212:4b00:41e:afc6: icmp_seq=522 ttl=63 time=294 ms
[1438875790.371317] no answer yet for icmp_seq=523
[1438875791.371269] no answer yet for icmp_seq=524
[1438875792.371259] no answer yet for icmp_seq=525
[1438875793.042004] 64 bytes from aaaa::212:4b00:41e:afc6: icmp_seq=523 ttl=63 time=3669 ms
[1438875793.371412] no answer yet for icmp_seq=526
[1438875793.542771] 64 bytes from aaaa::212:4b00:41e:afc6: icmp_seq=524 ttl=63 time=3171 ms
[1438875793.792216] 64 bytes from aaaa::212:4b00:41e:afc6: icmp_seq=525 ttl=63 time=2420 ms
[1438875793.925342] 64 bytes from aaaa::212:4b00:41e:afc6: icmp_seq=526 ttl=63 time=1553 ms
[1438875794.167272] 64 bytes from aaaa::212:4b00:41e:afc6: icmp_seq=527 ttl=63 time=795 ms
[1438875794.550499] 64 bytes from aaaa::212:4b00:41e:afc6: icmp_seq=528 ttl=63 time=178 ms
[1438875795.677258] 64 bytes from aaaa::212:4b00:41e:afc6: icmp_seq=529 ttl=63 time=304 ms
[1438875796.424264] 64 bytes from aaaa::212:4b00:41e:afc6: icmp_seq=530 ttl=63 time=50.7 ms
[1438875797.425524] 64 bytes from aaaa::212:4b00:41e:afc6: icmp_seq=531 ttl=63 time=50.8 ms
[1438875798.427382] 64 bytes from aaaa::212:4b00:41e:afc6: icmp_seq=532 ttl=63 time=50.7 ms
[1438875799.669974] 64 bytes from aaaa::212:4b00:41e:afc6: icmp_seq=533 ttl=63 time=291 ms
[1438875800.426575] 64 bytes from aaaa::212:4b00:41e:afc6: icmp_seq=534 ttl=63 time=46.7 ms
[1438875801.428160] 64 bytes from aaaa::212:4b00:41e:afc6: icmp_seq=535 ttl=63 time=46.4 ms
[1438875802.429876] 64 bytes from aaaa::212:4b00:41e:afc6: icmp_seq=536 ttl=63 time=46.5 ms
[1438875803.427618] 64 bytes from aaaa::212:4b00:41e:afc6: icmp_seq=537 ttl=63 time=42.8 ms
[1438875804.429172] 64 bytes from aaaa::212:4b00:41e:afc6: icmp_seq=538 ttl=63 time=42.3 ms
[1438875806.387272] no answer yet for icmp_seq=539
[1438875807.048528] 64 bytes from aaaa::212:4b00:41e:afc6: icmp_seq=539 ttl=63 time=1660 ms
[1438875807.298481] 64 bytes from aaaa::212:4b00:41e:afc6: icmp_seq=540 ttl=63 time=911 ms
[1438875807.429153] 64 bytes from aaaa::212:4b00:41e:afc6: icmp_seq=541 ttl=63 time=42.3 ms
[1438875808.430655] 64 bytes from aaaa::212:4b00:41e:afc6: icmp_seq=542 ttl=63 time=42.3 ms
[1438875809.431706] 64 bytes from aaaa::212:4b00:41e:afc6: icmp_seq=543 ttl=63 time=42.5 ms
[1438875810.433680] 64 bytes from aaaa::212:4b00:41e:afc6: icmp_seq=544 ttl=63 time=42.8 ms
[1438875811.800682] 64 bytes from aaaa::212:4b00:41e:afc6: icmp_seq=545 ttl=63 time=407 ms
[1438875812.801309] 64 bytes from aaaa::212:4b00:41e:afc6: icmp_seq=546 ttl=63 time=406 ms
[1438875813.801653] 64 bytes from aaaa::212:4b00:41e:afc6: icmp_seq=547 ttl=63 time=405 ms
[1438875814.684791] 64 bytes from aaaa::212:4b00:41e:afc6: icmp_seq=548 ttl=63 time=287 ms
[1438875815.684774] 64 bytes from aaaa::212:4b00:41e:afc6: icmp_seq=549 ttl=63 time=286 ms
[1438875816.560767] 64 bytes from aaaa::212:4b00:41e:afc6: icmp_seq=550 ttl=63 time=161 ms
[1438875817.683928] 64 bytes from aaaa::212:4b00:41e:afc6: icmp_seq=551 ttl=63 time=283 ms
[1438875818.558792] 64 bytes from aaaa::212:4b00:41e:afc6: icmp_seq=552 ttl=63 time=156 ms
[1438875819.563802] 64 bytes from aaaa::212:4b00:41e:afc6: icmp_seq=553 ttl=63 time=161 ms
[1438875820.930052] 64 bytes from aaaa::212:4b00:41e:afc6: icmp_seq=554 ttl=63 time=526 ms
[1438875821.561674] 64 bytes from aaaa::212:4b00:41e:afc6: icmp_seq=555 ttl=63 time=157 ms
[1438875822.562652] 64 bytes from aaaa::212:4b00:41e:afc6: icmp_seq=556 ttl=63 time=157 ms
[1438875823.563679] 64 bytes from aaaa::212:4b00:41e:afc6: icmp_seq=557 ttl=63 time=157 ms
[1438875824.564464] 64 bytes from aaaa::212:4b00:41e:afc6: icmp_seq=558 ttl=63 time=157 ms
[1438875825.565294] 64 bytes from aaaa::212:4b00:41e:afc6: icmp_seq=559 ttl=63 time=156 ms
[1438875826.563411] 64 bytes from aaaa::212:4b00:41e:afc6: icmp_seq=560 ttl=63 time=153 ms
[1438875827.564374] 64 bytes from aaaa::212:4b00:41e:afc6: icmp_seq=561 ttl=63 time=153 ms
[1438875828.564949] 64 bytes from aaaa::212:4b00:41e:afc6: icmp_seq=562 ttl=63 time=152 ms
[1438875829.942487] 64 bytes from aaaa::212:4b00:41e:afc6: icmp_seq=563 ttl=63 time=528 ms
[1438875831.059720] 64 bytes from aaaa::212:4b00:41e:afc6: icmp_seq=564 ttl=63 time=644 ms
[1438875831.692141] 64 bytes from aaaa::212:4b00:41e:afc6: icmp_seq=565 ttl=63 time=276 ms
[1438875832.692202] 64 bytes from aaaa::212:4b00:41e:afc6: icmp_seq=566 ttl=63 time=276 ms
[1438875834.193964] 64 bytes from aaaa::212:4b00:41e:afc6: icmp_seq=567 ttl=63 time=776 ms
[1438875834.570099] 64 bytes from aaaa::212:4b00:41e:afc6: icmp_seq=568 ttl=63 time=152 ms
[1438875835.820331] 64 bytes from aaaa::212:4b00:41e:afc6: icmp_seq=569 ttl=63 time=401 ms
[1438875836.812705] 64 bytes from aaaa::212:4b00:41e:afc6: icmp_seq=570 ttl=63 time=392 ms
[1438875837.569991] 64 bytes from aaaa::212:4b00:41e:afc6: icmp_seq=571 ttl=63 time=148 ms
[1438875838.822609] 64 bytes from aaaa::212:4b00:41e:afc6: icmp_seq=572 ttl=63 time=399 ms
[1438875839.572700] 64 bytes from aaaa::212:4b00:41e:afc6: icmp_seq=573 ttl=63 time=148 ms
[1438875840.573780] 64 bytes from aaaa::212:4b00:41e:afc6: icmp_seq=574 ttl=63 time=148 ms
[1438875841.699241] 64 bytes from aaaa::212:4b00:41e:afc6: icmp_seq=575 ttl=63 time=272 ms
[1438875843.427288] no answer yet for icmp_seq=576
[1438875843.571542] 64 bytes from aaaa::212:4b00:41e:afc6: icmp_seq=577 ttl=63 time=144 ms
[1438875844.572863] 64 bytes from aaaa::212:4b00:41e:afc6: icmp_seq=578 ttl=63 time=144 ms
[1438875845.574089] 64 bytes from aaaa::212:4b00:41e:afc6: icmp_seq=579 ttl=63 time=144 ms
[1438875846.575253] 64 bytes from aaaa::212:4b00:41e:afc6: icmp_seq=580 ttl=63 time=144 ms
[1438875847.577100] 64 bytes from aaaa::212:4b00:41e:afc6: icmp_seq=581 ttl=63 time=144 ms
[1438875848.574254] 64 bytes from aaaa::212:4b00:41e:afc6: icmp_seq=582 ttl=63 time=140 ms
[1438875849.575599] 64 bytes from aaaa::212:4b00:41e:afc6: icmp_seq=583 ttl=63 time=140 ms
[1438875850.701246] 64 bytes from aaaa::212:4b00:41e:afc6: icmp_seq=584 ttl=63 time=264 ms
[1438875851.578155] 64 bytes from aaaa::212:4b00:41e:afc6: icmp_seq=585 ttl=63 time=139 ms
[1438875852.574666] 64 bytes from aaaa::212:4b00:41e:afc6: icmp_seq=586 ttl=63 time=135 ms
[1438875853.576223] 64 bytes from aaaa::212:4b00:41e:afc6: icmp_seq=587 ttl=63 time=135 ms
[1438875854.578109] 64 bytes from aaaa::212:4b00:41e:afc6: icmp_seq=588 ttl=63 time=135 ms
[1438875855.575746] 64 bytes from aaaa::212:4b00:41e:afc6: icmp_seq=589 ttl=63 time=131 ms
[1438875856.577613] 64 bytes from aaaa::212:4b00:41e:afc6: icmp_seq=590 ttl=63 time=131 ms
[1438875857.579252] 64 bytes from aaaa::212:4b00:41e:afc6: icmp_seq=591 ttl=63 time=131 ms
[1438875858.580598] 64 bytes from aaaa::212:4b00:41e:afc6: icmp_seq=592 ttl=63 time=131 ms
[1438875859.581987] 64 bytes from aaaa::212:4b00:41e:afc6: icmp_seq=593 ttl=63 time=131 ms
[1438875860.583505] 64 bytes from aaaa::212:4b00:41e:afc6: icmp_seq=594 ttl=63 time=131 ms
[1438875861.580754] 64 bytes from aaaa::212:4b00:41e:afc6: icmp_seq=595 ttl=63 time=127 ms
[1438875862.705867] 64 bytes from aaaa::212:4b00:41e:afc6: icmp_seq=596 ttl=63 time=251 ms
[1438875863.709402] 64 bytes from aaaa::212:4b00:41e:afc6: icmp_seq=597 ttl=63 time=253 ms
[1438875864.584577] 64 bytes from aaaa::212:4b00:41e:afc6: icmp_seq=598 ttl=63 time=127 ms
[1438875865.586018] 64 bytes from aaaa::212:4b00:41e:afc6: icmp_seq=599 ttl=63 time=127 ms
[1438875866.707091] 64 bytes from aaaa::212:4b00:41e:afc6: icmp_seq=600 ttl=63 time=247 ms
[1438875867.828126] 64 bytes from aaaa::212:4b00:41e:afc6: icmp_seq=601 ttl=63 time=367 ms
[1438875868.585059] 64 bytes from aaaa::212:4b00:41e:afc6: icmp_seq=602 ttl=63 time=123 ms
[1438875869.586133] 64 bytes from aaaa::212:4b00:41e:afc6: icmp_seq=603 ttl=63 time=123 ms
[1438875870.829386] 64 bytes from aaaa::212:4b00:41e:afc6: icmp_seq=604 ttl=63 time=364 ms
[1438875871.588227] 64 bytes from aaaa::212:4b00:41e:afc6: icmp_seq=605 ttl=63 time=123 ms
[1438875872.589374] 64 bytes from aaaa::212:4b00:41e:afc6: icmp_seq=606 ttl=63 time=123 ms
[1438875873.964360] 64 bytes from aaaa::212:4b00:41e:afc6: icmp_seq=607 ttl=63 time=496 ms
[1438875874.586678] 64 bytes from aaaa::212:4b00:41e:afc6: icmp_seq=608 ttl=63 time=118 ms
[1438875875.588643] 64 bytes from aaaa::212:4b00:41e:afc6: icmp_seq=609 ttl=63 time=118 ms
[1438875876.590026] 64 bytes from aaaa::212:4b00:41e:afc6: icmp_seq=610 ttl=63 time=118 ms
[1438875877.591908] 64 bytes from aaaa::212:4b00:41e:afc6: icmp_seq=611 ttl=63 time=118 ms
[1438875878.589531] 64 bytes from aaaa::212:4b00:41e:afc6: icmp_seq=612 ttl=63 time=114 ms
[1438875879.591906] 64 bytes from aaaa::212:4b00:41e:afc6: icmp_seq=613 ttl=63 time=115 ms
[1438875880.593019] 64 bytes from aaaa::212:4b00:41e:afc6: icmp_seq=614 ttl=63 time=115 ms
[1438875881.593555] 64 bytes from aaaa::212:4b00:41e:afc6: icmp_seq=615 ttl=63 time=114 ms
[1438875882.591310] 64 bytes from aaaa::212:4b00:41e:afc6: icmp_seq=616 ttl=63 time=110 ms
[1438875883.592778] 64 bytes from aaaa::212:4b00:41e:afc6: icmp_seq=617 ttl=63 time=110 ms
[1438875884.594046] 64 bytes from aaaa::212:4b00:41e:afc6: icmp_seq=618 ttl=63 time=110 ms
[1438875885.590922] 64 bytes from aaaa::212:4b00:41e:afc6: icmp_seq=619 ttl=63 time=105 ms
[1438875886.719545] 64 bytes from aaaa::212:4b00:41e:afc6: icmp_seq=620 ttl=63 time=232 ms
[1438875887.594424] 64 bytes from aaaa::212:4b00:41e:afc6: icmp_seq=621 ttl=63 time=105 ms
[1438875888.595414] 64 bytes from aaaa::212:4b00:41e:afc6: icmp_seq=622 ttl=63 time=105 ms
[1438875889.596416] 64 bytes from aaaa::212:4b00:41e:afc6: icmp_seq=623 ttl=63 time=105 ms
[1438875890.597450] 64 bytes from aaaa::212:4b00:41e:afc6: icmp_seq=624 ttl=63 time=105 ms
[1438875891.598420] 64 bytes from aaaa::212:4b00:41e:afc6: icmp_seq=625 ttl=63 time=105 ms
[1438875892.595324] 64 bytes from aaaa::212:4b00:41e:afc6: icmp_seq=626 ttl=63 time=101 ms
[1438875893.597212] 64 bytes from aaaa::212:4b00:41e:afc6: icmp_seq=627 ttl=63 time=101 ms
[1438875894.598919] 64 bytes from aaaa::212:4b00:41e:afc6: icmp_seq=628 ttl=63 time=102 ms
[1438875895.599800] 64 bytes from aaaa::212:4b00:41e:afc6: icmp_seq=629 ttl=63 time=101 ms
[1438875896.597930] 64 bytes from aaaa::212:4b00:41e:afc6: icmp_seq=630 ttl=63 time=98.0 ms
[1438875898.509410] no answer yet for icmp_seq=631
[1438875898.598454] 64 bytes from aaaa::212:4b00:41e:afc6: icmp_seq=632 ttl=63 time=88.9 ms
[1438875899.600087] 64 bytes from aaaa::212:4b00:41e:afc6: icmp_seq=633 ttl=63 time=89.5 ms
[1438875900.601064] 64 bytes from aaaa::212:4b00:41e:afc6: icmp_seq=634 ttl=63 time=88.9 ms
[1438875901.602199] 64 bytes from aaaa::212:4b00:41e:afc6: icmp_seq=635 ttl=63 time=89.0 ms
[1438875902.852950] 64 bytes from aaaa::212:4b00:41e:afc6: icmp_seq=636 ttl=63 time=338 ms
[1438875903.600421] 64 bytes from aaaa::212:4b00:41e:afc6: icmp_seq=637 ttl=63 time=84.6 ms
[1438875904.602321] 64 bytes from aaaa::212:4b00:41e:afc6: icmp_seq=638 ttl=63 time=84.7 ms
[1438875905.604317] 64 bytes from aaaa::212:4b00:41e:afc6: icmp_seq=639 ttl=63 time=84.8 ms
[1438875907.529433] no answer yet for icmp_seq=640
[1438875907.601704] 64 bytes from aaaa::212:4b00:41e:afc6: icmp_seq=641 ttl=63 time=72.1 ms
[1438875908.602952] 64 bytes from aaaa::212:4b00:41e:afc6: icmp_seq=642 ttl=63 time=72.1 ms
[1438875909.604077] 64 bytes from aaaa::212:4b00:41e:afc6: icmp_seq=643 ttl=63 time=71.9 ms
[1438875910.604951] 64 bytes from aaaa::212:4b00:41e:afc6: icmp_seq=644 ttl=63 time=71.7 ms
[1438875911.607743] 64 bytes from aaaa::212:4b00:41e:afc6: icmp_seq=645 ttl=63 time=72.6 ms
[1438875912.605101] 64 bytes from aaaa::212:4b00:41e:afc6: icmp_seq=646 ttl=63 time=68.2 ms
[1438875913.606082] 64 bytes from aaaa::212:4b00:41e:afc6: icmp_seq=647 ttl=63 time=67.8 ms
[1438875914.608089] 64 bytes from aaaa::212:4b00:41e:afc6: icmp_seq=648 ttl=63 time=67.8 ms
[1438875915.605719] 64 bytes from aaaa::212:4b00:41e:afc6: icmp_seq=649 ttl=63 time=63.4 ms
[1438875916.607505] 64 bytes from aaaa::212:4b00:41e:afc6: icmp_seq=650 ttl=63 time=63.6 ms
[1438875917.609370] 64 bytes from aaaa::212:4b00:41e:afc6: icmp_seq=651 ttl=63 time=63.7 ms
[1438875918.610983] 64 bytes from aaaa::212:4b00:41e:afc6: icmp_seq=652 ttl=63 time=63.4 ms
[1438875919.608884] 64 bytes from aaaa::212:4b00:41e:afc6: icmp_seq=653 ttl=63 time=59.7 ms
[1438875920.610475] 64 bytes from aaaa::212:4b00:41e:afc6: icmp_seq=654 ttl=63 time=59.4 ms
[1438875921.611862] 64 bytes from aaaa::212:4b00:41e:afc6: icmp_seq=655 ttl=63 time=59.2 ms
[1438875922.609116] 64 bytes from aaaa::212:4b00:41e:afc6: icmp_seq=656 ttl=63 time=55.1 ms
[1438875923.610749] 64 bytes from aaaa::212:4b00:41e:afc6: icmp_seq=657 ttl=63 time=55.4 ms
[1438875924.612855] 64 bytes from aaaa::212:4b00:41e:afc6: icmp_seq=658 ttl=63 time=55.9 ms
[1438875925.613517] 64 bytes from aaaa::212:4b00:41e:afc6: icmp_seq=659 ttl=63 time=55.5 ms
[1438875926.614742] 64 bytes from aaaa::212:4b00:41e:afc6: icmp_seq=660 ttl=63 time=55.1 ms
[1438875927.611733] 64 bytes from aaaa::212:4b00:41e:afc6: icmp_seq=661 ttl=63 time=50.8 ms
[1438875928.613730] 64 bytes from aaaa::212:4b00:41e:afc6: icmp_seq=662 ttl=63 time=50.8 ms
[1438875929.615740] 64 bytes from aaaa::212:4b00:41e:afc6: icmp_seq=663 ttl=63 time=50.8 ms
[1438875930.613484] 64 bytes from aaaa::212:4b00:41e:afc6: icmp_seq=664 ttl=63 time=46.6 ms
[1438875932.577434] no answer yet for icmp_seq=665
[1438875933.585414] no answer yet for icmp_seq=666
[1438875933.867129] 64 bytes from aaaa::212:4b00:41e:afc6: icmp_seq=667 ttl=63 time=281 ms
[1438875934.865780] 64 bytes from aaaa::212:4b00:41e:afc6: icmp_seq=668 ttl=63 time=278 ms
[1438875935.741429] 64 bytes from aaaa::212:4b00:41e:afc6: icmp_seq=669 ttl=63 time=152 ms
[1438875936.864479] 64 bytes from aaaa::212:4b00:41e:afc6: icmp_seq=670 ttl=63 time=274 ms
[1438875938.591324] no answer yet for icmp_seq=671
[1438875938.744132] 64 bytes from aaaa::212:4b00:41e:afc6: icmp_seq=672 ttl=63 time=152 ms
[1438875939.745495] 64 bytes from aaaa::212:4b00:41e:afc6: icmp_seq=673 ttl=63 time=152 ms
[1438875941.601409] no answer yet for icmp_seq=674
[1438875941.988254] 64 bytes from aaaa::212:4b00:41e:afc6: icmp_seq=674 ttl=63 time=1393 ms
[1438875942.237781] 64 bytes from aaaa::212:4b00:41e:afc6: icmp_seq=675 ttl=63 time=636 ms
[1438875943.119368] 64 bytes from aaaa::212:4b00:41e:afc6: icmp_seq=676 ttl=63 time=518 ms
[1438875943.745516] 64 bytes from aaaa::212:4b00:41e:afc6: icmp_seq=677 ttl=63 time=144 ms
[1438875945.609387] no answer yet for icmp_seq=678
[1438875945.871301] 64 bytes from aaaa::212:4b00:41e:afc6: icmp_seq=679 ttl=63 time=261 ms
[1438875946.871281] 64 bytes from aaaa::212:4b00:41e:afc6: icmp_seq=680 ttl=63 time=260 ms
[1438875947.748279] 64 bytes from aaaa::212:4b00:41e:afc6: icmp_seq=681 ttl=63 time=136 ms
[1438875948.749034] 64 bytes from aaaa::212:4b00:41e:afc6: icmp_seq=682 ttl=63 time=135 ms
[1438875949.750788] 64 bytes from aaaa::212:4b00:41e:afc6: icmp_seq=683 ttl=63 time=135 ms
[1438875950.748279] 64 bytes from aaaa::212:4b00:41e:afc6: icmp_seq=684 ttl=63 time=131 ms
[1438875951.874749] 64 bytes from aaaa::212:4b00:41e:afc6: icmp_seq=685 ttl=63 time=256 ms
[1438875952.751035] 64 bytes from aaaa::212:4b00:41e:afc6: icmp_seq=686 ttl=63 time=131 ms
[1438875953.752706] 64 bytes from aaaa::212:4b00:41e:afc6: icmp_seq=687 ttl=63 time=131 ms
[1438875954.749857] 64 bytes from aaaa::212:4b00:41e:afc6: icmp_seq=688 ttl=63 time=127 ms
[1438875955.874835] 64 bytes from aaaa::212:4b00:41e:afc6: icmp_seq=689 ttl=63 time=250 ms
[1438875956.752415] 64 bytes from aaaa::212:4b00:41e:afc6: icmp_seq=690 ttl=63 time=127 ms
[1438875958.003984] 64 bytes from aaaa::212:4b00:41e:afc6: icmp_seq=691 ttl=63 time=377 ms
[1438875958.753912] 64 bytes from aaaa::212:4b00:41e:afc6: icmp_seq=692 ttl=63 time=127 ms
[1438875959.755121] 64 bytes from aaaa::212:4b00:41e:afc6: icmp_seq=693 ttl=63 time=127 ms
[1438875961.002426] 64 bytes from aaaa::212:4b00:41e:afc6: icmp_seq=694 ttl=63 time=373 ms
[1438875962.129740] 64 bytes from aaaa::212:4b00:41e:afc6: icmp_seq=695 ttl=63 time=500 ms
[1438875962.756496] 64 bytes from aaaa::212:4b00:41e:afc6: icmp_seq=696 ttl=63 time=127 ms
[1438875963.753470] 64 bytes from aaaa::212:4b00:41e:afc6: icmp_seq=697 ttl=63 time=123 ms
[1438875964.754312] 64 bytes from aaaa::212:4b00:41e:afc6: icmp_seq=698 ttl=63 time=122 ms
[1438875965.755266] 64 bytes from aaaa::212:4b00:41e:afc6: icmp_seq=699 ttl=63 time=122 ms
[1438875966.756550] 64 bytes from aaaa::212:4b00:41e:afc6: icmp_seq=700 ttl=63 time=123 ms
[1438875967.757675] 64 bytes from aaaa::212:4b00:41e:afc6: icmp_seq=701 ttl=63 time=123 ms
[1438875969.000430] 64 bytes from aaaa::212:4b00:41e:afc6: icmp_seq=702 ttl=63 time=364 ms
[1438875969.758929] 64 bytes from aaaa::212:4b00:41e:afc6: icmp_seq=703 ttl=63 time=122 ms
[1438875970.760937] 64 bytes from aaaa::212:4b00:41e:afc6: icmp_seq=704 ttl=63 time=122 ms
[1438875971.758319] 64 bytes from aaaa::212:4b00:41e:afc6: icmp_seq=705 ttl=63 time=119 ms
[1438875972.759061] 64 bytes from aaaa::212:4b00:41e:afc6: icmp_seq=706 ttl=63 time=118 ms
[1438875973.760810] 64 bytes from aaaa::212:4b00:41e:afc6: icmp_seq=707 ttl=63 time=118 ms
[1438875975.009818] 64 bytes from aaaa::212:4b00:41e:afc6: icmp_seq=708 ttl=63 time=365 ms
[1438875975.762799] 64 bytes from aaaa::212:4b00:41e:afc6: icmp_seq=709 ttl=63 time=119 ms
[1438875976.763697] 64 bytes from aaaa::212:4b00:41e:afc6: icmp_seq=710 ttl=63 time=118 ms
[1438875977.761319] 64 bytes from aaaa::212:4b00:41e:afc6: icmp_seq=711 ttl=63 time=114 ms
[1438875978.762970] 64 bytes from aaaa::212:4b00:41e:afc6: icmp_seq=712 ttl=63 time=114 ms
[1438875979.764455] 64 bytes from aaaa::212:4b00:41e:afc6: icmp_seq=713 ttl=63 time=114 ms
[1438875980.761818] 64 bytes from aaaa::212:4b00:41e:afc6: icmp_seq=714 ttl=63 time=110 ms
[1438875982.006958] 64 bytes from aaaa::212:4b00:41e:afc6: icmp_seq=715 ttl=63 time=354 ms
[1438875982.763096] 64 bytes from aaaa::212:4b00:41e:afc6: icmp_seq=716 ttl=63 time=110 ms
[1438875984.017081] 64 bytes from aaaa::212:4b00:41e:afc6: icmp_seq=717 ttl=63 time=362 ms
[1438875984.763981] 64 bytes from aaaa::212:4b00:41e:afc6: icmp_seq=718 ttl=63 time=110 ms
[1438875985.765215] 64 bytes from aaaa::212:4b00:41e:afc6: icmp_seq=719 ttl=63 time=110 ms
[1438875986.766580] 64 bytes from aaaa::212:4b00:41e:afc6: icmp_seq=720 ttl=63 time=110 ms
[1438875988.018845] 64 bytes from aaaa::212:4b00:41e:afc6: icmp_seq=721 ttl=63 time=361 ms
[1438875988.767973] 64 bytes from aaaa::212:4b00:41e:afc6: icmp_seq=722 ttl=63 time=110 ms
[1438875990.511593] 64 bytes from aaaa::212:4b00:41e:afc6: icmp_seq=723 ttl=63 time=852 ms
[1438875990.769094] 64 bytes from aaaa::212:4b00:41e:afc6: icmp_seq=724 ttl=63 time=110 ms
[1438875991.770342] 64 bytes from aaaa::212:4b00:41e:afc6: icmp_seq=725 ttl=63 time=110 ms
[1438875992.895237] 64 bytes from aaaa::212:4b00:41e:afc6: icmp_seq=726 ttl=63 time=233 ms
[1438875993.768847] 64 bytes from aaaa::212:4b00:41e:afc6: icmp_seq=727 ttl=63 time=106 ms
[1438875994.770010] 64 bytes from aaaa::212:4b00:41e:afc6: icmp_seq=728 ttl=63 time=106 ms
[1438875995.771266] 64 bytes from aaaa::212:4b00:41e:afc6: icmp_seq=729 ttl=63 time=106 ms
[1438875996.772349] 64 bytes from aaaa::212:4b00:41e:afc6: icmp_seq=730 ttl=63 time=105 ms
[1438875997.773231] 64 bytes from aaaa::212:4b00:41e:afc6: icmp_seq=731 ttl=63 time=105 ms
[1438875998.771186] 64 bytes from aaaa::212:4b00:41e:afc6: icmp_seq=732 ttl=63 time=101 ms
[1438875999.771991] 64 bytes from aaaa::212:4b00:41e:afc6: icmp_seq=733 ttl=63 time=101 ms
[1438876000.773852] 64 bytes from aaaa::212:4b00:41e:afc6: icmp_seq=734 ttl=63 time=101 ms
[1438876001.775618] 64 bytes from aaaa::212:4b00:41e:afc6: icmp_seq=735 ttl=63 time=101 ms
[1438876002.773119] 64 bytes from aaaa::212:4b00:41e:afc6: icmp_seq=736 ttl=63 time=97.4 ms
[1438876003.774740] 64 bytes from aaaa::212:4b00:41e:afc6: icmp_seq=737 ttl=63 time=97.6 ms
[1438876005.023301] 64 bytes from aaaa::212:4b00:41e:afc6: icmp_seq=738 ttl=63 time=344 ms
[1438876005.776752] 64 bytes from aaaa::212:4b00:41e:afc6: icmp_seq=739 ttl=63 time=97.5 ms
[1438876006.778400] 64 bytes from aaaa::212:4b00:41e:afc6: icmp_seq=740 ttl=63 time=97.5 ms
[1438876007.775707] 64 bytes from aaaa::212:4b00:41e:afc6: icmp_seq=741 ttl=63 time=93.2 ms
[1438876008.776552] 64 bytes from aaaa::212:4b00:41e:afc6: icmp_seq=742 ttl=63 time=93.2 ms
[1438876009.777520] 64 bytes from aaaa::212:4b00:41e:afc6: icmp_seq=743 ttl=63 time=93.1 ms
[1438876011.693326] no answer yet for icmp_seq=744
[1438876011.777979] 64 bytes from aaaa::212:4b00:41e:afc6: icmp_seq=745 ttl=63 time=84.5 ms
[1438876012.779866] 64 bytes from aaaa::212:4b00:41e:afc6: icmp_seq=746 ttl=63 time=84.8 ms
[1438876013.781442] 64 bytes from aaaa::212:4b00:41e:afc6: icmp_seq=747 ttl=63 time=84.5 ms
[1438876014.779266] 64 bytes from aaaa::212:4b00:41e:afc6: icmp_seq=748 ttl=63 time=80.7 ms
[1438876016.032362] 64 bytes from aaaa::212:4b00:41e:afc6: icmp_seq=749 ttl=63 time=332 ms
[1438876017.024355] 64 bytes from aaaa::212:4b00:41e:afc6: icmp_seq=750 ttl=63 time=324 ms
[1438876017.780641] 64 bytes from aaaa::212:4b00:41e:afc6: icmp_seq=751 ttl=63 time=80.4 ms
[1438876018.782653] 64 bytes from aaaa::212:4b00:41e:afc6: icmp_seq=752 ttl=63 time=80.9 ms
[1438876019.783288] 64 bytes from aaaa::212:4b00:41e:afc6: icmp_seq=753 ttl=63 time=80.5 ms
[1438876020.783957] 64 bytes from aaaa::212:4b00:41e:afc6: icmp_seq=754 ttl=63 time=80.3 ms
[1438876021.781406] 64 bytes from aaaa::212:4b00:41e:afc6: icmp_seq=755 ttl=63 time=76.3 ms
[1438876022.782884] 64 bytes from aaaa::212:4b00:41e:afc6: icmp_seq=756 ttl=63 time=76.3 ms
[1438876024.036721] 64 bytes from aaaa::212:4b00:41e:afc6: icmp_seq=757 ttl=63 time=328 ms
[1438876024.784621] 64 bytes from aaaa::212:4b00:41e:afc6: icmp_seq=758 ttl=63 time=76.1 ms
[1438876025.785904] 64 bytes from aaaa::212:4b00:41e:afc6: icmp_seq=759 ttl=63 time=76.2 ms
[1438876027.037152] 64 bytes from aaaa::212:4b00:41e:afc6: icmp_seq=760 ttl=63 time=326 ms
[1438876027.787051] 64 bytes from aaaa::212:4b00:41e:afc6: icmp_seq=761 ttl=63 time=76.2 ms
[1438876028.788517] 64 bytes from aaaa::212:4b00:41e:afc6: icmp_seq=762 ttl=63 time=76.4 ms
[1438876029.785719] 64 bytes from aaaa::212:4b00:41e:afc6: icmp_seq=763 ttl=63 time=72.0 ms
[1438876030.787427] 64 bytes from aaaa::212:4b00:41e:afc6: icmp_seq=764 ttl=63 time=72.5 ms
[1438876031.788475] 64 bytes from aaaa::212:4b00:41e:afc6: icmp_seq=765 ttl=63 time=72.0 ms
[1438876033.032164] 64 bytes from aaaa::212:4b00:41e:afc6: icmp_seq=766 ttl=63 time=314 ms
[1438876033.790059] 64 bytes from aaaa::212:4b00:41e:afc6: icmp_seq=767 ttl=63 time=72.0 ms
[1438876035.725312] no answer yet for icmp_seq=768
[1438876036.033281] 64 bytes from aaaa::212:4b00:41e:afc6: icmp_seq=769 ttl=63 time=307 ms
[1438876037.033550] 64 bytes from aaaa::212:4b00:41e:afc6: icmp_seq=770 ttl=63 time=308 ms
[1438876037.793154] 64 bytes from aaaa::212:4b00:41e:afc6: icmp_seq=771 ttl=63 time=67.7 ms
[1438876038.790553] 64 bytes from aaaa::212:4b00:41e:afc6: icmp_seq=772 ttl=63 time=63.3 ms
[1438876039.792676] 64 bytes from aaaa::212:4b00:41e:afc6: icmp_seq=773 ttl=63 time=63.9 ms
[1438876040.792653] 64 bytes from aaaa::212:4b00:41e:afc6: icmp_seq=774 ttl=63 time=63.5 ms
[1438876041.794018] 64 bytes from aaaa::212:4b00:41e:afc6: icmp_seq=775 ttl=63 time=63.3 ms
[1438876042.791362] 64 bytes from aaaa::212:4b00:41e:afc6: icmp_seq=776 ttl=63 time=59.2 ms
[1438876043.792905] 64 bytes from aaaa::212:4b00:41e:afc6: icmp_seq=777 ttl=63 time=59.4 ms
[1438876045.037910] 64 bytes from aaaa::212:4b00:41e:afc6: icmp_seq=778 ttl=63 time=303 ms
[1438876045.794032] 64 bytes from aaaa::212:4b00:41e:afc6: icmp_seq=779 ttl=63 time=59.2 ms
[1438876046.795445] 64 bytes from aaaa::212:4b00:41e:afc6: icmp_seq=780 ttl=63 time=59.2 ms
[1438876048.048202] 64 bytes from aaaa::212:4b00:41e:afc6: icmp_seq=781 ttl=63 time=310 ms
[1438876049.049094] 64 bytes from aaaa::212:4b00:41e:afc6: icmp_seq=782 ttl=63 time=311 ms
[1438876050.170664] 64 bytes from aaaa::212:4b00:41e:afc6: icmp_seq=783 ttl=63 time=432 ms
[1438876050.797615] 64 bytes from aaaa::212:4b00:41e:afc6: icmp_seq=784 ttl=63 time=59.2 ms
[1438876051.798924] 64 bytes from aaaa::212:4b00:41e:afc6: icmp_seq=785 ttl=63 time=59.2 ms
[1438876052.796150] 64 bytes from aaaa::212:4b00:41e:afc6: icmp_seq=786 ttl=63 time=55.1 ms
[1438876053.801409] 64 bytes from aaaa::212:4b00:41e:afc6: icmp_seq=787 ttl=63 time=59.1 ms
[1438876055.043055] 64 bytes from aaaa::212:4b00:41e:afc6: icmp_seq=788 ttl=63 time=299 ms
[1438876055.802501] 64 bytes from aaaa::212:4b00:41e:afc6: icmp_seq=789 ttl=63 time=59.2 ms
[1438876057.053135] 64 bytes from aaaa::212:4b00:41e:afc6: icmp_seq=790 ttl=63 time=308 ms
[1438876058.053027] 64 bytes from aaaa::212:4b00:41e:afc6: icmp_seq=791 ttl=63 time=308 ms
[1438876058.804248] 64 bytes from aaaa::212:4b00:41e:afc6: icmp_seq=792 ttl=63 time=59.3 ms
[1438876060.426055] 64 bytes from aaaa::212:4b00:41e:afc6: icmp_seq=793 ttl=63 time=679 ms
[1438876061.176772] 64 bytes from aaaa::212:4b00:41e:afc6: icmp_seq=794 ttl=63 time=430 ms
[1438876061.805926] 64 bytes from aaaa::212:4b00:41e:afc6: icmp_seq=795 ttl=63 time=59.4 ms
[1438876062.802972] 64 bytes from aaaa::212:4b00:41e:afc6: icmp_seq=796 ttl=63 time=54.9 ms
[1438876063.804289] 64 bytes from aaaa::212:4b00:41e:afc6: icmp_seq=797 ttl=63 time=55.1 ms
[1438876064.805553] 64 bytes from aaaa::212:4b00:41e:afc6: icmp_seq=798 ttl=63 time=55.1 ms
[1438876065.807194] 64 bytes from aaaa::212:4b00:41e:afc6: icmp_seq=799 ttl=63 time=55.4 ms
[1438876066.804291] 64 bytes from aaaa::212:4b00:41e:afc6: icmp_seq=800 ttl=63 time=50.9 ms
[1438876068.049036] 64 bytes from aaaa::212:4b00:41e:afc6: icmp_seq=801 ttl=63 time=294 ms
[1438876068.805662] 64 bytes from aaaa::212:4b00:41e:afc6: icmp_seq=802 ttl=63 time=50.7 ms
[1438876069.807685] 64 bytes from aaaa::212:4b00:41e:afc6: icmp_seq=803 ttl=63 time=50.9 ms
[1438876071.056590] 64 bytes from aaaa::212:4b00:41e:afc6: icmp_seq=804 ttl=63 time=298 ms
[1438876071.809042] 64 bytes from aaaa::212:4b00:41e:afc6: icmp_seq=805 ttl=63 time=50.6 ms
[1438876073.434376] 64 bytes from aaaa::212:4b00:41e:afc6: icmp_seq=806 ttl=63 time=674 ms
[1438876073.810653] 64 bytes from aaaa::212:4b00:41e:afc6: icmp_seq=807 ttl=63 time=50.8 ms
[1438876075.310492] 64 bytes from aaaa::212:4b00:41e:afc6: icmp_seq=808 ttl=63 time=548 ms
[1438876075.808793] 64 bytes from aaaa::212:4b00:41e:afc6: icmp_seq=809 ttl=63 time=46.6 ms
[1438876076.810961] 64 bytes from aaaa::212:4b00:41e:afc6: icmp_seq=810 ttl=63 time=47.1 ms
[1438876077.811720] 64 bytes from aaaa::212:4b00:41e:afc6: icmp_seq=811 ttl=63 time=46.6 ms
[1438876078.809338] 64 bytes from aaaa::212:4b00:41e:afc6: icmp_seq=812 ttl=63 time=42.4 ms
[1438876079.810915] 64 bytes from aaaa::212:4b00:41e:afc6: icmp_seq=813 ttl=63 time=42.4 ms
[1438876080.812408] 64 bytes from aaaa::212:4b00:41e:afc6: icmp_seq=814 ttl=63 time=42.3 ms
[1438876081.813781] 64 bytes from aaaa::212:4b00:41e:afc6: icmp_seq=815 ttl=63 time=42.4 ms
[1438876083.061389] 64 bytes from aaaa::212:4b00:41e:afc6: icmp_seq=816 ttl=63 time=288 ms
[1438876083.811099] 64 bytes from aaaa::212:4b00:41e:afc6: icmp_seq=817 ttl=63 time=37.8 ms
[1438876084.936415] 64 bytes from aaaa::212:4b00:41e:afc6: icmp_seq=818 ttl=63 time=161 ms
[1438876085.936918] 64 bytes from aaaa::212:4b00:41e:afc6: icmp_seq=819 ttl=63 time=161 ms
[1438876086.938038] 64 bytes from aaaa::212:4b00:41e:afc6: icmp_seq=820 ttl=63 time=161 ms
[1438876088.066023] 64 bytes from aaaa::212:4b00:41e:afc6: icmp_seq=821 ttl=63 time=287 ms
[1438876089.190921] 64 bytes from aaaa::212:4b00:41e:afc6: icmp_seq=822 ttl=63 time=413 ms
[1438876090.123795] 64 bytes from aaaa::212:4b00:41e:afc6: icmp_seq=823 ttl=63 time=346 ms
[1438876091.191652] 64 bytes from aaaa::212:4b00:41e:afc6: icmp_seq=824 ttl=63 time=414 ms
[1438876092.192149] 64 bytes from aaaa::212:4b00:41e:afc6: icmp_seq=825 ttl=63 time=414 ms
[1438876093.785404] no answer yet for icmp_seq=826
[1438876094.060035] 64 bytes from aaaa::212:4b00:41e:afc6: icmp_seq=826 ttl=63 time=1282 ms
[1438876094.193895] 64 bytes from aaaa::212:4b00:41e:afc6: icmp_seq=827 ttl=63 time=408 ms
[1438876095.067950] 64 bytes from aaaa::212:4b00:41e:afc6: icmp_seq=828 ttl=63 time=282 ms
[1438876096.793417] no answer yet for icmp_seq=829
[1438876096.944274] 64 bytes from aaaa::212:4b00:41e:afc6: icmp_seq=829 ttl=63 time=1158 ms
[1438876097.440160] 64 bytes from aaaa::212:4b00:41e:afc6: icmp_seq=830 ttl=63 time=646 ms
[1438876098.801436] no answer yet for icmp_seq=831
[1438876099.318406] 64 bytes from aaaa::212:4b00:41e:afc6: icmp_seq=831 ttl=63 time=1524 ms
[1438876099.800955] no answer yet for icmp_seq=832
[1438876100.437119] 64 bytes from aaaa::212:4b00:41e:afc6: icmp_seq=832 ttl=63 time=1635 ms
[1438876100.800560] no answer yet for icmp_seq=833
[1438876101.187674] 64 bytes from aaaa::212:4b00:41e:afc6: icmp_seq=833 ttl=63 time=1386 ms
[1438876101.800411] no answer yet for icmp_seq=834
[1438876102.072291] 64 bytes from aaaa::212:4b00:41e:afc6: icmp_seq=834 ttl=63 time=1271 ms
[1438876102.446433] 64 bytes from aaaa::212:4b00:41e:afc6: icmp_seq=835 ttl=63 time=645 ms
[1438876103.196002] 64 bytes from aaaa::212:4b00:41e:afc6: icmp_seq=836 ttl=63 time=396 ms
[1438876103.944281] 64 bytes from aaaa::212:4b00:41e:afc6: icmp_seq=837 ttl=63 time=144 ms
[1438876104.944666] 64 bytes from aaaa::212:4b00:41e:afc6: icmp_seq=838 ttl=63 time=144 ms
[1438876106.074174] 64 bytes from aaaa::212:4b00:41e:afc6: icmp_seq=839 ttl=63 time=272 ms
[1438876106.946292] 64 bytes from aaaa::212:4b00:41e:afc6: icmp_seq=840 ttl=63 time=144 ms
[1438876108.074951] 64 bytes from aaaa::212:4b00:41e:afc6: icmp_seq=841 ttl=63 time=271 ms
[1438876109.199287] 64 bytes from aaaa::212:4b00:41e:afc6: icmp_seq=842 ttl=63 time=395 ms
[1438876110.449699] 64 bytes from aaaa::212:4b00:41e:afc6: icmp_seq=843 ttl=63 time=645 ms
[1438876111.072561] 64 bytes from aaaa::212:4b00:41e:afc6: icmp_seq=844 ttl=63 time=268 ms
[1438876111.949170] 64 bytes from aaaa::212:4b00:41e:afc6: icmp_seq=845 ttl=63 time=144 ms
[1438876112.950540] 64 bytes from aaaa::212:4b00:41e:afc6: icmp_seq=846 ttl=63 time=144 ms
[1438876114.199532] 64 bytes from aaaa::212:4b00:41e:afc6: icmp_seq=847 ttl=63 time=391 ms
[1438876115.444386] 64 bytes from aaaa::212:4b00:41e:afc6: icmp_seq=848 ttl=63 time=637 ms
[1438876115.952434] 64 bytes from aaaa::212:4b00:41e:afc6: icmp_seq=849 ttl=63 time=145 ms
[1438876116.952407] 64 bytes from aaaa::212:4b00:41e:afc6: icmp_seq=850 ttl=63 time=143 ms
[1438876118.079548] 64 bytes from aaaa::212:4b00:41e:afc6: icmp_seq=851 ttl=63 time=270 ms
[1438876118.953690] 64 bytes from aaaa::212:4b00:41e:afc6: icmp_seq=852 ttl=63 time=144 ms
[1438876120.328407] 64 bytes from aaaa::212:4b00:41e:afc6: icmp_seq=853 ttl=63 time=517 ms
[1438876120.955551] 64 bytes from aaaa::212:4b00:41e:afc6: icmp_seq=854 ttl=63 time=144 ms
[1438876122.197792] 64 bytes from aaaa::212:4b00:41e:afc6: icmp_seq=855 ttl=63 time=385 ms
[1438876122.956512] 64 bytes from aaaa::212:4b00:41e:afc6: icmp_seq=856 ttl=63 time=144 ms
[1438876123.957655] 64 bytes from aaaa::212:4b00:41e:afc6: icmp_seq=857 ttl=63 time=144 ms
[1438876124.954695] 64 bytes from aaaa::212:4b00:41e:afc6: icmp_seq=858 ttl=63 time=140 ms
[1438876126.332823] 64 bytes from aaaa::212:4b00:41e:afc6: icmp_seq=859 ttl=63 time=517 ms
[1438876126.955434] 64 bytes from aaaa::212:4b00:41e:afc6: icmp_seq=860 ttl=63 time=139 ms
[1438876127.956570] 64 bytes from aaaa::212:4b00:41e:afc6: icmp_seq=861 ttl=63 time=140 ms
[1438876129.205445] 64 bytes from aaaa::212:4b00:41e:afc6: icmp_seq=862 ttl=63 time=387 ms
[1438876129.958178] 64 bytes from aaaa::212:4b00:41e:afc6: icmp_seq=863 ttl=63 time=139 ms
[1438876130.959157] 64 bytes from aaaa::212:4b00:41e:afc6: icmp_seq=864 ttl=63 time=139 ms
[1438876132.207802] 64 bytes from aaaa::212:4b00:41e:afc6: icmp_seq=865 ttl=63 time=387 ms
[1438876133.084834] 64 bytes from aaaa::212:4b00:41e:afc6: icmp_seq=866 ttl=63 time=264 ms
[1438876134.203028] 64 bytes from aaaa::212:4b00:41e:afc6: icmp_seq=867 ttl=63 time=382 ms
[1438876135.458171] 64 bytes from aaaa::212:4b00:41e:afc6: icmp_seq=868 ttl=63 time=637 ms
[1438876136.087699] 64 bytes from aaaa::212:4b00:41e:afc6: icmp_seq=869 ttl=63 time=266 ms
[1438876136.960668] 64 bytes from aaaa::212:4b00:41e:afc6: icmp_seq=870 ttl=63 time=140 ms
[1438876138.460314] 64 bytes from aaaa::212:4b00:41e:afc6: icmp_seq=871 ttl=63 time=638 ms
[1438876139.204895] 64 bytes from aaaa::212:4b00:41e:afc6: icmp_seq=872 ttl=63 time=383 ms
[1438876140.212387] 64 bytes from aaaa::212:4b00:41e:afc6: icmp_seq=873 ttl=63 time=390 ms
[1438876141.338926] 64 bytes from aaaa::212:4b00:41e:afc6: icmp_seq=874 ttl=63 time=516 ms
[1438876141.962598] 64 bytes from aaaa::212:4b00:41e:afc6: icmp_seq=875 ttl=63 time=139 ms
[1438876142.963539] 64 bytes from aaaa::212:4b00:41e:afc6: icmp_seq=876 ttl=63 time=139 ms
[1438876143.964470] 64 bytes from aaaa::212:4b00:41e:afc6: icmp_seq=877 ttl=63 time=139 ms
[1438876144.965455] 64 bytes from aaaa::212:4b00:41e:afc6: icmp_seq=878 ttl=63 time=139 ms
[1438876146.215131] 64 bytes from aaaa::212:4b00:41e:afc6: icmp_seq=879 ttl=63 time=388 ms
[1438876146.967175] 64 bytes from aaaa::212:4b00:41e:afc6: icmp_seq=880 ttl=63 time=140 ms
[1438876148.342667] 64 bytes from aaaa::212:4b00:41e:afc6: icmp_seq=881 ttl=63 time=514 ms
[1438876149.343664] 64 bytes from aaaa::212:4b00:41e:afc6: icmp_seq=882 ttl=63 time=515 ms
[1438876149.968158] 64 bytes from aaaa::212:4b00:41e:afc6: icmp_seq=883 ttl=63 time=139 ms
[1438876150.965914] 64 bytes from aaaa::212:4b00:41e:afc6: icmp_seq=884 ttl=63 time=135 ms
[1438876151.967671] 64 bytes from aaaa::212:4b00:41e:afc6: icmp_seq=885 ttl=63 time=135 ms
[1438876153.095932] 64 bytes from aaaa::212:4b00:41e:afc6: icmp_seq=886 ttl=63 time=262 ms
[1438876153.969669] 64 bytes from aaaa::212:4b00:41e:afc6: icmp_seq=887 ttl=63 time=135 ms
[1438876155.594791] 64 bytes from aaaa::212:4b00:41e:afc6: icmp_seq=888 ttl=63 time=759 ms
[1438876156.097169] 64 bytes from aaaa::212:4b00:41e:afc6: icmp_seq=889 ttl=63 time=261 ms
[1438876156.970819] 64 bytes from aaaa::212:4b00:41e:afc6: icmp_seq=890 ttl=63 time=135 ms
[1438876157.972697] 64 bytes from aaaa::212:4b00:41e:afc6: icmp_seq=891 ttl=63 time=135 ms
[1438876159.221163] 64 bytes from aaaa::212:4b00:41e:afc6: icmp_seq=892 ttl=63 time=382 ms
[1438876160.345870] 64 bytes from aaaa::212:4b00:41e:afc6: icmp_seq=893 ttl=63 time=507 ms
[1438876160.974444] 64 bytes from aaaa::212:4b00:41e:afc6: icmp_seq=894 ttl=63 time=135 ms
[1438876161.971054] 64 bytes from aaaa::212:4b00:41e:afc6: icmp_seq=895 ttl=63 time=131 ms
[1438876162.972541] 64 bytes from aaaa::212:4b00:41e:afc6: icmp_seq=896 ttl=63 time=131 ms
[1438876164.717193] 64 bytes from aaaa::212:4b00:41e:afc6: icmp_seq=897 ttl=63 time=874 ms
[1438876165.217293] 64 bytes from aaaa::212:4b00:41e:afc6: icmp_seq=898 ttl=63 time=374 ms
[1438876166.101196] 64 bytes from aaaa::212:4b00:41e:afc6: icmp_seq=899 ttl=63 time=258 ms
[1438876166.974553] 64 bytes from aaaa::212:4b00:41e:afc6: icmp_seq=900 ttl=63 time=131 ms
[1438876168.478306] 64 bytes from aaaa::212:4b00:41e:afc6: icmp_seq=901 ttl=63 time=633 ms
[1438876168.976422] 64 bytes from aaaa::212:4b00:41e:afc6: icmp_seq=902 ttl=63 time=131 ms
[1438876170.103361] 64 bytes from aaaa::212:4b00:41e:afc6: icmp_seq=903 ttl=63 time=256 ms
[1438876170.977672] 64 bytes from aaaa::212:4b00:41e:afc6: icmp_seq=904 ttl=63 time=131 ms
[1438876172.354542] 64 bytes from aaaa::212:4b00:41e:afc6: icmp_seq=905 ttl=63 time=506 ms
[1438876173.104539] 64 bytes from aaaa::212:4b00:41e:afc6: icmp_seq=906 ttl=63 time=256 ms
[1438876174.105306] 64 bytes from aaaa::212:4b00:41e:afc6: icmp_seq=907 ttl=63 time=256 ms
[1438876174.976566] 64 bytes from aaaa::212:4b00:41e:afc6: icmp_seq=908 ttl=63 time=127 ms
[1438876175.977926] 64 bytes from aaaa::212:4b00:41e:afc6: icmp_seq=909 ttl=63 time=127 ms
[1438876177.473829] 64 bytes from aaaa::212:4b00:41e:afc6: icmp_seq=910 ttl=63 time=621 ms
[1438876178.861442] no answer yet for icmp_seq=911
[1438876178.980925] 64 bytes from aaaa::212:4b00:41e:afc6: icmp_seq=912 ttl=63 time=119 ms
[1438876179.981677] 64 bytes from aaaa::212:4b00:41e:afc6: icmp_seq=913 ttl=63 time=118 ms
[1438876180.983680] 64 bytes from aaaa::212:4b00:41e:afc6: icmp_seq=914 ttl=63 time=118 ms
[1438876182.234178] 64 bytes from aaaa::212:4b00:41e:afc6: icmp_seq=915 ttl=63 time=368 ms
[1438876182.984679] 64 bytes from aaaa::212:4b00:41e:afc6: icmp_seq=916 ttl=63 time=118 ms
[1438876183.982305] 64 bytes from aaaa::212:4b00:41e:afc6: icmp_seq=917 ttl=63 time=114 ms
[1438876185.601923] 64 bytes from aaaa::212:4b00:41e:afc6: icmp_seq=918 ttl=63 time=732 ms
[1438876185.983930] 64 bytes from aaaa::212:4b00:41e:afc6: icmp_seq=919 ttl=63 time=114 ms
[1438876186.985547] 64 bytes from aaaa::212:4b00:41e:afc6: icmp_seq=920 ttl=63 time=114 ms
[1438876188.233306] 64 bytes from aaaa::212:4b00:41e:afc6: icmp_seq=921 ttl=63 time=360 ms
[1438876188.983344] 64 bytes from aaaa::212:4b00:41e:afc6: icmp_seq=922 ttl=63 time=110 ms
[1438876190.361948] 64 bytes from aaaa::212:4b00:41e:afc6: icmp_seq=923 ttl=63 time=487 ms
[1438876191.487063] 64 bytes from aaaa::212:4b00:41e:afc6: icmp_seq=924 ttl=63 time=612 ms
[1438876192.113126] 64 bytes from aaaa::212:4b00:41e:afc6: icmp_seq=925 ttl=63 time=238 ms
[1438876192.985677] 64 bytes from aaaa::212:4b00:41e:afc6: icmp_seq=926 ttl=63 time=110 ms
[1438876194.355552] 64 bytes from aaaa::212:4b00:41e:afc6: icmp_seq=927 ttl=63 time=478 ms
[1438876195.885453] no answer yet for icmp_seq=928
[1438876196.231151] 64 bytes from aaaa::212:4b00:41e:afc6: icmp_seq=929 ttl=63 time=345 ms
[1438876196.987947] 64 bytes from aaaa::212:4b00:41e:afc6: icmp_seq=930 ttl=63 time=101 ms
[1438876197.989054] 64 bytes from aaaa::212:4b00:41e:afc6: icmp_seq=931 ttl=63 time=102 ms
[1438876198.990059] 64 bytes from aaaa::212:4b00:41e:afc6: icmp_seq=932 ttl=63 time=101 ms
[1438876199.990916] 64 bytes from aaaa::212:4b00:41e:afc6: icmp_seq=933 ttl=63 time=101 ms
[1438876201.233416] 64 bytes from aaaa::212:4b00:41e:afc6: icmp_seq=934 ttl=63 time=342 ms
[1438876202.367944] 64 bytes from aaaa::212:4b00:41e:afc6: icmp_seq=935 ttl=63 time=476 ms
[1438876203.118053] 64 bytes from aaaa::212:4b00:41e:afc6: icmp_seq=936 ttl=63 time=226 ms
[1438876203.993826] 64 bytes from aaaa::212:4b00:41e:afc6: icmp_seq=937 ttl=63 time=101 ms
[1438876205.616957] 64 bytes from aaaa::212:4b00:41e:afc6: icmp_seq=938 ttl=63 time=723 ms
[1438876205.991436] 64 bytes from aaaa::212:4b00:41e:afc6: icmp_seq=939 ttl=63 time=98.0 ms
[1438876206.991928] 64 bytes from aaaa::212:4b00:41e:afc6: icmp_seq=940 ttl=63 time=97.4 ms
[1438876207.993694] 64 bytes from aaaa::212:4b00:41e:afc6: icmp_seq=941 ttl=63 time=97.6 ms
[1438876209.236681] 64 bytes from aaaa::212:4b00:41e:afc6: icmp_seq=942 ttl=63 time=338 ms
[1438876209.996059] 64 bytes from aaaa::212:4b00:41e:afc6: icmp_seq=943 ttl=63 time=97.5 ms
[1438876210.994012] 64 bytes from aaaa::212:4b00:41e:afc6: icmp_seq=944 ttl=63 time=93.7 ms
[1438876212.909407] no answer yet for icmp_seq=945
[1438876212.994714] 64 bytes from aaaa::212:4b00:41e:afc6: icmp_seq=946 ttl=63 time=85.1 ms
[1438876214.489305] 64 bytes from aaaa::212:4b00:41e:afc6: icmp_seq=947 ttl=63 time=578 ms
[1438876214.995695] 64 bytes from aaaa::212:4b00:41e:afc6: icmp_seq=948 ttl=63 time=84.8 ms
[1438876216.921440] no answer yet for icmp_seq=949
[1438876217.365561] 64 bytes from aaaa::212:4b00:41e:afc6: icmp_seq=949 ttl=63 time=1452 ms
[1438876217.497534] 64 bytes from aaaa::212:4b00:41e:afc6: icmp_seq=950 ttl=63 time=575 ms
[1438876218.929448] no answer yet for icmp_seq=951
[1438876219.241722] 64 bytes from aaaa::212:4b00:41e:afc6: icmp_seq=952 ttl=63 time=312 ms
[1438876220.125466] 64 bytes from aaaa::212:4b00:41e:afc6: icmp_seq=953 ttl=63 time=195 ms
[1438876221.492382] 64 bytes from aaaa::212:4b00:41e:afc6: icmp_seq=954 ttl=63 time=561 ms
[1438876221.997865] 64 bytes from aaaa::212:4b00:41e:afc6: icmp_seq=955 ttl=63 time=67.7 ms
[1438876222.999934] 64 bytes from aaaa::212:4b00:41e:afc6: icmp_seq=956 ttl=63 time=67.9 ms
[1438876224.249744] 64 bytes from aaaa::212:4b00:41e:afc6: icmp_seq=957 ttl=63 time=316 ms
[1438876225.001488] 64 bytes from aaaa::212:4b00:41e:afc6: icmp_seq=958 ttl=63 time=67.8 ms
[1438876226.002616] 64 bytes from aaaa::212:4b00:41e:afc6: icmp_seq=959 ttl=63 time=67.9 ms
[1438876227.002609] 64 bytes from aaaa::212:4b00:41e:afc6: icmp_seq=960 ttl=63 time=67.8 ms
[1438876228.941447] no answer yet for icmp_seq=961
[1438876229.949393] no answer yet for icmp_seq=962
[1438876230.005048] 64 bytes from aaaa::212:4b00:41e:afc6: icmp_seq=963 ttl=63 time=55.5 ms
[1438876231.005330] 64 bytes from aaaa::212:4b00:41e:afc6: icmp_seq=964 ttl=63 time=55.1 ms
[1438876232.005439] 64 bytes from aaaa::212:4b00:41e:afc6: icmp_seq=965 ttl=63 time=55.0 ms
[1438876233.253574] 64 bytes from aaaa::212:4b00:41e:afc6: icmp_seq=966 ttl=63 time=302 ms
[1438876234.131332] 64 bytes from aaaa::212:4b00:41e:afc6: icmp_seq=967 ttl=63 time=180 ms
[1438876235.248578] 64 bytes from aaaa::212:4b00:41e:afc6: icmp_seq=968 ttl=63 time=297 ms
[1438876236.006688] 64 bytes from aaaa::212:4b00:41e:afc6: icmp_seq=969 ttl=63 time=55.2 ms
[1438876237.006946] 64 bytes from aaaa::212:4b00:41e:afc6: icmp_seq=970 ttl=63 time=55.0 ms
[1438876238.007190] 64 bytes from aaaa::212:4b00:41e:afc6: icmp_seq=971 ttl=63 time=55.1 ms
[1438876239.257316] 64 bytes from aaaa::212:4b00:41e:afc6: icmp_seq=972 ttl=63 time=304 ms
[1438876240.007289] 64 bytes from aaaa::212:4b00:41e:afc6: icmp_seq=973 ttl=63 time=55.0 ms
[1438876241.007574] 64 bytes from aaaa::212:4b00:41e:afc6: icmp_seq=974 ttl=63 time=55.1 ms
[1438876242.007957] 64 bytes from aaaa::212:4b00:41e:afc6: icmp_seq=975 ttl=63 time=55.2 ms
[1438876243.511343] 64 bytes from aaaa::212:4b00:41e:afc6: icmp_seq=976 ttl=63 time=558 ms
[1438876244.012346] 64 bytes from aaaa::212:4b00:41e:afc6: icmp_seq=977 ttl=63 time=59.3 ms
[1438876245.012818] 64 bytes from aaaa::212:4b00:41e:afc6: icmp_seq=978 ttl=63 time=59.3 ms
[1438876246.013342] 64 bytes from aaaa::212:4b00:41e:afc6: icmp_seq=979 ttl=63 time=59.3 ms
[1438876247.013946] 64 bytes from aaaa::212:4b00:41e:afc6: icmp_seq=980 ttl=63 time=59.4 ms
[1438876248.261950] 64 bytes from aaaa::212:4b00:41e:afc6: icmp_seq=981 ttl=63 time=306 ms
[1438876249.140322] 64 bytes from aaaa::212:4b00:41e:afc6: icmp_seq=982 ttl=63 time=184 ms
[1438876250.011534] 64 bytes from aaaa::212:4b00:41e:afc6: icmp_seq=983 ttl=63 time=55.1 ms
[1438876251.015087] 64 bytes from aaaa::212:4b00:41e:afc6: icmp_seq=984 ttl=63 time=59.0 ms
[1438876252.011573] 64 bytes from aaaa::212:4b00:41e:afc6: icmp_seq=985 ttl=63 time=55.3 ms
[1438876253.015888] 64 bytes from aaaa::212:4b00:41e:afc6: icmp_seq=986 ttl=63 time=59.2 ms
[1438876254.016325] 64 bytes from aaaa::212:4b00:41e:afc6: icmp_seq=987 ttl=63 time=59.3 ms
[1438876255.016854] 64 bytes from aaaa::212:4b00:41e:afc6: icmp_seq=988 ttl=63 time=59.3 ms
[1438876256.017325] 64 bytes from aaaa::212:4b00:41e:afc6: icmp_seq=989 ttl=63 time=59.3 ms
[1438876257.017894] 64 bytes from aaaa::212:4b00:41e:afc6: icmp_seq=990 ttl=63 time=59.3 ms
[1438876258.018383] 64 bytes from aaaa::212:4b00:41e:afc6: icmp_seq=991 ttl=63 time=59.3 ms
[1438876259.018585] 64 bytes from aaaa::212:4b00:41e:afc6: icmp_seq=992 ttl=63 time=59.8 ms
[1438876260.019101] 64 bytes from aaaa::212:4b00:41e:afc6: icmp_seq=993 ttl=63 time=59.3 ms
[1438876261.019459] 64 bytes from aaaa::212:4b00:41e:afc6: icmp_seq=994 ttl=63 time=59.2 ms
[1438876262.637335] 64 bytes from aaaa::212:4b00:41e:afc6: icmp_seq=995 ttl=63 time=677 ms
[1438876263.019731] 64 bytes from aaaa::212:4b00:41e:afc6: icmp_seq=996 ttl=63 time=59.8 ms
[1438876264.520701] 64 bytes from aaaa::212:4b00:41e:afc6: icmp_seq=997 ttl=63 time=559 ms
[1438876265.144077] 64 bytes from aaaa::212:4b00:41e:afc6: icmp_seq=998 ttl=63 time=182 ms
[1438876266.263849] 64 bytes from aaaa::212:4b00:41e:afc6: icmp_seq=999 ttl=63 time=301 ms
[1438876267.021084] 64 bytes from aaaa::212:4b00:41e:afc6: icmp_seq=1000 ttl=63 time=59.3 ms

--- aaaa::212:4b00:41e:afc6 ping statistics ---
1000 packets transmitted, 955 received, 4% packet loss, time 1000260ms
rtt min/avg/max/mdev = 37.896/226.118/3669.827/303.094 ms, pipe 4
