PING aaaa::212:4b00:41e:afc6(aaaa::212:4b00:41e:afc6) 56 data bytes
[1438165855.358861] 64 bytes from aaaa::212:4b00:41e:afc6: icmp_seq=1 ttl=63 time=838 ms
[1438165855.738993] 64 bytes from aaaa::212:4b00:41e:afc6: icmp_seq=2 ttl=63 time=219 ms
[1438165856.610369] 64 bytes from aaaa::212:4b00:41e:afc6: icmp_seq=3 ttl=63 time=89.3 ms
[1438165857.611475] 64 bytes from aaaa::212:4b00:41e:afc6: icmp_seq=4 ttl=63 time=88.9 ms
[1438165858.863518] 64 bytes from aaaa::212:4b00:41e:afc6: icmp_seq=5 ttl=63 time=339 ms
[1438165861.612763] 64 bytes from aaaa::212:4b00:41e:afc6: icmp_seq=8 ttl=63 time=72.0 ms
[1438165862.863645] 64 bytes from aaaa::212:4b00:41e:afc6: icmp_seq=9 ttl=63 time=321 ms
[1438165864.232306] 64 bytes from aaaa::212:4b00:41e:afc6: icmp_seq=10 ttl=63 time=688 ms
[1438165865.357663] 64 bytes from aaaa::212:4b00:41e:afc6: icmp_seq=11 ttl=63 time=813 ms
[1438165865.616045] 64 bytes from aaaa::212:4b00:41e:afc6: icmp_seq=12 ttl=63 time=71.9 ms
[1438165866.617180] 64 bytes from aaaa::212:4b00:41e:afc6: icmp_seq=13 ttl=63 time=71.9 ms
[1438165868.365070] 64 bytes from aaaa::212:4b00:41e:afc6: icmp_seq=14 ttl=63 time=818 ms
[1438165869.989330] 64 bytes from aaaa::212:4b00:41e:afc6: icmp_seq=15 ttl=63 time=1442 ms
[1438165870.484847] 64 bytes from aaaa::212:4b00:41e:afc6: icmp_seq=16 ttl=63 time=938 ms
[1438165870.618213] 64 bytes from aaaa::212:4b00:41e:afc6: icmp_seq=17 ttl=63 time=72.1 ms
[1438165872.110383] 64 bytes from aaaa::212:4b00:41e:afc6: icmp_seq=18 ttl=63 time=563 ms
[1438165872.742879] 64 bytes from aaaa::212:4b00:41e:afc6: icmp_seq=19 ttl=63 time=195 ms
[1438165874.742024] 64 bytes from aaaa::212:4b00:41e:afc6: icmp_seq=20 ttl=63 time=1193 ms
[1438165874.993637] 64 bytes from aaaa::212:4b00:41e:afc6: icmp_seq=21 ttl=63 time=436 ms
[1438165876.361770] 64 bytes from aaaa::212:4b00:41e:afc6: icmp_seq=22 ttl=63 time=804 ms
[1438165876.616512] 64 bytes from aaaa::212:4b00:41e:afc6: icmp_seq=23 ttl=63 time=59.3 ms
[1438165877.618019] 64 bytes from aaaa::212:4b00:41e:afc6: icmp_seq=24 ttl=63 time=59.3 ms
[1438165878.619405] 64 bytes from aaaa::212:4b00:41e:afc6: icmp_seq=25 ttl=63 time=59.2 ms
[1438165879.621038] 64 bytes from aaaa::212:4b00:41e:afc6: icmp_seq=26 ttl=63 time=59.4 ms
[1438165881.113429] 64 bytes from aaaa::212:4b00:41e:afc6: icmp_seq=27 ttl=63 time=550 ms
[1438165882.995214] 64 bytes from aaaa::212:4b00:41e:afc6: icmp_seq=28 ttl=63 time=1432 ms
[1438165884.122733] 64 bytes from aaaa::212:4b00:41e:afc6: icmp_seq=29 ttl=63 time=1560 ms
[1438165885.247337] 64 bytes from aaaa::212:4b00:41e:afc6: icmp_seq=30 ttl=63 time=1683 ms
[1438165887.747478] 64 bytes from aaaa::212:4b00:41e:afc6: icmp_seq=31 ttl=63 time=3183 ms
[1438165888.491777] 64 bytes from aaaa::212:4b00:41e:afc6: icmp_seq=32 ttl=63 time=2927 ms
[1438165889.742124] 64 bytes from aaaa::212:4b00:41e:afc6: icmp_seq=33 ttl=63 time=3169 ms
[1438165890.000876] 64 bytes from aaaa::212:4b00:41e:afc6: icmp_seq=34 ttl=63 time=2420 ms
[1438165890.500138] 64 bytes from aaaa::212:4b00:41e:afc6: icmp_seq=35 ttl=63 time=1920 ms
[1438165890.871910] 64 bytes from aaaa::212:4b00:41e:afc6: icmp_seq=36 ttl=63 time=1283 ms
[1438165892.123515] 64 bytes from aaaa::212:4b00:41e:afc6: icmp_seq=38 ttl=63 time=533 ms
[1438165893.124151] 64 bytes from aaaa::212:4b00:41e:afc6: icmp_seq=39 ttl=63 time=533 ms
[1438165894.252190] 64 bytes from aaaa::212:4b00:41e:afc6: icmp_seq=40 ttl=63 time=662 ms
[1438165895.875295] 64 bytes from aaaa::212:4b00:41e:afc6: icmp_seq=41 ttl=63 time=1285 ms
[1438165896.251582] 64 bytes from aaaa::212:4b00:41e:afc6: icmp_seq=42 ttl=63 time=654 ms
[1438165897.750208] 64 bytes from aaaa::212:4b00:41e:afc6: icmp_seq=43 ttl=63 time=1154 ms
[1438165898.252201] 64 bytes from aaaa::212:4b00:41e:afc6: icmp_seq=44 ttl=63 time=647 ms
[1438165898.879446] 64 bytes from aaaa::212:4b00:41e:afc6: icmp_seq=45 ttl=63 time=274 ms
[1438165900.126235] 64 bytes from aaaa::212:4b00:41e:afc6: icmp_seq=46 ttl=63 time=519 ms
[1438165901.128457] 64 bytes from aaaa::212:4b00:41e:afc6: icmp_seq=47 ttl=63 time=521 ms
[1438165901.877218] 64 bytes from aaaa::212:4b00:41e:afc6: icmp_seq=48 ttl=63 time=270 ms
[1438165903.753356] 64 bytes from aaaa::212:4b00:41e:afc6: icmp_seq=49 ttl=63 time=1145 ms
[1438165904.128228] 64 bytes from aaaa::212:4b00:41e:afc6: icmp_seq=50 ttl=63 time=511 ms
[1438165905.131365] 64 bytes from aaaa::212:4b00:41e:afc6: icmp_seq=51 ttl=63 time=514 ms
[1438165906.254911] 64 bytes from aaaa::212:4b00:41e:afc6: icmp_seq=52 ttl=63 time=637 ms
[1438165907.129383] 64 bytes from aaaa::212:4b00:41e:afc6: icmp_seq=53 ttl=63 time=513 ms
[1438165908.380649] 64 bytes from aaaa::212:4b00:41e:afc6: icmp_seq=54 ttl=63 time=764 ms
[1438165909.506278] 64 bytes from aaaa::212:4b00:41e:afc6: icmp_seq=55 ttl=63 time=890 ms
[1438165910.509540] 64 bytes from aaaa::212:4b00:41e:afc6: icmp_seq=56 ttl=63 time=893 ms
[1438165912.876439] 64 bytes from aaaa::212:4b00:41e:afc6: icmp_seq=57 ttl=63 time=2261 ms
[1438165913.636062] 64 bytes from aaaa::212:4b00:41e:afc6: icmp_seq=58 ttl=63 time=2021 ms
[1438165914.008309] 64 bytes from aaaa::212:4b00:41e:afc6: icmp_seq=59 ttl=63 time=1393 ms
[1438165914.136328] 64 bytes from aaaa::212:4b00:41e:afc6: icmp_seq=60 ttl=63 time=520 ms
[1438165914.884691] 64 bytes from aaaa::212:4b00:41e:afc6: icmp_seq=61 ttl=63 time=269 ms
[1438165915.882875] 64 bytes from aaaa::212:4b00:41e:afc6: icmp_seq=62 ttl=63 time=266 ms
[1438165917.011732] 64 bytes from aaaa::212:4b00:41e:afc6: icmp_seq=63 ttl=63 time=393 ms
[1438165918.135981] 64 bytes from aaaa::212:4b00:41e:afc6: icmp_seq=64 ttl=63 time=518 ms
[1438165919.435984] 64 bytes from aaaa::212:4b00:41e:afc6: icmp_seq=65 ttl=63 time=818 ms
[1438165920.136378] 64 bytes from aaaa::212:4b00:41e:afc6: icmp_seq=66 ttl=63 time=518 ms
[1438165920.888235] 64 bytes from aaaa::212:4b00:41e:afc6: icmp_seq=67 ttl=63 time=271 ms
[1438165922.386127] 64 bytes from aaaa::212:4b00:41e:afc6: icmp_seq=68 ttl=63 time=767 ms
[1438165923.260764] 64 bytes from aaaa::212:4b00:41e:afc6: icmp_seq=69 ttl=63 time=643 ms
[1438165923.884642] 64 bytes from aaaa::212:4b00:41e:afc6: icmp_seq=70 ttl=63 time=267 ms
[1438165925.880790] 64 bytes from aaaa::212:4b00:41e:afc6: icmp_seq=71 ttl=63 time=1262 ms
[1438165926.130555] 64 bytes from aaaa::212:4b00:41e:afc6: icmp_seq=72 ttl=63 time=505 ms
[1438165926.887296] 64 bytes from aaaa::212:4b00:41e:afc6: icmp_seq=73 ttl=63 time=263 ms
[1438165928.762563] 64 bytes from aaaa::212:4b00:41e:afc6: icmp_seq=74 ttl=63 time=1137 ms
[1438165929.515941] 64 bytes from aaaa::212:4b00:41e:afc6: icmp_seq=75 ttl=63 time=883 ms
[1438165930.014450] 64 bytes from aaaa::212:4b00:41e:afc6: icmp_seq=76 ttl=63 time=382 ms
[1438165930.763582] 64 bytes from aaaa::212:4b00:41e:afc6: icmp_seq=77 ttl=63 time=131 ms
[1438165932.890590] 64 bytes from aaaa::212:4b00:41e:afc6: icmp_seq=78 ttl=63 time=1256 ms
[1438165935.267859] 64 bytes from aaaa::212:4b00:41e:afc6: icmp_seq=79 ttl=63 time=2627 ms
[1438165937.518616] 64 bytes from aaaa::212:4b00:41e:afc6: icmp_seq=80 ttl=63 time=3877 ms
[1438165937.643757] 64 bytes from aaaa::212:4b00:41e:afc6: icmp_seq=81 ttl=63 time=2995 ms
[1438165938.016506] 64 bytes from aaaa::212:4b00:41e:afc6: icmp_seq=82 ttl=63 time=2368 ms
[1438165938.886373] 64 bytes from aaaa::212:4b00:41e:afc6: icmp_seq=83 ttl=63 time=2229 ms
[1438165939.517885] 64 bytes from aaaa::212:4b00:41e:afc6: icmp_seq=84 ttl=63 time=1861 ms
[1438165940.136873] 64 bytes from aaaa::212:4b00:41e:afc6: icmp_seq=85 ttl=63 time=1480 ms
[1438165940.646261] 64 bytes from aaaa::212:4b00:41e:afc6: icmp_seq=86 ttl=63 time=989 ms
[1438165942.270414] 64 bytes from aaaa::212:4b00:41e:afc6: icmp_seq=88 ttl=63 time=615 ms
[1438165942.894154] 64 bytes from aaaa::212:4b00:41e:afc6: icmp_seq=89 ttl=63 time=240 ms
[1438165944.768919] 64 bytes from aaaa::212:4b00:41e:afc6: icmp_seq=91 ttl=63 time=114 ms
[1438165946.770071] 64 bytes from aaaa::212:4b00:41e:afc6: icmp_seq=92 ttl=63 time=1114 ms
[1438165947.397819] 64 bytes from aaaa::212:4b00:41e:afc6: icmp_seq=93 ttl=63 time=733 ms
[1438165948.514444] 64 bytes from aaaa::212:4b00:41e:afc6: icmp_seq=94 ttl=63 time=850 ms
[1438165948.769698] 64 bytes from aaaa::212:4b00:41e:afc6: icmp_seq=95 ttl=63 time=105 ms
[1438165950.769942] 64 bytes from aaaa::212:4b00:41e:afc6: icmp_seq=96 ttl=63 time=1105 ms
[1438165951.273464] 64 bytes from aaaa::212:4b00:41e:afc6: icmp_seq=97 ttl=63 time=600 ms
[1438165952.146729] 64 bytes from aaaa::212:4b00:41e:afc6: icmp_seq=98 ttl=63 time=474 ms
[1438165952.774096] 64 bytes from aaaa::212:4b00:41e:afc6: icmp_seq=99 ttl=63 time=101 ms
[1438165953.771752] 64 bytes from aaaa::212:4b00:41e:afc6: icmp_seq=100 ttl=63 time=97.5 ms

--- aaaa::212:4b00:41e:afc6 ping statistics ---
100 packets transmitted, 95 received, 5% packet loss, time 99154ms
rtt min/avg/max/mdev = 59.208/891.748/3877.038/816.659 ms, pipe 4
