dtls_handle_message: PEER NOT FOUND
peer addr: :57421
got packet 22 (95 bytes)
DEBG receive header: (u bytes):
00000000 16 FE FD 00 00 00 00 00  00 00 00 00 52 
DEBG receive unencrypted: (u bytes):
00000000 01 00 00 46 00 00 00 00  00 00 00 46 FE FD 00 00 
00000010 00 00 42 78 E7 6A 58 DB  EA FA 5D B6 91 C9 4A 31 
00000020 C7 B3 BC 58 98 4F 42 EC  A1 74 C3 09 4D 7A 00 00 
00000030 00 02 C0 AE 01 00 00 1A  00 13 00 02 01 02 00 14 
00000040 00 02 01 02 00 0A 00 04  00 02 00 17 00 0B 00 02 
00000050 01 00 
received handshake packet of type: client_hello (1)
handle handshake packet of type: client_hello (1)
DEBG create cookie: (u bytes): DC2D79D28A10D0EB3D1992047D095F86
DEBG compare with cookie: (u bytes): 
cookie len is 0!
send handshake packet of type: hello_verify_request (3)
DEBG send header: (u bytes):
00000000 16 FE FD 00 00 00 00 00  00 00 00 00 1F 
DEBG send unencrypted: (u bytes):
00000000 03 00 00 13 00 00 00 00  00 00 00 13 
DEBG send unencrypted: (u bytes):
00000000 FE FD 10 DC 2D 79 D2 8A  10 D0 EB 3D 19 92 04 7D 
00000010 09 5F 86 
send to aaaa::1:57421
server hello verify was sent
dtls_handle_message: PEER NOT FOUND
peer addr: :57421
got packet 22 (111 bytes)
DEBG receive header: (u bytes):
00000000 16 FE FD 00 00 00 00 00  00 00 01 00 62 
DEBG receive unencrypted: (u bytes):
00000000 01 00 00 56 00 01 00 00  00 00 00 56 FE FD 00 00 
00000010 00 00 42 78 E7 6A 58 DB  EA FA 5D B6 91 C9 4A 31 
00000020 C7 B3 BC 58 98 4F 42 EC  A1 74 C3 09 4D 7A 00 10 
00000030 DC 2D 79 D2 8A 10 D0 EB  3D 19 92 04 7D 09 5F 86 
00000040 00 02 C0 AE 01 00 00 1A  00 13 00 02 01 02 00 14 
00000050 00 02 01 02 00 0A 00 04  00 02 00 17 00 0B 00 02 
00000060 01 00 
received handshake packet of type: client_hello (1)
handle handshake packet of type: client_hello (1)
DEBG create cookie: (u bytes): DC2D79D28A10D0EB3D1992047D095F86
DEBG compare with cookie: (u bytes): DC2D79D28A10D0EB3D1992047D095F86
found matching cookie
dtls_new_peer: :57421
DTLSv12: initialize HASH_SHA256
clear MAC
DEBG add MAC data: (u bytes): 010000560001000000000056FEFD000000004278E76A58DBEAFA5DB691C94A31C7B3BC58984F42ECA174C3094D7A0010DC2D79D28A10D0EB3D1992047D095F860002C0AE0100001A001300020102001400020102000A000400020017000B00020100
DEBG add MAC data: (u bytes): 020000380001000000000038
DEBG add MAC data: (u bytes): FEFD000002BC7275E46708AA85FF23601BC809B68656E37ECBC055B03F5412DF4C1800C0AE00001000130001020014000102000B00020100
send handshake packet of type: server_hello (2)
DEBG send header: (u bytes):
00000000 16 FE FD 00 00 00 00 00  00 00 01 00 44 
DEBG send unencrypted: (u bytes):
00000000 02 00 00 38 00 01 00 00  00 00 00 38 
DEBG send unencrypted: (u bytes):
00000000 FE FD 00 00 02 BC 72 75  E4 67 08 AA 85 FF 23 60 
00000010 1B C8 09 B6 86 56 E3 7E  CB C0 55 B0 3F 54 12 DF 
00000020 4C 18 00 C0 AE 00 00 10  00 13 00 01 02 00 14 00 
00000030 01 02 00 0B 00 02 01 00  
send to aaaa::1:57421
DEBG add MAC data: (u bytes): 0B0000610002000000000061
DEBG add MAC data: (u bytes): 00005E00005B3059301306072A8648CE3D020106082A8648CE3D03010703420004D055EE14084D6E0615599DB583913E4A3E4526A2704D61F27A4CCFBA9758EF9AB418B64AFE8030DA1DDCF4F42E2F2631D043B1FB03E22F4D17DE43F9F9ADEE70
send handshake packet of type: certificate (11)
DEBG send header: (u bytes):
00000000 16 FE FD 00 00 00 00 00  00 00 02 00 6D 
DEBG send unencrypted: (u bytes):
00000000 0B 00 00 61 00 02 00 00  00 00 00 61 
DEBG send unencrypted: (u bytes):
00000000 00 00 5E 00 00 5B 30 59  30 13 06 07 2A 86 48 CE 
00000010 3D 02 01 06 08 2A 86 48  CE 3D 03 01 07 03 42 00 
00000020 04 D0 55 EE 14 08 4D 6E  06 15 59 9D B5 83 91 3E 
00000030 4A 3E 45 26 A2 70 4D 61  F2 7A 4C CF BA 97 58 EF 
00000040 9A B4 18 B6 4A FE 80 30  DA 1D DC F4 F4 2E 2F 26 
00000050 31 D0 43 B1 FB 03 E2 2F  4D 17 DE 43 F9 F9 AD EE 
00000060 70 
send to aaaa::1:57421
Ecc operation left:255...
Ecc operation left:254...
Ecc operation left:253...
Ecc operation left:252...
Ecc operation left:251...
Ecc operation left:250...
Ecc operation left:249...
Ecc operation left:248...
Ecc operation left:247...
Ecc operation left:246...
Ecc operation left:245...
Ecc operation left:244...
Ecc operation left:243...
Ecc operation left:242...
Ecc operation left:241...
Ecc operation left:240...
Ecc operation left:239...
Ecc operation left:238...
Ecc operation left:237...
Ecc operation left:236...
Ecc operation left:235...
Ecc operation left:234...
Ecc operation left:233...
Ecc operation left:232...
Ecc operation left:231...
Ecc operation left:230...
Ecc operation left:229...
Ecc operation left:228...
Ecc operation left:227...
Ecc operation left:226...
Ecc operation left:225...
Ecc operation left:224...
Ecc operation left:223...
Ecc operation left:222...
Ecc operation left:221...
Ecc operation left:220...
Ecc operation left:219...
Ecc operation left:218...
Ecc operation left:217...
Ecc operation left:216...
Ecc operation left:215...
Ecc operation left:214...
Ecc operation left:213...
Ecc operation left:212...
Ecc operation left:211...
Ecc operation left:210...
Ecc operation left:209...
Ecc operation left:208...
Ecc operation left:207...
Ecc operation left:206...
Ecc operation left:205...
Ecc operation left:204...
Ecc operation left:203...
Ecc operation left:202...
Ecc operation left:201...
Ecc operation left:200...
Ecc operation left:199...
Ecc operation left:198...
Ecc operation left:197...
Ecc operation left:196...
Ecc operation left:195...
Ecc operation left:194...
Ecc operation left:193...
Ecc operation left:192...
Ecc operation left:191...
Ecc operation left:190...
Ecc operation left:189...
Ecc operation left:188...
Ecc operation left:187...
Ecc operation left:186...
Ecc operation left:185...
Ecc operation left:184...
Ecc operation left:183...
Ecc operation left:182...
Ecc operation left:181...
Ecc operation left:180...
Ecc operation left:179...
Ecc operation left:178...
Ecc operation left:177...
Ecc operation left:176...
Ecc operation left:175...
Ecc operation left:174...
Ecc operation left:173...
Ecc operation left:172...
Ecc operation left:171...
Ecc operation left:170...
Ecc operation left:169...
Ecc operation left:168...
Ecc operation left:167...
Ecc operation left:166...
Ecc operation left:165...
Ecc operation left:164...
Ecc operation left:163...
Ecc operation left:162...
Ecc operation left:161...
Ecc operation left:160...
Ecc operation left:159...
Ecc operation left:158...
Ecc operation left:157...
Ecc operation left:156...
Ecc operation left:155...
Ecc operation left:154...
Ecc operation left:153...
Ecc operation left:152...
Ecc operation left:151...
Ecc operation left:150...
Ecc operation left:149...
Ecc operation left:148...
Ecc operation left:147...
Ecc operation left:146...
Ecc operation left:145...
Ecc operation left:144...
Ecc operation left:143...
Ecc operation left:142...
Ecc operation left:141...
Ecc operation left:140...
Ecc operation left:139...
Ecc operation left:138...
Ecc operation left:137...
Ecc operation left:136...
Ecc operation left:135...
Ecc operation left:134...
Ecc operation left:133...
Ecc operation left:132...
Ecc operation left:131...
Ecc operation left:130...
Ecc operation left:129...
Ecc operation left:128...
Ecc operation left:127...
Ecc operation left:126...
Ecc operation left:125...
Ecc operation left:124...
Ecc operation left:123...
Ecc operation left:122...
Ecc operation left:121...
Ecc operation left:120...
Ecc operation left:119...
Ecc operation left:118...
Ecc operation left:117...
Ecc operation left:116...
Ecc operation left:115...
Ecc operation left:114...
Ecc operation left:113...
Ecc operation left:112...
Ecc operation left:111...
Ecc operation left:110...
Ecc operation left:109...
Ecc operation left:108...
Ecc operation left:107...
Ecc operation left:106...
Ecc operation left:105...
Ecc operation left:104...
Ecc operation left:103...
Ecc operation left:102...
Ecc operation left:101...
Ecc operation left:100...
Ecc operation left:99...
Ecc operation left:98...
Ecc operation left:97...
Ecc operation left:96...
Ecc operation left:95...
Ecc operation left:94...
Ecc operation left:93...
Ecc operation left:92...
Ecc operation left:91...
Ecc operation left:90...
Ecc operation left:89...
Ecc operation left:88...
Ecc operation left:87...
Ecc operation left:86...
Ecc operation left:85...
Ecc operation left:84...
Ecc operation left:83...
Ecc operation left:82...
Ecc operation left:81...
Ecc operation left:80...
Ecc operation left:79...
Ecc operation left:78...
Ecc operation left:77...
Ecc operation left:76...
Ecc operation left:75...
Ecc operation left:74...
Ecc operation left:73...
Ecc operation left:72...
Ecc operation left:71...
Ecc operation left:70...
Ecc operation left:69...
Ecc operation left:68...
Ecc operation left:67...
Ecc operation left:66...
Ecc operation left:65...
Ecc operation left:64...
Ecc operation left:63...
Ecc operation left:62...
Ecc operation left:61...
Ecc operation left:60...
Ecc operation left:59...
Ecc operation left:58...
Ecc operation left:57...
Ecc operation left:56...
Ecc operation left:55...
Ecc operation left:54...
Ecc operation left:53...
Ecc operation left:52...
Ecc operation left:51...
Ecc operation left:50...
Ecc operation left:49...
Ecc operation left:48...
Ecc operation left:47...
Ecc operation left:46...
Ecc operation left:45...
Ecc operation left:44...
Ecc operation left:43...
Ecc operation left:42...
Ecc operation left:41...
Ecc operation left:40...
Ecc operation left:39...
Ecc operation left:38...
Ecc operation left:37...
Ecc operation left:36...
Ecc operation left:35...
Ecc operation left:34...
Ecc operation left:33...
Ecc operation left:32...
Ecc operation left:31...
Ecc operation left:30...
Ecc operation left:29...
Ecc operation left:28...
Ecc operation left:27...
Ecc operation left:26...
Ecc operation left:25...
Ecc operation left:24...
Ecc operation left:23...
Ecc operation left:22...
Ecc operation left:21...
Ecc operation left:20...
Ecc operation left:19...
Ecc operation left:18...
Ecc operation left:17...
Ecc operation left:16...
Ecc operation left:15...
Ecc operation left:14...
Ecc operation left:13...
Ecc operation left:12...
Ecc operation left:11...
Ecc operation left:10...
Ecc operation left:9...
Ecc operation left:8...
Ecc operation left:7...
Ecc operation left:6...
Ecc operation left:5...
Ecc operation left:4...
Ecc operation left:3...
Ecc operation left:2...
Ecc operation left:1...
Ecc operation left:0...
Ecc operation left:255...
Ecc operation left:254...
Ecc operation left:253...
Ecc operation left:252...
Ecc operation left:251...
Ecc operation left:250...
Ecc operation left:249...
Ecc operation left:248...
Ecc operation left:247...
Ecc operation left:246...
Ecc operation left:245...
Ecc operation left:244...
Ecc operation left:243...
Ecc operation left:242...
Ecc operation left:241...
Ecc operation left:240...
Ecc operation left:239...
Ecc operation left:238...
Ecc operation left:237...
Ecc operation left:236...
Ecc operation left:235...
Ecc operation left:234...
Ecc operation left:233...
Ecc operation left:232...
Ecc operation left:231...
Ecc operation left:230...
Ecc operation left:229...
Ecc operation left:228...
Ecc operation left:227...
Ecc operation left:226...
Ecc operation left:225...
Ecc operation left:224...
Ecc operation left:223...
Ecc operation left:222...
Ecc operation left:221...
Ecc operation left:220...
Ecc operation left:219...
Ecc operation left:218...
Ecc operation left:217...
Ecc operation left:216...
Ecc operation left:215...
Ecc operation left:214...
Ecc operation left:213...
Ecc operation left:212...
Ecc operation left:211...
Ecc operation left:210...
Ecc operation left:209...
Ecc operation left:208...
Ecc operation left:207...
Ecc operation left:206...
Ecc operation left:205...
Ecc operation left:204...
Ecc operation left:203...
Ecc operation left:202...
Ecc operation left:201...
Ecc operation left:200...
Ecc operation left:199...
Ecc operation left:198...
Ecc operation left:197...
Ecc operation left:196...
Ecc operation left:195...
Ecc operation left:194...
Ecc operation left:193...
Ecc operation left:192...
Ecc operation left:191...
Ecc operation left:190...
Ecc operation left:189...
Ecc operation left:188...
Ecc operation left:187...
Ecc operation left:186...
Ecc operation left:185...
Ecc operation left:184...
Ecc operation left:183...
Ecc operation left:182...
Ecc operation left:181...
Ecc operation left:180...
Ecc operation left:179...
Ecc operation left:178...
Ecc operation left:177...
Ecc operation left:176...
Ecc operation left:175...
Ecc operation left:174...
Ecc operation left:173...
Ecc operation left:172...
Ecc operation left:171...
Ecc operation left:170...
Ecc operation left:169...
Ecc operation left:168...
Ecc operation left:167...
Ecc operation left:166...
Ecc operation left:165...
Ecc operation left:164...
Ecc operation left:163...
Ecc operation left:162...
Ecc operation left:161...
Ecc operation left:160...
Ecc operation left:159...
Ecc operation left:158...
Ecc operation left:157...
Ecc operation left:156...
Ecc operation left:155...
Ecc operation left:154...
Ecc operation left:153...
Ecc operation left:152...
Ecc operation left:151...
Ecc operation left:150...
Ecc operation left:149...
Ecc operation left:148...
Ecc operation left:147...
Ecc operation left:146...
Ecc operation left:145...
Ecc operation left:144...
Ecc operation left:143...
Ecc operation left:142...
Ecc operation left:141...
Ecc operation left:140...
Ecc operation left:139...
Ecc operation left:138...
Ecc operation left:137...
Ecc operation left:136...
Ecc operation left:135...
Ecc operation left:134...
Ecc operation left:133...
Ecc operation left:132...
Ecc operation left:131...
Ecc operation left:130...
Ecc operation left:129...
Ecc operation left:128...
Ecc operation left:127...
Ecc operation left:126...
Ecc operation left:125...
Ecc operation left:124...
Ecc operation left:123...
Ecc operation left:122...
Ecc operation left:121...
Ecc operation left:120...
Ecc operation left:119...
Ecc operation left:118...
Ecc operation left:117...
Ecc operation left:116...
Ecc operation left:115...
Ecc operation left:114...
Ecc operation left:113...
Ecc operation left:112...
Ecc operation left:111...
Ecc operation left:110...
Ecc operation left:109...
Ecc operation left:108...
Ecc operation left:107...
Ecc operation left:106...
Ecc operation left:105...
Ecc operation left:104...
Ecc operation left:103...
Ecc operation left:102...
Ecc operation left:101...
Ecc operation left:100...
Ecc operation left:99...
Ecc operation left:98...
Ecc operation left:97...
Ecc operation left:96...
Ecc operation left:95...
Ecc operation left:94...
Ecc operation left:93...
Ecc operation left:92...
Ecc operation left:91...
Ecc operation left:90...
Ecc operation left:89...
Ecc operation left:88...
Ecc operation left:87...
Ecc operation left:86...
Ecc operation left:85...
Ecc operation left:84...
Ecc operation left:83...
Ecc operation left:82...
Ecc operation left:81...
Ecc operation left:80...
Ecc operation left:79...
Ecc operation left:78...
Ecc operation left:77...
Ecc operation left:76...
Ecc operation left:75...
Ecc operation left:74...
Ecc operation left:73...
Ecc operation left:72...
Ecc operation left:71...
Ecc operation left:70...
Ecc operation left:69...
Ecc operation left:68...
Ecc operation left:67...
Ecc operation left:66...
Ecc operation left:65...
Ecc operation left:64...
Ecc operation left:63...
Ecc operation left:62...
Ecc operation left:61...
Ecc operation left:60...
Ecc operation left:59...
Ecc operation left:58...
Ecc operation left:57...
Ecc operation left:56...
Ecc operation left:55...
Ecc operation left:54...
Ecc operation left:53...
Ecc operation left:52...
Ecc operation left:51...
Ecc operation left:50...
Ecc operation left:49...
Ecc operation left:48...
Ecc operation left:47...
Ecc operation left:46...
Ecc operation left:45...
Ecc operation left:44...
Ecc operation left:43...
Ecc operation left:42...
Ecc operation left:41...
Ecc operation left:40...
Ecc operation left:39...
Ecc operation left:38...
Ecc operation left:37...
Ecc operation left:36...
Ecc operation left:35...
Ecc operation left:34...
Ecc operation left:33...
Ecc operation left:32...
Ecc operation left:31...
Ecc operation left:30...
Ecc operation left:29...
Ecc operation left:28...
Ecc operation left:27...
Ecc operation left:26...
Ecc operation left:25...
Ecc operation left:24...
Ecc operation left:23...
Ecc operation left:22...
Ecc operation left:21...
Ecc operation left:20...
Ecc operation left:19...
Ecc operation left:18...
Ecc operation left:17...
Ecc operation left:16...
Ecc operation left:15...
Ecc operation left:14...
Ecc operation left:13...
Ecc operation left:12...
Ecc operation left:11...
Ecc operation left:10...
Ecc operation left:9...
Ecc operation left:8...
Ecc operation left:7...
Ecc operation left:6...
Ecc operation left:5...
Ecc operation left:4...
Ecc operation left:3...
Ecc operation left:2...
Ecc operation left:1...
Ecc operation left:0...
#ECDSA Signature Nonce = 77DC24B9D8F2D9C59A732A65DE6B196F4A0C3645D7731CC5CAD3161DCF4996D6
DEBG add MAC data: (u bytes): 0C0000900003000000000090
DEBG add MAC data: (u bytes): 03001741045CDA9D99DCD162B8523D4C95C1826B9F6FB17FF12AEEA17ED8415A2A3E6BBF19753F50EB63C975BDC3A7AF35169659BB813BCED54EE905B6C2444E191DF9FB57040300473045022100D8D03AA990E93DA57BF704567CE17EDE3358CADCE2CA029441088A5964A010B5022048DF9E28E66190594D6CD60364B2B82775B7ABFB91E78D8388325A1A56B59F32
send handshake packet of type: server_key_exchange (12)
DEBG send header: (u bytes):
00000000 16 FE FD 00 00 00 00 00  00 00 03 00 9C 
DEBG send unencrypted: (u bytes):
00000000 0C 00 00 90 00 03 00 00  00 00 00 90 
DEBG send unencrypted: (u bytes):
00000000 03 00 17 41 04 5C DA 9D  99 DC D1 62 B8 52 3D 4C 
00000010 95 C1 82 6B 9F 6F B1 7F  F1 2A EE A1 7E D8 41 5A 
00000020 2A 3E 6B BF 19 75 3F 50  EB 63 C9 75 BD C3 A7 AF 
00000030 35 16 96 59 BB 81 3B CE  D5 4E E9 05 B6 C2 44 4E 
00000040 19 1D F9 FB 57 04 03 00  47 30 45 02 21 00 D8 D0 
00000050 3A A9 90 E9 3D A5 7B F7  04 56 7C E1 7E DE 33 58 
00000060 CA DC E2 CA 02 94 41 08  8A 59 64 A0 10 B5 02 20 
00000070 48 DF 9E 28 E6 61 90 59  4D 6C D6 03 64 B2 B8 27 
00000080 75 B7 AB FB 91 E7 8D 83  88 32 5A 1A 56 B5 9F 32 

send to aaaa::1:57421
DEBG add MAC data: (u bytes): 0D0000080004000000000008
DEBG add MAC data: (u bytes): 0140000204030000
send handshake packet of type: certificate_request (13)
DEBG send header: (u bytes):
00000000 16 FE FD 00 00 00 00 00  00 00 04 00 14 
DEBG send unencrypted: (u bytes):
00000000 0D 00 00 08 00 04 00 00  00 00 00 08 
DEBG send unencrypted: (u bytes):
00000000 01 40 00 02 04 03 00 00  
send to aaaa::1:57421
DEBG add MAC data: (u bytes): 0E0000000005000000000000
send handshake packet of type: server_hello_done (14)
DEBG send header: (u bytes):
00000000 16 FE FD 00 00 00 00 00  00 00 05 00 0C 
DEBG send unencrypted: (u bytes):
00000000 0E 00 00 00 00 05 00 00  00 00 00 00 
send to aaaa::1:57421
dtls_handle_message: FOUND PEER
got packet 22 (122 bytes)
DEBG receive header: (u bytes):
00000000 16 FE FD 00 00 00 00 00  00 00 02 00 6D 
DEBG receive unencrypted: (u bytes):
00000000 0B 00 00 61 00 02 00 00  00 00 00 61 00 00 5E 00 
00000010 00 5B 30 59 30 13 06 07  2A 86 48 CE 3D 02 01 06 
00000020 08 2A 86 48 CE 3D 03 01  07 03 42 00 04 36 DF E2 
00000030 C6 F9 F2 ED 29 DA 0A 9A  8F 62 68 4E 91 63 75 BA 
00000040 10 30 0C 28 C5 E4 7C FB  F2 5F A5 8F 52 71 A0 D4 
00000050 FC DE 1A B8 78 5A 3C 78  69 35 A7 CF AB E9 3F 98 
00000060 72 09 DA ED 0B 4F AB C3  6F C7 72 F8 29 
received handshake packet of type: certificate (11)
handle handshake packet of type: certificate (11)
DEBG add MAC data: (u bytes): 0B000061000200000000006100005E00005B3059301306072A8648CE3D020106082A8648CE3D0301070342000436DFE2C6F9F2ED29DA0A9A8F62684E916375BA10300C28C5E47CFBF25FA58F5271A0D4FCDE1AB8785A3C786935A7CFABE93F987209DAED0B4FABC36FC772F829
dtls_handle_message: FOUND PEER
got packet 22 (91 bytes)
DEBG receive header: (u bytes):
00000000 16 FE FD 00 00 00 00 00  00 00 03 00 4E 
DEBG receive unencrypted: (u bytes):
00000000 10 00 00 42 00 03 00 00  00 00 00 42 41 04 CF C1 
00000010 FA AB F8 EA E8 A8 5D E3  FE B3 DE A5 BB 1D 5C 6C 
00000020 A8 C5 1B 27 FF 55 4A 59  45 67 8D 1D 78 6D 31 AF 
00000030 01 28 26 F0 93 07 3F 5C  EB D9 35 D6 65 42 68 58 
00000040 87 C5 4E 7E FB 9B B7 37  C3 0C 20 CD 77 34 
received handshake packet of type: client_key_exchange (16)
handle handshake packet of type: client_key_exchange (16)
DEBG add MAC data: (u bytes): 1000004200030000000000424104CFC1FAABF8EAE8A85DE3FEB3DEA5BB1D5C6CA8C51B27FF554A5945678D1D786D31AF012826F093073F5CEBD935D66542685887C54E7EFB9BB737C30C20CD7734
dtls_handle_message: FOUND PEER
got packet 22 (99 bytes)
DEBG receive header: (u bytes):
00000000 16 FE FD 00 00 00 00 00  00 00 04 00 56 
DEBG receive unencrypted: (u bytes):
00000000 0F 00 00 4A 00 04 00 00  00 00 00 4A 04 03 00 46 
00000010 30 44 02 20 3E AF 0D D1  3D 77 54 57 88 23 A9 64 
00000020 90 32 0A 29 25 CC F6 96  A5 53 57 C0 A2 6D 0F 44 
00000030 BD DB 3E E4 02 20 44 83  63 F2 77 CD 3E 84 B0 CA 
00000040 AF 14 D1 E2 D3 A8 8B E1  AD DD E6 55 50 9F A5 46 
00000050 6B 92 1C 70 E9 D9 
received handshake packet of type: certificate_verify (15)
handle handshake packet of type: certificate_verify (15)
Ecc operation left:255...
Ecc operation left:254...
Ecc operation left:253...
Ecc operation left:252...
Ecc operation left:251...
Ecc operation left:250...
Ecc operation left:249...
Ecc operation left:248...
Ecc operation left:247...
Ecc operation left:246...
Ecc operation left:245...
Ecc operation left:244...
Ecc operation left:243...
Ecc operation left:242...
Ecc operation left:241...
Ecc operation left:240...
Ecc operation left:239...
Ecc operation left:238...
Ecc operation left:237...
Ecc operation left:236...
Ecc operation left:235...
Ecc operation left:234...
Ecc operation left:233...
Ecc operation left:232...
Ecc operation left:231...
Ecc operation left:230...
Ecc operation left:229...
Ecc operation left:228...
Ecc operation left:227...
Ecc operation left:226...
Ecc operation left:225...
Ecc operation left:224...
Ecc operation left:223...
Ecc operation left:222...
Ecc operation left:221...
Ecc operation left:220...
Ecc operation left:219...
Ecc operation left:218...
Ecc operation left:217...
Ecc operation left:216...
Ecc operation left:215...
Ecc operation left:214...
Ecc operation left:213...
Ecc operation left:212...
Ecc operation left:211...
Ecc operation left:210...
Ecc operation left:209...
Ecc operation left:208...
Ecc operation left:207...
Ecc operation left:206...
Ecc operation left:205...
Ecc operation left:204...
Ecc operation left:203...
Ecc operation left:202...
Ecc operation left:201...
Ecc operation left:200...
Ecc operation left:199...
Ecc operation left:198...
Ecc operation left:197...
Ecc operation left:196...
Ecc operation left:195...
Ecc operation left:194...
Ecc operation left:193...
Ecc operation left:192...
Ecc operation left:191...
Ecc operation left:190...
Ecc operation left:189...
Ecc operation left:188...
Ecc operation left:187...
Ecc operation left:186...
Ecc operation left:185...
Ecc operation left:184...
Ecc operation left:183...
Ecc operation left:182...
Ecc operation left:181...
Ecc operation left:180...
Ecc operation left:179...
Ecc operation left:178...
Ecc operation left:177...
Ecc operation left:176...
Ecc operation left:175...
Ecc operation left:174...
Ecc operation left:173...
Ecc operation left:172...
Ecc operation left:171...
Ecc operation left:170...
Ecc operation left:169...
Ecc operation left:168...
Ecc operation left:167...
Ecc operation left:166...
Ecc operation left:165...
Ecc operation left:164...
Ecc operation left:163...
Ecc operation left:162...
Ecc operation left:161...
Ecc operation left:160...
Ecc operation left:159...
Ecc operation left:158...
Ecc operation left:157...
Ecc operation left:156...
Ecc operation left:155...
Ecc operation left:154...
Ecc operation left:153...
Ecc operation left:152...
Ecc operation left:151...
Ecc operation left:150...
Ecc operation left:149...
Ecc operation left:148...
Ecc operation left:147...
Ecc operation left:146...
Ecc operation left:145...
Ecc operation left:144...
Ecc operation left:143...
Ecc operation left:142...
Ecc operation left:141...
Ecc operation left:140...
Ecc operation left:139...
Ecc operation left:138...
Ecc operation left:137...
Ecc operation left:136...
Ecc operation left:135...
Ecc operation left:134...
Ecc operation left:133...
Ecc operation left:132...
Ecc operation left:131...
Ecc operation left:130...
Ecc operation left:129...
Ecc operation left:128...
Ecc operation left:127...
Ecc operation left:126...
Ecc operation left:125...
Ecc operation left:124...
Ecc operation left:123...
Ecc operation left:122...
Ecc operation left:121...
Ecc operation left:120...
Ecc operation left:119...
Ecc operation left:118...
Ecc operation left:117...
Ecc operation left:116...
Ecc operation left:115...
Ecc operation left:114...
Ecc operation left:113...
Ecc operation left:112...
Ecc operation left:111...
Ecc operation left:110...
Ecc operation left:109...
Ecc operation left:108...
Ecc operation left:107...
Ecc operation left:106...
Ecc operation left:105...
Ecc operation left:104...
Ecc operation left:103...
Ecc operation left:102...
Ecc operation left:101...
Ecc operation left:100...
Ecc operation left:99...
Ecc operation left:98...
Ecc operation left:97...
Ecc operation left:96...
Ecc operation left:95...
Ecc operation left:94...
Ecc operation left:93...
Ecc operation left:92...
Ecc operation left:91...
Ecc operation left:90...
Ecc operation left:89...
Ecc operation left:88...
Ecc operation left:87...
Ecc operation left:86...
Ecc operation left:85...
Ecc operation left:84...
Ecc operation left:83...
Ecc operation left:82...
Ecc operation left:81...
Ecc operation left:80...
Ecc operation left:79...
Ecc operation left:78...
Ecc operation left:77...
Ecc operation left:76...
Ecc operation left:75...
Ecc operation left:74...
Ecc operation left:73...
Ecc operation left:72...
Ecc operation left:71...
Ecc operation left:70...
Ecc operation left:69...
Ecc operation left:68...
Ecc operation left:67...
Ecc operation left:66...
Ecc operation left:65...
Ecc operation left:64...
Ecc operation left:63...
Ecc operation left:62...
Ecc operation left:61...
Ecc operation left:60...
Ecc operation left:59...
Ecc operation left:58...
Ecc operation left:57...
Ecc operation left:56...
Ecc operation left:55...
Ecc operation left:54...
Ecc operation left:53...
Ecc operation left:52...
Ecc operation left:51...
Ecc operation left:50...
Ecc operation left:49...
Ecc operation left:48...
Ecc operation left:47...
Ecc operation left:46...
Ecc operation left:45...
Ecc operation left:44...
Ecc operation left:43...
Ecc operation left:42...
Ecc operation left:41...
Ecc operation left:40...
Ecc operation left:39...
Ecc operation left:38...
Ecc operation left:37...
Ecc operation left:36...
Ecc operation left:35...
Ecc operation left:34...
Ecc operation left:33...
Ecc operation left:32...
Ecc operation left:31...
Ecc operation left:30...
Ecc operation left:29...
Ecc operation left:28...
Ecc operation left:27...
Ecc operation left:26...
Ecc operation left:25...
Ecc operation left:24...
Ecc operation left:23...
Ecc operation left:22...
Ecc operation left:21...
Ecc operation left:20...
Ecc operation left:19...
Ecc operation left:18...
Ecc operation left:17...
Ecc operation left:16...
Ecc operation left:15...
Ecc operation left:14...
Ecc operation left:13...
Ecc operation left:12...
Ecc operation left:11...
Ecc operation left:10...
Ecc operation left:9...
Ecc operation left:8...
Ecc operation left:7...
Ecc operation left:6...
Ecc operation left:5...
Ecc operation left:4...
Ecc operation left:3...
Ecc operation left:2...
Ecc operation left:1...
Ecc operation left:0...
Ecc operation left:255...
Ecc operation left:254...
Ecc operation left:253...
Ecc operation left:252...
Ecc operation left:251...
Ecc operation left:250...
Ecc operation left:249...
Ecc operation left:248...
Ecc operation left:247...
Ecc operation left:246...
Ecc operation left:245...
Ecc operation left:244...
Ecc operation left:243...
Ecc operation left:242...
Ecc operation left:241...
Ecc operation left:240...
Ecc operation left:239...
Ecc operation left:238...
Ecc operation left:237...
Ecc operation left:236...
Ecc operation left:235...
Ecc operation left:234...
Ecc operation left:233...
Ecc operation left:232...
Ecc operation left:231...
Ecc operation left:230...
Ecc operation left:229...
Ecc operation left:228...
Ecc operation left:227...
Ecc operation left:226...
Ecc operation left:225...
Ecc operation left:224...
Ecc operation left:223...
Ecc operation left:222...
Ecc operation left:221...
Ecc operation left:220...
Ecc operation left:219...
Ecc operation left:218...
Ecc operation left:217...
Ecc operation left:216...
Ecc operation left:215...
Ecc operation left:214...
Ecc operation left:213...
Ecc operation left:212...
Ecc operation left:211...
Ecc operation left:210...
Ecc operation left:209...
Ecc operation left:208...
Ecc operation left:207...
Ecc operation left:206...
Ecc operation left:205...
Ecc operation left:204...
Ecc operation left:203...
Ecc operation left:202...
Ecc operation left:201...
Ecc operation left:200...
Ecc operation left:199...
Ecc operation left:198...
Ecc operation left:197...
Ecc operation left:196...
Ecc operation left:195...
Ecc operation left:194...
Ecc operation left:193...
Ecc operation left:192...
Ecc operation left:191...
Ecc operation left:190...
Ecc operation left:189...
Ecc operation left:188...
Ecc operation left:187...
Ecc operation left:186...
Ecc operation left:185...
Ecc operation left:184...
Ecc operation left:183...
Ecc operation left:182...
Ecc operation left:181...
Ecc operation left:180...
Ecc operation left:179...
Ecc operation left:178...
Ecc operation left:177...
Ecc operation left:176...
Ecc operation left:175...
Ecc operation left:174...
Ecc operation left:173...
Ecc operation left:172...
Ecc operation left:171...
Ecc operation left:170...
Ecc operation left:169...
Ecc operation left:168...
Ecc operation left:167...
Ecc operation left:166...
Ecc operation left:165...
Ecc operation left:164...
Ecc operation left:163...
Ecc operation left:162...
Ecc operation left:161...
Ecc operation left:160...
Ecc operation left:159...
Ecc operation left:158...
Ecc operation left:157...
Ecc operation left:156...
Ecc operation left:155...
Ecc operation left:154...
Ecc operation left:153...
Ecc operation left:152...
Ecc operation left:151...
Ecc operation left:150...
Ecc operation left:149...
Ecc operation left:148...
Ecc operation left:147...
Ecc operation left:146...
Ecc operation left:145...
Ecc operation left:144...
Ecc operation left:143...
Ecc operation left:142...
Ecc operation left:141...
Ecc operation left:140...
Ecc operation left:139...
Ecc operation left:138...
Ecc operation left:137...
Ecc operation left:136...
Ecc operation left:135...
Ecc operation left:134...
Ecc operation left:133...
Ecc operation left:132...
Ecc operation left:131...
Ecc operation left:130...
Ecc operation left:129...
Ecc operation left:128...
Ecc operation left:127...
Ecc operation left:126...
Ecc operation left:125...
Ecc operation left:124...
Ecc operation left:123...
Ecc operation left:122...
Ecc operation left:121...
Ecc operation left:120...
Ecc operation left:119...
Ecc operation left:118...
Ecc operation left:117...
Ecc operation left:116...
Ecc operation left:115...
Ecc operation left:114...
Ecc operation left:113...
Ecc operation left:112...
Ecc operation left:111...
Ecc operation left:110...
Ecc operation left:109...
Ecc operation left:108...
Ecc operation left:107...
Ecc operation left:106...
Ecc operation left:105...
Ecc operation left:104...
Ecc operation left:103...
Ecc operation left:102...
Ecc operation left:101...
Ecc operation left:100...
Ecc operation left:99...
Ecc operation left:98...
Ecc operation left:97...
Ecc operation left:96...
Ecc operation left:95...
Ecc operation left:94...
Ecc operation left:93...
Ecc operation left:92...
Ecc operation left:91...
Ecc operation left:90...
Ecc operation left:89...
Ecc operation left:88...
Ecc operation left:87...
Ecc operation left:86...
Ecc operation left:85...
Ecc operation left:84...
Ecc operation left:83...
Ecc operation left:82...
Ecc operation left:81...
Ecc operation left:80...
Ecc operation left:79...
Ecc operation left:78...
Ecc operation left:77...
Ecc operation left:76...
Ecc operation left:75...
Ecc operation left:74...
Ecc operation left:73...
Ecc operation left:72...
Ecc operation left:71...
Ecc operation left:70...
Ecc operation left:69...
Ecc operation left:68...
Ecc operation left:67...
Ecc operation left:66...
Ecc operation left:65...
Ecc operation left:64...
Ecc operation left:63...
Ecc operation left:62...
Ecc operation left:61...
Ecc operation left:60...
Ecc operation left:59...
Ecc operation left:58...
Ecc operation left:57...
Ecc operation left:56...
Ecc operation left:55...
Ecc operation left:54...
Ecc operation left:53...
Ecc operation left:52...
Ecc operation left:51...
Ecc operation left:50...
Ecc operation left:49...
Ecc operation left:48...
Ecc operation left:47...
Ecc operation left:46...
Ecc operation left:45...
Ecc operation left:44...
Ecc operation left:43...
Ecc operation left:42...
Ecc operation left:41...
Ecc operation left:40...
Ecc operation left:39...
Ecc operation left:38...
Ecc operation left:37...
Ecc operation left:36...
Ecc operation left:35...
Ecc operation left:34...
Ecc operation left:33...
Ecc operation left:32...
Ecc operation left:31...
Ecc operation left:30...
Ecc operation left:29...
Ecc operation left:28...
Ecc operation left:27...
Ecc operation left:26...
Ecc operation left:25...
Ecc operation left:24...
Ecc operation left:23...
Ecc operation left:22...
Ecc operation left:21...
Ecc operation left:20...
Ecc operation left:19...
Ecc operation left:18...
Ecc operation left:17...
Ecc operation left:16...
Ecc operation left:15...
Ecc operation left:14...
Ecc operation left:13...
Ecc operation left:12...
Ecc operation left:11...
Ecc operation left:10...
Ecc operation left:9...
Ecc operation left:8...
Ecc operation left:7...
Ecc operation left:6...
Ecc operation left:5...
Ecc operation left:4...
Ecc operation left:3...
Ecc operation left:2...
Ecc operation left:1...
Ecc operation left:0...
DEBG add MAC data: (u bytes): 0F00004A000400000000004A04030046304402203EAF0DD13D7754578823A96490320A2925CCF696A55357C0A26D0F44BDDB3EE40220448363F277CD3E84B0CAAF14D1E2D3A88BE1ADDDE655509FA5466B921C70E9D9
dtls_handle_message: PEER NOT FOUND
peer addr: :57421
got packet 20 (14 bytes)
DEBG receive header: (u bytes):
00000000 14 FE FD 00 00 00 00 00  00 00 05 00 01 
DEBG receive unencrypted: (u bytes):
00000000 01 
expected ChangeCipherSpec during handshake
dtls_handle_message: FOUND PEER
got packet 22 (53 bytes)
No security context for epoch: 1
decrypt_verify() failed
DEBG send header: (u bytes):
00000000 15 FE FD 00 00 00 00 00  00 00 06 00 02 
DEBG send unencrypted: (u bytes):
00000000 02 33 
send to aaaa::1:57421
removed peer: :57421
dtls_handle_message: PEER NOT FOUND
peer addr: :57421
got packet 22 (95 bytes)
DEBG receive header: (u bytes):
00000000 16 FE FD 00 00 00 00 00  00 00 00 00 52 
DEBG receive unencrypted: (u bytes):
00000000 01 00 00 46 00 00 00 00  00 00 00 46 FE FD 00 00 
00000010 00 3B 62 26 9E 78 BC 55  C2 27 7D 9D 1F A7 D2 EE 
00000020 03 28 46 4F F8 C0 DA 83  48 45 3F A2 99 78 00 00 
00000030 00 02 C0 AE 01 00 00 1A  00 13 00 02 01 02 00 14 
00000040 00 02 01 02 00 0A 00 04  00 02 00 17 00 0B 00 02 
00000050 01 00 
received handshake packet of type: client_hello (1)
handle handshake packet of type: client_hello (1)
DEBG create cookie: (u bytes): 2019D9CB4BAE0D42B04025A89E3040BC
DEBG compare with cookie: (u bytes): 
cookie len is 0!
send handshake packet of type: hello_verify_request (3)
DEBG send header: (u bytes):
00000000 16 FE FD 00 00 00 00 00  00 00 00 00 1F 
DEBG send unencrypted: (u bytes):
00000000 03 00 00 13 00 00 00 00  00 00 00 13 
DEBG send unencrypted: (u bytes):
00000000 FE FD 10 20 19 D9 CB 4B  AE 0D 42 B0 40 25 A8 9E 
00000010 30 40 BC 
send to aaaa::1:57421
server hello verify was sent
dtls_handle_message: PEER NOT FOUND
peer addr: :57421
got packet 22 (111 bytes)
DEBG receive header: (u bytes):
00000000 16 FE FD 00 00 00 00 00  00 00 01 00 62 
DEBG receive unencrypted: (u bytes):
00000000 01 00 00 56 00 01 00 00  00 00 00 56 FE FD 00 00 
00000010 00 3B 62 26 9E 78 BC 55  C2 27 7D 9D 1F A7 D2 EE 
00000020 03 28 46 4F F8 C0 DA 83  48 45 3F A2 99 78 00 10 
00000030 20 19 D9 CB 4B AE 0D 42  B0 40 25 A8 9E 30 40 BC 
00000040 00 02 C0 AE 01 00 00 1A  00 13 00 02 01 02 00 14 
00000050 00 02 01 02 00 0A 00 04  00 02 00 17 00 0B 00 02 
00000060 01 00 
received handshake packet of type: client_hello (1)
handle handshake packet of type: client_hello (1)
DEBG create cookie: (u bytes): 2019D9CB4BAE0D42B04025A89E3040BC
DEBG compare with cookie: (u bytes): 2019D9CB4BAE0D42B04025A89E3040BC
found matching cookie
dtls_new_peer: :57421
DTLSv12: initialize HASH_SHA256
clear MAC
DEBG add MAC data: (u bytes): 010000560001000000000056FEFD0000003B62269E78BC55C2277D9D1FA7D2EE0328464FF8C0DA8348453FA2997800102019D9CB4BAE0D42B04025A89E3040BC0002C0AE0100001A001300020102001400020102000A000400020017000B00020100
DEBG add MAC data: (u bytes): 020000380001000000000038
DEBG add MAC data: (u bytes): FEFD000002F6550EBF2472FB64036881EDE04D68350E97246CFB6EC36D11ED2C4D3D00C0AE00001000130001020014000102000B00020100
send handshake packet of type: server_hello (2)
DEBG send header: (u bytes):
00000000 16 FE FD 00 00 00 00 00  00 00 01 00 44 
DEBG send unencrypted: (u bytes):
00000000 02 00 00 38 00 01 00 00  00 00 00 38 
DEBG send unencrypted: (u bytes):
00000000 FE FD 00 00 02 F6 55 0E  BF 24 72 FB 64 03 68 81 
00000010 ED E0 4D 68 35 0E 97 24  6C FB 6E C3 6D 11 ED 2C 
00000020 4D 3D 00 C0 AE 00 00 10  00 13 00 01 02 00 14 00 
00000030 01 02 00 0B 00 02 01 00  
send to aaaa::1:57421
DEBG add MAC data: (u bytes): 0B0000610002000000000061
DEBG add MAC data: (u bytes): 00005E00005B3059301306072A8648CE3D020106082A8648CE3D03010703420004D055EE14084D6E0615599DB583913E4A3E4526A2704D61F27A4CCFBA9758EF9AB418B64AFE8030DA1DDCF4F42E2F2631D043B1FB03E22F4D17DE43F9F9ADEE70
send handshake packet of type: certificate (11)
DEBG send header: (u bytes):
00000000 16 FE FD 00 00 00 00 00  00 00 02 00 6D 
DEBG send unencrypted: (u bytes):
00000000 0B 00 00 61 00 02 00 00  00 00 00 61 
DEBG send unencrypted: (u bytes):
00000000 00 00 5E 00 00 5B 30 59  30 13 06 07 2A 86 48 CE 
00000010 3D 02 01 06 08 2A 86 48  CE 3D 03 01 07 03 42 00 
00000020 04 D0 55 EE 14 08 4D 6E  06 15 59 9D B5 83 91 3E 
00000030 4A 3E 45 26 A2 70 4D 61  F2 7A 4C CF BA 97 58 EF 
00000040 9A B4 18 B6 4A FE 80 30  DA 1D DC F4 F4 2E 2F 26 
00000050 31 D0 43 B1 FB 03 E2 2F  4D 17 DE 43 F9 F9 AD EE 
00000060 70 
send to aaaa::1:57421
Ecc operation left:255...
Ecc operation left:254...
Ecc operation left:253...
Ecc operation left:252...
Ecc operation left:251...
Ecc operation left:250...
Ecc operation left:249...
Ecc operation left:248...
Ecc operation left:247...
Ecc operation left:246...
Ecc operation left:245...
Ecc operation left:244...
Ecc operation left:243...
Ecc operation left:242...
Ecc operation left:241...
Ecc operation left:240...
Ecc operation left:239...
Ecc operation left:238...
Ecc operation left:237...
Ecc operation left:236...
Ecc operation left:235...
Ecc operation left:234...
Ecc operation left:233...
Ecc operation left:232...
Ecc operation left:231...
Ecc operation left:230...
Ecc operation left:229...
Ecc operation left:228...
Ecc operation left:227...
Ecc operation left:226...
Ecc operation left:225...
Ecc operation left:224...
Ecc operation left:223...
Ecc operation left:222...
Ecc operation left:221...
Ecc operation left:220...
Ecc operation left:219...
Ecc operation left:218...
Ecc operation left:217...
Ecc operation left:216...
Ecc operation left:215...
Ecc operation left:214...
Ecc operation left:213...
Ecc operation left:212...
Ecc operation left:211...
Ecc operation left:210...
Ecc operation left:209...
Ecc operation left:208...
Ecc operation left:207...
Ecc operation left:206...
Ecc operation left:205...
Ecc operation left:204...
Ecc operation left:203...
Ecc operation left:202...
Ecc operation left:201...
Ecc operation left:200...
Ecc operation left:199...
Ecc operation left:198...
Ecc operation left:197...
Ecc operation left:196...
Ecc operation left:195...
Ecc operation left:194...
Ecc operation left:193...
Ecc operation left:192...
Ecc operation left:191...
Ecc operation left:190...
Ecc operation left:189...
Ecc operation left:188...
Ecc operation left:187...
Ecc operation left:186...
Ecc operation left:185...
Ecc operation left:184...
Ecc operation left:183...
Ecc operation left:182...
Ecc operation left:181...
Ecc operation left:180...
Ecc operation left:179...
Ecc operation left:178...
Ecc operation left:177...
Ecc operation left:176...
Ecc operation left:175...
Ecc operation left:174...
Ecc operation left:173...
Ecc operation left:172...
Ecc operation left:171...
Ecc operation left:170...
Ecc operation left:169...
Ecc operation left:168...
Ecc operation left:167...
Ecc operation left:166...
Ecc operation left:165...
Ecc operation left:164...
Ecc operation left:163...
Ecc operation left:162...
Ecc operation left:161...
Ecc operation left:160...
Ecc operation left:159...
Ecc operation left:158...
Ecc operation left:157...
Ecc operation left:156...
Ecc operation left:155...
Ecc operation left:154...
Ecc operation left:153...
Ecc operation left:152...
Ecc operation left:151...
Ecc operation left:150...
Ecc operation left:149...
Ecc operation left:148...
Ecc operation left:147...
Ecc operation left:146...
Ecc operation left:145...
Ecc operation left:144...
Ecc operation left:143...
Ecc operation left:142...
Ecc operation left:141...
Ecc operation left:140...
Ecc operation left:139...
Ecc operation left:138...
Ecc operation left:137...
Ecc operation left:136...
Ecc operation left:135...
Ecc operation left:134...
Ecc operation left:133...
Ecc operation left:132...
Ecc operation left:131...
Ecc operation left:130...
Ecc operation left:129...
Ecc operation left:128...
Ecc operation left:127...
Ecc operation left:126...
Ecc operation left:125...
Ecc operation left:124...
Ecc operation left:123...
Ecc operation left:122...
Ecc operation left:121...
Ecc operation left:120...
Ecc operation left:119...
Ecc operation left:118...
Ecc operation left:117...
Ecc operation left:116...
Ecc operation left:115...
Ecc operation left:114...
Ecc operation left:113...
Ecc operation left:112...
Ecc operation left:111...
Ecc operation left:110...
Ecc operation left:109...
Ecc operation left:108...
Ecc operation left:107...
Ecc operation left:106...
Ecc operation left:105...
Ecc operation left:104...
Ecc operation left:103...
Ecc operation left:102...
Ecc operation left:101...
Ecc operation left:100...
Ecc operation left:99...
Ecc operation left:98...
Ecc operation left:97...
Ecc operation left:96...
Ecc operation left:95...
Ecc operation left:94...
Ecc operation left:93...
Ecc operation left:92...
Ecc operation left:91...
Ecc operation left:90...
Ecc operation left:89...
Ecc operation left:88...
Ecc operation left:87...
Ecc operation left:86...
Ecc operation left:85...
Ecc operation left:84...
Ecc operation left:83...
Ecc operation left:82...
Ecc operation left:81...
Ecc operation left:80...
Ecc operation left:79...
Ecc operation left:78...
Ecc operation left:77...
Ecc operation left:76...
Ecc operation left:75...
Ecc operation left:74...
Ecc operation left:73...
Ecc operation left:72...
Ecc operation left:71...
Ecc operation left:70...
Ecc operation left:69...
Ecc operation left:68...
Ecc operation left:67...
Ecc operation left:66...
Ecc operation left:65...
Ecc operation left:64...
Ecc operation left:63...
Ecc operation left:62...
Ecc operation left:61...
Ecc operation left:60...
Ecc operation left:59...
Ecc operation left:58...
Ecc operation left:57...
Ecc operation left:56...
Ecc operation left:55...
Ecc operation left:54...
Ecc operation left:53...
Ecc operation left:52...
Ecc operation left:51...
Ecc operation left:50...
Ecc operation left:49...
Ecc operation left:48...
Ecc operation left:47...
Ecc operation left:46...
Ecc operation left:45...
Ecc operation left:44...
Ecc operation left:43...
Ecc operation left:42...
Ecc operation left:41...
Ecc operation left:40...
Ecc operation left:39...
Ecc operation left:38...
Ecc operation left:37...
Ecc operation left:36...
Ecc operation left:35...
Ecc operation left:34...
Ecc operation left:33...
Ecc operation left:32...
Ecc operation left:31...
Ecc operation left:30...
Ecc operation left:29...
Ecc operation left:28...
Ecc operation left:27...
Ecc operation left:26...
Ecc operation left:25...
Ecc operation left:24...
Ecc operation left:23...
Ecc operation left:22...
Ecc operation left:21...
Ecc operation left:20...
Ecc operation left:19...
Ecc operation left:18...
Ecc operation left:17...
Ecc operation left:16...
Ecc operation left:15...
Ecc operation left:14...
Ecc operation left:13...
Ecc operation left:12...
Ecc operation left:11...
Ecc operation left:10...
Ecc operation left:9...
Ecc operation left:8...
Ecc operation left:7...
Ecc operation left:6...
Ecc operation left:5...
Ecc operation left:4...
Ecc operation left:3...
Ecc operation left:2...
Ecc operation left:1...
Ecc operation left:0...
Ecc operation left:255...
Ecc operation left:254...
Ecc operation left:253...
Ecc operation left:252...
Ecc operation left:251...
Ecc operation left:250...
Ecc operation left:249...
Ecc operation left:248...
Ecc operation left:247...
Ecc operation left:246...
Ecc operation left:245...
Ecc operation left:244...
Ecc operation left:243...
Ecc operation left:242...
Ecc operation left:241...
Ecc operation left:240...
Ecc operation left:239...
Ecc operation left:238...
Ecc operation left:237...
Ecc operation left:236...
Ecc operation left:235...
Ecc operation left:234...
Ecc operation left:233...
Ecc operation left:232...
Ecc operation left:231...
Ecc operation left:230...
Ecc operation left:229...
Ecc operation left:228...
Ecc operation left:227...
Ecc operation left:226...
Ecc operation left:225...
Ecc operation left:224...
Ecc operation left:223...
Ecc operation left:222...
Ecc operation left:221...
Ecc operation left:220...
Ecc operation left:219...
Ecc operation left:218...
Ecc operation left:217...
Ecc operation left:216...
Ecc operation left:215...
Ecc operation left:214...
Ecc operation left:213...
Ecc operation left:212...
Ecc operation left:211...
Ecc operation left:210...
Ecc operation left:209...
Ecc operation left:208...
Ecc operation left:207...
Ecc operation left:206...
Ecc operation left:205...
Ecc operation left:204...
Ecc operation left:203...
Ecc operation left:202...
Ecc operation left:201...
Ecc operation left:200...
Ecc operation left:199...
Ecc operation left:198...
Ecc operation left:197...
Ecc operation left:196...
Ecc operation left:195...
Ecc operation left:194...
Ecc operation left:193...
Ecc operation left:192...
Ecc operation left:191...
Ecc operation left:190...
Ecc operation left:189...
Ecc operation left:188...
Ecc operation left:187...
Ecc operation left:186...
Ecc operation left:185...
Ecc operation left:184...
Ecc operation left:183...
Ecc operation left:182...
Ecc operation left:181...
Ecc operation left:180...
Ecc operation left:179...
Ecc operation left:178...
Ecc operation left:177...
Ecc operation left:176...
Ecc operation left:175...
Ecc operation left:174...
Ecc operation left:173...
Ecc operation left:172...
Ecc operation left:171...
Ecc operation left:170...
Ecc operation left:169...
Ecc operation left:168...
Ecc operation left:167...
Ecc operation left:166...
Ecc operation left:165...
Ecc operation left:164...
Ecc operation left:163...
Ecc operation left:162...
Ecc operation left:161...
Ecc operation left:160...
Ecc operation left:159...
Ecc operation left:158...
Ecc operation left:157...
Ecc operation left:156...
Ecc operation left:155...
Ecc operation left:154...
Ecc operation left:153...
Ecc operation left:152...
Ecc operation left:151...
Ecc operation left:150...
Ecc operation left:149...
Ecc operation left:148...
Ecc operation left:147...
Ecc operation left:146...
Ecc operation left:145...
Ecc operation left:144...
Ecc operation left:143...
Ecc operation left:142...
Ecc operation left:141...
Ecc operation left:140...
Ecc operation left:139...
Ecc operation left:138...
Ecc operation left:137...
Ecc operation left:136...
Ecc operation left:135...
Ecc operation left:134...
Ecc operation left:133...
Ecc operation left:132...
Ecc operation left:131...
Ecc operation left:130...
Ecc operation left:129...
Ecc operation left:128...
Ecc operation left:127...
Ecc operation left:126...
Ecc operation left:125...
Ecc operation left:124...
Ecc operation left:123...
Ecc operation left:122...
Ecc operation left:121...
Ecc operation left:120...
Ecc operation left:119...
Ecc operation left:118...
Ecc operation left:117...
Ecc operation left:116...
Ecc operation left:115...
Ecc operation left:114...
Ecc operation left:113...
Ecc operation left:112...
Ecc operation left:111...
Ecc operation left:110...
Ecc operation left:109...
Ecc operation left:108...
Ecc operation left:107...
Ecc operation left:106...
Ecc operation left:105...
Ecc operation left:104...
Ecc operation left:103...
Ecc operation left:102...
Ecc operation left:101...
Ecc operation left:100...
Ecc operation left:99...
Ecc operation left:98...
Ecc operation left:97...
Ecc operation left:96...
Ecc operation left:95...
Ecc operation left:94...
Ecc operation left:93...
Ecc operation left:92...
Ecc operation left:91...
Ecc operation left:90...
Ecc operation left:89...
Ecc operation left:88...
Ecc operation left:87...
Ecc operation left:86...
Ecc operation left:85...
Ecc operation left:84...
Ecc operation left:83...
Ecc operation left:82...
Ecc operation left:81...
Ecc operation left:80...
Ecc operation left:79...
Ecc operation left:78...
Ecc operation left:77...
Ecc operation left:76...
Ecc operation left:75...
Ecc operation left:74...
Ecc operation left:73...
Ecc operation left:72...
Ecc operation left:71...
Ecc operation left:70...
Ecc operation left:69...
Ecc operation left:68...
Ecc operation left:67...
Ecc operation left:66...
Ecc operation left:65...
Ecc operation left:64...
Ecc operation left:63...
Ecc operation left:62...
Ecc operation left:61...
Ecc operation left:60...
Ecc operation left:59...
Ecc operation left:58...
Ecc operation left:57...
Ecc operation left:56...
Ecc operation left:55...
Ecc operation left:54...
Ecc operation left:53...
Ecc operation left:52...
Ecc operation left:51...
Ecc operation left:50...
Ecc operation left:49...
Ecc operation left:48...
Ecc operation left:47...
Ecc operation left:46...
Ecc operation left:45...
Ecc operation left:44...
Ecc operation left:43...
Ecc operation left:42...
Ecc operation left:41...
Ecc operation left:40...
Ecc operation left:39...
Ecc operation left:38...
Ecc operation left:37...
Ecc operation left:36...
Ecc operation left:35...
Ecc operation left:34...
Ecc operation left:33...
Ecc operation left:32...
Ecc operation left:31...
Ecc operation left:30...
Ecc operation left:29...
Ecc operation left:28...
Ecc operation left:27...
Ecc operation left:26...
Ecc operation left:25...
Ecc operation left:24...
Ecc operation left:23...
Ecc operation left:22...
Ecc operation left:21...
Ecc operation left:20...
Ecc operation left:19...
Ecc operation left:18...
Ecc operation left:17...
Ecc operation left:16...
Ecc operation left:15...
Ecc operation left:14...
Ecc operation left:13...
Ecc operation left:12...
Ecc operation left:11...
Ecc operation left:10...
Ecc operation left:9...
Ecc operation left:8...
Ecc operation left:7...
Ecc operation left:6...
Ecc operation left:5...
Ecc operation left:4...
Ecc operation left:3...
Ecc operation left:2...
Ecc operation left:1...
Ecc operation left:0...
#ECDSA Signature Nonce = 1981CA4056703F6412CB4C17768EA72478FB61C36871EDA44D5B751B672B68FF
DEBG add MAC data: (u bytes): 0C0000900003000000000090
DEBG add MAC data: (u bytes): 03001741047C3F889B4CCF53C391709DA5AC49F3AEE2B2EBD28C0A03CB4EA23FD6AB948A4B9DF2003CB09976028EC2286D3EA3DA5B1EB5480052D414C135071595C0B0590E04030047304502204150C8D4D5B2EFC8AD20CF8EC689C14A2306ABDFFE622A74313E3EC879F009C6022100CA2FAD129C6B6E7381AB1462F75F98A58C9FE153E948F9554809A5A931DEB73D
send handshake packet of type: server_key_exchange (12)
DEBG send header: (u bytes):
00000000 16 FE FD 00 00 00 00 00  00 00 03 00 9C 
DEBG send unencrypted: (u bytes):
00000000 0C 00 00 90 00 03 00 00  00 00 00 90 
DEBG send unencrypted: (u bytes):
00000000 03 00 17 41 04 7C 3F 88  9B 4C CF 53 C3 91 70 9D 
00000010 A5 AC 49 F3 AE E2 B2 EB  D2 8C 0A 03 CB 4E A2 3F 
00000020 D6 AB 94 8A 4B 9D F2 00  3C B0 99 76 02 8E C2 28 
00000030 6D 3E A3 DA 5B 1E B5 48  00 52 D4 14 C1 35 07 15 
00000040 95 C0 B0 59 0E 04 03 00  47 30 45 02 20 41 50 C8 
00000050 D4 D5 B2 EF C8 AD 20 CF  8E C6 89 C1 4A 23 06 AB 
00000060 DF FE 62 2A 74 31 3E 3E  C8 79 F0 09 C6 02 21 00 
00000070 CA 2F AD 12 9C 6B 6E 73  81 AB 14 62 F7 5F 98 A5 
00000080 8C 9F E1 53 E9 48 F9 55  48 09 A5 A9 31 DE B7 3D 

send to aaaa::1:57421
DEBG add MAC data: (u bytes): 0D0000080004000000000008
DEBG add MAC data: (u bytes): 0140000204030000
send handshake packet of type: certificate_request (13)
DEBG send header: (u bytes):
00000000 16 FE FD 00 00 00 00 00  00 00 04 00 14 
DEBG send unencrypted: (u bytes):
00000000 0D 00 00 08 00 04 00 00  00 00 00 08 
DEBG send unencrypted: (u bytes):
00000000 01 40 00 02 04 03 00 00  
send to aaaa::1:57421
DEBG add MAC data: (u bytes): 0E0000000005000000000000
send handshake packet of type: server_hello_done (14)
DEBG send header: (u bytes):
00000000 16 FE FD 00 00 00 00 00  00 00 05 00 0C 
DEBG send unencrypted: (u bytes):
00000000 0E 00 00 00 00 05 00 00  00 00 00 00 
send to aaaa::1:57421
dtls_handle_message: FOUND PEER
got packet 22 (122 bytes)
DEBG receive header: (u bytes):
00000000 16 FE FD 00 00 00 00 00  00 00 02 00 6D 
DEBG receive unencrypted: (u bytes):
00000000 0B 00 00 61 00 02 00 00  00 00 00 61 00 00 5E 00 
00000010 00 5B 30 59 30 13 06 07  2A 86 48 CE 3D 02 01 06 
00000020 08 2A 86 48 CE 3D 03 01  07 03 42 00 04 36 DF E2 
00000030 C6 F9 F2 ED 29 DA 0A 9A  8F 62 68 4E 91 63 75 BA 
00000040 10 30 0C 28 C5 E4 7C FB  F2 5F A5 8F 52 71 A0 D4 
00000050 FC DE 1A B8 78 5A 3C 78  69 35 A7 CF AB E9 3F 98 
00000060 72 09 DA ED 0B 4F AB C3  6F C7 72 F8 29 
received handshake packet of type: certificate (11)
handle handshake packet of type: certificate (11)
DEBG add MAC data: (u bytes): 0B000061000200000000006100005E00005B3059301306072A8648CE3D020106082A8648CE3D0301070342000436DFE2C6F9F2ED29DA0A9A8F62684E916375BA10300C28C5E47CFBF25FA58F5271A0D4FCDE1AB8785A3C786935A7CFABE93F987209DAED0B4FABC36FC772F829
dtls_handle_message: FOUND PEER
got packet 22 (91 bytes)
DEBG receive header: (u bytes):
00000000 16 FE FD 00 00 00 00 00  00 00 03 00 4E 
DEBG receive unencrypted: (u bytes):
00000000 10 00 00 42 00 03 00 00  00 00 00 42 41 04 10 BA 
00000010 07 79 60 AB A1 98 67 BC  01 54 D1 77 3B EE 69 36 
00000020 E9 71 10 15 11 BC B2 5D  2C C0 C9 DE 1B 26 62 67 
00000030 E8 97 B2 A4 75 CD 8D 91  4F 27 50 B4 65 1B 61 D0 
00000040 86 AA C4 15 0A 6A 29 61  43 D2 EF 57 73 A8 
received handshake packet of type: client_key_exchange (16)
handle handshake packet of type: client_key_exchange (16)
DEBG add MAC data: (u bytes): 100000420003000000000042410410BA077960ABA19867BC0154D1773BEE6936E971101511BCB25D2CC0C9DE1B266267E897B2A475CD8D914F2750B4651B61D086AAC4150A6A296143D2EF5773A8
dtls_handle_message: FOUND PEER
got packet 22 (100 bytes)
DEBG receive header: (u bytes):
00000000 16 FE FD 00 00 00 00 00  00 00 04 00 57 
DEBG receive unencrypted: (u bytes):
00000000 0F 00 00 4B 00 04 00 00  00 00 00 4B 04 03 00 47 
00000010 30 45 02 21 00 AB C2 9A  1D EF 48 44 42 F3 96 02 
00000020 2E 5F BE 72 CF 11 F6 89  1C D4 57 E1 FB 77 9B E8 
00000030 94 A0 3D 59 8E 02 20 22  FF 87 C8 FE 1A 95 40 4A 
00000040 40 E0 C3 61 DE DB FB 17  D2 47 70 8C A1 9D 5B 5C 
00000050 95 82 BC EC AB 43 F0 
received handshake packet of type: certificate_verify (15)
handle handshake packet of type: certificate_verify (15)
Ecc operation left:255...
Ecc operation left:254...
Ecc operation left:253...
Ecc operation left:252...
Ecc operation left:251...
Ecc operation left:250...
Ecc operation left:249...
Ecc operation left:248...
Ecc operation left:247...
Ecc operation left:246...
Ecc operation left:245...
Ecc operation left:244...
Ecc operation left:243...
Ecc operation left:242...
Ecc operation left:241...
Ecc operation left:240...
Ecc operation left:239...
Ecc operation left:238...
Ecc operation left:237...
Ecc operation left:236...
Ecc operation left:235...
Ecc operation left:234...
Ecc operation left:233...
Ecc operation left:232...
Ecc operation left:231...
Ecc operation left:230...
Ecc operation left:229...
Ecc operation left:228...
Ecc operation left:227...
Ecc operation left:226...
Ecc operation left:225...
Ecc operation left:224...
Ecc operation left:223...
Ecc operation left:222...
Ecc operation left:221...
Ecc operation left:220...
Ecc operation left:219...
Ecc operation left:218...
Ecc operation left:217...
Ecc operation left:216...
Ecc operation left:215...
Ecc operation left:214...
Ecc operation left:213...
Ecc operation left:212...
Ecc operation left:211...
Ecc operation left:210...
Ecc operation left:209...
Ecc operation left:208...
Ecc operation left:207...
Ecc operation left:206...
Ecc operation left:205...
Ecc operation left:204...
Ecc operation left:203...
Ecc operation left:202...
Ecc operation left:201...
Ecc operation left:200...
Ecc operation left:199...
Ecc operation left:198...
Ecc operation left:197...
Ecc operation left:196...
Ecc operation left:195...
Ecc operation left:194...
Ecc operation left:193...
Ecc operation left:192...
Ecc operation left:191...
Ecc operation left:190...
Ecc operation left:189...
Ecc operation left:188...
Ecc operation left:187...
Ecc operation left:186...
Ecc operation left:185...
Ecc operation left:184...
Ecc operation left:183...
Ecc operation left:182...
Ecc operation left:181...
Ecc operation left:180...
Ecc operation left:179...
Ecc operation left:178...
Ecc operation left:177...
Ecc operation left:176...
Ecc operation left:175...
Ecc operation left:174...
Ecc operation left:173...
Ecc operation left:172...
Ecc operation left:171...
Ecc operation left:170...
Ecc operation left:169...
Ecc operation left:168...
Ecc operation left:167...
Ecc operation left:166...
Ecc operation left:165...
Ecc operation left:164...
Ecc operation left:163...
Ecc operation left:162...
Ecc operation left:161...
Ecc operation left:160...
Ecc operation left:159...
Ecc operation left:158...
Ecc operation left:157...
Ecc operation left:156...
Ecc operation left:155...
Ecc operation left:154...
Ecc operation left:153...
Ecc operation left:152...
Ecc operation left:151...
Ecc operation left:150...
Ecc operation left:149...
Ecc operation left:148...
Ecc operation left:147...
Ecc operation left:146...
Ecc operation left:145...
Ecc operation left:144...
Ecc operation left:143...
Ecc operation left:142...
Ecc operation left:141...
Ecc operation left:140...
Ecc operation left:139...
Ecc operation left:138...
Ecc operation left:137...
Ecc operation left:136...
Ecc operation left:135...
Ecc operation left:134...
Ecc operation left:133...
Ecc operation left:132...
Ecc operation left:131...
Ecc operation left:130...
Ecc operation left:129...
Ecc operation left:128...
Ecc operation left:127...
Ecc operation left:126...
Ecc operation left:125...
Ecc operation left:124...
Ecc operation left:123...
Ecc operation left:122...
Ecc operation left:121...
Ecc operation left:120...
Ecc operation left:119...
Ecc operation left:118...
Ecc operation left:117...
Ecc operation left:116...
Ecc operation left:115...
Ecc operation left:114...
Ecc operation left:113...
Ecc operation left:112...
Ecc operation left:111...
Ecc operation left:110...
Ecc operation left:109...
Ecc operation left:108...
Ecc operation left:107...
Ecc operation left:106...
Ecc operation left:105...
Ecc operation left:104...
Ecc operation left:103...
Ecc operation left:102...
Ecc operation left:101...
Ecc operation left:100...
Ecc operation left:99...
Ecc operation left:98...
Ecc operation left:97...
Ecc operation left:96...
Ecc operation left:95...
Ecc operation left:94...
Ecc operation left:93...
Ecc operation left:92...
Ecc operation left:91...
Ecc operation left:90...
Ecc operation left:89...
Ecc operation left:88...
Ecc operation left:87...
Ecc operation left:86...
Ecc operation left:85...
Ecc operation left:84...
Ecc operation left:83...
Ecc operation left:82...
Ecc operation left:81...
Ecc operation left:80...
Ecc operation left:79...
Ecc operation left:78...
Ecc operation left:77...
Ecc operation left:76...
Ecc operation left:75...
Ecc operation left:74...
Ecc operation left:73...
Ecc operation left:72...
Ecc operation left:71...
Ecc operation left:70...
Ecc operation left:69...
Ecc operation left:68...
Ecc operation left:67...
Ecc operation left:66...
Ecc operation left:65...
Ecc operation left:64...
Ecc operation left:63...
Ecc operation left:62...
Ecc operation left:61...
Ecc operation left:60...
Ecc operation left:59...
Ecc operation left:58...
Ecc operation left:57...
Ecc operation left:56...
Ecc operation left:55...
Ecc operation left:54...
Ecc operation left:53...
Ecc operation left:52...
Ecc operation left:51...
Ecc operation left:50...
Ecc operation left:49...
Ecc operation left:48...
Ecc operation left:47...
Ecc operation left:46...
Ecc operation left:45...
Ecc operation left:44...
Ecc operation left:43...
Ecc operation left:42...
Ecc operation left:41...
Ecc operation left:40...
Ecc operation left:39...
Ecc operation left:38...
Ecc operation left:37...
Ecc operation left:36...
Ecc operation left:35...
Ecc operation left:34...
Ecc operation left:33...
Ecc operation left:32...
Ecc operation left:31...
Ecc operation left:30...
Ecc operation left:29...
Ecc operation left:28...
Ecc operation left:27...
Ecc operation left:26...
Ecc operation left:25...
Ecc operation left:24...
Ecc operation left:23...
Ecc operation left:22...
Ecc operation left:21...
Ecc operation left:20...
Ecc operation left:19...
Ecc operation left:18...
Ecc operation left:17...
Ecc operation left:16...
Ecc operation left:15...
Ecc operation left:14...
Ecc operation left:13...
Ecc operation left:12...
Ecc operation left:11...
Ecc operation left:10...
Ecc operation left:9...
Ecc operation left:8...
Ecc operation left:7...
Ecc operation left:6...
Ecc operation left:5...
Ecc operation left:4...
Ecc operation left:3...
Ecc operation left:2...
Ecc operation left:1...
Ecc operation left:0...
Ecc operation left:255...
Ecc operation left:254...
Ecc operation left:253...
Ecc operation left:252...
Ecc operation left:251...
Ecc operation left:250...
Ecc operation left:249...
Ecc operation left:248...
Ecc operation left:247...
Ecc operation left:246...
Ecc operation left:245...
Ecc operation left:244...
Ecc operation left:243...
Ecc operation left:242...
Ecc operation left:241...
Ecc operation left:240...
Ecc operation left:239...
Ecc operation left:238...
Ecc operation left:237...
Ecc operation left:236...
Ecc operation left:235...
Ecc operation left:234...
Ecc operation left:233...
Ecc operation left:232...
Ecc operation left:231...
Ecc operation left:230...
Ecc operation left:229...
Ecc operation left:228...
Ecc operation left:227...
Ecc operation left:226...
Ecc operation left:225...
Ecc operation left:224...
Ecc operation left:223...
Ecc operation left:222...
Ecc operation left:221...
Ecc operation left:220...
Ecc operation left:219...
Ecc operation left:218...
Ecc operation left:217...
Ecc operation left:216...
Ecc operation left:215...
Ecc operation left:214...
Ecc operation left:213...
Ecc operation left:212...
Ecc operation left:211...
Ecc operation left:210...
Ecc operation left:209...
Ecc operation left:208...
Ecc operation left:207...
Ecc operation left:206...
Ecc operation left:205...
Ecc operation left:204...
Ecc operation left:203...
Ecc operation left:202...
Ecc operation left:201...
Ecc operation left:200...
Ecc operation left:199...
Ecc operation left:198...
Ecc operation left:197...
Ecc operation left:196...
Ecc operation left:195...
Ecc operation left:194...
Ecc operation left:193...
Ecc operation left:192...
Ecc operation left:191...
Ecc operation left:190...
Ecc operation left:189...
Ecc operation left:188...
Ecc operation left:187...
Ecc operation left:186...
Ecc operation left:185...
Ecc operation left:184...
Ecc operation left:183...
Ecc operation left:182...
Ecc operation left:181...
Ecc operation left:180...
Ecc operation left:179...
Ecc operation left:178...
Ecc operation left:177...
Ecc operation left:176...
Ecc operation left:175...
Ecc operation left:174...
Ecc operation left:173...
Ecc operation left:172...
Ecc operation left:171...
Ecc operation left:170...
Ecc operation left:169...
Ecc operation left:168...
Ecc operation left:167...
Ecc operation left:166...
Ecc operation left:165...
Ecc operation left:164...
Ecc operation left:163...
Ecc operation left:162...
Ecc operation left:161...
Ecc operation left:160...
Ecc operation left:159...
Ecc operation left:158...
Ecc operation left:157...
Ecc operation left:156...
Ecc operation left:155...
Ecc operation left:154...
Ecc operation left:153...
Ecc operation left:152...
Ecc operation left:151...
Ecc operation left:150...
Ecc operation left:149...
Ecc operation left:148...
Ecc operation left:147...
Ecc operation left:146...
Ecc operation left:145...
Ecc operation left:144...
Ecc operation left:143...
Ecc operation left:142...
Ecc operation left:141...
Ecc operation left:140...
Ecc operation left:139...
Ecc operation left:138...
Ecc operation left:137...
Ecc operation left:136...
Ecc operation left:135...
Ecc operation left:134...
Ecc operation left:133...
Ecc operation left:132...
Ecc operation left:131...
Ecc operation left:130...
Ecc operation left:129...
Ecc operation left:128...
Ecc operation left:127...
Ecc operation left:126...
Ecc operation left:125...
Ecc operation left:124...
Ecc operation left:123...
Ecc operation left:122...
Ecc operation left:121...
Ecc operation left:120...
Ecc operation left:119...
Ecc operation left:118...
Ecc operation left:117...
Ecc operation left:116...
Ecc operation left:115...
Ecc operation left:114...
Ecc operation left:113...
Ecc operation left:112...
Ecc operation left:111...
Ecc operation left:110...
Ecc operation left:109...
Ecc operation left:108...
Ecc operation left:107...
Ecc operation left:106...
Ecc operation left:105...
Ecc operation left:104...
Ecc operation left:103...
Ecc operation left:102...
Ecc operation left:101...
Ecc operation left:100...
Ecc operation left:99...
Ecc operation left:98...
Ecc operation left:97...
Ecc operation left:96...
Ecc operation left:95...
Ecc operation left:94...
Ecc operation left:93...
Ecc operation left:92...
Ecc operation left:91...
Ecc operation left:90...
Ecc operation left:89...
Ecc operation left:88...
Ecc operation left:87...
Ecc operation left:86...
Ecc operation left:85...
Ecc operation left:84...
Ecc operation left:83...
Ecc operation left:82...
Ecc operation left:81...
Ecc operation left:80...
Ecc operation left:79...
Ecc operation left:78...
Ecc operation left:77...
Ecc operation left:76...
Ecc operation left:75...
Ecc operation left:74...
Ecc operation left:73...
Ecc operation left:72...
Ecc operation left:71...
Ecc operation left:70...
Ecc operation left:69...
Ecc operation left:68...
Ecc operation left:67...
Ecc operation left:66...
Ecc operation left:65...
Ecc operation left:64...
Ecc operation left:63...
Ecc operation left:62...
Ecc operation left:61...
Ecc operation left:60...
Ecc operation left:59...
Ecc operation left:58...
Ecc operation left:57...
Ecc operation left:56...
Ecc operation left:55...
Ecc operation left:54...
Ecc operation left:53...
Ecc operation left:52...
Ecc operation left:51...
Ecc operation left:50...
Ecc operation left:49...
Ecc operation left:48...
Ecc operation left:47...
Ecc operation left:46...
Ecc operation left:45...
Ecc operation left:44...
Ecc operation left:43...
Ecc operation left:42...
Ecc operation left:41...
Ecc operation left:40...
Ecc operation left:39...
Ecc operation left:38...
Ecc operation left:37...
Ecc operation left:36...
Ecc operation left:35...
Ecc operation left:34...
Ecc operation left:33...
Ecc operation left:32...
Ecc operation left:31...
Ecc operation left:30...
Ecc operation left:29...
Ecc operation left:28...
Ecc operation left:27...
Ecc operation left:26...
Ecc operation left:25...
Ecc operation left:24...
Ecc operation left:23...
Ecc operation left:22...
Ecc operation left:21...
Ecc operation left:20...
Ecc operation left:19...
Ecc operation left:18...
Ecc operation left:17...
Ecc operation left:16...
Ecc operation left:15...
Ecc operation left:14...
Ecc operation left:13...
Ecc operation left:12...
Ecc operation left:11...
Ecc operation left:10...
Ecc operation left:9...
Ecc operation left:8...
Ecc operation left:7...
Ecc operation left:6...
Ecc operation left:5...
Ecc operation left:4...
Ecc operation left:3...
Ecc operation left:2...
Ecc operation left:1...
Ecc operation left:0...
DEBG add MAC data: (u bytes): 0F00004B000400000000004B040300473045022100ABC29A1DEF484442F396022E5FBE72CF11F6891CD457E1FB779BE894A03D598E022022FF87C8FE1A95404A40E0C361DEDBFB17D247708CA19D5B5C9582BCECAB43F0
dtls_handle_message: FOUND PEER
got packet 20 (14 bytes)
DEBG receive header: (u bytes):
00000000 14 FE FD 00 00 00 00 00  00 00 05 00 01 
DEBG receive unencrypted: (u bytes):
00000000 01 
Ecc operation left:255...
Ecc operation left:254...
Ecc operation left:253...
Ecc operation left:252...
Ecc operation left:251...
Ecc operation left:250...
Ecc operation left:249...
Ecc operation left:248...
Ecc operation left:247...
Ecc operation left:246...
Ecc operation left:245...
Ecc operation left:244...
Ecc operation left:243...
Ecc operation left:242...
Ecc operation left:241...
Ecc operation left:240...
Ecc operation left:239...
Ecc operation left:238...
Ecc operation left:237...
Ecc operation left:236...
Ecc operation left:235...
Ecc operation left:234...
Ecc operation left:233...
Ecc operation left:232...
Ecc operation left:231...
Ecc operation left:230...
Ecc operation left:229...
Ecc operation left:228...
Ecc operation left:227...
Ecc operation left:226...
Ecc operation left:225...
Ecc operation left:224...
Ecc operation left:223...
Ecc operation left:222...
Ecc operation left:221...
Ecc operation left:220...
Ecc operation left:219...
Ecc operation left:218...
Ecc operation left:217...
Ecc operation left:216...
Ecc operation left:215...
Ecc operation left:214...
Ecc operation left:213...
Ecc operation left:212...
Ecc operation left:211...
Ecc operation left:210...
Ecc operation left:209...
Ecc operation left:208...
Ecc operation left:207...
Ecc operation left:206...
Ecc operation left:205...
Ecc operation left:204...
Ecc operation left:203...
Ecc operation left:202...
Ecc operation left:201...
Ecc operation left:200...
Ecc operation left:199...
Ecc operation left:198...
Ecc operation left:197...
Ecc operation left:196...
Ecc operation left:195...
Ecc operation left:194...
Ecc operation left:193...
Ecc operation left:192...
Ecc operation left:191...
Ecc operation left:190...
Ecc operation left:189...
Ecc operation left:188...
Ecc operation left:187...
Ecc operation left:186...
Ecc operation left:185...
Ecc operation left:184...
Ecc operation left:183...
Ecc operation left:182...
Ecc operation left:181...
Ecc operation left:180...
Ecc operation left:179...
Ecc operation left:178...
Ecc operation left:177...
Ecc operation left:176...
Ecc operation left:175...
Ecc operation left:174...
Ecc operation left:173...
Ecc operation left:172...
Ecc operation left:171...
Ecc operation left:170...
Ecc operation left:169...
Ecc operation left:168...
Ecc operation left:167...
Ecc operation left:166...
Ecc operation left:165...
Ecc operation left:164...
Ecc operation left:163...
Ecc operation left:162...
Ecc operation left:161...
Ecc operation left:160...
Ecc operation left:159...
Ecc operation left:158...
Ecc operation left:157...
Ecc operation left:156...
Ecc operation left:155...
Ecc operation left:154...
Ecc operation left:153...
Ecc operation left:152...
Ecc operation left:151...
Ecc operation left:150...
Ecc operation left:149...
Ecc operation left:148...
Ecc operation left:147...
Ecc operation left:146...
Ecc operation left:145...
Ecc operation left:144...
Ecc operation left:143...
Ecc operation left:142...
Ecc operation left:141...
Ecc operation left:140...
Ecc operation left:139...
Ecc operation left:138...
Ecc operation left:137...
Ecc operation left:136...
Ecc operation left:135...
Ecc operation left:134...
Ecc operation left:133...
Ecc operation left:132...
Ecc operation left:131...
Ecc operation left:130...
Ecc operation left:129...
Ecc operation left:128...
Ecc operation left:127...
Ecc operation left:126...
Ecc operation left:125...
Ecc operation left:124...
Ecc operation left:123...
Ecc operation left:122...
Ecc operation left:121...
Ecc operation left:120...
Ecc operation left:119...
Ecc operation left:118...
Ecc operation left:117...
Ecc operation left:116...
Ecc operation left:115...
Ecc operation left:114...
Ecc operation left:113...
Ecc operation left:112...
Ecc operation left:111...
Ecc operation left:110...
Ecc operation left:109...
Ecc operation left:108...
Ecc operation left:107...
Ecc operation left:106...
Ecc operation left:105...
Ecc operation left:104...
Ecc operation left:103...
Ecc operation left:102...
Ecc operation left:101...
Ecc operation left:100...
Ecc operation left:99...
Ecc operation left:98...
Ecc operation left:97...
Ecc operation left:96...
Ecc operation left:95...
Ecc operation left:94...
Ecc operation left:93...
Ecc operation left:92...
Ecc operation left:91...
Ecc operation left:90...
Ecc operation left:89...
Ecc operation left:88...
Ecc operation left:87...
Ecc operation left:86...
Ecc operation left:85...
Ecc operation left:84...
Ecc operation left:83...
Ecc operation left:82...
Ecc operation left:81...
Ecc operation left:80...
Ecc operation left:79...
Ecc operation left:78...
Ecc operation left:77...
Ecc operation left:76...
Ecc operation left:75...
Ecc operation left:74...
Ecc operation left:73...
Ecc operation left:72...
Ecc operation left:71...
Ecc operation left:70...
Ecc operation left:69...
Ecc operation left:68...
Ecc operation left:67...
Ecc operation left:66...
Ecc operation left:65...
Ecc operation left:64...
Ecc operation left:63...
Ecc operation left:62...
Ecc operation left:61...
Ecc operation left:60...
Ecc operation left:59...
Ecc operation left:58...
Ecc operation left:57...
Ecc operation left:56...
Ecc operation left:55...
Ecc operation left:54...
Ecc operation left:53...
Ecc operation left:52...
Ecc operation left:51...
Ecc operation left:50...
Ecc operation left:49...
Ecc operation left:48...
Ecc operation left:47...
Ecc operation left:46...
Ecc operation left:45...
Ecc operation left:44...
Ecc operation left:43...
Ecc operation left:42...
Ecc operation left:41...
Ecc operation left:40...
Ecc operation left:39...
Ecc operation left:38...
Ecc operation left:37...
Ecc operation left:36...
Ecc operation left:35...
Ecc operation left:34...
Ecc operation left:33...
Ecc operation left:32...
Ecc operation left:31...
Ecc operation left:30...
Ecc operation left:29...
Ecc operation left:28...
Ecc operation left:27...
Ecc operation left:26...
Ecc operation left:25...
Ecc operation left:24...
Ecc operation left:23...
Ecc operation left:22...
Ecc operation left:21...
Ecc operation left:20...
Ecc operation left:19...
Ecc operation left:18...
Ecc operation left:17...
Ecc operation left:16...
Ecc operation left:15...
Ecc operation left:14...
Ecc operation left:13...
Ecc operation left:12...
Ecc operation left:11...
Ecc operation left:10...
Ecc operation left:9...
Ecc operation left:8...
Ecc operation left:7...
Ecc operation left:6...
Ecc operation left:5...
Ecc operation left:4...
Ecc operation left:3...
Ecc operation left:2...
Ecc operation left:1...
Ecc operation left:0...
DEBG client_random: (u bytes): 0000003B62269E78BC55C2277D9D1FA7D2EE0328464FF8C0DA8348453FA29978
DEBG server_random: (u bytes): 000002F6550EBF2472FB64036881EDE04D68350E97246CFB6EC36D11ED2C4D3D
DEBG pre_master_secret: (u bytes): BBB8A6931366FD0D1520C6C1996BB78325EA725B88D6058216D7B711ED212005
DEBG master_secret: (u bytes): 11CB13852540C5A3C5ABD3DF4E8D996C9BFEE1FB44909D5D59F338E2B27876961DF734F88754FBB02AB93D61BC631968
key_block (40 bytes):
DEBG   client_MAC_secret: (u bytes): 
DEBG   server_MAC_secret: (u bytes): 
DEBG   client_write_key: (u bytes): D7165B232773465544D442DC4DF8B89F
DEBG   server_write_key: (u bytes): CA0042834E956F903ECC9AB45263BD0E
DEBG   client_IV: (u bytes): B09BA9B3
DEBG   server_IV: (u bytes): 11CFD497
dtls_handle_message: FOUND PEER
got packet 22 (53 bytes)
DEBG nonce: (u bytes): B09BA9B3000100000000000000000000
DEBG key: (u bytes): D7165B232773465544D442DC4DF8B89F
DEBG ciphertext: (u bytes): AEDA3BB404F7B27674A0C97C265017054E49FBCBEADDD6F465387FB595856AB9
decrypt_verify(): found 24 bytes cleartext
DEBG cleartext: (u bytes): 1400000C000500000000000C9648DE10764E73E90B3AC353
DEBG receive header: (u bytes):
00000000 16 FE FD 00 01 00 00 00  00 00 00 00 28 
DEBG receive unencrypted: (u bytes):
00000000 14 00 00 0C 00 05 00 00  00 00 00 0C 96 48 DE 10 
00000010 76 4E 73 E9 0B 3A C3 53  
received handshake packet of type: finished (20)
handle handshake packet of type: finished (20)
DEBG d:: (u bytes): 9648DE10764E73E90B3AC353
DEBG v:: (u bytes): 9648DE10764E73E90B3AC353
DEBG add MAC data: (u bytes): 1400000C000500000000000C9648DE10764E73E90B3AC353
DEBG send header: (u bytes):
00000000 14 FE FD 00 00 00 00 00  00 00 06 00 01 
DEBG send unencrypted: (u bytes):
00000000 01 
send to aaaa::1:57421
DEBG server finished MAC: (u bytes): 96FD82444EBBDA80D93BC046
DEBG add MAC data: (u bytes): 1400000C000600000000000C
DEBG add MAC data: (u bytes): 96FD82444EBBDA80D93BC046
send handshake packet of type: finished (20)
dtls_prepare_record(): encrypt using TLS_ECDHE_ECDSA_WITH_AES_128_CCM_8
DEBG nonce:: (u bytes): 11CFD497000100000000000000000000
DEBG key:: (u bytes): CA0042834E956F903ECC9AB45263BD0E
DEBG message:: (u bytes): 0001000000000000A0684EFB9588D5B386703F37427E3BACF7A44F65FDB674640E285D628693C3E3
DEBG send header: (u bytes):
00000000 16 FE FD 00 01 00 00 00  00 00 00 00 28 
DEBG send unencrypted: (u bytes):
00000000 14 00 00 0C 00 06 00 00  00 00 00 0C 
DEBG send unencrypted: (u bytes):
00000000 96 FD 82 44 4E BB DA 80  D9 3B C0 46 
send to aaaa::1:57421
Handshake complete
dtls_handle_message: FOUND PEER
got packet 23 (30 bytes)
DEBG nonce: (u bytes): B09BA9B3000100000000000100000000
DEBG key: (u bytes): D7165B232773465544D442DC4DF8B89F
DEBG ciphertext: (u bytes): 45ACDB9617A813861E
decrypt_verify(): found 1 bytes cleartext
DEBG cleartext: (u bytes): 0A
DEBG receive header: (u bytes):
00000000 17 FE FD 00 01 00 00 00  00 00 01 00 11 
DEBG receive unencrypted: (u bytes):
00000000 0A 
** application data:

dtls_prepare_record(): encrypt using TLS_ECDHE_ECDSA_WITH_AES_128_CCM_8
DEBG nonce:: (u bytes): 11CFD497000100000000000100000000
DEBG key:: (u bytes): CA0042834E956F903ECC9AB45263BD0E
DEBG message:: (u bytes): 00010000000000012D55A28D76D9BE79F1
DEBG send header: (u bytes):
00000000 17 FE FD 00 01 00 00 00  00 00 01 00 11 
DEBG send unencrypted: (u bytes):
00000000 0A 
send to aaaa::1:57421
dtls_handle_message: FOUND PEER
got packet 23 (30 bytes)
DEBG nonce: (u bytes): B09BA9B3000100000000000200000000
DEBG key: (u bytes): D7165B232773465544D442DC4DF8B89F
DEBG ciphertext: (u bytes): 1037A2332A030FFB5E
decrypt_verify(): found 1 bytes cleartext
DEBG cleartext: (u bytes): 0A
DEBG receive header: (u bytes):
00000000 17 FE FD 00 01 00 00 00  00 00 02 00 11 
DEBG receive unencrypted: (u bytes):
00000000 0A 
** application data:

dtls_prepare_record(): encrypt using TLS_ECDHE_ECDSA_WITH_AES_128_CCM_8
DEBG nonce:: (u bytes): 11CFD497000100000000000200000000
DEBG key:: (u bytes): CA0042834E956F903ECC9AB45263BD0E
DEBG message:: (u bytes): 000100000000000259AFF05B015D9CC570
DEBG send header: (u bytes):
00000000 17 FE FD 00 01 00 00 00  00 00 02 00 11 
DEBG send unencrypted: (u bytes):
00000000 0A 
send to aaaa::1:57421
dtls_handle_message: PEER NOT FOUND
peer addr: :57421
got packet 23 (35 bytes)
DEBG receive header: (u bytes):
00000000 17 FE FD 00 01 00 00 00  00 00 03 00 16 
DEBG receive unencrypted: (u bytes):
00000000 00 01 00 00 00 00 00 03  D5 C3 5A 9D 81 7D E7 FD 
00000010 C0 65 62 48 CF 8E 
** application data:
no peer available, send an alert
dtls_handle_message: FOUND PEER
got packet 23 (34 bytes)
DEBG nonce: (u bytes): B09BA9B3000100000000000400000000
DEBG key: (u bytes): D7165B232773465544D442DC4DF8B89F
DEBG ciphertext: (u bytes): 1652DAEDDE51382244A128429C
decrypt_verify(): found 5 bytes cleartext
DEBG cleartext: (u bytes): 48656C6C0A
DEBG receive header: (u bytes):
00000000 17 FE FD 00 01 00 00 00  00 00 04 00 15 
DEBG receive unencrypted: (u bytes):
00000000 48 65 6C 6C 0A 
** application data:
Hell
dtls_prepare_record(): encrypt using TLS_ECDHE_ECDSA_WITH_AES_128_CCM_8
DEBG nonce:: (u bytes): 11CFD497000100000000000300000000
DEBG key:: (u bytes): CA0042834E956F903ECC9AB45263BD0E
DEBG message:: (u bytes): 000100000000000304AB0D0648F96EAEDB911C02E1
DEBG send header: (u bytes):
00000000 17 FE FD 00 01 00 00 00  00 00 03 00 15 
DEBG send unencrypted: (u bytes):
00000000 48 65 6C 6C 0A 
send to aaaa::1:57421
dtls_handle_message: FOUND PEER
got packet 23 (31 bytes)
DEBG nonce: (u bytes): B09BA9B3000100000000000500000000
DEBG key: (u bytes): D7165B232773465544D442DC4DF8B89F
DEBG ciphertext: (u bytes): 3107D03C8E8EB99BE5F6
decrypt_verify(): found 2 bytes cleartext
DEBG cleartext: (u bytes): 6F0A
DEBG receive header: (u bytes):
00000000 17 FE FD 00 01 00 00 00  00 00 05 00 12 
DEBG receive unencrypted: (u bytes):
00000000 6F 0A 
** application data:
o
dtls_prepare_record(): encrypt using TLS_ECDHE_ECDSA_WITH_AES_128_CCM_8
DEBG nonce:: (u bytes): 11CFD497000100000000000400000000
DEBG key:: (u bytes): CA0042834E956F903ECC9AB45263BD0E
DEBG message:: (u bytes): 0001000000000004192E189745A255A95CA9
DEBG send header: (u bytes):
00000000 17 FE FD 00 01 00 00 00  00 00 04 00 12 
DEBG send unencrypted: (u bytes):
00000000 6F 0A 
send to aaaa::1:57421
dtls_handle_message: FOUND PEER
got packet 23 (35 bytes)
DEBG nonce: (u bytes): B09BA9B3000100000000000600000000
DEBG key: (u bytes): D7165B232773465544D442DC4DF8B89F
DEBG ciphertext: (u bytes): 24B4CA6EFB47C9D48524968C49CF
decrypt_verify(): found 6 bytes cleartext
DEBG cleartext: (u bytes): 68656C6C6F0A
DEBG receive header: (u bytes):
00000000 17 FE FD 00 01 00 00 00  00 00 06 00 16 
DEBG receive unencrypted: (u bytes):
00000000 68 65 6C 6C 6F 0A 
** application data:
hello
dtls_prepare_record(): encrypt using TLS_ECDHE_ECDSA_WITH_AES_128_CCM_8
DEBG nonce:: (u bytes): 11CFD497000100000000000500000000
DEBG key:: (u bytes): CA0042834E956F903ECC9AB45263BD0E
DEBG message:: (u bytes): 0001000000000005DFE3818F7538A1605930A2E95AD3
DEBG send header: (u bytes):
00000000 17 FE FD 00 01 00 00 00  00 00 05 00 16 
DEBG send unencrypted: (u bytes):
00000000 68 65 6C 6C 6F 0A 
send to aaaa::1:57421
dtls_handle_message: FOUND PEER
got packet 23 (34 bytes)
DEBG nonce: (u bytes): B09BA9B3000100000000000700000000
DEBG key: (u bytes): D7165B232773465544D442DC4DF8B89F
DEBG ciphertext: (u bytes): BA7A7E03446FB27FB145C0C87A
decrypt_verify(): found 5 bytes cleartext
DEBG cleartext: (u bytes): 636F61700A
DEBG receive header: (u bytes):
00000000 17 FE FD 00 01 00 00 00  00 00 07 00 15 
DEBG receive unencrypted: (u bytes):
00000000 63 6F 61 70 0A 
** application data:
coap
dtls_prepare_record(): encrypt using TLS_ECDHE_ECDSA_WITH_AES_128_CCM_8
DEBG nonce:: (u bytes): 11CFD497000100000000000600000000
DEBG key:: (u bytes): CA0042834E956F903ECC9AB45263BD0E
DEBG message:: (u bytes): 00010000000000064E3E8DCF09BE64B82EE5F4B37A
DEBG send header: (u bytes):
00000000 17 FE FD 00 01 00 00 00  00 00 06 00 15 
DEBG send unencrypted: (u bytes):
00000000 63 6F 61 70 0A 
send to aaaa::1:57421
dtls_handle_message: FOUND PEER
got packet 21 (31 bytes)
DEBG nonce: (u bytes): B09BA9B3000100000000000800000000
DEBG key: (u bytes): D7165B232773465544D442DC4DF8B89F
DEBG ciphertext: (u bytes): B8C929EEBCCD428C5207
decrypt_verify(): found 2 bytes cleartext
DEBG cleartext: (u bytes): 0200
DEBG receive header: (u bytes):
00000000 15 FE FD 00 01 00 00 00  00 00 08 00 12 
DEBG receive unencrypted: (u bytes):
00000000 02 00 
** Alert: level 2, description 0
0 invalidate peer
removed peer [aaaa::1]:57421
dtls_prepare_record(): encrypt using TLS_ECDHE_ECDSA_WITH_AES_128_CCM_8
DEBG nonce:: (u bytes): 11CFD497000100000000000700000000
DEBG key:: (u bytes): CA0042834E956F903ECC9AB45263BD0E
DEBG message:: (u bytes): 000100000000000739B6BD89C564D97513BC
DEBG send header: (u bytes):
00000000 15 FE FD 00 01 00 00 00  00 00 07 00 12 
DEBG send unencrypted: (u bytes):
00000000 02 00 
send to aaaa::1:57421
received alert, peer has been invalidated
