PING aaaa::212:4b00:41e:afc6(aaaa::212:4b00:41e:afc6) 56 data bytes
[1439462069.455704] 64 bytes from aaaa::212:4b00:41e:afc6: icmp_seq=1 ttl=63 time=217 ms
[1439462070.272603] 64 bytes from aaaa::212:4b00:41e:afc6: icmp_seq=2 ttl=63 time=32.3 ms
[1439462071.408837] 64 bytes from aaaa::212:4b00:41e:afc6: icmp_seq=3 ttl=63 time=167 ms
[1439462072.275213] 64 bytes from aaaa::212:4b00:41e:afc6: icmp_seq=4 ttl=63 time=32.3 ms
[1439462073.455710] 64 bytes from aaaa::212:4b00:41e:afc6: icmp_seq=5 ttl=63 time=211 ms
[1439462074.278210] 64 bytes from aaaa::212:4b00:41e:afc6: icmp_seq=6 ttl=63 time=32.4 ms
[1439462075.279709] 64 bytes from aaaa::212:4b00:41e:afc6: icmp_seq=7 ttl=63 time=32.3 ms
[1439462076.281378] 64 bytes from aaaa::212:4b00:41e:afc6: icmp_seq=8 ttl=63 time=32.4 ms
[1439462077.282938] 64 bytes from aaaa::212:4b00:41e:afc6: icmp_seq=9 ttl=63 time=32.3 ms
[1439462078.284513] 64 bytes from aaaa::212:4b00:41e:afc6: icmp_seq=10 ttl=63 time=32.3 ms
[1439462079.286129] 64 bytes from aaaa::212:4b00:41e:afc6: icmp_seq=11 ttl=63 time=32.3 ms
[1439462080.494660] 64 bytes from aaaa::212:4b00:41e:afc6: icmp_seq=12 ttl=63 time=239 ms
[1439462081.288971] 64 bytes from aaaa::212:4b00:41e:afc6: icmp_seq=13 ttl=63 time=32.3 ms
[1439462082.580463] 64 bytes from aaaa::212:4b00:41e:afc6: icmp_seq=14 ttl=63 time=322 ms
[1439462083.416340] 64 bytes from aaaa::212:4b00:41e:afc6: icmp_seq=15 ttl=63 time=156 ms
PING aaaa::212:4b00:41e:afc6(aaaa::212:4b00:41e:afc6) 56 data bytes
[1439462101.180011] no answer yet for icmp_seq=1
[1439462101.212743] 64 bytes from aaaa::212:4b00:41e:afc6: icmp_seq=2 ttl=63 time=32.4 ms
[1439462103.181842] no answer yet for icmp_seq=3
[1439462103.214461] 64 bytes from aaaa::212:4b00:41e:afc6: icmp_seq=4 ttl=63 time=32.3 ms
[1439462104.216091] 64 bytes from aaaa::212:4b00:41e:afc6: icmp_seq=5 ttl=63 time=32.4 ms
[1439462105.431449] 64 bytes from aaaa::212:4b00:41e:afc6: icmp_seq=6 ttl=63 time=246 ms
[1439462106.218691] 64 bytes from aaaa::212:4b00:41e:afc6: icmp_seq=7 ttl=63 time=32.3 ms
[1439462107.220081] 64 bytes from aaaa::212:4b00:41e:afc6: icmp_seq=8 ttl=63 time=32.8 ms
[1439462108.221711] 64 bytes from aaaa::212:4b00:41e:afc6: icmp_seq=9 ttl=63 time=32.4 ms
[1439462109.223328] 64 bytes from aaaa::212:4b00:41e:afc6: icmp_seq=10 ttl=63 time=32.3 ms
[1439462110.224959] 64 bytes from aaaa::212:4b00:41e:afc6: icmp_seq=11 ttl=63 time=32.4 ms
[1439462111.226558] 64 bytes from aaaa::212:4b00:41e:afc6: icmp_seq=12 ttl=63 time=32.4 ms
[1439462112.228059] 64 bytes from aaaa::212:4b00:41e:afc6: icmp_seq=13 ttl=63 time=32.3 ms
[1439462113.230085] 64 bytes from aaaa::212:4b00:41e:afc6: icmp_seq=14 ttl=63 time=32.8 ms
[1439462114.231706] 64 bytes from aaaa::212:4b00:41e:afc6: icmp_seq=15 ttl=63 time=32.4 ms
[1439462115.233328] 64 bytes from aaaa::212:4b00:41e:afc6: icmp_seq=16 ttl=63 time=32.4 ms
[1439462116.234956] 64 bytes from aaaa::212:4b00:41e:afc6: icmp_seq=17 ttl=63 time=32.4 ms
[1439462117.368544] 64 bytes from aaaa::212:4b00:41e:afc6: icmp_seq=18 ttl=63 time=164 ms
[1439462118.237933] 64 bytes from aaaa::212:4b00:41e:afc6: icmp_seq=19 ttl=63 time=32.3 ms
[1439462119.415418] 64 bytes from aaaa::212:4b00:41e:afc6: icmp_seq=20 ttl=63 time=208 ms
[1439462120.240831] 64 bytes from aaaa::212:4b00:41e:afc6: icmp_seq=21 ttl=63 time=32.4 ms
[1439462121.242148] 64 bytes from aaaa::212:4b00:41e:afc6: icmp_seq=22 ttl=63 time=32.2 ms
[1439462122.243782] 64 bytes from aaaa::212:4b00:41e:afc6: icmp_seq=23 ttl=63 time=32.4 ms
[1439462123.245437] 64 bytes from aaaa::212:4b00:41e:afc6: icmp_seq=24 ttl=63 time=32.4 ms
[1439462124.246946] 64 bytes from aaaa::212:4b00:41e:afc6: icmp_seq=25 ttl=63 time=32.3 ms
[1439462125.248568] 64 bytes from aaaa::212:4b00:41e:afc6: icmp_seq=26 ttl=63 time=32.4 ms
[1439462126.250162] 64 bytes from aaaa::212:4b00:41e:afc6: icmp_seq=27 ttl=63 time=32.4 ms
[1439462127.251699] 64 bytes from aaaa::212:4b00:41e:afc6: icmp_seq=28 ttl=63 time=32.3 ms
[1439462128.253418] 64 bytes from aaaa::212:4b00:41e:afc6: icmp_seq=29 ttl=63 time=32.5 ms
[1439462129.255076] 64 bytes from aaaa::212:4b00:41e:afc6: icmp_seq=30 ttl=63 time=32.4 ms
[1439462130.256582] 64 bytes from aaaa::212:4b00:41e:afc6: icmp_seq=31 ttl=63 time=32.3 ms
[1439462131.258166] 64 bytes from aaaa::212:4b00:41e:afc6: icmp_seq=32 ttl=63 time=32.4 ms
[1439462132.259828] 64 bytes from aaaa::212:4b00:41e:afc6: icmp_seq=33 ttl=63 time=32.4 ms
[1439462133.469698] 64 bytes from aaaa::212:4b00:41e:afc6: icmp_seq=34 ttl=63 time=240 ms
[1439462134.399425] 64 bytes from aaaa::212:4b00:41e:afc6: icmp_seq=35 ttl=63 time=168 ms
[1439462135.264958] 64 bytes from aaaa::212:4b00:41e:afc6: icmp_seq=36 ttl=63 time=32.4 ms
[1439462136.414951] 64 bytes from aaaa::212:4b00:41e:afc6: icmp_seq=37 ttl=63 time=180 ms
[1439462137.268584] 64 bytes from aaaa::212:4b00:41e:afc6: icmp_seq=38 ttl=63 time=32.5 ms
[1439462138.270250] 64 bytes from aaaa::212:4b00:41e:afc6: icmp_seq=39 ttl=63 time=32.4 ms
[1439462139.271836] 64 bytes from aaaa::212:4b00:41e:afc6: icmp_seq=40 ttl=63 time=32.4 ms
[1439462140.273466] 64 bytes from aaaa::212:4b00:41e:afc6: icmp_seq=41 ttl=63 time=32.4 ms
[1439462141.275074] 64 bytes from aaaa::212:4b00:41e:afc6: icmp_seq=42 ttl=63 time=32.4 ms
[1439462142.328419] 64 bytes from aaaa::212:4b00:41e:afc6: icmp_seq=43 ttl=63 time=84.1 ms
[1439462143.278038] 64 bytes from aaaa::212:4b00:41e:afc6: icmp_seq=44 ttl=63 time=32.4 ms
[1439462144.279600] 64 bytes from aaaa::212:4b00:41e:afc6: icmp_seq=45 ttl=63 time=32.3 ms
[1439462145.281402] 64 bytes from aaaa::212:4b00:41e:afc6: icmp_seq=46 ttl=63 time=32.6 ms
[1439462146.282945] 64 bytes from aaaa::212:4b00:41e:afc6: icmp_seq=47 ttl=63 time=32.3 ms
[1439462147.284581] 64 bytes from aaaa::212:4b00:41e:afc6: icmp_seq=48 ttl=63 time=32.4 ms
[1439462148.286221] 64 bytes from aaaa::212:4b00:41e:afc6: icmp_seq=49 ttl=63 time=32.4 ms
[1439462149.287822] 64 bytes from aaaa::212:4b00:41e:afc6: icmp_seq=50 ttl=63 time=32.4 ms
[1439462150.289449] 64 bytes from aaaa::212:4b00:41e:afc6: icmp_seq=51 ttl=63 time=32.4 ms
[1439462151.290951] 64 bytes from aaaa::212:4b00:41e:afc6: icmp_seq=52 ttl=63 time=32.3 ms
[1439462152.292583] 64 bytes from aaaa::212:4b00:41e:afc6: icmp_seq=53 ttl=63 time=32.4 ms
[1439462153.294240] 64 bytes from aaaa::212:4b00:41e:afc6: icmp_seq=54 ttl=63 time=32.4 ms
[1439462154.295834] 64 bytes from aaaa::212:4b00:41e:afc6: icmp_seq=55 ttl=63 time=32.4 ms
[1439462155.297493] 64 bytes from aaaa::212:4b00:41e:afc6: icmp_seq=56 ttl=63 time=32.4 ms
[1439462156.299121] 64 bytes from aaaa::212:4b00:41e:afc6: icmp_seq=57 ttl=63 time=32.4 ms
[1439462157.300714] 64 bytes from aaaa::212:4b00:41e:afc6: icmp_seq=58 ttl=63 time=32.4 ms
[1439462158.302418] 64 bytes from aaaa::212:4b00:41e:afc6: icmp_seq=59 ttl=63 time=32.4 ms
[1439462159.304525] 64 bytes from aaaa::212:4b00:41e:afc6: icmp_seq=60 ttl=63 time=32.8 ms
[1439462160.305146] 64 bytes from aaaa::212:4b00:41e:afc6: icmp_seq=61 ttl=63 time=32.3 ms
[1439462161.306899] 64 bytes from aaaa::212:4b00:41e:afc6: icmp_seq=62 ttl=63 time=32.5 ms
[1439462162.308661] 64 bytes from aaaa::212:4b00:41e:afc6: icmp_seq=63 ttl=63 time=32.5 ms
[1439462163.310279] 64 bytes from aaaa::212:4b00:41e:afc6: icmp_seq=64 ttl=63 time=32.3 ms
[1439462164.311915] 64 bytes from aaaa::212:4b00:41e:afc6: icmp_seq=65 ttl=63 time=32.3 ms
[1439462165.313484] 64 bytes from aaaa::212:4b00:41e:afc6: icmp_seq=66 ttl=63 time=32.4 ms
[1439462166.314987] 64 bytes from aaaa::212:4b00:41e:afc6: icmp_seq=67 ttl=63 time=32.3 ms
[1439462167.316635] 64 bytes from aaaa::212:4b00:41e:afc6: icmp_seq=68 ttl=63 time=32.4 ms
[1439462168.318287] 64 bytes from aaaa::212:4b00:41e:afc6: icmp_seq=69 ttl=63 time=32.4 ms
[1439462169.319854] 64 bytes from aaaa::212:4b00:41e:afc6: icmp_seq=70 ttl=63 time=32.3 ms
[1439462170.321493] 64 bytes from aaaa::212:4b00:41e:afc6: icmp_seq=71 ttl=63 time=32.4 ms
[1439462171.323127] 64 bytes from aaaa::212:4b00:41e:afc6: icmp_seq=72 ttl=63 time=32.4 ms
[1439462172.324997] 64 bytes from aaaa::212:4b00:41e:afc6: icmp_seq=73 ttl=63 time=32.7 ms
[1439462173.499999] 64 bytes from aaaa::212:4b00:41e:afc6: icmp_seq=74 ttl=63 time=205 ms
[1439462174.328503] 64 bytes from aaaa::212:4b00:41e:afc6: icmp_seq=75 ttl=63 time=32.4 ms
[1439462175.330003] 64 bytes from aaaa::212:4b00:41e:afc6: icmp_seq=76 ttl=63 time=32.3 ms
[1439462176.331526] 64 bytes from aaaa::212:4b00:41e:afc6: icmp_seq=77 ttl=63 time=32.3 ms
[1439462177.333126] 64 bytes from aaaa::212:4b00:41e:afc6: icmp_seq=78 ttl=63 time=32.4 ms
[1439462178.334633] 64 bytes from aaaa::212:4b00:41e:afc6: icmp_seq=79 ttl=63 time=32.3 ms
[1439462179.336134] 64 bytes from aaaa::212:4b00:41e:afc6: icmp_seq=80 ttl=63 time=32.3 ms
[1439462180.337781] 64 bytes from aaaa::212:4b00:41e:afc6: icmp_seq=81 ttl=63 time=32.4 ms
[1439462181.339269] 64 bytes from aaaa::212:4b00:41e:afc6: icmp_seq=82 ttl=63 time=32.3 ms
[1439462182.340890] 64 bytes from aaaa::212:4b00:41e:afc6: icmp_seq=83 ttl=63 time=32.4 ms
[1439462183.342520] 64 bytes from aaaa::212:4b00:41e:afc6: icmp_seq=84 ttl=63 time=32.4 ms
[1439462184.343895] 64 bytes from aaaa::212:4b00:41e:afc6: icmp_seq=85 ttl=63 time=32.1 ms
[1439462185.345514] 64 bytes from aaaa::212:4b00:41e:afc6: icmp_seq=86 ttl=63 time=32.4 ms
[1439462186.468527] 64 bytes from aaaa::212:4b00:41e:afc6: icmp_seq=87 ttl=63 time=153 ms
[1439462187.348895] 64 bytes from aaaa::212:4b00:41e:afc6: icmp_seq=88 ttl=63 time=32.3 ms
[1439462188.350533] 64 bytes from aaaa::212:4b00:41e:afc6: icmp_seq=89 ttl=63 time=32.4 ms
[1439462189.352177] 64 bytes from aaaa::212:4b00:41e:afc6: icmp_seq=90 ttl=63 time=32.4 ms
[1439462190.570542] 64 bytes from aaaa::212:4b00:41e:afc6: icmp_seq=91 ttl=63 time=249 ms
[1439462191.354903] 64 bytes from aaaa::212:4b00:41e:afc6: icmp_seq=92 ttl=63 time=32.3 ms
[1439462192.577680] 64 bytes from aaaa::212:4b00:41e:afc6: icmp_seq=93 ttl=63 time=253 ms
[1439462193.358027] 64 bytes from aaaa::212:4b00:41e:afc6: icmp_seq=94 ttl=63 time=32.3 ms
[1439462194.359699] 64 bytes from aaaa::212:4b00:41e:afc6: icmp_seq=95 ttl=63 time=32.4 ms
[1439462195.361286] 64 bytes from aaaa::212:4b00:41e:afc6: icmp_seq=96 ttl=63 time=32.4 ms
[1439462196.362908] 64 bytes from aaaa::212:4b00:41e:afc6: icmp_seq=97 ttl=63 time=32.4 ms
[1439462197.364654] 64 bytes from aaaa::212:4b00:41e:afc6: icmp_seq=98 ttl=63 time=32.5 ms
[1439462198.366285] 64 bytes from aaaa::212:4b00:41e:afc6: icmp_seq=99 ttl=63 time=32.4 ms
[1439462199.367657] 64 bytes from aaaa::212:4b00:41e:afc6: icmp_seq=100 ttl=63 time=32.1 ms
[1439462200.369289] 64 bytes from aaaa::212:4b00:41e:afc6: icmp_seq=101 ttl=63 time=32.4 ms
[1439462201.370920] 64 bytes from aaaa::212:4b00:41e:afc6: icmp_seq=102 ttl=63 time=32.4 ms
[1439462202.372579] 64 bytes from aaaa::212:4b00:41e:afc6: icmp_seq=103 ttl=63 time=32.4 ms
[1439462203.374169] 64 bytes from aaaa::212:4b00:41e:afc6: icmp_seq=104 ttl=63 time=32.4 ms
[1439462204.375790] 64 bytes from aaaa::212:4b00:41e:afc6: icmp_seq=105 ttl=63 time=32.4 ms
[1439462205.377325] 64 bytes from aaaa::212:4b00:41e:afc6: icmp_seq=106 ttl=63 time=32.3 ms
[1439462206.378949] 64 bytes from aaaa::212:4b00:41e:afc6: icmp_seq=107 ttl=63 time=32.4 ms
[1439462207.592935] 64 bytes from aaaa::212:4b00:41e:afc6: icmp_seq=108 ttl=63 time=244 ms
[1439462208.382306] 64 bytes from aaaa::212:4b00:41e:afc6: icmp_seq=109 ttl=63 time=32.3 ms
[1439462209.383921] 64 bytes from aaaa::212:4b00:41e:afc6: icmp_seq=110 ttl=63 time=32.4 ms
[1439462210.385545] 64 bytes from aaaa::212:4b00:41e:afc6: icmp_seq=111 ttl=63 time=32.4 ms
[1439462211.387049] 64 bytes from aaaa::212:4b00:41e:afc6: icmp_seq=112 ttl=63 time=32.3 ms
[1439462212.388680] 64 bytes from aaaa::212:4b00:41e:afc6: icmp_seq=113 ttl=63 time=32.4 ms
[1439462213.390300] 64 bytes from aaaa::212:4b00:41e:afc6: icmp_seq=114 ttl=63 time=32.4 ms
[1439462214.392178] 64 bytes from aaaa::212:4b00:41e:afc6: icmp_seq=115 ttl=63 time=32.7 ms
[1439462215.522429] 64 bytes from aaaa::212:4b00:41e:afc6: icmp_seq=116 ttl=63 time=161 ms
[1439462216.631805] 64 bytes from aaaa::212:4b00:41e:afc6: icmp_seq=117 ttl=63 time=269 ms
[1439462217.396059] 64 bytes from aaaa::212:4b00:41e:afc6: icmp_seq=118 ttl=63 time=32.3 ms
[1439462218.397687] 64 bytes from aaaa::212:4b00:41e:afc6: icmp_seq=119 ttl=63 time=32.4 ms
[1439462219.399325] 64 bytes from aaaa::212:4b00:41e:afc6: icmp_seq=120 ttl=63 time=32.4 ms
[1439462220.400835] 64 bytes from aaaa::212:4b00:41e:afc6: icmp_seq=121 ttl=63 time=32.3 ms
[1439462221.402440] 64 bytes from aaaa::212:4b00:41e:afc6: icmp_seq=122 ttl=63 time=32.4 ms
[1439462222.404068] 64 bytes from aaaa::212:4b00:41e:afc6: icmp_seq=123 ttl=63 time=32.4 ms
[1439462223.405611] 64 bytes from aaaa::212:4b00:41e:afc6: icmp_seq=124 ttl=63 time=32.3 ms
[1439462224.407056] 64 bytes from aaaa::212:4b00:41e:afc6: icmp_seq=125 ttl=63 time=32.2 ms
[1439462225.408570] 64 bytes from aaaa::212:4b00:41e:afc6: icmp_seq=126 ttl=63 time=32.4 ms
[1439462226.410088] 64 bytes from aaaa::212:4b00:41e:afc6: icmp_seq=127 ttl=63 time=32.3 ms
[1439462227.411696] 64 bytes from aaaa::212:4b00:41e:afc6: icmp_seq=128 ttl=63 time=32.4 ms
[1439462228.615831] 64 bytes from aaaa::212:4b00:41e:afc6: icmp_seq=129 ttl=63 time=235 ms
[1439462229.414206] 64 bytes from aaaa::212:4b00:41e:afc6: icmp_seq=130 ttl=63 time=32.3 ms
[1439462230.415830] 64 bytes from aaaa::212:4b00:41e:afc6: icmp_seq=131 ttl=63 time=32.4 ms
[1439462231.417458] 64 bytes from aaaa::212:4b00:41e:afc6: icmp_seq=132 ttl=63 time=32.4 ms
[1439462232.418960] 64 bytes from aaaa::212:4b00:41e:afc6: icmp_seq=133 ttl=63 time=32.3 ms
[1439462233.420584] 64 bytes from aaaa::212:4b00:41e:afc6: icmp_seq=134 ttl=63 time=32.4 ms
[1439462234.422239] 64 bytes from aaaa::212:4b00:41e:afc6: icmp_seq=135 ttl=63 time=32.4 ms
[1439462235.425010] 64 bytes from aaaa::212:4b00:41e:afc6: icmp_seq=136 ttl=63 time=33.5 ms
[1439462236.425578] 64 bytes from aaaa::212:4b00:41e:afc6: icmp_seq=137 ttl=63 time=32.3 ms
[1439462237.427240] 64 bytes from aaaa::212:4b00:41e:afc6: icmp_seq=138 ttl=63 time=32.4 ms
[1439462238.428830] 64 bytes from aaaa::212:4b00:41e:afc6: icmp_seq=139 ttl=63 time=32.4 ms
[1439462239.430471] 64 bytes from aaaa::212:4b00:41e:afc6: icmp_seq=140 ttl=63 time=32.4 ms
[1439462240.432088] 64 bytes from aaaa::212:4b00:41e:afc6: icmp_seq=141 ttl=63 time=32.4 ms
[1439462241.433587] 64 bytes from aaaa::212:4b00:41e:afc6: icmp_seq=142 ttl=63 time=32.3 ms
[1439462242.662341] 64 bytes from aaaa::212:4b00:41e:afc6: icmp_seq=143 ttl=63 time=259 ms
[1439462243.436706] 64 bytes from aaaa::212:4b00:41e:afc6: icmp_seq=144 ttl=63 time=32.4 ms
[1439462244.438229] 64 bytes from aaaa::212:4b00:41e:afc6: icmp_seq=145 ttl=63 time=32.3 ms
[1439462245.439875] 64 bytes from aaaa::212:4b00:41e:afc6: icmp_seq=146 ttl=63 time=32.4 ms
[1439462246.441584] 64 bytes from aaaa::212:4b00:41e:afc6: icmp_seq=147 ttl=63 time=32.5 ms
[1439462247.443088] 64 bytes from aaaa::212:4b00:41e:afc6: icmp_seq=148 ttl=63 time=32.3 ms
[1439462248.444754] 64 bytes from aaaa::212:4b00:41e:afc6: icmp_seq=149 ttl=63 time=32.4 ms
[1439462249.446354] 64 bytes from aaaa::212:4b00:41e:afc6: icmp_seq=150 ttl=63 time=32.4 ms
[1439462250.447987] 64 bytes from aaaa::212:4b00:41e:afc6: icmp_seq=151 ttl=63 time=32.4 ms
[1439462251.449614] 64 bytes from aaaa::212:4b00:41e:afc6: icmp_seq=152 ttl=63 time=32.4 ms
[1439462252.451230] 64 bytes from aaaa::212:4b00:41e:afc6: icmp_seq=153 ttl=63 time=32.4 ms
[1439462253.452720] 64 bytes from aaaa::212:4b00:41e:afc6: icmp_seq=154 ttl=63 time=32.3 ms
[1439462254.454247] 64 bytes from aaaa::212:4b00:41e:afc6: icmp_seq=155 ttl=63 time=32.3 ms
[1439462255.685625] 64 bytes from aaaa::212:4b00:41e:afc6: icmp_seq=156 ttl=63 time=262 ms
[1439462256.456998] 64 bytes from aaaa::212:4b00:41e:afc6: icmp_seq=157 ttl=63 time=32.4 ms
[1439462257.458626] 64 bytes from aaaa::212:4b00:41e:afc6: icmp_seq=158 ttl=63 time=32.4 ms
[1439462258.460250] 64 bytes from aaaa::212:4b00:41e:afc6: icmp_seq=159 ttl=63 time=32.4 ms
[1439462259.693281] 64 bytes from aaaa::212:4b00:41e:afc6: icmp_seq=160 ttl=63 time=263 ms
[1439462260.463626] 64 bytes from aaaa::212:4b00:41e:afc6: icmp_seq=161 ttl=63 time=32.3 ms
[1439462261.465253] 64 bytes from aaaa::212:4b00:41e:afc6: icmp_seq=162 ttl=63 time=32.4 ms
[1439462262.638507] 64 bytes from aaaa::212:4b00:41e:afc6: icmp_seq=163 ttl=63 time=204 ms
[1439462263.467885] 64 bytes from aaaa::212:4b00:41e:afc6: icmp_seq=164 ttl=63 time=32.3 ms
[1439462264.469508] 64 bytes from aaaa::212:4b00:41e:afc6: icmp_seq=165 ttl=63 time=32.4 ms
[1439462265.471027] 64 bytes from aaaa::212:4b00:41e:afc6: icmp_seq=166 ttl=63 time=32.3 ms
[1439462266.622762] 64 bytes from aaaa::212:4b00:41e:afc6: icmp_seq=167 ttl=63 time=182 ms
[1439462267.474268] 64 bytes from aaaa::212:4b00:41e:afc6: icmp_seq=168 ttl=63 time=32.4 ms
[1439462268.475762] 64 bytes from aaaa::212:4b00:41e:afc6: icmp_seq=169 ttl=63 time=32.3 ms
[1439462269.477388] 64 bytes from aaaa::212:4b00:41e:afc6: icmp_seq=170 ttl=63 time=32.4 ms
[1439462271.445808] no answer yet for icmp_seq=171
[1439462271.478371] 64 bytes from aaaa::212:4b00:41e:afc6: icmp_seq=172 ttl=63 time=32.3 ms
[1439462272.480002] 64 bytes from aaaa::212:4b00:41e:afc6: icmp_seq=173 ttl=63 time=32.4 ms
[1439462273.481633] 64 bytes from aaaa::212:4b00:41e:afc6: icmp_seq=174 ttl=63 time=32.4 ms
[1439462274.483128] 64 bytes from aaaa::212:4b00:41e:afc6: icmp_seq=175 ttl=63 time=32.3 ms
[1439462275.484759] 64 bytes from aaaa::212:4b00:41e:afc6: icmp_seq=176 ttl=63 time=32.4 ms
[1439462276.486381] 64 bytes from aaaa::212:4b00:41e:afc6: icmp_seq=177 ttl=63 time=32.4 ms
[1439462277.487882] 64 bytes from aaaa::212:4b00:41e:afc6: icmp_seq=178 ttl=63 time=32.3 ms
[1439462278.489537] 64 bytes from aaaa::212:4b00:41e:afc6: icmp_seq=179 ttl=63 time=32.4 ms
[1439462279.491174] 64 bytes from aaaa::212:4b00:41e:afc6: icmp_seq=180 ttl=63 time=32.4 ms
[1439462280.492769] 64 bytes from aaaa::212:4b00:41e:afc6: icmp_seq=181 ttl=63 time=32.4 ms
[1439462281.494395] 64 bytes from aaaa::212:4b00:41e:afc6: icmp_seq=182 ttl=63 time=32.4 ms
[1439462282.669282] 64 bytes from aaaa::212:4b00:41e:afc6: icmp_seq=183 ttl=63 time=205 ms
[1439462283.497711] 64 bytes from aaaa::212:4b00:41e:afc6: icmp_seq=184 ttl=63 time=32.3 ms
[1439462284.499460] 64 bytes from aaaa::212:4b00:41e:afc6: icmp_seq=185 ttl=63 time=32.4 ms
[1439462285.501199] 64 bytes from aaaa::212:4b00:41e:afc6: icmp_seq=186 ttl=63 time=32.5 ms
[1439462286.502824] 64 bytes from aaaa::212:4b00:41e:afc6: icmp_seq=187 ttl=63 time=32.3 ms
[1439462287.504452] 64 bytes from aaaa::212:4b00:41e:afc6: icmp_seq=188 ttl=63 time=32.3 ms
[1439462288.506225] 64 bytes from aaaa::212:4b00:41e:afc6: icmp_seq=189 ttl=63 time=32.5 ms
[1439462289.507763] 64 bytes from aaaa::212:4b00:41e:afc6: icmp_seq=190 ttl=63 time=32.4 ms
[1439462290.509208] 64 bytes from aaaa::212:4b00:41e:afc6: icmp_seq=191 ttl=63 time=32.2 ms
[1439462291.510828] 64 bytes from aaaa::212:4b00:41e:afc6: icmp_seq=192 ttl=63 time=32.3 ms
[1439462292.512456] 64 bytes from aaaa::212:4b00:41e:afc6: icmp_seq=193 ttl=63 time=32.3 ms
[1439462293.514206] 64 bytes from aaaa::212:4b00:41e:afc6: icmp_seq=194 ttl=63 time=32.5 ms
[1439462294.515964] 64 bytes from aaaa::212:4b00:41e:afc6: icmp_seq=195 ttl=63 time=32.5 ms
[1439462295.517395] 64 bytes from aaaa::212:4b00:41e:afc6: icmp_seq=196 ttl=63 time=32.3 ms
[1439462296.518960] 64 bytes from aaaa::212:4b00:41e:afc6: icmp_seq=197 ttl=63 time=32.3 ms
[1439462297.520737] 64 bytes from aaaa::212:4b00:41e:afc6: icmp_seq=198 ttl=63 time=32.5 ms
[1439462298.522337] 64 bytes from aaaa::212:4b00:41e:afc6: icmp_seq=199 ttl=63 time=32.3 ms
[1439462299.523994] 64 bytes from aaaa::212:4b00:41e:afc6: icmp_seq=200 ttl=63 time=32.4 ms
[1439462300.525712] 64 bytes from aaaa::212:4b00:41e:afc6: icmp_seq=201 ttl=63 time=32.4 ms
[1439462301.770348] 64 bytes from aaaa::212:4b00:41e:afc6: icmp_seq=202 ttl=63 time=275 ms
[1439462302.529213] 64 bytes from aaaa::212:4b00:41e:afc6: icmp_seq=203 ttl=63 time=32.8 ms
[1439462303.529906] 64 bytes from aaaa::212:4b00:41e:afc6: icmp_seq=204 ttl=63 time=32.4 ms
[1439462304.531470] 64 bytes from aaaa::212:4b00:41e:afc6: icmp_seq=205 ttl=63 time=32.3 ms
[1439462305.533100] 64 bytes from aaaa::212:4b00:41e:afc6: icmp_seq=206 ttl=63 time=32.3 ms
[1439462306.534724] 64 bytes from aaaa::212:4b00:41e:afc6: icmp_seq=207 ttl=63 time=32.4 ms
[1439462307.536349] 64 bytes from aaaa::212:4b00:41e:afc6: icmp_seq=208 ttl=63 time=32.3 ms
[1439462308.537980] 64 bytes from aaaa::212:4b00:41e:afc6: icmp_seq=209 ttl=63 time=32.3 ms
[1439462309.539726] 64 bytes from aaaa::212:4b00:41e:afc6: icmp_seq=210 ttl=63 time=32.5 ms
[1439462310.541099] 64 bytes from aaaa::212:4b00:41e:afc6: icmp_seq=211 ttl=63 time=32.1 ms
[1439462311.542845] 64 bytes from aaaa::212:4b00:41e:afc6: icmp_seq=212 ttl=63 time=32.5 ms
[1439462312.544472] 64 bytes from aaaa::212:4b00:41e:afc6: icmp_seq=213 ttl=63 time=32.3 ms
[1439462313.546083] 64 bytes from aaaa::212:4b00:41e:afc6: icmp_seq=214 ttl=63 time=32.4 ms
[1439462314.547854] 64 bytes from aaaa::212:4b00:41e:afc6: icmp_seq=215 ttl=63 time=32.5 ms
[1439462315.684068] 64 bytes from aaaa::212:4b00:41e:afc6: icmp_seq=216 ttl=63 time=167 ms
[1439462316.550308] 64 bytes from aaaa::212:4b00:41e:afc6: icmp_seq=217 ttl=63 time=32.2 ms
[1439462317.551637] 64 bytes from aaaa::212:4b00:41e:afc6: icmp_seq=218 ttl=63 time=32.2 ms
[1439462318.552997] 64 bytes from aaaa::212:4b00:41e:afc6: icmp_seq=219 ttl=63 time=32.2 ms
[1439462319.793450] 64 bytes from aaaa::212:4b00:41e:afc6: icmp_seq=220 ttl=63 time=271 ms
[1439462320.715517] 64 bytes from aaaa::212:4b00:41e:afc6: icmp_seq=221 ttl=63 time=192 ms
[1439462322.043325] 64 bytes from aaaa::212:4b00:41e:afc6: icmp_seq=222 ttl=63 time=519 ms
[1439462322.557270] 64 bytes from aaaa::212:4b00:41e:afc6: icmp_seq=223 ttl=63 time=33.3 ms
[1439462323.557818] 64 bytes from aaaa::212:4b00:41e:afc6: icmp_seq=224 ttl=63 time=32.4 ms
[1439462324.559497] 64 bytes from aaaa::212:4b00:41e:afc6: icmp_seq=225 ttl=63 time=32.4 ms
[1439462325.561085] 64 bytes from aaaa::212:4b00:41e:afc6: icmp_seq=226 ttl=63 time=32.3 ms
[1439462326.562692] 64 bytes from aaaa::212:4b00:41e:afc6: icmp_seq=227 ttl=63 time=32.4 ms
[1439462327.564305] 64 bytes from aaaa::212:4b00:41e:afc6: icmp_seq=228 ttl=63 time=32.4 ms
[1439462328.565837] 64 bytes from aaaa::212:4b00:41e:afc6: icmp_seq=229 ttl=63 time=32.3 ms
[1439462329.567269] 64 bytes from aaaa::212:4b00:41e:afc6: icmp_seq=230 ttl=63 time=32.3 ms
[1439462330.568664] 64 bytes from aaaa::212:4b00:41e:afc6: icmp_seq=231 ttl=63 time=32.3 ms
[1439462331.738266] 64 bytes from aaaa::212:4b00:41e:afc6: icmp_seq=232 ttl=63 time=200 ms
[1439462332.571454] 64 bytes from aaaa::212:4b00:41e:afc6: icmp_seq=233 ttl=63 time=32.2 ms
[1439462333.572918] 64 bytes from aaaa::212:4b00:41e:afc6: icmp_seq=234 ttl=63 time=32.3 ms
[1439462334.574177] 64 bytes from aaaa::212:4b00:41e:afc6: icmp_seq=235 ttl=63 time=32.1 ms
[1439462335.575645] 64 bytes from aaaa::212:4b00:41e:afc6: icmp_seq=236 ttl=63 time=32.4 ms
[1439462337.175789] 64 bytes from aaaa::212:4b00:41e:afc6: icmp_seq=237 ttl=63 time=631 ms
[1439462338.347507] 64 bytes from aaaa::212:4b00:41e:afc6: icmp_seq=238 ttl=63 time=803 ms
[1439462338.576185] 64 bytes from aaaa::212:4b00:41e:afc6: icmp_seq=239 ttl=63 time=32.3 ms
[1439462339.577706] 64 bytes from aaaa::212:4b00:41e:afc6: icmp_seq=240 ttl=63 time=32.4 ms
[1439462340.578201] 64 bytes from aaaa::212:4b00:41e:afc6: icmp_seq=241 ttl=63 time=32.3 ms
[1439462341.579701] 64 bytes from aaaa::212:4b00:41e:afc6: icmp_seq=242 ttl=63 time=32.3 ms
[1439462342.581249] 64 bytes from aaaa::212:4b00:41e:afc6: icmp_seq=243 ttl=63 time=32.3 ms
[1439462343.582723] 64 bytes from aaaa::212:4b00:41e:afc6: icmp_seq=244 ttl=63 time=32.2 ms
[1439462344.584135] 64 bytes from aaaa::212:4b00:41e:afc6: icmp_seq=245 ttl=63 time=32.2 ms
[1439462345.585748] 64 bytes from aaaa::212:4b00:41e:afc6: icmp_seq=246 ttl=63 time=32.4 ms
[1439462346.587236] 64 bytes from aaaa::212:4b00:41e:afc6: icmp_seq=247 ttl=63 time=32.3 ms
[1439462347.792705] 64 bytes from aaaa::212:4b00:41e:afc6: icmp_seq=248 ttl=63 time=236 ms
[1439462348.589987] 64 bytes from aaaa::212:4b00:41e:afc6: icmp_seq=249 ttl=63 time=32.3 ms
[1439462349.591387] 64 bytes from aaaa::212:4b00:41e:afc6: icmp_seq=250 ttl=63 time=32.3 ms
[1439462350.592802] 64 bytes from aaaa::212:4b00:41e:afc6: icmp_seq=251 ttl=63 time=32.3 ms
[1439462351.753471] 64 bytes from aaaa::212:4b00:41e:afc6: icmp_seq=252 ttl=63 time=191 ms
[1439462352.595850] 64 bytes from aaaa::212:4b00:41e:afc6: icmp_seq=253 ttl=63 time=32.3 ms
[1439462353.597494] 64 bytes from aaaa::212:4b00:41e:afc6: icmp_seq=254 ttl=63 time=32.4 ms
[1439462354.599101] 64 bytes from aaaa::212:4b00:41e:afc6: icmp_seq=255 ttl=63 time=32.4 ms
[1439462355.600601] 64 bytes from aaaa::212:4b00:41e:afc6: icmp_seq=256 ttl=63 time=32.3 ms
[1439462356.602230] 64 bytes from aaaa::212:4b00:41e:afc6: icmp_seq=257 ttl=63 time=32.4 ms
[1439462357.603833] 64 bytes from aaaa::212:4b00:41e:afc6: icmp_seq=258 ttl=63 time=32.4 ms
[1439462358.605550] 64 bytes from aaaa::212:4b00:41e:afc6: icmp_seq=259 ttl=63 time=32.5 ms
[1439462359.607100] 64 bytes from aaaa::212:4b00:41e:afc6: icmp_seq=260 ttl=63 time=32.3 ms
[1439462360.608720] 64 bytes from aaaa::212:4b00:41e:afc6: icmp_seq=261 ttl=63 time=32.4 ms
[1439462361.610716] 64 bytes from aaaa::212:4b00:41e:afc6: icmp_seq=262 ttl=63 time=32.8 ms
[1439462362.768847] 64 bytes from aaaa::212:4b00:41e:afc6: icmp_seq=263 ttl=63 time=188 ms
[1439462363.613245] 64 bytes from aaaa::212:4b00:41e:afc6: icmp_seq=264 ttl=63 time=32.3 ms
[1439462364.615236] 64 bytes from aaaa::212:4b00:41e:afc6: icmp_seq=265 ttl=63 time=32.8 ms
[1439462365.761121] 64 bytes from aaaa::212:4b00:41e:afc6: icmp_seq=266 ttl=63 time=176 ms
[1439462366.618609] 64 bytes from aaaa::212:4b00:41e:afc6: icmp_seq=267 ttl=63 time=32.4 ms
[1439462367.619984] 64 bytes from aaaa::212:4b00:41e:afc6: icmp_seq=268 ttl=63 time=32.2 ms
[1439462368.621514] 64 bytes from aaaa::212:4b00:41e:afc6: icmp_seq=269 ttl=63 time=32.3 ms
[1439462369.623120] 64 bytes from aaaa::212:4b00:41e:afc6: icmp_seq=270 ttl=63 time=32.4 ms
[1439462370.624518] 64 bytes from aaaa::212:4b00:41e:afc6: icmp_seq=271 ttl=63 time=32.4 ms
[1439462371.626172] 64 bytes from aaaa::212:4b00:41e:afc6: icmp_seq=272 ttl=63 time=32.4 ms
[1439462372.838881] 64 bytes from aaaa::212:4b00:41e:afc6: icmp_seq=273 ttl=63 time=243 ms
[1439462373.629250] 64 bytes from aaaa::212:4b00:41e:afc6: icmp_seq=274 ttl=63 time=32.3 ms
[1439462374.630884] 64 bytes from aaaa::212:4b00:41e:afc6: icmp_seq=275 ttl=63 time=32.4 ms
[1439462375.632514] 64 bytes from aaaa::212:4b00:41e:afc6: icmp_seq=276 ttl=63 time=32.4 ms
[1439462376.634109] 64 bytes from aaaa::212:4b00:41e:afc6: icmp_seq=277 ttl=63 time=32.4 ms
[1439462377.635747] 64 bytes from aaaa::212:4b00:41e:afc6: icmp_seq=278 ttl=63 time=32.4 ms
[1439462378.807508] 64 bytes from aaaa::212:4b00:41e:afc6: icmp_seq=279 ttl=63 time=202 ms
[1439462379.638736] 64 bytes from aaaa::212:4b00:41e:afc6: icmp_seq=280 ttl=63 time=32.2 ms
[1439462380.640399] 64 bytes from aaaa::212:4b00:41e:afc6: icmp_seq=281 ttl=63 time=32.4 ms
[1439462381.799749] 64 bytes from aaaa::212:4b00:41e:afc6: icmp_seq=282 ttl=63 time=190 ms
[1439462383.010506] 64 bytes from aaaa::212:4b00:41e:afc6: icmp_seq=283 ttl=63 time=399 ms
[1439462383.643756] 64 bytes from aaaa::212:4b00:41e:afc6: icmp_seq=284 ttl=63 time=32.4 ms
[1439462384.645247] 64 bytes from aaaa::212:4b00:41e:afc6: icmp_seq=285 ttl=63 time=32.3 ms
[1439462385.646783] 64 bytes from aaaa::212:4b00:41e:afc6: icmp_seq=286 ttl=63 time=32.3 ms
[1439462386.648259] 64 bytes from aaaa::212:4b00:41e:afc6: icmp_seq=287 ttl=63 time=32.3 ms
[1439462387.649892] 64 bytes from aaaa::212:4b00:41e:afc6: icmp_seq=288 ttl=63 time=32.4 ms
[1439462388.651392] 64 bytes from aaaa::212:4b00:41e:afc6: icmp_seq=289 ttl=63 time=32.3 ms
[1439462390.627950] no answer yet for icmp_seq=290
[1439462390.660919] 64 bytes from aaaa::212:4b00:41e:afc6: icmp_seq=291 ttl=63 time=32.4 ms
[1439462391.661541] 64 bytes from aaaa::212:4b00:41e:afc6: icmp_seq=292 ttl=63 time=32.3 ms
[1439462392.662268] 64 bytes from aaaa::212:4b00:41e:afc6: icmp_seq=293 ttl=63 time=32.4 ms
[1439462393.663866] 64 bytes from aaaa::212:4b00:41e:afc6: icmp_seq=294 ttl=63 time=32.4 ms
[1439462394.665390] 64 bytes from aaaa::212:4b00:41e:afc6: icmp_seq=295 ttl=63 time=32.3 ms
[1439462395.666895] 64 bytes from aaaa::212:4b00:41e:afc6: icmp_seq=296 ttl=63 time=32.3 ms
[1439462396.668499] 64 bytes from aaaa::212:4b00:41e:afc6: icmp_seq=297 ttl=63 time=32.4 ms
[1439462397.670018] 64 bytes from aaaa::212:4b00:41e:afc6: icmp_seq=298 ttl=63 time=32.3 ms
[1439462398.671505] 64 bytes from aaaa::212:4b00:41e:afc6: icmp_seq=299 ttl=63 time=32.3 ms
[1439462399.673135] 64 bytes from aaaa::212:4b00:41e:afc6: icmp_seq=300 ttl=63 time=32.4 ms
[1439462400.674756] 64 bytes from aaaa::212:4b00:41e:afc6: icmp_seq=301 ttl=63 time=32.4 ms
[1439462401.676417] 64 bytes from aaaa::212:4b00:41e:afc6: icmp_seq=302 ttl=63 time=32.4 ms
[1439462402.677886] 64 bytes from aaaa::212:4b00:41e:afc6: icmp_seq=303 ttl=63 time=32.3 ms
[1439462403.908508] 64 bytes from aaaa::212:4b00:41e:afc6: icmp_seq=304 ttl=63 time=261 ms
[1439462404.681263] 64 bytes from aaaa::212:4b00:41e:afc6: icmp_seq=305 ttl=63 time=32.8 ms
[1439462405.682923] 64 bytes from aaaa::212:4b00:41e:afc6: icmp_seq=306 ttl=63 time=32.4 ms
[1439462406.884895] 64 bytes from aaaa::212:4b00:41e:afc6: icmp_seq=307 ttl=63 time=232 ms
[1439462408.653873] no answer yet for icmp_seq=308
[1439462408.721006] 64 bytes from aaaa::212:4b00:41e:afc6: icmp_seq=308 ttl=63 time=1067 ms
[1439462409.655068] no answer yet for icmp_seq=309
[1439462409.900525] 64 bytes from aaaa::212:4b00:41e:afc6: icmp_seq=310 ttl=63 time=245 ms
[1439462410.688901] 64 bytes from aaaa::212:4b00:41e:afc6: icmp_seq=311 ttl=63 time=32.4 ms
[1439462412.657782] no answer yet for icmp_seq=312
[1439462412.691857] 64 bytes from aaaa::212:4b00:41e:afc6: icmp_seq=313 ttl=63 time=33.8 ms
[1439462413.691520] 64 bytes from aaaa::212:4b00:41e:afc6: icmp_seq=314 ttl=63 time=32.4 ms
[1439462414.693141] 64 bytes from aaaa::212:4b00:41e:afc6: icmp_seq=315 ttl=63 time=32.4 ms
[1439462415.694775] 64 bytes from aaaa::212:4b00:41e:afc6: icmp_seq=316 ttl=63 time=32.4 ms
[1439462416.892541] 64 bytes from aaaa::212:4b00:41e:afc6: icmp_seq=317 ttl=63 time=228 ms
[1439462417.696918] 64 bytes from aaaa::212:4b00:41e:afc6: icmp_seq=318 ttl=63 time=32.3 ms
[1439462418.698412] 64 bytes from aaaa::212:4b00:41e:afc6: icmp_seq=319 ttl=63 time=32.3 ms
[1439462419.699836] 64 bytes from aaaa::212:4b00:41e:afc6: icmp_seq=320 ttl=63 time=32.3 ms
[1439462420.701404] 64 bytes from aaaa::212:4b00:41e:afc6: icmp_seq=321 ttl=63 time=32.4 ms
[1439462421.702903] 64 bytes from aaaa::212:4b00:41e:afc6: icmp_seq=322 ttl=63 time=32.3 ms
[1439462422.704531] 64 bytes from aaaa::212:4b00:41e:afc6: icmp_seq=323 ttl=63 time=32.4 ms
[1439462423.706155] 64 bytes from aaaa::212:4b00:41e:afc6: icmp_seq=324 ttl=63 time=32.4 ms
[1439462424.707802] 64 bytes from aaaa::212:4b00:41e:afc6: icmp_seq=325 ttl=63 time=32.4 ms
[1439462425.845405] 64 bytes from aaaa::212:4b00:41e:afc6: icmp_seq=326 ttl=63 time=168 ms
[1439462427.677870] no answer yet for icmp_seq=327
[1439462427.711568] 64 bytes from aaaa::212:4b00:41e:afc6: icmp_seq=328 ttl=63 time=33.5 ms
[1439462428.712155] 64 bytes from aaaa::212:4b00:41e:afc6: icmp_seq=329 ttl=63 time=32.3 ms
[1439462429.923664] 64 bytes from aaaa::212:4b00:41e:afc6: icmp_seq=330 ttl=63 time=242 ms
[1439462430.714913] 64 bytes from aaaa::212:4b00:41e:afc6: icmp_seq=331 ttl=63 time=32.3 ms
[1439462431.716426] 64 bytes from aaaa::212:4b00:41e:afc6: icmp_seq=332 ttl=63 time=32.3 ms
[1439462432.718050] 64 bytes from aaaa::212:4b00:41e:afc6: icmp_seq=333 ttl=63 time=32.4 ms
[1439462433.923321] 64 bytes from aaaa::212:4b00:41e:afc6: icmp_seq=334 ttl=63 time=236 ms
[1439462434.915573] 64 bytes from aaaa::212:4b00:41e:afc6: icmp_seq=335 ttl=63 time=227 ms
[1439462435.722414] 64 bytes from aaaa::212:4b00:41e:afc6: icmp_seq=336 ttl=63 time=32.8 ms
[1439462436.723928] 64 bytes from aaaa::212:4b00:41e:afc6: icmp_seq=337 ttl=63 time=32.3 ms
[1439462437.725427] 64 bytes from aaaa::212:4b00:41e:afc6: icmp_seq=338 ttl=63 time=32.3 ms
[1439462438.907552] 64 bytes from aaaa::212:4b00:41e:afc6: icmp_seq=339 ttl=63 time=212 ms
[1439462439.727841] 64 bytes from aaaa::212:4b00:41e:afc6: icmp_seq=340 ttl=63 time=32.3 ms
[1439462440.729434] 64 bytes from aaaa::212:4b00:41e:afc6: icmp_seq=341 ttl=63 time=32.4 ms
[1439462441.731050] 64 bytes from aaaa::212:4b00:41e:afc6: icmp_seq=342 ttl=63 time=32.4 ms
[1439462442.946548] 64 bytes from aaaa::212:4b00:41e:afc6: icmp_seq=343 ttl=63 time=246 ms
[1439462443.733935] 64 bytes from aaaa::212:4b00:41e:afc6: icmp_seq=344 ttl=63 time=32.4 ms
[1439462444.735433] 64 bytes from aaaa::212:4b00:41e:afc6: icmp_seq=345 ttl=63 time=32.3 ms
[1439462445.736812] 64 bytes from aaaa::212:4b00:41e:afc6: icmp_seq=346 ttl=63 time=32.1 ms
[1439462446.907433] 64 bytes from aaaa::212:4b00:41e:afc6: icmp_seq=347 ttl=63 time=201 ms
[1439462447.739930] 64 bytes from aaaa::212:4b00:41e:afc6: icmp_seq=348 ttl=63 time=32.4 ms
[1439462448.741428] 64 bytes from aaaa::212:4b00:41e:afc6: icmp_seq=349 ttl=63 time=32.3 ms
[1439462449.743068] 64 bytes from aaaa::212:4b00:41e:afc6: icmp_seq=350 ttl=63 time=32.4 ms
[1439462450.744708] 64 bytes from aaaa::212:4b00:41e:afc6: icmp_seq=351 ttl=63 time=32.4 ms
[1439462451.746195] 64 bytes from aaaa::212:4b00:41e:afc6: icmp_seq=352 ttl=63 time=32.3 ms
[1439462452.747653] 64 bytes from aaaa::212:4b00:41e:afc6: icmp_seq=353 ttl=63 time=32.3 ms
[1439462453.961945] 64 bytes from aaaa::212:4b00:41e:afc6: icmp_seq=354 ttl=63 time=245 ms
[1439462454.750268] 64 bytes from aaaa::212:4b00:41e:afc6: icmp_seq=355 ttl=63 time=32.3 ms
[1439462455.751938] 64 bytes from aaaa::212:4b00:41e:afc6: icmp_seq=356 ttl=63 time=32.4 ms
[1439462456.753578] 64 bytes from aaaa::212:4b00:41e:afc6: icmp_seq=357 ttl=63 time=32.4 ms
[1439462457.755217] 64 bytes from aaaa::212:4b00:41e:afc6: icmp_seq=358 ttl=63 time=32.4 ms
[1439462458.756938] 64 bytes from aaaa::212:4b00:41e:afc6: icmp_seq=359 ttl=63 time=32.5 ms
[1439462459.758581] 64 bytes from aaaa::212:4b00:41e:afc6: icmp_seq=360 ttl=63 time=32.4 ms
[1439462460.760100] 64 bytes from aaaa::212:4b00:41e:afc6: icmp_seq=361 ttl=63 time=32.3 ms
[1439462461.761828] 64 bytes from aaaa::212:4b00:41e:afc6: icmp_seq=362 ttl=63 time=32.5 ms
[1439462462.763436] 64 bytes from aaaa::212:4b00:41e:afc6: icmp_seq=363 ttl=63 time=32.4 ms
[1439462463.992957] 64 bytes from aaaa::212:4b00:41e:afc6: icmp_seq=364 ttl=63 time=260 ms
[1439462464.766313] 64 bytes from aaaa::212:4b00:41e:afc6: icmp_seq=365 ttl=63 time=32.4 ms
[1439462465.767941] 64 bytes from aaaa::212:4b00:41e:afc6: icmp_seq=366 ttl=63 time=32.4 ms
[1439462466.769465] 64 bytes from aaaa::212:4b00:41e:afc6: icmp_seq=367 ttl=63 time=32.3 ms
[1439462467.938069] 64 bytes from aaaa::212:4b00:41e:afc6: icmp_seq=368 ttl=63 time=199 ms
[1439462468.772464] 64 bytes from aaaa::212:4b00:41e:afc6: icmp_seq=369 ttl=63 time=32.3 ms
[1439462469.774070] 64 bytes from aaaa::212:4b00:41e:afc6: icmp_seq=370 ttl=63 time=32.4 ms
[1439462470.775725] 64 bytes from aaaa::212:4b00:41e:afc6: icmp_seq=371 ttl=63 time=32.4 ms
[1439462471.777327] 64 bytes from aaaa::212:4b00:41e:afc6: icmp_seq=372 ttl=63 time=32.4 ms
[1439462472.778977] 64 bytes from aaaa::212:4b00:41e:afc6: icmp_seq=373 ttl=63 time=32.4 ms
[1439462473.780461] 64 bytes from aaaa::212:4b00:41e:afc6: icmp_seq=374 ttl=63 time=32.3 ms
[1439462474.782084] 64 bytes from aaaa::212:4b00:41e:afc6: icmp_seq=375 ttl=63 time=32.4 ms
[1439462475.783578] 64 bytes from aaaa::212:4b00:41e:afc6: icmp_seq=376 ttl=63 time=32.3 ms
[1439462476.784261] 64 bytes from aaaa::212:4b00:41e:afc6: icmp_seq=377 ttl=63 time=32.4 ms
[1439462477.785975] 64 bytes from aaaa::212:4b00:41e:afc6: icmp_seq=378 ttl=63 time=32.5 ms
[1439462478.787511] 64 bytes from aaaa::212:4b00:41e:afc6: icmp_seq=379 ttl=63 time=32.3 ms
[1439462479.789141] 64 bytes from aaaa::212:4b00:41e:afc6: icmp_seq=380 ttl=63 time=32.3 ms
[1439462480.945640] 64 bytes from aaaa::212:4b00:41e:afc6: icmp_seq=381 ttl=63 time=187 ms
[1439462481.792017] 64 bytes from aaaa::212:4b00:41e:afc6: icmp_seq=382 ttl=63 time=32.2 ms
[1439462482.793629] 64 bytes from aaaa::212:4b00:41e:afc6: icmp_seq=383 ttl=63 time=32.3 ms
[1439462484.031457] 64 bytes from aaaa::212:4b00:41e:afc6: icmp_seq=384 ttl=63 time=268 ms
[1439462484.795762] 64 bytes from aaaa::212:4b00:41e:afc6: icmp_seq=385 ttl=63 time=32.3 ms
[1439462486.195540] 64 bytes from aaaa::212:4b00:41e:afc6: icmp_seq=386 ttl=63 time=430 ms
[1439462486.797804] 64 bytes from aaaa::212:4b00:41e:afc6: icmp_seq=387 ttl=63 time=32.3 ms
[1439462487.953264] 64 bytes from aaaa::212:4b00:41e:afc6: icmp_seq=388 ttl=63 time=186 ms
[1439462488.800584] 64 bytes from aaaa::212:4b00:41e:afc6: icmp_seq=389 ttl=63 time=32.3 ms
[1439462489.802207] 64 bytes from aaaa::212:4b00:41e:afc6: icmp_seq=390 ttl=63 time=32.4 ms
[1439462490.803720] 64 bytes from aaaa::212:4b00:41e:afc6: icmp_seq=391 ttl=63 time=32.3 ms
[1439462491.805346] 64 bytes from aaaa::212:4b00:41e:afc6: icmp_seq=392 ttl=63 time=32.4 ms
[1439462492.806983] 64 bytes from aaaa::212:4b00:41e:afc6: icmp_seq=393 ttl=63 time=32.4 ms
[1439462493.808492] 64 bytes from aaaa::212:4b00:41e:afc6: icmp_seq=394 ttl=63 time=32.3 ms
[1439462494.810233] 64 bytes from aaaa::212:4b00:41e:afc6: icmp_seq=395 ttl=63 time=32.5 ms
[1439462495.811858] 64 bytes from aaaa::212:4b00:41e:afc6: icmp_seq=396 ttl=63 time=32.4 ms
[1439462496.813370] 64 bytes from aaaa::212:4b00:41e:afc6: icmp_seq=397 ttl=63 time=32.3 ms
[1439462497.814995] 64 bytes from aaaa::212:4b00:41e:afc6: icmp_seq=398 ttl=63 time=32.4 ms
[1439462498.816487] 64 bytes from aaaa::212:4b00:41e:afc6: icmp_seq=399 ttl=63 time=32.2 ms
[1439462499.818130] 64 bytes from aaaa::212:4b00:41e:afc6: icmp_seq=400 ttl=63 time=32.4 ms
[1439462500.976365] 64 bytes from aaaa::212:4b00:41e:afc6: icmp_seq=401 ttl=63 time=189 ms
[1439462501.820868] 64 bytes from aaaa::212:4b00:41e:afc6: icmp_seq=402 ttl=63 time=32.4 ms
[1439462502.822365] 64 bytes from aaaa::212:4b00:41e:afc6: icmp_seq=403 ttl=63 time=32.3 ms
[1439462503.823976] 64 bytes from aaaa::212:4b00:41e:afc6: icmp_seq=404 ttl=63 time=32.4 ms
[1439462505.800003] no answer yet for icmp_seq=405
[1439462506.023107] 64 bytes from aaaa::212:4b00:41e:afc6: icmp_seq=406 ttl=63 time=222 ms
[1439462507.296497] 64 bytes from aaaa::212:4b00:41e:afc6: icmp_seq=407 ttl=63 time=496 ms
[1439462507.832610] 64 bytes from aaaa::212:4b00:41e:afc6: icmp_seq=408 ttl=63 time=32.4 ms
[1439462508.834290] 64 bytes from aaaa::212:4b00:41e:afc6: icmp_seq=409 ttl=63 time=32.4 ms
[1439462509.835982] 64 bytes from aaaa::212:4b00:41e:afc6: icmp_seq=410 ttl=63 time=32.5 ms
[1439462510.837691] 64 bytes from aaaa::212:4b00:41e:afc6: icmp_seq=411 ttl=63 time=32.4 ms
[1439462511.839237] 64 bytes from aaaa::212:4b00:41e:afc6: icmp_seq=412 ttl=63 time=32.3 ms
[1439462512.840916] 64 bytes from aaaa::212:4b00:41e:afc6: icmp_seq=413 ttl=63 time=32.4 ms
[1439462513.842540] 64 bytes from aaaa::212:4b00:41e:afc6: icmp_seq=414 ttl=63 time=32.3 ms
[1439462514.844168] 64 bytes from aaaa::212:4b00:41e:afc6: icmp_seq=415 ttl=63 time=32.3 ms
[1439462515.845891] 64 bytes from aaaa::212:4b00:41e:afc6: icmp_seq=416 ttl=63 time=32.5 ms
[1439462516.847522] 64 bytes from aaaa::212:4b00:41e:afc6: icmp_seq=417 ttl=63 time=32.4 ms
[1439462517.849130] 64 bytes from aaaa::212:4b00:41e:afc6: icmp_seq=418 ttl=63 time=32.4 ms
[1439462518.850731] 64 bytes from aaaa::212:4b00:41e:afc6: icmp_seq=419 ttl=63 time=32.4 ms
[1439462520.054021] 64 bytes from aaaa::212:4b00:41e:afc6: icmp_seq=420 ttl=63 time=234 ms
[1439462520.852424] 64 bytes from aaaa::212:4b00:41e:afc6: icmp_seq=421 ttl=63 time=32.3 ms
[1439462521.854166] 64 bytes from aaaa::212:4b00:41e:afc6: icmp_seq=422 ttl=63 time=32.5 ms
[1439462522.855920] 64 bytes from aaaa::212:4b00:41e:afc6: icmp_seq=423 ttl=63 time=32.5 ms
[1439462523.857557] 64 bytes from aaaa::212:4b00:41e:afc6: icmp_seq=424 ttl=63 time=32.4 ms
[1439462524.859150] 64 bytes from aaaa::212:4b00:41e:afc6: icmp_seq=425 ttl=63 time=32.4 ms
[1439462526.171128] 64 bytes from aaaa::212:4b00:41e:afc6: icmp_seq=426 ttl=63 time=342 ms
[1439462526.861415] 64 bytes from aaaa::212:4b00:41e:afc6: icmp_seq=427 ttl=63 time=32.3 ms
[1439462527.863060] 64 bytes from aaaa::212:4b00:41e:afc6: icmp_seq=428 ttl=63 time=32.4 ms
[1439462528.864745] 64 bytes from aaaa::212:4b00:41e:afc6: icmp_seq=429 ttl=63 time=32.4 ms
[1439462529.866430] 64 bytes from aaaa::212:4b00:41e:afc6: icmp_seq=430 ttl=63 time=32.4 ms
[1439462530.868052] 64 bytes from aaaa::212:4b00:41e:afc6: icmp_seq=431 ttl=63 time=32.3 ms
[1439462531.869796] 64 bytes from aaaa::212:4b00:41e:afc6: icmp_seq=432 ttl=63 time=32.5 ms
[1439462532.871366] 64 bytes from aaaa::212:4b00:41e:afc6: icmp_seq=433 ttl=63 time=32.3 ms
[1439462533.873002] 64 bytes from aaaa::212:4b00:41e:afc6: icmp_seq=434 ttl=63 time=32.4 ms
[1439462534.874635] 64 bytes from aaaa::212:4b00:41e:afc6: icmp_seq=435 ttl=63 time=32.4 ms
[1439462535.876134] 64 bytes from aaaa::212:4b00:41e:afc6: icmp_seq=436 ttl=63 time=32.3 ms
[1439462536.877796] 64 bytes from aaaa::212:4b00:41e:afc6: icmp_seq=437 ttl=63 time=32.4 ms
[1439462537.879406] 64 bytes from aaaa::212:4b00:41e:afc6: icmp_seq=438 ttl=63 time=32.4 ms
[1439462538.880884] 64 bytes from aaaa::212:4b00:41e:afc6: icmp_seq=439 ttl=63 time=32.3 ms
[1439462539.882381] 64 bytes from aaaa::212:4b00:41e:afc6: icmp_seq=440 ttl=63 time=32.3 ms
[1439462540.884020] 64 bytes from aaaa::212:4b00:41e:afc6: icmp_seq=441 ttl=63 time=32.4 ms
[1439462541.885510] 64 bytes from aaaa::212:4b00:41e:afc6: icmp_seq=442 ttl=63 time=32.3 ms
[1439462543.061255] 64 bytes from aaaa::212:4b00:41e:afc6: icmp_seq=443 ttl=63 time=206 ms
[1439462543.887635] 64 bytes from aaaa::212:4b00:41e:afc6: icmp_seq=444 ttl=63 time=32.3 ms
[1439462544.889131] 64 bytes from aaaa::212:4b00:41e:afc6: icmp_seq=445 ttl=63 time=32.3 ms
[1439462545.890633] 64 bytes from aaaa::212:4b00:41e:afc6: icmp_seq=446 ttl=63 time=32.3 ms
[1439462546.892141] 64 bytes from aaaa::212:4b00:41e:afc6: icmp_seq=447 ttl=63 time=32.3 ms
[1439462548.100264] 64 bytes from aaaa::212:4b00:41e:afc6: icmp_seq=448 ttl=63 time=238 ms
[1439462548.893376] 64 bytes from aaaa::212:4b00:41e:afc6: icmp_seq=449 ttl=63 time=32.1 ms
[1439462549.895004] 64 bytes from aaaa::212:4b00:41e:afc6: icmp_seq=450 ttl=63 time=32.4 ms
[1439462550.896544] 64 bytes from aaaa::212:4b00:41e:afc6: icmp_seq=451 ttl=63 time=32.3 ms
[1439462551.898140] 64 bytes from aaaa::212:4b00:41e:afc6: icmp_seq=452 ttl=63 time=32.4 ms
[1439462552.899766] 64 bytes from aaaa::212:4b00:41e:afc6: icmp_seq=453 ttl=63 time=32.4 ms
[1439462553.901263] 64 bytes from aaaa::212:4b00:41e:afc6: icmp_seq=454 ttl=63 time=32.3 ms
[1439462554.902761] 64 bytes from aaaa::212:4b00:41e:afc6: icmp_seq=455 ttl=63 time=32.3 ms
[1439462555.904384] 64 bytes from aaaa::212:4b00:41e:afc6: icmp_seq=456 ttl=63 time=32.4 ms
[1439462556.906006] 64 bytes from aaaa::212:4b00:41e:afc6: icmp_seq=457 ttl=63 time=32.4 ms
[1439462557.908010] 64 bytes from aaaa::212:4b00:41e:afc6: icmp_seq=458 ttl=63 time=32.8 ms
[1439462558.909384] 64 bytes from aaaa::212:4b00:41e:afc6: icmp_seq=459 ttl=63 time=32.2 ms
[1439462559.910893] 64 bytes from aaaa::212:4b00:41e:afc6: icmp_seq=460 ttl=63 time=32.3 ms
[1439462561.084640] 64 bytes from aaaa::212:4b00:41e:afc6: icmp_seq=461 ttl=63 time=204 ms
[1439462561.913145] 64 bytes from aaaa::212:4b00:41e:afc6: icmp_seq=462 ttl=63 time=32.4 ms
[1439462562.914626] 64 bytes from aaaa::212:4b00:41e:afc6: icmp_seq=463 ttl=63 time=32.3 ms
[1439462563.916164] 64 bytes from aaaa::212:4b00:41e:afc6: icmp_seq=464 ttl=63 time=32.3 ms
[1439462564.917909] 64 bytes from aaaa::212:4b00:41e:afc6: icmp_seq=465 ttl=63 time=32.5 ms
[1439462566.107519] 64 bytes from aaaa::212:4b00:41e:afc6: icmp_seq=466 ttl=63 time=220 ms
[1439462567.107518] 64 bytes from aaaa::212:4b00:41e:afc6: icmp_seq=467 ttl=63 time=220 ms
[1439462567.920022] 64 bytes from aaaa::212:4b00:41e:afc6: icmp_seq=468 ttl=63 time=32.5 ms
[1439462569.123143] 64 bytes from aaaa::212:4b00:41e:afc6: icmp_seq=469 ttl=63 time=233 ms
[1439462569.921548] 64 bytes from aaaa::212:4b00:41e:afc6: icmp_seq=470 ttl=63 time=32.4 ms
[1439462570.923137] 64 bytes from aaaa::212:4b00:41e:afc6: icmp_seq=471 ttl=63 time=32.4 ms
[1439462572.279276] 64 bytes from aaaa::212:4b00:41e:afc6: icmp_seq=472 ttl=63 time=386 ms
[1439462572.924527] 64 bytes from aaaa::212:4b00:41e:afc6: icmp_seq=473 ttl=63 time=32.4 ms
[1439462573.926175] 64 bytes from aaaa::212:4b00:41e:afc6: icmp_seq=474 ttl=63 time=32.4 ms
[1439462574.927546] 64 bytes from aaaa::212:4b00:41e:afc6: icmp_seq=475 ttl=63 time=32.1 ms
[1439462575.929053] 64 bytes from aaaa::212:4b00:41e:afc6: icmp_seq=476 ttl=63 time=32.3 ms
[1439462576.930658] 64 bytes from aaaa::212:4b00:41e:afc6: icmp_seq=477 ttl=63 time=32.4 ms
[1439462578.310410] 64 bytes from aaaa::212:4b00:41e:afc6: icmp_seq=478 ttl=63 time=410 ms
[1439462578.932533] 64 bytes from aaaa::212:4b00:41e:afc6: icmp_seq=479 ttl=63 time=32.3 ms
[1439462579.934163] 64 bytes from aaaa::212:4b00:41e:afc6: icmp_seq=480 ttl=63 time=32.4 ms
[1439462580.935663] 64 bytes from aaaa::212:4b00:41e:afc6: icmp_seq=481 ttl=63 time=32.3 ms
[1439462581.937280] 64 bytes from aaaa::212:4b00:41e:afc6: icmp_seq=482 ttl=63 time=32.4 ms
[1439462582.938918] 64 bytes from aaaa::212:4b00:41e:afc6: icmp_seq=483 ttl=63 time=32.4 ms
[1439462583.940431] 64 bytes from aaaa::212:4b00:41e:afc6: icmp_seq=484 ttl=63 time=32.3 ms
[1439462584.941925] 64 bytes from aaaa::212:4b00:41e:afc6: icmp_seq=485 ttl=63 time=32.3 ms
[1439462586.161975] 64 bytes from aaaa::212:4b00:41e:afc6: icmp_seq=486 ttl=63 time=250 ms
[1439462586.944312] 64 bytes from aaaa::212:4b00:41e:afc6: icmp_seq=487 ttl=63 time=32.3 ms
[1439462587.945922] 64 bytes from aaaa::212:4b00:41e:afc6: icmp_seq=488 ttl=63 time=32.4 ms
[1439462588.947933] 64 bytes from aaaa::212:4b00:41e:afc6: icmp_seq=489 ttl=63 time=32.8 ms
[1439462589.949438] 64 bytes from aaaa::212:4b00:41e:afc6: icmp_seq=490 ttl=63 time=32.3 ms
[1439462591.917823] no answer yet for icmp_seq=491
[1439462592.106939] 64 bytes from aaaa::212:4b00:41e:afc6: icmp_seq=492 ttl=63 time=188 ms
[1439462592.950185] 64 bytes from aaaa::212:4b00:41e:afc6: icmp_seq=493 ttl=63 time=32.2 ms
[1439462593.951810] 64 bytes from aaaa::212:4b00:41e:afc6: icmp_seq=494 ttl=63 time=32.4 ms
[1439462595.106944] 64 bytes from aaaa::212:4b00:41e:afc6: icmp_seq=495 ttl=63 time=185 ms
[1439462595.953308] 64 bytes from aaaa::212:4b00:41e:afc6: icmp_seq=496 ttl=63 time=32.3 ms
[1439462596.954943] 64 bytes from aaaa::212:4b00:41e:afc6: icmp_seq=497 ttl=63 time=32.4 ms
[1439462598.931978] no answer yet for icmp_seq=498
[1439462598.966481] 64 bytes from aaaa::212:4b00:41e:afc6: icmp_seq=499 ttl=63 time=34.3 ms
[1439462600.098949] 64 bytes from aaaa::212:4b00:41e:afc6: icmp_seq=500 ttl=63 time=165 ms
[1439462600.966450] 64 bytes from aaaa::212:4b00:41e:afc6: icmp_seq=501 ttl=63 time=32.4 ms
[1439462601.967971] 64 bytes from aaaa::212:4b00:41e:afc6: icmp_seq=502 ttl=63 time=32.3 ms
[1439462602.969337] 64 bytes from aaaa::212:4b00:41e:afc6: icmp_seq=503 ttl=63 time=32.1 ms
[1439462604.208212] 64 bytes from aaaa::212:4b00:41e:afc6: icmp_seq=504 ttl=63 time=269 ms
[1439462604.971581] 64 bytes from aaaa::212:4b00:41e:afc6: icmp_seq=505 ttl=63 time=32.4 ms
[1439462605.973219] 64 bytes from aaaa::212:4b00:41e:afc6: icmp_seq=506 ttl=63 time=32.4 ms
[1439462607.169089] 64 bytes from aaaa::212:4b00:41e:afc6: icmp_seq=507 ttl=63 time=226 ms
[1439462607.975475] 64 bytes from aaaa::212:4b00:41e:afc6: icmp_seq=508 ttl=63 time=32.4 ms
[1439462608.977105] 64 bytes from aaaa::212:4b00:41e:afc6: icmp_seq=509 ttl=63 time=32.4 ms
[1439462609.978738] 64 bytes from aaaa::212:4b00:41e:afc6: icmp_seq=510 ttl=63 time=32.4 ms
[1439462610.980232] 64 bytes from aaaa::212:4b00:41e:afc6: icmp_seq=511 ttl=63 time=32.3 ms
[1439462612.145682] 64 bytes from aaaa::212:4b00:41e:afc6: icmp_seq=512 ttl=63 time=196 ms
[1439462612.982113] 64 bytes from aaaa::212:4b00:41e:afc6: icmp_seq=513 ttl=63 time=32.4 ms
[1439462613.983618] 64 bytes from aaaa::212:4b00:41e:afc6: icmp_seq=514 ttl=63 time=32.3 ms
[1439462614.985115] 64 bytes from aaaa::212:4b00:41e:afc6: icmp_seq=515 ttl=63 time=32.3 ms
[1439462615.986750] 64 bytes from aaaa::212:4b00:41e:afc6: icmp_seq=516 ttl=63 time=32.4 ms
[1439462616.988236] 64 bytes from aaaa::212:4b00:41e:afc6: icmp_seq=517 ttl=63 time=32.3 ms
[1439462618.145399] 64 bytes from aaaa::212:4b00:41e:afc6: icmp_seq=518 ttl=63 time=187 ms
[1439462618.989886] 64 bytes from aaaa::212:4b00:41e:afc6: icmp_seq=519 ttl=63 time=32.4 ms
[1439462619.991383] 64 bytes from aaaa::212:4b00:41e:afc6: icmp_seq=520 ttl=63 time=32.3 ms
[1439462621.379785] 64 bytes from aaaa::212:4b00:41e:afc6: icmp_seq=521 ttl=63 time=419 ms
[1439462621.993025] 64 bytes from aaaa::212:4b00:41e:afc6: icmp_seq=522 ttl=63 time=32.4 ms
[1439462622.994527] 64 bytes from aaaa::212:4b00:41e:afc6: icmp_seq=523 ttl=63 time=32.3 ms
[1439462623.996028] 64 bytes from aaaa::212:4b00:41e:afc6: icmp_seq=524 ttl=63 time=32.3 ms
[1439462624.997641] 64 bytes from aaaa::212:4b00:41e:afc6: icmp_seq=525 ttl=63 time=32.4 ms
[1439462625.999092] 64 bytes from aaaa::212:4b00:41e:afc6: icmp_seq=526 ttl=63 time=32.2 ms
[1439462627.000741] 64 bytes from aaaa::212:4b00:41e:afc6: icmp_seq=527 ttl=63 time=32.4 ms
[1439462628.001439] 64 bytes from aaaa::212:4b00:41e:afc6: icmp_seq=528 ttl=63 time=32.5 ms
[1439462629.239115] 64 bytes from aaaa::212:4b00:41e:afc6: icmp_seq=529 ttl=63 time=269 ms
[1439462630.002593] 64 bytes from aaaa::212:4b00:41e:afc6: icmp_seq=530 ttl=63 time=32.5 ms
[1439462631.003191] 64 bytes from aaaa::212:4b00:41e:afc6: icmp_seq=531 ttl=63 time=32.4 ms
[1439462632.003675] 64 bytes from aaaa::212:4b00:41e:afc6: icmp_seq=532 ttl=63 time=32.2 ms
[1439462633.004178] 64 bytes from aaaa::212:4b00:41e:afc6: icmp_seq=533 ttl=63 time=32.3 ms
[1439462634.238823] 64 bytes from aaaa::212:4b00:41e:afc6: icmp_seq=534 ttl=63 time=266 ms
[1439462635.005178] 64 bytes from aaaa::212:4b00:41e:afc6: icmp_seq=535 ttl=63 time=32.4 ms
[1439462636.005684] 64 bytes from aaaa::212:4b00:41e:afc6: icmp_seq=536 ttl=63 time=32.3 ms
[1439462637.006182] 64 bytes from aaaa::212:4b00:41e:afc6: icmp_seq=537 ttl=63 time=32.3 ms
[1439462638.006047] 64 bytes from aaaa::212:4b00:41e:afc6: icmp_seq=538 ttl=63 time=32.1 ms
[1439462639.239079] 64 bytes from aaaa::212:4b00:41e:afc6: icmp_seq=539 ttl=63 time=264 ms
[1439462640.879311] 64 bytes from aaaa::212:4b00:41e:afc6: icmp_seq=540 ttl=63 time=904 ms
[1439462641.007063] 64 bytes from aaaa::212:4b00:41e:afc6: icmp_seq=541 ttl=63 time=32.4 ms
[1439462642.983994] no answer yet for icmp_seq=542
[1439462643.016595] 64 bytes from aaaa::212:4b00:41e:afc6: icmp_seq=543 ttl=63 time=32.4 ms
[1439462644.017586] 64 bytes from aaaa::212:4b00:41e:afc6: icmp_seq=544 ttl=63 time=32.8 ms
[1439462645.018240] 64 bytes from aaaa::212:4b00:41e:afc6: icmp_seq=545 ttl=63 time=32.4 ms
[1439462646.018820] 64 bytes from aaaa::212:4b00:41e:afc6: icmp_seq=546 ttl=63 time=32.4 ms
[1439462647.019328] 64 bytes from aaaa::212:4b00:41e:afc6: icmp_seq=547 ttl=63 time=32.3 ms
[1439462648.019836] 64 bytes from aaaa::212:4b00:41e:afc6: icmp_seq=548 ttl=63 time=32.3 ms
[1439462649.020461] 64 bytes from aaaa::212:4b00:41e:afc6: icmp_seq=549 ttl=63 time=32.4 ms
[1439462650.020967] 64 bytes from aaaa::212:4b00:41e:afc6: icmp_seq=550 ttl=63 time=32.3 ms
[1439462651.021589] 64 bytes from aaaa::212:4b00:41e:afc6: icmp_seq=551 ttl=63 time=32.4 ms
[1439462652.022242] 64 bytes from aaaa::212:4b00:41e:afc6: icmp_seq=552 ttl=63 time=32.4 ms
[1439462653.022722] 64 bytes from aaaa::212:4b00:41e:afc6: icmp_seq=553 ttl=63 time=32.3 ms
[1439462654.199355] 64 bytes from aaaa::212:4b00:41e:afc6: icmp_seq=554 ttl=63 time=208 ms
[1439462655.023845] 64 bytes from aaaa::212:4b00:41e:afc6: icmp_seq=555 ttl=63 time=32.4 ms
[1439462656.024364] 64 bytes from aaaa::212:4b00:41e:afc6: icmp_seq=556 ttl=63 time=32.3 ms
[1439462657.025069] 64 bytes from aaaa::212:4b00:41e:afc6: icmp_seq=557 ttl=63 time=32.4 ms
[1439462658.025616] 64 bytes from aaaa::212:4b00:41e:afc6: icmp_seq=558 ttl=63 time=32.3 ms
[1439462659.026238] 64 bytes from aaaa::212:4b00:41e:afc6: icmp_seq=559 ttl=63 time=32.4 ms
[1439462660.026882] 64 bytes from aaaa::212:4b00:41e:afc6: icmp_seq=560 ttl=63 time=32.4 ms
[1439462661.027502] 64 bytes from aaaa::212:4b00:41e:afc6: icmp_seq=561 ttl=63 time=32.4 ms
[1439462662.028119] 64 bytes from aaaa::212:4b00:41e:afc6: icmp_seq=562 ttl=63 time=32.4 ms
[1439462663.206956] 64 bytes from aaaa::212:4b00:41e:afc6: icmp_seq=563 ttl=63 time=210 ms
[1439462664.269446] 64 bytes from aaaa::212:4b00:41e:afc6: icmp_seq=564 ttl=63 time=272 ms
[1439462665.029774] 64 bytes from aaaa::212:4b00:41e:afc6: icmp_seq=565 ttl=63 time=32.3 ms
[1439462666.030365] 64 bytes from aaaa::212:4b00:41e:afc6: icmp_seq=566 ttl=63 time=32.4 ms
[1439462667.031099] 64 bytes from aaaa::212:4b00:41e:afc6: icmp_seq=567 ttl=63 time=32.5 ms
[1439462668.031625] 64 bytes from aaaa::212:4b00:41e:afc6: icmp_seq=568 ttl=63 time=32.3 ms
[1439462669.032249] 64 bytes from aaaa::212:4b00:41e:afc6: icmp_seq=569 ttl=63 time=32.4 ms
[1439462670.032875] 64 bytes from aaaa::212:4b00:41e:afc6: icmp_seq=570 ttl=63 time=32.4 ms
[1439462671.034381] 64 bytes from aaaa::212:4b00:41e:afc6: icmp_seq=571 ttl=63 time=32.3 ms
[1439462672.261416] 64 bytes from aaaa::212:4b00:41e:afc6: icmp_seq=572 ttl=63 time=257 ms
[1439462673.037891] 64 bytes from aaaa::212:4b00:41e:afc6: icmp_seq=573 ttl=63 time=32.5 ms
[1439462674.039411] 64 bytes from aaaa::212:4b00:41e:afc6: icmp_seq=574 ttl=63 time=32.3 ms
[1439462675.040767] 64 bytes from aaaa::212:4b00:41e:afc6: icmp_seq=575 ttl=63 time=32.1 ms
[1439462676.042404] 64 bytes from aaaa::212:4b00:41e:afc6: icmp_seq=576 ttl=63 time=32.4 ms
[1439462677.044022] 64 bytes from aaaa::212:4b00:41e:afc6: icmp_seq=577 ttl=63 time=32.4 ms
[1439462678.045646] 64 bytes from aaaa::212:4b00:41e:afc6: icmp_seq=578 ttl=63 time=32.4 ms
[1439462679.047281] 64 bytes from aaaa::212:4b00:41e:afc6: icmp_seq=579 ttl=63 time=32.4 ms
[1439462680.048784] 64 bytes from aaaa::212:4b00:41e:afc6: icmp_seq=580 ttl=63 time=32.3 ms
[1439462681.050404] 64 bytes from aaaa::212:4b00:41e:afc6: icmp_seq=581 ttl=63 time=32.4 ms
[1439462682.052175] 64 bytes from aaaa::212:4b00:41e:afc6: icmp_seq=582 ttl=63 time=32.5 ms
[1439462683.222180] 64 bytes from aaaa::212:4b00:41e:afc6: icmp_seq=583 ttl=63 time=200 ms
[1439462684.055573] 64 bytes from aaaa::212:4b00:41e:afc6: icmp_seq=584 ttl=63 time=32.3 ms
[1439462685.057173] 64 bytes from aaaa::212:4b00:41e:afc6: icmp_seq=585 ttl=63 time=32.4 ms
[1439462686.058662] 64 bytes from aaaa::212:4b00:41e:afc6: icmp_seq=586 ttl=63 time=32.3 ms
[1439462687.060294] 64 bytes from aaaa::212:4b00:41e:afc6: icmp_seq=587 ttl=63 time=32.4 ms
[1439462688.061792] 64 bytes from aaaa::212:4b00:41e:afc6: icmp_seq=588 ttl=63 time=32.3 ms
[1439462689.063299] 64 bytes from aaaa::212:4b00:41e:afc6: icmp_seq=589 ttl=63 time=32.3 ms
[1439462690.064827] 64 bytes from aaaa::212:4b00:41e:afc6: icmp_seq=590 ttl=63 time=32.3 ms
[1439462691.066435] 64 bytes from aaaa::212:4b00:41e:afc6: icmp_seq=591 ttl=63 time=32.4 ms
[1439462692.067937] 64 bytes from aaaa::212:4b00:41e:afc6: icmp_seq=592 ttl=63 time=32.3 ms
[1439462693.069441] 64 bytes from aaaa::212:4b00:41e:afc6: icmp_seq=593 ttl=63 time=32.3 ms
[1439462694.071068] 64 bytes from aaaa::212:4b00:41e:afc6: icmp_seq=594 ttl=63 time=32.4 ms
[1439462695.072585] 64 bytes from aaaa::212:4b00:41e:afc6: icmp_seq=595 ttl=63 time=32.3 ms
[1439462696.292083] 64 bytes from aaaa::212:4b00:41e:afc6: icmp_seq=596 ttl=63 time=250 ms
[1439462697.299812] 64 bytes from aaaa::212:4b00:41e:afc6: icmp_seq=597 ttl=63 time=256 ms
[1439462698.076331] 64 bytes from aaaa::212:4b00:41e:afc6: icmp_seq=598 ttl=63 time=32.3 ms
[1439462699.077968] 64 bytes from aaaa::212:4b00:41e:afc6: icmp_seq=599 ttl=63 time=32.4 ms
[1439462700.079579] 64 bytes from aaaa::212:4b00:41e:afc6: icmp_seq=600 ttl=63 time=32.4 ms
[1439462701.081210] 64 bytes from aaaa::212:4b00:41e:afc6: icmp_seq=601 ttl=63 time=32.4 ms
[1439462702.082824] 64 bytes from aaaa::212:4b00:41e:afc6: icmp_seq=602 ttl=63 time=32.4 ms
[1439462703.084465] 64 bytes from aaaa::212:4b00:41e:afc6: icmp_seq=603 ttl=63 time=32.4 ms
[1439462704.085860] 64 bytes from aaaa::212:4b00:41e:afc6: icmp_seq=604 ttl=63 time=32.2 ms
[1439462705.087484] 64 bytes from aaaa::212:4b00:41e:afc6: icmp_seq=605 ttl=63 time=32.4 ms
[1439462706.089207] 64 bytes from aaaa::212:4b00:41e:afc6: icmp_seq=606 ttl=63 time=32.5 ms
[1439462707.090566] 64 bytes from aaaa::212:4b00:41e:afc6: icmp_seq=607 ttl=63 time=32.2 ms
[1439462708.092213] 64 bytes from aaaa::212:4b00:41e:afc6: icmp_seq=608 ttl=63 time=32.4 ms
[1439462709.093871] 64 bytes from aaaa::212:4b00:41e:afc6: icmp_seq=609 ttl=63 time=32.4 ms
[1439462710.095467] 64 bytes from aaaa::212:4b00:41e:afc6: icmp_seq=610 ttl=63 time=32.4 ms
[1439462711.097095] 64 bytes from aaaa::212:4b00:41e:afc6: icmp_seq=611 ttl=63 time=32.4 ms
[1439462712.098719] 64 bytes from aaaa::212:4b00:41e:afc6: icmp_seq=612 ttl=63 time=32.4 ms
[1439462713.100227] 64 bytes from aaaa::212:4b00:41e:afc6: icmp_seq=613 ttl=63 time=32.3 ms
[1439462714.101855] 64 bytes from aaaa::212:4b00:41e:afc6: icmp_seq=614 ttl=63 time=32.4 ms
[1439462715.103480] 64 bytes from aaaa::212:4b00:41e:afc6: icmp_seq=615 ttl=63 time=32.4 ms
[1439462716.104989] 64 bytes from aaaa::212:4b00:41e:afc6: icmp_seq=616 ttl=63 time=32.3 ms
[1439462717.106621] 64 bytes from aaaa::212:4b00:41e:afc6: icmp_seq=617 ttl=63 time=32.4 ms
[1439462718.108250] 64 bytes from aaaa::212:4b00:41e:afc6: icmp_seq=618 ttl=63 time=32.4 ms
[1439462719.109789] 64 bytes from aaaa::212:4b00:41e:afc6: icmp_seq=619 ttl=63 time=32.3 ms
[1439462720.111380] 64 bytes from aaaa::212:4b00:41e:afc6: icmp_seq=620 ttl=63 time=32.4 ms
[1439462721.112878] 64 bytes from aaaa::212:4b00:41e:afc6: icmp_seq=621 ttl=63 time=32.3 ms
[1439462722.114423] 64 bytes from aaaa::212:4b00:41e:afc6: icmp_seq=622 ttl=63 time=32.3 ms
[1439462723.116017] 64 bytes from aaaa::212:4b00:41e:afc6: icmp_seq=623 ttl=63 time=32.4 ms
[1439462724.117643] 64 bytes from aaaa::212:4b00:41e:afc6: icmp_seq=624 ttl=63 time=32.4 ms
[1439462725.119035] 64 bytes from aaaa::212:4b00:41e:afc6: icmp_seq=625 ttl=63 time=32.2 ms
[1439462726.120703] 64 bytes from aaaa::212:4b00:41e:afc6: icmp_seq=626 ttl=63 time=32.4 ms
[1439462727.122492] 64 bytes from aaaa::212:4b00:41e:afc6: icmp_seq=627 ttl=63 time=32.5 ms
[1439462728.275736] 64 bytes from aaaa::212:4b00:41e:afc6: icmp_seq=628 ttl=63 time=184 ms
[1439462729.244476] 64 bytes from aaaa::212:4b00:41e:afc6: icmp_seq=629 ttl=63 time=151 ms
[1439462730.127105] 64 bytes from aaaa::212:4b00:41e:afc6: icmp_seq=630 ttl=63 time=32.5 ms
[1439462731.128736] 64 bytes from aaaa::212:4b00:41e:afc6: icmp_seq=631 ttl=63 time=32.3 ms
[1439462732.130369] 64 bytes from aaaa::212:4b00:41e:afc6: icmp_seq=632 ttl=63 time=32.3 ms
[1439462733.132115] 64 bytes from aaaa::212:4b00:41e:afc6: icmp_seq=633 ttl=63 time=32.5 ms
[1439462734.133713] 64 bytes from aaaa::212:4b00:41e:afc6: icmp_seq=634 ttl=63 time=32.4 ms
[1439462735.135465] 64 bytes from aaaa::212:4b00:41e:afc6: icmp_seq=635 ttl=63 time=32.5 ms
[1439462737.111867] no answer yet for icmp_seq=636
[1439462737.144341] 64 bytes from aaaa::212:4b00:41e:afc6: icmp_seq=637 ttl=63 time=32.3 ms
[1439462738.146090] 64 bytes from aaaa::212:4b00:41e:afc6: icmp_seq=638 ttl=63 time=32.5 ms
[1439462739.267735] 64 bytes from aaaa::212:4b00:41e:afc6: icmp_seq=639 ttl=63 time=152 ms
[1439462740.149220] 64 bytes from aaaa::212:4b00:41e:afc6: icmp_seq=640 ttl=63 time=32.4 ms
[1439462741.150847] 64 bytes from aaaa::212:4b00:41e:afc6: icmp_seq=641 ttl=63 time=32.4 ms
[1439462742.152498] 64 bytes from aaaa::212:4b00:41e:afc6: icmp_seq=642 ttl=63 time=32.4 ms
[1439462743.154100] 64 bytes from aaaa::212:4b00:41e:afc6: icmp_seq=643 ttl=63 time=32.4 ms
[1439462744.155747] 64 bytes from aaaa::212:4b00:41e:afc6: icmp_seq=644 ttl=63 time=32.4 ms
[1439462745.157368] 64 bytes from aaaa::212:4b00:41e:afc6: icmp_seq=645 ttl=63 time=32.4 ms
[1439462746.158867] 64 bytes from aaaa::212:4b00:41e:afc6: icmp_seq=646 ttl=63 time=32.3 ms
[1439462747.160501] 64 bytes from aaaa::212:4b00:41e:afc6: icmp_seq=647 ttl=63 time=32.4 ms
[1439462748.162127] 64 bytes from aaaa::212:4b00:41e:afc6: icmp_seq=648 ttl=63 time=32.4 ms
[1439462749.163754] 64 bytes from aaaa::212:4b00:41e:afc6: icmp_seq=649 ttl=63 time=32.4 ms
[1439462750.290890] 64 bytes from aaaa::212:4b00:41e:afc6: icmp_seq=650 ttl=63 time=157 ms
[1439462751.166366] 64 bytes from aaaa::212:4b00:41e:afc6: icmp_seq=651 ttl=63 time=32.4 ms
[1439462752.167767] 64 bytes from aaaa::212:4b00:41e:afc6: icmp_seq=652 ttl=63 time=32.3 ms
[1439462753.478437] 64 bytes from aaaa::212:4b00:41e:afc6: icmp_seq=653 ttl=63 time=341 ms
[1439462754.170667] 64 bytes from aaaa::212:4b00:41e:afc6: icmp_seq=654 ttl=63 time=32.4 ms
[1439462755.172159] 64 bytes from aaaa::212:4b00:41e:afc6: icmp_seq=655 ttl=63 time=32.3 ms
[1439462756.173649] 64 bytes from aaaa::212:4b00:41e:afc6: icmp_seq=656 ttl=63 time=32.3 ms
[1439462757.376809] 64 bytes from aaaa::212:4b00:41e:afc6: icmp_seq=657 ttl=63 time=234 ms
[1439462758.176108] 64 bytes from aaaa::212:4b00:41e:afc6: icmp_seq=658 ttl=63 time=32.3 ms
[1439462759.177785] 64 bytes from aaaa::212:4b00:41e:afc6: icmp_seq=659 ttl=63 time=32.4 ms
[1439462760.179482] 64 bytes from aaaa::212:4b00:41e:afc6: icmp_seq=660 ttl=63 time=32.4 ms
[1439462761.180934] 64 bytes from aaaa::212:4b00:41e:afc6: icmp_seq=661 ttl=63 time=32.3 ms
[1439462762.182627] 64 bytes from aaaa::212:4b00:41e:afc6: icmp_seq=662 ttl=63 time=32.4 ms
[1439462763.184192] 64 bytes from aaaa::212:4b00:41e:afc6: icmp_seq=663 ttl=63 time=32.4 ms
[1439462764.185708] 64 bytes from aaaa::212:4b00:41e:afc6: icmp_seq=664 ttl=63 time=32.3 ms
[1439462765.187461] 64 bytes from aaaa::212:4b00:41e:afc6: icmp_seq=665 ttl=63 time=32.4 ms
[1439462766.189158] 64 bytes from aaaa::212:4b00:41e:afc6: icmp_seq=666 ttl=63 time=32.4 ms
[1439462767.415464] 64 bytes from aaaa::212:4b00:41e:afc6: icmp_seq=667 ttl=63 time=257 ms
[1439462768.191718] 64 bytes from aaaa::212:4b00:41e:afc6: icmp_seq=668 ttl=63 time=32.3 ms
[1439462769.193236] 64 bytes from aaaa::212:4b00:41e:afc6: icmp_seq=669 ttl=63 time=32.4 ms
[1439462770.329482] 64 bytes from aaaa::212:4b00:41e:afc6: icmp_seq=670 ttl=63 time=167 ms
[1439462771.196233] 64 bytes from aaaa::212:4b00:41e:afc6: icmp_seq=671 ttl=63 time=32.7 ms
[1439462772.197885] 64 bytes from aaaa::212:4b00:41e:afc6: icmp_seq=672 ttl=63 time=32.4 ms
[1439462773.199491] 64 bytes from aaaa::212:4b00:41e:afc6: icmp_seq=673 ttl=63 time=32.4 ms
[1439462774.201012] 64 bytes from aaaa::212:4b00:41e:afc6: icmp_seq=674 ttl=63 time=32.3 ms
[1439462775.202271] 64 bytes from aaaa::212:4b00:41e:afc6: icmp_seq=675 ttl=63 time=32.3 ms
[1439462776.203751] 64 bytes from aaaa::212:4b00:41e:afc6: icmp_seq=676 ttl=63 time=32.3 ms
[1439462777.205269] 64 bytes from aaaa::212:4b00:41e:afc6: icmp_seq=677 ttl=63 time=32.3 ms
[1439462778.206904] 64 bytes from aaaa::212:4b00:41e:afc6: icmp_seq=678 ttl=63 time=32.4 ms
[1439462779.208514] 64 bytes from aaaa::212:4b00:41e:afc6: icmp_seq=679 ttl=63 time=32.4 ms
[1439462780.210144] 64 bytes from aaaa::212:4b00:41e:afc6: icmp_seq=680 ttl=63 time=32.4 ms
[1439462781.211788] 64 bytes from aaaa::212:4b00:41e:afc6: icmp_seq=681 ttl=63 time=32.4 ms
[1439462782.213527] 64 bytes from aaaa::212:4b00:41e:afc6: icmp_seq=682 ttl=63 time=32.5 ms
[1439462783.215147] 64 bytes from aaaa::212:4b00:41e:afc6: icmp_seq=683 ttl=63 time=32.4 ms
[1439462784.422906] 64 bytes from aaaa::212:4b00:41e:afc6: icmp_seq=684 ttl=63 time=238 ms
[1439462785.218170] 64 bytes from aaaa::212:4b00:41e:afc6: icmp_seq=685 ttl=63 time=32.3 ms
[1439462786.219674] 64 bytes from aaaa::212:4b00:41e:afc6: icmp_seq=686 ttl=63 time=32.3 ms
[1439462787.422911] 64 bytes from aaaa::212:4b00:41e:afc6: icmp_seq=687 ttl=63 time=234 ms
[1439462788.222165] 64 bytes from aaaa::212:4b00:41e:afc6: icmp_seq=688 ttl=63 time=32.3 ms
[1439462789.223804] 64 bytes from aaaa::212:4b00:41e:afc6: icmp_seq=689 ttl=63 time=32.4 ms
[1439462790.225534] 64 bytes from aaaa::212:4b00:41e:afc6: icmp_seq=690 ttl=63 time=32.5 ms
[1439462791.344703] 64 bytes from aaaa::212:4b00:41e:afc6: icmp_seq=691 ttl=63 time=149 ms
[1439462792.228210] 64 bytes from aaaa::212:4b00:41e:afc6: icmp_seq=692 ttl=63 time=32.4 ms
[1439462793.229831] 64 bytes from aaaa::212:4b00:41e:afc6: icmp_seq=693 ttl=63 time=32.4 ms
[1439462794.231311] 64 bytes from aaaa::212:4b00:41e:afc6: icmp_seq=694 ttl=63 time=32.2 ms
[1439462795.232813] 64 bytes from aaaa::212:4b00:41e:afc6: icmp_seq=695 ttl=63 time=32.3 ms
[1439462796.234197] 64 bytes from aaaa::212:4b00:41e:afc6: icmp_seq=696 ttl=63 time=32.1 ms
[1439462797.235693] 64 bytes from aaaa::212:4b00:41e:afc6: icmp_seq=697 ttl=63 time=32.3 ms
[1439462798.237336] 64 bytes from aaaa::212:4b00:41e:afc6: icmp_seq=698 ttl=63 time=32.4 ms
[1439462799.238972] 64 bytes from aaaa::212:4b00:41e:afc6: icmp_seq=699 ttl=63 time=32.4 ms
[1439462800.240599] 64 bytes from aaaa::212:4b00:41e:afc6: icmp_seq=700 ttl=63 time=32.4 ms
[1439462801.242227] 64 bytes from aaaa::212:4b00:41e:afc6: icmp_seq=701 ttl=63 time=32.4 ms
[1439462802.945987] 64 bytes from aaaa::212:4b00:41e:afc6: icmp_seq=702 ttl=63 time=734 ms
[1439462803.244829] 64 bytes from aaaa::212:4b00:41e:afc6: icmp_seq=703 ttl=63 time=32.3 ms
[1439462804.246338] 64 bytes from aaaa::212:4b00:41e:afc6: icmp_seq=704 ttl=63 time=32.3 ms
[1439462805.375722] 64 bytes from aaaa::212:4b00:41e:afc6: icmp_seq=705 ttl=63 time=160 ms
[1439462806.249085] 64 bytes from aaaa::212:4b00:41e:afc6: icmp_seq=706 ttl=63 time=32.3 ms
[1439462807.250773] 64 bytes from aaaa::212:4b00:41e:afc6: icmp_seq=707 ttl=63 time=32.4 ms
[1439462808.252505] 64 bytes from aaaa::212:4b00:41e:afc6: icmp_seq=708 ttl=63 time=32.5 ms
[1439462809.524010] 64 bytes from aaaa::212:4b00:41e:afc6: icmp_seq=709 ttl=63 time=302 ms
[1439462810.255411] 64 bytes from aaaa::212:4b00:41e:afc6: icmp_seq=710 ttl=63 time=32.4 ms
[1439462811.256979] 64 bytes from aaaa::212:4b00:41e:afc6: icmp_seq=711 ttl=63 time=32.3 ms
[1439462812.258598] 64 bytes from aaaa::212:4b00:41e:afc6: icmp_seq=712 ttl=63 time=32.4 ms
[1439462813.260084] 64 bytes from aaaa::212:4b00:41e:afc6: icmp_seq=713 ttl=63 time=32.3 ms
[1439462814.261761] 64 bytes from aaaa::212:4b00:41e:afc6: icmp_seq=714 ttl=63 time=32.4 ms
[1439462815.263211] 64 bytes from aaaa::212:4b00:41e:afc6: icmp_seq=715 ttl=63 time=32.3 ms
[1439462816.264848] 64 bytes from aaaa::212:4b00:41e:afc6: icmp_seq=716 ttl=63 time=32.4 ms
[1439462817.266607] 64 bytes from aaaa::212:4b00:41e:afc6: icmp_seq=717 ttl=63 time=32.5 ms
[1439462818.268142] 64 bytes from aaaa::212:4b00:41e:afc6: icmp_seq=718 ttl=63 time=32.3 ms
[1439462819.269729] 64 bytes from aaaa::212:4b00:41e:afc6: icmp_seq=719 ttl=63 time=32.4 ms
[1439462820.461240] 64 bytes from aaaa::212:4b00:41e:afc6: icmp_seq=720 ttl=63 time=222 ms
[1439462821.476739] 64 bytes from aaaa::212:4b00:41e:afc6: icmp_seq=721 ttl=63 time=236 ms
[1439462822.274004] 64 bytes from aaaa::212:4b00:41e:afc6: icmp_seq=722 ttl=63 time=32.3 ms
[1439462823.275641] 64 bytes from aaaa::212:4b00:41e:afc6: icmp_seq=723 ttl=63 time=32.4 ms
[1439462824.277142] 64 bytes from aaaa::212:4b00:41e:afc6: icmp_seq=724 ttl=63 time=32.2 ms
[1439462825.278751] 64 bytes from aaaa::212:4b00:41e:afc6: icmp_seq=725 ttl=63 time=32.4 ms
[1439462826.280397] 64 bytes from aaaa::212:4b00:41e:afc6: icmp_seq=726 ttl=63 time=32.4 ms
[1439462827.282006] 64 bytes from aaaa::212:4b00:41e:afc6: icmp_seq=727 ttl=63 time=32.4 ms
[1439462828.283619] 64 bytes from aaaa::212:4b00:41e:afc6: icmp_seq=728 ttl=63 time=32.4 ms
[1439462829.285114] 64 bytes from aaaa::212:4b00:41e:afc6: icmp_seq=729 ttl=63 time=32.3 ms
[1439462830.286621] 64 bytes from aaaa::212:4b00:41e:afc6: icmp_seq=730 ttl=63 time=32.3 ms
[1439462831.288125] 64 bytes from aaaa::212:4b00:41e:afc6: icmp_seq=731 ttl=63 time=32.3 ms
[1439462832.289786] 64 bytes from aaaa::212:4b00:41e:afc6: icmp_seq=732 ttl=63 time=32.4 ms
[1439462833.291271] 64 bytes from aaaa::212:4b00:41e:afc6: icmp_seq=733 ttl=63 time=32.3 ms
[1439462834.292902] 64 bytes from aaaa::212:4b00:41e:afc6: icmp_seq=734 ttl=63 time=32.4 ms
[1439462835.294564] 64 bytes from aaaa::212:4b00:41e:afc6: icmp_seq=735 ttl=63 time=32.4 ms
[1439462836.296211] 64 bytes from aaaa::212:4b00:41e:afc6: icmp_seq=736 ttl=63 time=32.4 ms
[1439462837.492093] 64 bytes from aaaa::212:4b00:41e:afc6: icmp_seq=737 ttl=63 time=226 ms
[1439462838.299604] 64 bytes from aaaa::212:4b00:41e:afc6: icmp_seq=738 ttl=63 time=32.4 ms
[1439462839.301231] 64 bytes from aaaa::212:4b00:41e:afc6: icmp_seq=739 ttl=63 time=32.3 ms
[1439462840.302775] 64 bytes from aaaa::212:4b00:41e:afc6: icmp_seq=740 ttl=63 time=32.3 ms
[1439462841.304460] 64 bytes from aaaa::212:4b00:41e:afc6: icmp_seq=741 ttl=63 time=32.4 ms
[1439462842.306035] 64 bytes from aaaa::212:4b00:41e:afc6: icmp_seq=742 ttl=63 time=32.4 ms
[1439462843.437298] 64 bytes from aaaa::212:4b00:41e:afc6: icmp_seq=743 ttl=63 time=162 ms
[1439462844.308851] 64 bytes from aaaa::212:4b00:41e:afc6: icmp_seq=744 ttl=63 time=32.4 ms
[1439462845.310446] 64 bytes from aaaa::212:4b00:41e:afc6: icmp_seq=745 ttl=63 time=32.4 ms
[1439462846.554377] 64 bytes from aaaa::212:4b00:41e:afc6: icmp_seq=746 ttl=63 time=274 ms
[1439462847.313787] 64 bytes from aaaa::212:4b00:41e:afc6: icmp_seq=747 ttl=63 time=32.4 ms
[1439462848.315235] 64 bytes from aaaa::212:4b00:41e:afc6: icmp_seq=748 ttl=63 time=32.2 ms
[1439462849.316837] 64 bytes from aaaa::212:4b00:41e:afc6: icmp_seq=749 ttl=63 time=32.3 ms
[1439462850.318453] 64 bytes from aaaa::212:4b00:41e:afc6: icmp_seq=750 ttl=63 time=32.4 ms
[1439462851.319950] 64 bytes from aaaa::212:4b00:41e:afc6: icmp_seq=751 ttl=63 time=32.2 ms
[1439462852.321453] 64 bytes from aaaa::212:4b00:41e:afc6: icmp_seq=752 ttl=63 time=32.3 ms
[1439462853.323061] 64 bytes from aaaa::212:4b00:41e:afc6: icmp_seq=753 ttl=63 time=32.4 ms
[1439462854.324694] 64 bytes from aaaa::212:4b00:41e:afc6: icmp_seq=754 ttl=63 time=32.4 ms
[1439462855.326308] 64 bytes from aaaa::212:4b00:41e:afc6: icmp_seq=755 ttl=63 time=32.4 ms
[1439462856.327950] 64 bytes from aaaa::212:4b00:41e:afc6: icmp_seq=756 ttl=63 time=32.4 ms
[1439462857.491692] 64 bytes from aaaa::212:4b00:41e:afc6: icmp_seq=757 ttl=63 time=194 ms
[1439462858.331076] 64 bytes from aaaa::212:4b00:41e:afc6: icmp_seq=758 ttl=63 time=32.3 ms
[1439462859.332696] 64 bytes from aaaa::212:4b00:41e:afc6: icmp_seq=759 ttl=63 time=32.4 ms
[1439462860.334247] 64 bytes from aaaa::212:4b00:41e:afc6: icmp_seq=760 ttl=63 time=32.3 ms
[1439462861.335883] 64 bytes from aaaa::212:4b00:41e:afc6: icmp_seq=761 ttl=63 time=32.4 ms
[1439462862.337575] 64 bytes from aaaa::212:4b00:41e:afc6: icmp_seq=762 ttl=63 time=32.5 ms
[1439462863.338955] 64 bytes from aaaa::212:4b00:41e:afc6: icmp_seq=763 ttl=63 time=32.4 ms
[1439462864.340582] 64 bytes from aaaa::212:4b00:41e:afc6: icmp_seq=764 ttl=63 time=32.4 ms
[1439462865.342242] 64 bytes from aaaa::212:4b00:41e:afc6: icmp_seq=765 ttl=63 time=32.4 ms
[1439462866.343734] 64 bytes from aaaa::212:4b00:41e:afc6: icmp_seq=766 ttl=63 time=32.3 ms
[1439462867.344600] 64 bytes from aaaa::212:4b00:41e:afc6: icmp_seq=767 ttl=63 time=32.4 ms
[1439462868.346251] 64 bytes from aaaa::212:4b00:41e:afc6: icmp_seq=768 ttl=63 time=32.4 ms
[1439462869.467844] 64 bytes from aaaa::212:4b00:41e:afc6: icmp_seq=769 ttl=63 time=152 ms
[1439462870.349347] 64 bytes from aaaa::212:4b00:41e:afc6: icmp_seq=770 ttl=63 time=32.4 ms
[1439462871.350850] 64 bytes from aaaa::212:4b00:41e:afc6: icmp_seq=771 ttl=63 time=32.3 ms
[1439462872.352363] 64 bytes from aaaa::212:4b00:41e:afc6: icmp_seq=772 ttl=63 time=32.3 ms
[1439462873.353976] 64 bytes from aaaa::212:4b00:41e:afc6: icmp_seq=773 ttl=63 time=32.4 ms
[1439462874.355609] 64 bytes from aaaa::212:4b00:41e:afc6: icmp_seq=774 ttl=63 time=32.4 ms
[1439462875.357106] 64 bytes from aaaa::212:4b00:41e:afc6: icmp_seq=775 ttl=63 time=32.3 ms
[1439462876.358765] 64 bytes from aaaa::212:4b00:41e:afc6: icmp_seq=776 ttl=63 time=32.4 ms
[1439462877.360233] 64 bytes from aaaa::212:4b00:41e:afc6: icmp_seq=777 ttl=63 time=32.3 ms
[1439462878.361786] 64 bytes from aaaa::212:4b00:41e:afc6: icmp_seq=778 ttl=63 time=32.3 ms
[1439462879.363372] 64 bytes from aaaa::212:4b00:41e:afc6: icmp_seq=779 ttl=63 time=32.4 ms
[1439462880.514530] 64 bytes from aaaa::212:4b00:41e:afc6: icmp_seq=780 ttl=63 time=181 ms
[1439462881.576993] 64 bytes from aaaa::212:4b00:41e:afc6: icmp_seq=781 ttl=63 time=243 ms
[1439462882.367413] 64 bytes from aaaa::212:4b00:41e:afc6: icmp_seq=782 ttl=63 time=32.4 ms
[1439462883.369017] 64 bytes from aaaa::212:4b00:41e:afc6: icmp_seq=783 ttl=63 time=32.4 ms
[1439462884.369781] 64 bytes from aaaa::212:4b00:41e:afc6: icmp_seq=784 ttl=63 time=32.3 ms
[1439462885.371405] 64 bytes from aaaa::212:4b00:41e:afc6: icmp_seq=785 ttl=63 time=32.4 ms
[1439462886.373094] 64 bytes from aaaa::212:4b00:41e:afc6: icmp_seq=786 ttl=63 time=32.5 ms
[1439462887.374660] 64 bytes from aaaa::212:4b00:41e:afc6: icmp_seq=787 ttl=63 time=32.3 ms
[1439462888.375409] 64 bytes from aaaa::212:4b00:41e:afc6: icmp_seq=788 ttl=63 time=32.3 ms
[1439462889.377009] 64 bytes from aaaa::212:4b00:41e:afc6: icmp_seq=789 ttl=63 time=32.4 ms
[1439462890.378352] 64 bytes from aaaa::212:4b00:41e:afc6: icmp_seq=790 ttl=63 time=32.2 ms
[1439462891.379928] 64 bytes from aaaa::212:4b00:41e:afc6: icmp_seq=791 ttl=63 time=32.3 ms
[1439462892.381532] 64 bytes from aaaa::212:4b00:41e:afc6: icmp_seq=792 ttl=63 time=32.4 ms
[1439462893.383043] 64 bytes from aaaa::212:4b00:41e:afc6: icmp_seq=793 ttl=63 time=32.3 ms
[1439462894.584522] 64 bytes from aaaa::212:4b00:41e:afc6: icmp_seq=794 ttl=63 time=232 ms
[1439462895.385915] 64 bytes from aaaa::212:4b00:41e:afc6: icmp_seq=795 ttl=63 time=32.4 ms
[1439462896.387402] 64 bytes from aaaa::212:4b00:41e:afc6: icmp_seq=796 ttl=63 time=32.3 ms
[1439462897.553156] 64 bytes from aaaa::212:4b00:41e:afc6: icmp_seq=797 ttl=63 time=196 ms
[1439462898.545305] 64 bytes from aaaa::212:4b00:41e:afc6: icmp_seq=798 ttl=63 time=187 ms
[1439462900.367913] no answer yet for icmp_seq=799
[1439462900.400425] 64 bytes from aaaa::212:4b00:41e:afc6: icmp_seq=800 ttl=63 time=32.3 ms
[1439462901.401978] 64 bytes from aaaa::212:4b00:41e:afc6: icmp_seq=801 ttl=63 time=32.3 ms
[1439462902.615543] 64 bytes from aaaa::212:4b00:41e:afc6: icmp_seq=802 ttl=63 time=244 ms
[1439462903.404909] 64 bytes from aaaa::212:4b00:41e:afc6: icmp_seq=803 ttl=63 time=32.4 ms
[1439462904.406305] 64 bytes from aaaa::212:4b00:41e:afc6: icmp_seq=804 ttl=63 time=32.2 ms
[1439462905.415537] 64 bytes from aaaa::212:4b00:41e:afc6: icmp_seq=805 ttl=63 time=40.0 ms
[1439462906.408908] 64 bytes from aaaa::212:4b00:41e:afc6: icmp_seq=806 ttl=63 time=32.2 ms
[1439462907.410425] 64 bytes from aaaa::212:4b00:41e:afc6: icmp_seq=807 ttl=63 time=32.4 ms
[1439462908.411814] 64 bytes from aaaa::212:4b00:41e:afc6: icmp_seq=808 ttl=63 time=32.3 ms
[1439462909.413327] 64 bytes from aaaa::212:4b00:41e:afc6: icmp_seq=809 ttl=63 time=32.3 ms
[1439462910.415001] 64 bytes from aaaa::212:4b00:41e:afc6: icmp_seq=810 ttl=63 time=32.4 ms
[1439462911.416436] 64 bytes from aaaa::212:4b00:41e:afc6: icmp_seq=811 ttl=63 time=32.3 ms
[1439462912.417988] 64 bytes from aaaa::212:4b00:41e:afc6: icmp_seq=812 ttl=63 time=32.3 ms
[1439462913.654317] 64 bytes from aaaa::212:4b00:41e:afc6: icmp_seq=813 ttl=63 time=267 ms
[1439462914.420442] 64 bytes from aaaa::212:4b00:41e:afc6: icmp_seq=814 ttl=63 time=32.2 ms
[1439462915.421938] 64 bytes from aaaa::212:4b00:41e:afc6: icmp_seq=815 ttl=63 time=32.3 ms
[1439462916.623075] 64 bytes from aaaa::212:4b00:41e:afc6: icmp_seq=816 ttl=63 time=232 ms
[1439462917.615204] 64 bytes from aaaa::212:4b00:41e:afc6: icmp_seq=817 ttl=63 time=223 ms
[1439462918.425460] 64 bytes from aaaa::212:4b00:41e:afc6: icmp_seq=818 ttl=63 time=32.3 ms
[1439462919.654246] 64 bytes from aaaa::212:4b00:41e:afc6: icmp_seq=819 ttl=63 time=259 ms
[1439462920.428449] 64 bytes from aaaa::212:4b00:41e:afc6: icmp_seq=820 ttl=63 time=32.3 ms
[1439462921.429952] 64 bytes from aaaa::212:4b00:41e:afc6: icmp_seq=821 ttl=63 time=32.3 ms
[1439462922.431474] 64 bytes from aaaa::212:4b00:41e:afc6: icmp_seq=822 ttl=63 time=32.4 ms
[1439462923.432845] 64 bytes from aaaa::212:4b00:41e:afc6: icmp_seq=823 ttl=63 time=32.2 ms
[1439462924.434360] 64 bytes from aaaa::212:4b00:41e:afc6: icmp_seq=824 ttl=63 time=32.3 ms
[1439462925.435833] 64 bytes from aaaa::212:4b00:41e:afc6: icmp_seq=825 ttl=63 time=32.3 ms
[1439462926.437233] 64 bytes from aaaa::212:4b00:41e:afc6: icmp_seq=826 ttl=63 time=32.2 ms
[1439462927.438710] 64 bytes from aaaa::212:4b00:41e:afc6: icmp_seq=827 ttl=63 time=32.3 ms
[1439462928.439333] 64 bytes from aaaa::212:4b00:41e:afc6: icmp_seq=828 ttl=63 time=32.3 ms
[1439462929.440845] 64 bytes from aaaa::212:4b00:41e:afc6: icmp_seq=829 ttl=63 time=32.4 ms
[1439462930.442361] 64 bytes from aaaa::212:4b00:41e:afc6: icmp_seq=830 ttl=63 time=32.4 ms
[1439462931.443836] 64 bytes from aaaa::212:4b00:41e:afc6: icmp_seq=831 ttl=63 time=32.3 ms
[1439462932.445270] 64 bytes from aaaa::212:4b00:41e:afc6: icmp_seq=832 ttl=63 time=32.3 ms
[1439462933.646127] 64 bytes from aaaa::212:4b00:41e:afc6: icmp_seq=833 ttl=63 time=231 ms
[1439462934.448893] 64 bytes from aaaa::212:4b00:41e:afc6: icmp_seq=834 ttl=63 time=32.8 ms
[1439462935.450313] 64 bytes from aaaa::212:4b00:41e:afc6: icmp_seq=835 ttl=63 time=32.3 ms
[1439462936.451884] 64 bytes from aaaa::212:4b00:41e:afc6: icmp_seq=836 ttl=63 time=32.4 ms
[1439462937.453379] 64 bytes from aaaa::212:4b00:41e:afc6: icmp_seq=837 ttl=63 time=32.7 ms
[1439462938.454876] 64 bytes from aaaa::212:4b00:41e:afc6: icmp_seq=838 ttl=63 time=32.3 ms
[1439462939.456217] 64 bytes from aaaa::212:4b00:41e:afc6: icmp_seq=839 ttl=63 time=32.2 ms
[1439462940.457639] 64 bytes from aaaa::212:4b00:41e:afc6: icmp_seq=840 ttl=63 time=32.3 ms
[1439462941.458989] 64 bytes from aaaa::212:4b00:41e:afc6: icmp_seq=841 ttl=63 time=32.2 ms
[1439462942.460542] 64 bytes from aaaa::212:4b00:41e:afc6: icmp_seq=842 ttl=63 time=32.4 ms
[1439462943.462008] 64 bytes from aaaa::212:4b00:41e:afc6: icmp_seq=843 ttl=63 time=32.3 ms
[1439462944.463503] 64 bytes from aaaa::212:4b00:41e:afc6: icmp_seq=844 ttl=63 time=32.3 ms
[1439462945.464171] 64 bytes from aaaa::212:4b00:41e:afc6: icmp_seq=845 ttl=63 time=32.3 ms
[1439462946.465916] 64 bytes from aaaa::212:4b00:41e:afc6: icmp_seq=846 ttl=63 time=32.5 ms
[1439462947.467411] 64 bytes from aaaa::212:4b00:41e:afc6: icmp_seq=847 ttl=63 time=32.3 ms
[1439462948.755041] 64 bytes from aaaa::212:4b00:41e:afc6: icmp_seq=848 ttl=63 time=318 ms
[1439462949.470292] 64 bytes from aaaa::212:4b00:41e:afc6: icmp_seq=849 ttl=63 time=32.3 ms
[1439462950.471657] 64 bytes from aaaa::212:4b00:41e:afc6: icmp_seq=850 ttl=63 time=32.2 ms
[1439462951.473189] 64 bytes from aaaa::212:4b00:41e:afc6: icmp_seq=851 ttl=63 time=32.4 ms
[1439462952.474657] 64 bytes from aaaa::212:4b00:41e:afc6: icmp_seq=852 ttl=63 time=32.3 ms
[1439462953.476162] 64 bytes from aaaa::212:4b00:41e:afc6: icmp_seq=853 ttl=63 time=32.3 ms
[1439462954.477794] 64 bytes from aaaa::212:4b00:41e:afc6: icmp_seq=854 ttl=63 time=32.4 ms
[1439462955.499663] 64 bytes from aaaa::212:4b00:41e:afc6: icmp_seq=855 ttl=63 time=52.6 ms
[1439462956.481050] 64 bytes from aaaa::212:4b00:41e:afc6: icmp_seq=856 ttl=63 time=32.2 ms
[1439462957.482668] 64 bytes from aaaa::212:4b00:41e:afc6: icmp_seq=857 ttl=63 time=32.4 ms
[1439462958.484143] 64 bytes from aaaa::212:4b00:41e:afc6: icmp_seq=858 ttl=63 time=32.3 ms
[1439462959.485559] 64 bytes from aaaa::212:4b00:41e:afc6: icmp_seq=859 ttl=63 time=32.2 ms
[1439462960.487065] 64 bytes from aaaa::212:4b00:41e:afc6: icmp_seq=860 ttl=63 time=32.3 ms
[1439462961.488517] 64 bytes from aaaa::212:4b00:41e:afc6: icmp_seq=861 ttl=63 time=32.3 ms
[1439462962.490061] 64 bytes from aaaa::212:4b00:41e:afc6: icmp_seq=862 ttl=63 time=32.3 ms
[1439462963.491574] 64 bytes from aaaa::212:4b00:41e:afc6: icmp_seq=863 ttl=63 time=32.3 ms
[1439462964.493588] 64 bytes from aaaa::212:4b00:41e:afc6: icmp_seq=864 ttl=63 time=32.8 ms
[1439462965.614084] 64 bytes from aaaa::212:4b00:41e:afc6: icmp_seq=865 ttl=63 time=151 ms
[1439462966.496420] 64 bytes from aaaa::212:4b00:41e:afc6: icmp_seq=866 ttl=63 time=32.3 ms
[1439462967.498101] 64 bytes from aaaa::212:4b00:41e:afc6: icmp_seq=867 ttl=63 time=32.4 ms
[1439462968.653070] 64 bytes from aaaa::212:4b00:41e:afc6: icmp_seq=868 ttl=63 time=185 ms
[1439462969.501425] 64 bytes from aaaa::212:4b00:41e:afc6: icmp_seq=869 ttl=63 time=32.3 ms
[1439462970.653074] 64 bytes from aaaa::212:4b00:41e:afc6: icmp_seq=870 ttl=63 time=182 ms
[1439462971.504464] 64 bytes from aaaa::212:4b00:41e:afc6: icmp_seq=871 ttl=63 time=32.3 ms
[1439462972.506092] 64 bytes from aaaa::212:4b00:41e:afc6: icmp_seq=872 ttl=63 time=32.4 ms
[1439462973.507640] 64 bytes from aaaa::212:4b00:41e:afc6: icmp_seq=873 ttl=63 time=32.4 ms
[1439462974.509113] 64 bytes from aaaa::212:4b00:41e:afc6: icmp_seq=874 ttl=63 time=32.3 ms
[1439462975.510704] 64 bytes from aaaa::212:4b00:41e:afc6: icmp_seq=875 ttl=63 time=32.4 ms
[1439462977.487995] no answer yet for icmp_seq=876
[1439462977.520683] 64 bytes from aaaa::212:4b00:41e:afc6: icmp_seq=877 ttl=63 time=32.4 ms
[1439462978.522335] 64 bytes from aaaa::212:4b00:41e:afc6: icmp_seq=878 ttl=63 time=32.4 ms
[1439462979.524038] 64 bytes from aaaa::212:4b00:41e:afc6: icmp_seq=879 ttl=63 time=32.4 ms
[1439462980.525468] 64 bytes from aaaa::212:4b00:41e:afc6: icmp_seq=880 ttl=63 time=32.2 ms
[1439462981.526929] 64 bytes from aaaa::212:4b00:41e:afc6: icmp_seq=881 ttl=63 time=32.3 ms
[1439462982.528606] 64 bytes from aaaa::212:4b00:41e:afc6: icmp_seq=882 ttl=63 time=32.5 ms
[1439462983.530118] 64 bytes from aaaa::212:4b00:41e:afc6: icmp_seq=883 ttl=63 time=32.3 ms
[1439462984.531605] 64 bytes from aaaa::212:4b00:41e:afc6: icmp_seq=884 ttl=63 time=32.3 ms
[1439462985.533238] 64 bytes from aaaa::212:4b00:41e:afc6: icmp_seq=885 ttl=63 time=32.4 ms
[1439462986.534729] 64 bytes from aaaa::212:4b00:41e:afc6: icmp_seq=886 ttl=63 time=32.3 ms
[1439462987.536259] 64 bytes from aaaa::212:4b00:41e:afc6: icmp_seq=887 ttl=63 time=32.3 ms
[1439462988.537814] 64 bytes from aaaa::212:4b00:41e:afc6: icmp_seq=888 ttl=63 time=32.3 ms
[1439462989.691600] 64 bytes from aaaa::212:4b00:41e:afc6: icmp_seq=889 ttl=63 time=184 ms
[1439462991.515905] no answer yet for icmp_seq=890
[1439462991.691616] 64 bytes from aaaa::212:4b00:41e:afc6: icmp_seq=891 ttl=63 time=175 ms
[1439462992.550110] 64 bytes from aaaa::212:4b00:41e:afc6: icmp_seq=892 ttl=63 time=32.4 ms
[1439462993.551624] 64 bytes from aaaa::212:4b00:41e:afc6: icmp_seq=893 ttl=63 time=32.3 ms
[1439462994.553120] 64 bytes from aaaa::212:4b00:41e:afc6: icmp_seq=894 ttl=63 time=32.3 ms
[1439462995.554634] 64 bytes from aaaa::212:4b00:41e:afc6: icmp_seq=895 ttl=63 time=32.3 ms
[1439462996.556251] 64 bytes from aaaa::212:4b00:41e:afc6: icmp_seq=896 ttl=63 time=32.4 ms
[1439462997.707135] 64 bytes from aaaa::212:4b00:41e:afc6: icmp_seq=897 ttl=63 time=181 ms
[1439462998.707129] 64 bytes from aaaa::212:4b00:41e:afc6: icmp_seq=898 ttl=63 time=180 ms
[1439462999.560635] 64 bytes from aaaa::212:4b00:41e:afc6: icmp_seq=899 ttl=63 time=32.4 ms
[1439463000.562385] 64 bytes from aaaa::212:4b00:41e:afc6: icmp_seq=900 ttl=63 time=32.5 ms
[1439463001.563765] 64 bytes from aaaa::212:4b00:41e:afc6: icmp_seq=901 ttl=63 time=32.2 ms
[1439463002.565387] 64 bytes from aaaa::212:4b00:41e:afc6: icmp_seq=902 ttl=63 time=32.4 ms
[1439463003.567005] 64 bytes from aaaa::212:4b00:41e:afc6: icmp_seq=903 ttl=63 time=32.4 ms
[1439463004.568453] 64 bytes from aaaa::212:4b00:41e:afc6: icmp_seq=904 ttl=63 time=32.3 ms
[1439463005.570168] 64 bytes from aaaa::212:4b00:41e:afc6: icmp_seq=905 ttl=63 time=32.5 ms
[1439463006.699046] 64 bytes from aaaa::212:4b00:41e:afc6: icmp_seq=906 ttl=63 time=159 ms
[1439463007.573395] 64 bytes from aaaa::212:4b00:41e:afc6: icmp_seq=907 ttl=63 time=32.3 ms
[1439463008.575040] 64 bytes from aaaa::212:4b00:41e:afc6: icmp_seq=908 ttl=63 time=32.5 ms
[1439463009.576490] 64 bytes from aaaa::212:4b00:41e:afc6: icmp_seq=909 ttl=63 time=32.3 ms
[1439463010.578029] 64 bytes from aaaa::212:4b00:41e:afc6: icmp_seq=910 ttl=63 time=32.3 ms
[1439463011.579660] 64 bytes from aaaa::212:4b00:41e:afc6: icmp_seq=911 ttl=63 time=32.4 ms
[1439463012.738035] 64 bytes from aaaa::212:4b00:41e:afc6: icmp_seq=912 ttl=63 time=189 ms
[1439463013.582411] 64 bytes from aaaa::212:4b00:41e:afc6: icmp_seq=913 ttl=63 time=32.3 ms
[1439463014.584041] 64 bytes from aaaa::212:4b00:41e:afc6: icmp_seq=914 ttl=63 time=32.4 ms
[1439463015.585669] 64 bytes from aaaa::212:4b00:41e:afc6: icmp_seq=915 ttl=63 time=32.4 ms
[1439463016.823910] 64 bytes from aaaa::212:4b00:41e:afc6: icmp_seq=916 ttl=63 time=269 ms
[1439463017.588288] 64 bytes from aaaa::212:4b00:41e:afc6: icmp_seq=917 ttl=63 time=32.4 ms
[1439463018.753459] 64 bytes from aaaa::212:4b00:41e:afc6: icmp_seq=918 ttl=63 time=196 ms
[1439463019.590797] 64 bytes from aaaa::212:4b00:41e:afc6: icmp_seq=919 ttl=63 time=32.3 ms
[1439463020.592315] 64 bytes from aaaa::212:4b00:41e:afc6: icmp_seq=920 ttl=63 time=32.3 ms
[1439463021.593951] 64 bytes from aaaa::212:4b00:41e:afc6: icmp_seq=921 ttl=63 time=32.4 ms
[1439463022.595438] 64 bytes from aaaa::212:4b00:41e:afc6: icmp_seq=922 ttl=63 time=32.3 ms
[1439463023.597084] 64 bytes from aaaa::212:4b00:41e:afc6: icmp_seq=923 ttl=63 time=32.4 ms
[1439463024.598696] 64 bytes from aaaa::212:4b00:41e:afc6: icmp_seq=924 ttl=63 time=32.4 ms
[1439463025.600203] 64 bytes from aaaa::212:4b00:41e:afc6: icmp_seq=925 ttl=63 time=32.3 ms
[1439463026.601678] 64 bytes from aaaa::212:4b00:41e:afc6: icmp_seq=926 ttl=63 time=32.3 ms
[1439463027.603181] 64 bytes from aaaa::212:4b00:41e:afc6: icmp_seq=927 ttl=63 time=32.3 ms
[1439463028.604703] 64 bytes from aaaa::212:4b00:41e:afc6: icmp_seq=928 ttl=63 time=32.3 ms
[1439463029.606206] 64 bytes from aaaa::212:4b00:41e:afc6: icmp_seq=929 ttl=63 time=32.3 ms
[1439463030.607825] 64 bytes from aaaa::212:4b00:41e:afc6: icmp_seq=930 ttl=63 time=32.4 ms
[1439463031.609325] 64 bytes from aaaa::212:4b00:41e:afc6: icmp_seq=931 ttl=63 time=32.3 ms
[1439463032.610955] 64 bytes from aaaa::212:4b00:41e:afc6: icmp_seq=932 ttl=63 time=32.4 ms
[1439463033.612470] 64 bytes from aaaa::212:4b00:41e:afc6: icmp_seq=933 ttl=63 time=32.4 ms
[1439463034.613834] 64 bytes from aaaa::212:4b00:41e:afc6: icmp_seq=934 ttl=63 time=32.1 ms
[1439463035.615455] 64 bytes from aaaa::212:4b00:41e:afc6: icmp_seq=935 ttl=63 time=32.4 ms
[1439463036.617094] 64 bytes from aaaa::212:4b00:41e:afc6: icmp_seq=936 ttl=63 time=32.4 ms
[1439463037.618595] 64 bytes from aaaa::212:4b00:41e:afc6: icmp_seq=937 ttl=63 time=32.3 ms
[1439463038.620233] 64 bytes from aaaa::212:4b00:41e:afc6: icmp_seq=938 ttl=63 time=32.4 ms
[1439463039.621924] 64 bytes from aaaa::212:4b00:41e:afc6: icmp_seq=939 ttl=63 time=32.4 ms
[1439463040.623359] 64 bytes from aaaa::212:4b00:41e:afc6: icmp_seq=940 ttl=63 time=32.2 ms
[1439463041.624986] 64 bytes from aaaa::212:4b00:41e:afc6: icmp_seq=941 ttl=63 time=32.4 ms
[1439463042.909092] 64 bytes from aaaa::212:4b00:41e:afc6: icmp_seq=942 ttl=63 time=314 ms
[1439463043.752860] 64 bytes from aaaa::212:4b00:41e:afc6: icmp_seq=943 ttl=63 time=157 ms
[1439463044.629372] 64 bytes from aaaa::212:4b00:41e:afc6: icmp_seq=944 ttl=63 time=32.4 ms
[1439463045.630980] 64 bytes from aaaa::212:4b00:41e:afc6: icmp_seq=945 ttl=63 time=32.4 ms
[1439463046.632485] 64 bytes from aaaa::212:4b00:41e:afc6: icmp_seq=946 ttl=63 time=32.3 ms
[1439463047.634133] 64 bytes from aaaa::212:4b00:41e:afc6: icmp_seq=947 ttl=63 time=32.4 ms
[1439463048.635733] 64 bytes from aaaa::212:4b00:41e:afc6: icmp_seq=948 ttl=63 time=32.4 ms
[1439463049.637245] 64 bytes from aaaa::212:4b00:41e:afc6: icmp_seq=949 ttl=63 time=32.3 ms
[1439463050.638860] 64 bytes from aaaa::212:4b00:41e:afc6: icmp_seq=950 ttl=63 time=32.4 ms
[1439463051.640493] 64 bytes from aaaa::212:4b00:41e:afc6: icmp_seq=951 ttl=63 time=32.4 ms
[1439463052.642117] 64 bytes from aaaa::212:4b00:41e:afc6: icmp_seq=952 ttl=63 time=32.4 ms
[1439463053.644123] 64 bytes from aaaa::212:4b00:41e:afc6: icmp_seq=953 ttl=63 time=32.8 ms
[1439463054.768243] 64 bytes from aaaa::212:4b00:41e:afc6: icmp_seq=954 ttl=63 time=154 ms
[1439463055.646626] 64 bytes from aaaa::212:4b00:41e:afc6: icmp_seq=955 ttl=63 time=32.3 ms
[1439463056.648251] 64 bytes from aaaa::212:4b00:41e:afc6: icmp_seq=956 ttl=63 time=32.4 ms
[1439463057.649905] 64 bytes from aaaa::212:4b00:41e:afc6: icmp_seq=957 ttl=63 time=32.4 ms
[1439463058.651519] 64 bytes from aaaa::212:4b00:41e:afc6: icmp_seq=958 ttl=63 time=32.4 ms
[1439463059.653139] 64 bytes from aaaa::212:4b00:41e:afc6: icmp_seq=959 ttl=63 time=32.4 ms
[1439463060.807375] 64 bytes from aaaa::212:4b00:41e:afc6: icmp_seq=960 ttl=63 time=185 ms
[1439463061.655763] 64 bytes from aaaa::212:4b00:41e:afc6: icmp_seq=961 ttl=63 time=32.3 ms
[1439463062.657403] 64 bytes from aaaa::212:4b00:41e:afc6: icmp_seq=962 ttl=63 time=32.4 ms
[1439463063.659156] 64 bytes from aaaa::212:4b00:41e:afc6: icmp_seq=963 ttl=63 time=32.5 ms
[1439463064.869519] 64 bytes from aaaa::212:4b00:41e:afc6: icmp_seq=964 ttl=63 time=241 ms
[1439463065.661916] 64 bytes from aaaa::212:4b00:41e:afc6: icmp_seq=965 ttl=63 time=32.4 ms
[1439463066.861805] 64 bytes from aaaa::212:4b00:41e:afc6: icmp_seq=966 ttl=63 time=230 ms
[1439463067.861665] 64 bytes from aaaa::212:4b00:41e:afc6: icmp_seq=967 ttl=63 time=228 ms
[1439463068.667046] 64 bytes from aaaa::212:4b00:41e:afc6: icmp_seq=968 ttl=63 time=32.3 ms
[1439463069.668555] 64 bytes from aaaa::212:4b00:41e:afc6: icmp_seq=969 ttl=63 time=32.3 ms
[1439463070.861665] 64 bytes from aaaa::212:4b00:41e:afc6: icmp_seq=970 ttl=63 time=223 ms
[1439463071.670215] 64 bytes from aaaa::212:4b00:41e:afc6: icmp_seq=971 ttl=63 time=32.3 ms
[1439463072.671797] 64 bytes from aaaa::212:4b00:41e:afc6: icmp_seq=972 ttl=63 time=32.4 ms
[1439463073.673296] 64 bytes from aaaa::212:4b00:41e:afc6: icmp_seq=973 ttl=63 time=32.3 ms
[1439463074.674807] 64 bytes from aaaa::212:4b00:41e:afc6: icmp_seq=974 ttl=63 time=32.3 ms
[1439463075.676415] 64 bytes from aaaa::212:4b00:41e:afc6: icmp_seq=975 ttl=63 time=32.4 ms
[1439463076.677825] 64 bytes from aaaa::212:4b00:41e:afc6: icmp_seq=976 ttl=63 time=32.2 ms
[1439463077.679302] 64 bytes from aaaa::212:4b00:41e:afc6: icmp_seq=977 ttl=63 time=32.3 ms
[1439463078.680948] 64 bytes from aaaa::212:4b00:41e:afc6: icmp_seq=978 ttl=63 time=32.4 ms
[1439463079.682289] 64 bytes from aaaa::212:4b00:41e:afc6: icmp_seq=979 ttl=63 time=32.2 ms
[1439463080.683608] 64 bytes from aaaa::212:4b00:41e:afc6: icmp_seq=980 ttl=63 time=32.2 ms
[1439463081.684534] 64 bytes from aaaa::212:4b00:41e:afc6: icmp_seq=981 ttl=63 time=32.3 ms
[1439463082.685884] 64 bytes from aaaa::212:4b00:41e:afc6: icmp_seq=982 ttl=63 time=32.2 ms
[1439463083.687399] 64 bytes from aaaa::212:4b00:41e:afc6: icmp_seq=983 ttl=63 time=32.4 ms
[1439463084.884845] 64 bytes from aaaa::212:4b00:41e:afc6: icmp_seq=984 ttl=63 time=228 ms
[1439463085.689864] 64 bytes from aaaa::212:4b00:41e:afc6: icmp_seq=985 ttl=63 time=32.1 ms
[1439463086.691112] 64 bytes from aaaa::212:4b00:41e:afc6: icmp_seq=986 ttl=63 time=32.2 ms
[1439463087.917864] 64 bytes from aaaa::212:4b00:41e:afc6: icmp_seq=987 ttl=63 time=257 ms
[1439463088.693993] 64 bytes from aaaa::212:4b00:41e:afc6: icmp_seq=988 ttl=63 time=32.2 ms
[1439463089.695453] 64 bytes from aaaa::212:4b00:41e:afc6: icmp_seq=989 ttl=63 time=32.3 ms
[1439463090.696812] 64 bytes from aaaa::212:4b00:41e:afc6: icmp_seq=990 ttl=63 time=32.2 ms
[1439463091.698315] 64 bytes from aaaa::212:4b00:41e:afc6: icmp_seq=991 ttl=63 time=32.3 ms
[1439463092.699949] 64 bytes from aaaa::212:4b00:41e:afc6: icmp_seq=992 ttl=63 time=32.4 ms
[1439463093.701441] 64 bytes from aaaa::212:4b00:41e:afc6: icmp_seq=993 ttl=63 time=32.3 ms
[1439463094.702855] 64 bytes from aaaa::212:4b00:41e:afc6: icmp_seq=994 ttl=63 time=32.3 ms
[1439463095.704322] 64 bytes from aaaa::212:4b00:41e:afc6: icmp_seq=995 ttl=63 time=32.2 ms
[1439463096.705824] 64 bytes from aaaa::212:4b00:41e:afc6: icmp_seq=996 ttl=63 time=32.4 ms
[1439463097.707324] 64 bytes from aaaa::212:4b00:41e:afc6: icmp_seq=997 ttl=63 time=32.3 ms
[1439463098.708941] 64 bytes from aaaa::212:4b00:41e:afc6: icmp_seq=998 ttl=63 time=32.4 ms
[1439463099.710396] 64 bytes from aaaa::212:4b00:41e:afc6: icmp_seq=999 ttl=63 time=32.3 ms
[1439463100.876478] 64 bytes from aaaa::212:4b00:41e:afc6: icmp_seq=1000 ttl=63 time=197 ms

--- aaaa::212:4b00:41e:afc6 ping statistics ---
1000 packets transmitted, 985 received, 1% packet loss, time 1000507ms
rtt min/avg/max/mdev = 32.139/64.224/1067.146/91.393 ms, pipe 2
