PING aaaa::212:4b00:41e:afc6(aaaa::212:4b00:41e:afc6) 56 data bytes
[1439564074.264641] 64 bytes from aaaa::212:4b00:41e:afc6: icmp_seq=1 ttl=63 time=72.7 ms
[1439564075.265662] 64 bytes from aaaa::212:4b00:41e:afc6: icmp_seq=2 ttl=63 time=71.9 ms
[1439564076.266906] 64 bytes from aaaa::212:4b00:41e:afc6: icmp_seq=3 ttl=63 time=72.1 ms
[1439564078.203852] no answer yet for icmp_seq=4
[1439564078.267539] 64 bytes from aaaa::212:4b00:41e:afc6: icmp_seq=5 ttl=63 time=63.5 ms
[1439564079.269424] 64 bytes from aaaa::212:4b00:41e:afc6: icmp_seq=6 ttl=63 time=63.7 ms
[1439564080.266892] 64 bytes from aaaa::212:4b00:41e:afc6: icmp_seq=7 ttl=63 time=59.4 ms
[1439564082.215974] no answer yet for icmp_seq=8
[1439564082.887171] 64 bytes from aaaa::212:4b00:41e:afc6: icmp_seq=9 ttl=63 time=671 ms
[1439564083.271777] 64 bytes from aaaa::212:4b00:41e:afc6: icmp_seq=10 ttl=63 time=55.0 ms
[1439564084.268663] 64 bytes from aaaa::212:4b00:41e:afc6: icmp_seq=11 ttl=63 time=50.8 ms
[1439564086.227928] no answer yet for icmp_seq=12
[1439564086.270397] 64 bytes from aaaa::212:4b00:41e:afc6: icmp_seq=13 ttl=63 time=42.3 ms
[1439564087.272405] 64 bytes from aaaa::212:4b00:41e:afc6: icmp_seq=14 ttl=63 time=42.9 ms
[1439564088.272908] 64 bytes from aaaa::212:4b00:41e:afc6: icmp_seq=15 ttl=63 time=42.3 ms
[1439564089.274532] 64 bytes from aaaa::212:4b00:41e:afc6: icmp_seq=16 ttl=63 time=42.4 ms
[1439564090.402530] 64 bytes from aaaa::212:4b00:41e:afc6: icmp_seq=17 ttl=63 time=169 ms
[1439564091.399687] 64 bytes from aaaa::212:4b00:41e:afc6: icmp_seq=18 ttl=63 time=165 ms
[1439564092.525561] 64 bytes from aaaa::212:4b00:41e:afc6: icmp_seq=19 ttl=63 time=289 ms
[1439564093.525030] 64 bytes from aaaa::212:4b00:41e:afc6: icmp_seq=20 ttl=63 time=287 ms
[1439564094.400049] 64 bytes from aaaa::212:4b00:41e:afc6: icmp_seq=21 ttl=63 time=161 ms
[1439564095.901165] 64 bytes from aaaa::212:4b00:41e:afc6: icmp_seq=22 ttl=63 time=661 ms
[1439564096.523919] 64 bytes from aaaa::212:4b00:41e:afc6: icmp_seq=23 ttl=63 time=283 ms
[1439564097.402917] 64 bytes from aaaa::212:4b00:41e:afc6: icmp_seq=24 ttl=63 time=161 ms
[1439564098.399663] 64 bytes from aaaa::212:4b00:41e:afc6: icmp_seq=25 ttl=63 time=156 ms
[1439564099.529040] 64 bytes from aaaa::212:4b00:41e:afc6: icmp_seq=26 ttl=63 time=284 ms
[1439564100.402791] 64 bytes from aaaa::212:4b00:41e:afc6: icmp_seq=27 ttl=63 time=156 ms
[1439564101.527585] 64 bytes from aaaa::212:4b00:41e:afc6: icmp_seq=28 ttl=63 time=279 ms
[1439564102.529420] 64 bytes from aaaa::212:4b00:41e:afc6: icmp_seq=29 ttl=63 time=279 ms
[1439564103.403048] 64 bytes from aaaa::212:4b00:41e:afc6: icmp_seq=30 ttl=63 time=152 ms
[1439564104.404674] 64 bytes from aaaa::212:4b00:41e:afc6: icmp_seq=31 ttl=63 time=152 ms
[1439564105.531672] 64 bytes from aaaa::212:4b00:41e:afc6: icmp_seq=32 ttl=63 time=278 ms
[1439564106.407199] 64 bytes from aaaa::212:4b00:41e:afc6: icmp_seq=33 ttl=63 time=152 ms
[1439564107.530505] 64 bytes from aaaa::212:4b00:41e:afc6: icmp_seq=34 ttl=63 time=275 ms
[1439564108.404687] 64 bytes from aaaa::212:4b00:41e:afc6: icmp_seq=35 ttl=63 time=148 ms
[1439564110.264003] no answer yet for icmp_seq=36
[1439564110.658298] 64 bytes from aaaa::212:4b00:41e:afc6: icmp_seq=37 ttl=63 time=394 ms
[1439564111.409276] 64 bytes from aaaa::212:4b00:41e:afc6: icmp_seq=38 ttl=63 time=144 ms
[1439564112.784679] 64 bytes from aaaa::212:4b00:41e:afc6: icmp_seq=39 ttl=63 time=518 ms
[1439564113.531553] 64 bytes from aaaa::212:4b00:41e:afc6: icmp_seq=40 ttl=63 time=264 ms
[1439564114.408433] 64 bytes from aaaa::212:4b00:41e:afc6: icmp_seq=41 ttl=63 time=139 ms
[1439564115.409438] 64 bytes from aaaa::212:4b00:41e:afc6: icmp_seq=42 ttl=63 time=139 ms
[1439564116.410303] 64 bytes from aaaa::212:4b00:41e:afc6: icmp_seq=43 ttl=63 time=139 ms
[1439564117.660935] 64 bytes from aaaa::212:4b00:41e:afc6: icmp_seq=44 ttl=63 time=388 ms
[1439564118.409451] 64 bytes from aaaa::212:4b00:41e:afc6: icmp_seq=45 ttl=63 time=135 ms
[1439564119.410804] 64 bytes from aaaa::212:4b00:41e:afc6: icmp_seq=46 ttl=63 time=135 ms
[1439564120.412560] 64 bytes from aaaa::212:4b00:41e:afc6: icmp_seq=47 ttl=63 time=135 ms
[1439564121.654942] 64 bytes from aaaa::212:4b00:41e:afc6: icmp_seq=48 ttl=63 time=376 ms
[1439564122.655469] 64 bytes from aaaa::212:4b00:41e:afc6: icmp_seq=49 ttl=63 time=375 ms
[1439564123.662342] 64 bytes from aaaa::212:4b00:41e:afc6: icmp_seq=50 ttl=63 time=381 ms
[1439564124.413564] 64 bytes from aaaa::212:4b00:41e:afc6: icmp_seq=51 ttl=63 time=131 ms
[1439564125.414947] 64 bytes from aaaa::212:4b00:41e:afc6: icmp_seq=52 ttl=63 time=131 ms
[1439564126.656970] 64 bytes from aaaa::212:4b00:41e:afc6: icmp_seq=53 ttl=63 time=371 ms
[1439564127.413417] 64 bytes from aaaa::212:4b00:41e:afc6: icmp_seq=54 ttl=63 time=127 ms
[1439564128.414093] 64 bytes from aaaa::212:4b00:41e:afc6: icmp_seq=55 ttl=63 time=127 ms
[1439564129.658566] 64 bytes from aaaa::212:4b00:41e:afc6: icmp_seq=56 ttl=63 time=370 ms
[1439564130.417267] 64 bytes from aaaa::212:4b00:41e:afc6: icmp_seq=57 ttl=63 time=127 ms
[1439564131.659222] 64 bytes from aaaa::212:4b00:41e:afc6: icmp_seq=58 ttl=63 time=368 ms
[1439564133.284670] 64 bytes from aaaa::212:4b00:41e:afc6: icmp_seq=59 ttl=63 time=993 ms
[1439564133.790232] 64 bytes from aaaa::212:4b00:41e:afc6: icmp_seq=60 ttl=63 time=500 ms
[1439564135.299940] no answer yet for icmp_seq=61
[1439564135.795200] 64 bytes from aaaa::212:4b00:41e:afc6: icmp_seq=61 ttl=63 time=1504 ms
[1439564136.168396] 64 bytes from aaaa::212:4b00:41e:afc6: icmp_seq=62 ttl=63 time=868 ms
[1439564136.661577] 64 bytes from aaaa::212:4b00:41e:afc6: icmp_seq=63 ttl=63 time=361 ms
[1439564137.662099] 64 bytes from aaaa::212:4b00:41e:afc6: icmp_seq=64 ttl=63 time=360 ms
[1439564139.044380] 64 bytes from aaaa::212:4b00:41e:afc6: icmp_seq=65 ttl=63 time=741 ms
[1439564139.662583] 64 bytes from aaaa::212:4b00:41e:afc6: icmp_seq=66 ttl=63 time=359 ms
[1439564140.418846] 64 bytes from aaaa::212:4b00:41e:afc6: icmp_seq=67 ttl=63 time=114 ms
[1439564141.420337] 64 bytes from aaaa::212:4b00:41e:afc6: icmp_seq=68 ttl=63 time=114 ms
[1439564142.422344] 64 bytes from aaaa::212:4b00:41e:afc6: icmp_seq=69 ttl=63 time=114 ms
[1439564143.422843] 64 bytes from aaaa::212:4b00:41e:afc6: icmp_seq=70 ttl=63 time=114 ms
[1439564144.420594] 64 bytes from aaaa::212:4b00:41e:afc6: icmp_seq=71 ttl=63 time=110 ms
[1439564145.547086] 64 bytes from aaaa::212:4b00:41e:afc6: icmp_seq=72 ttl=63 time=235 ms
[1439564146.423945] 64 bytes from aaaa::212:4b00:41e:afc6: icmp_seq=73 ttl=63 time=110 ms
[1439564147.424834] 64 bytes from aaaa::212:4b00:41e:afc6: icmp_seq=74 ttl=63 time=110 ms
[1439564148.421970] 64 bytes from aaaa::212:4b00:41e:afc6: icmp_seq=75 ttl=63 time=106 ms
[1439564149.423136] 64 bytes from aaaa::212:4b00:41e:afc6: icmp_seq=76 ttl=63 time=106 ms
[1439564150.424337] 64 bytes from aaaa::212:4b00:41e:afc6: icmp_seq=77 ttl=63 time=106 ms
[1439564151.424846] 64 bytes from aaaa::212:4b00:41e:afc6: icmp_seq=78 ttl=63 time=106 ms
[1439564152.425825] 64 bytes from aaaa::212:4b00:41e:afc6: icmp_seq=79 ttl=63 time=105 ms
[1439564153.427968] 64 bytes from aaaa::212:4b00:41e:afc6: icmp_seq=80 ttl=63 time=106 ms
[1439564154.669221] 64 bytes from aaaa::212:4b00:41e:afc6: icmp_seq=81 ttl=63 time=346 ms
[1439564155.425849] 64 bytes from aaaa::212:4b00:41e:afc6: icmp_seq=82 ttl=63 time=101 ms
[1439564156.427726] 64 bytes from aaaa::212:4b00:41e:afc6: icmp_seq=83 ttl=63 time=101 ms
[1439564157.554593] 64 bytes from aaaa::212:4b00:41e:afc6: icmp_seq=84 ttl=63 time=226 ms
[1439564158.427097] 64 bytes from aaaa::212:4b00:41e:afc6: icmp_seq=85 ttl=63 time=97.5 ms
[1439564159.428724] 64 bytes from aaaa::212:4b00:41e:afc6: icmp_seq=86 ttl=63 time=97.5 ms
[1439564160.426228] 64 bytes from aaaa::212:4b00:41e:afc6: icmp_seq=87 ttl=63 time=93.3 ms
[1439564161.431758] 64 bytes from aaaa::212:4b00:41e:afc6: icmp_seq=88 ttl=63 time=97.5 ms
[1439564162.429244] 64 bytes from aaaa::212:4b00:41e:afc6: icmp_seq=89 ttl=63 time=93.3 ms
[1439564164.343996] no answer yet for icmp_seq=90
[1439564164.433231] 64 bytes from aaaa::212:4b00:41e:afc6: icmp_seq=91 ttl=63 time=89.1 ms
[1439564165.430730] 64 bytes from aaaa::212:4b00:41e:afc6: icmp_seq=92 ttl=63 time=85.3 ms
[1439564166.431853] 64 bytes from aaaa::212:4b00:41e:afc6: icmp_seq=93 ttl=63 time=84.9 ms
[1439564167.432610] 64 bytes from aaaa::212:4b00:41e:afc6: icmp_seq=94 ttl=63 time=84.6 ms
[1439564168.434611] 64 bytes from aaaa::212:4b00:41e:afc6: icmp_seq=95 ttl=63 time=84.9 ms
[1439564169.431855] 64 bytes from aaaa::212:4b00:41e:afc6: icmp_seq=96 ttl=63 time=81.1 ms
[1439564170.432099] 64 bytes from aaaa::212:4b00:41e:afc6: icmp_seq=97 ttl=63 time=80.4 ms
[1439564171.434232] 64 bytes from aaaa::212:4b00:41e:afc6: icmp_seq=98 ttl=63 time=81.0 ms
[1439564172.435047] 64 bytes from aaaa::212:4b00:41e:afc6: icmp_seq=99 ttl=63 time=80.6 ms
[1439564173.683921] 64 bytes from aaaa::212:4b00:41e:afc6: icmp_seq=100 ttl=63 time=327 ms
[1439564174.434271] 64 bytes from aaaa::212:4b00:41e:afc6: icmp_seq=101 ttl=63 time=76.4 ms
[1439564175.434943] 64 bytes from aaaa::212:4b00:41e:afc6: icmp_seq=102 ttl=63 time=76.3 ms
[1439564176.436290] 64 bytes from aaaa::212:4b00:41e:afc6: icmp_seq=103 ttl=63 time=76.2 ms
[1439564177.437888] 64 bytes from aaaa::212:4b00:41e:afc6: icmp_seq=104 ttl=63 time=76.4 ms
[1439564178.435122] 64 bytes from aaaa::212:4b00:41e:afc6: icmp_seq=105 ttl=63 time=72.0 ms
[1439564179.436275] 64 bytes from aaaa::212:4b00:41e:afc6: icmp_seq=106 ttl=63 time=72.0 ms
[1439564180.437497] 64 bytes from aaaa::212:4b00:41e:afc6: icmp_seq=107 ttl=63 time=72.0 ms
[1439564181.561881] 64 bytes from aaaa::212:4b00:41e:afc6: icmp_seq=108 ttl=63 time=195 ms
[1439564182.688745] 64 bytes from aaaa::212:4b00:41e:afc6: icmp_seq=109 ttl=63 time=321 ms
[1439564183.436501] 64 bytes from aaaa::212:4b00:41e:afc6: icmp_seq=110 ttl=63 time=67.8 ms
[1439564184.438440] 64 bytes from aaaa::212:4b00:41e:afc6: icmp_seq=111 ttl=63 time=67.8 ms
[1439564185.565896] 64 bytes from aaaa::212:4b00:41e:afc6: icmp_seq=112 ttl=63 time=193 ms
[1439564186.441811] 64 bytes from aaaa::212:4b00:41e:afc6: icmp_seq=113 ttl=63 time=67.8 ms
[1439564187.442886] 64 bytes from aaaa::212:4b00:41e:afc6: icmp_seq=114 ttl=63 time=67.9 ms
[1439564188.684133] 64 bytes from aaaa::212:4b00:41e:afc6: icmp_seq=115 ttl=63 time=308 ms
[1439564189.440635] 64 bytes from aaaa::212:4b00:41e:afc6: icmp_seq=116 ttl=63 time=63.5 ms
[1439564190.442501] 64 bytes from aaaa::212:4b00:41e:afc6: icmp_seq=117 ttl=63 time=63.7 ms
[1439564191.444653] 64 bytes from aaaa::212:4b00:41e:afc6: icmp_seq=118 ttl=63 time=64.0 ms
[1439564192.441777] 64 bytes from aaaa::212:4b00:41e:afc6: icmp_seq=119 ttl=63 time=59.9 ms
[1439564193.442390] 64 bytes from aaaa::212:4b00:41e:afc6: icmp_seq=120 ttl=63 time=59.4 ms
[1439564194.443860] 64 bytes from aaaa::212:4b00:41e:afc6: icmp_seq=121 ttl=63 time=59.3 ms
[1439564195.694398] 64 bytes from aaaa::212:4b00:41e:afc6: icmp_seq=122 ttl=63 time=308 ms
[1439564196.446752] 64 bytes from aaaa::212:4b00:41e:afc6: icmp_seq=123 ttl=63 time=59.4 ms
[1439564197.444008] 64 bytes from aaaa::212:4b00:41e:afc6: icmp_seq=124 ttl=63 time=55.1 ms
[1439564198.444509] 64 bytes from aaaa::212:4b00:41e:afc6: icmp_seq=125 ttl=63 time=55.2 ms
[1439564199.445901] 64 bytes from aaaa::212:4b00:41e:afc6: icmp_seq=126 ttl=63 time=55.2 ms
[1439564200.447142] 64 bytes from aaaa::212:4b00:41e:afc6: icmp_seq=127 ttl=63 time=55.0 ms
[1439564201.448519] 64 bytes from aaaa::212:4b00:41e:afc6: icmp_seq=128 ttl=63 time=55.2 ms
[1439564202.445512] 64 bytes from aaaa::212:4b00:41e:afc6: icmp_seq=129 ttl=63 time=50.8 ms
[1439564203.447443] 64 bytes from aaaa::212:4b00:41e:afc6: icmp_seq=130 ttl=63 time=50.8 ms
[1439564204.822140] 64 bytes from aaaa::212:4b00:41e:afc6: icmp_seq=131 ttl=63 time=423 ms
[1439564205.450769] 64 bytes from aaaa::212:4b00:41e:afc6: icmp_seq=132 ttl=63 time=50.8 ms
[1439564206.448891] 64 bytes from aaaa::212:4b00:41e:afc6: icmp_seq=133 ttl=63 time=46.9 ms
[1439564207.449775] 64 bytes from aaaa::212:4b00:41e:afc6: icmp_seq=134 ttl=63 time=46.7 ms
[1439564208.692784] 64 bytes from aaaa::212:4b00:41e:afc6: icmp_seq=135 ttl=63 time=287 ms
[1439564209.693392] 64 bytes from aaaa::212:4b00:41e:afc6: icmp_seq=136 ttl=63 time=287 ms
[1439564210.449784] 64 bytes from aaaa::212:4b00:41e:afc6: icmp_seq=137 ttl=63 time=42.4 ms
[1439564211.451521] 64 bytes from aaaa::212:4b00:41e:afc6: icmp_seq=138 ttl=63 time=42.5 ms
[1439564212.453019] 64 bytes from aaaa::212:4b00:41e:afc6: icmp_seq=139 ttl=63 time=42.3 ms
[1439564213.695403] 64 bytes from aaaa::212:4b00:41e:afc6: icmp_seq=140 ttl=63 time=283 ms
[1439564214.578704] 64 bytes from aaaa::212:4b00:41e:afc6: icmp_seq=141 ttl=63 time=165 ms
[1439564216.196206] 64 bytes from aaaa::212:4b00:41e:afc6: icmp_seq=142 ttl=63 time=781 ms
[1439564216.579898] 64 bytes from aaaa::212:4b00:41e:afc6: icmp_seq=143 ttl=63 time=165 ms
[1439564217.703030] 64 bytes from aaaa::212:4b00:41e:afc6: icmp_seq=144 ttl=63 time=287 ms
[1439564218.577910] 64 bytes from aaaa::212:4b00:41e:afc6: icmp_seq=145 ttl=63 time=160 ms
[1439564219.579036] 64 bytes from aaaa::212:4b00:41e:afc6: icmp_seq=146 ttl=63 time=161 ms
[1439564220.955403] 64 bytes from aaaa::212:4b00:41e:afc6: icmp_seq=147 ttl=63 time=536 ms
[1439564221.581151] 64 bytes from aaaa::212:4b00:41e:afc6: icmp_seq=148 ttl=63 time=161 ms
[1439564222.957397] 64 bytes from aaaa::212:4b00:41e:afc6: icmp_seq=149 ttl=63 time=536 ms
[1439564223.583166] 64 bytes from aaaa::212:4b00:41e:afc6: icmp_seq=150 ttl=63 time=161 ms
[1439564224.834027] 64 bytes from aaaa::212:4b00:41e:afc6: icmp_seq=151 ttl=63 time=410 ms
[1439564225.582165] 64 bytes from aaaa::212:4b00:41e:afc6: icmp_seq=152 ttl=63 time=157 ms
[1439564226.835289] 64 bytes from aaaa::212:4b00:41e:afc6: icmp_seq=153 ttl=63 time=409 ms
[1439564227.583780] 64 bytes from aaaa::212:4b00:41e:afc6: icmp_seq=154 ttl=63 time=156 ms
[1439564228.710162] 64 bytes from aaaa::212:4b00:41e:afc6: icmp_seq=155 ttl=63 time=281 ms
[1439564230.077772] 64 bytes from aaaa::212:4b00:41e:afc6: icmp_seq=156 ttl=63 time=647 ms
[1439564230.587167] 64 bytes from aaaa::212:4b00:41e:afc6: icmp_seq=157 ttl=63 time=156 ms
[1439564231.834077] 64 bytes from aaaa::212:4b00:41e:afc6: icmp_seq=158 ttl=63 time=402 ms
[1439564232.585561] 64 bytes from aaaa::212:4b00:41e:afc6: icmp_seq=159 ttl=63 time=152 ms
[1439564233.586435] 64 bytes from aaaa::212:4b00:41e:afc6: icmp_seq=160 ttl=63 time=152 ms
[1439564234.588176] 64 bytes from aaaa::212:4b00:41e:afc6: icmp_seq=161 ttl=63 time=152 ms
[1439564235.589578] 64 bytes from aaaa::212:4b00:41e:afc6: icmp_seq=162 ttl=63 time=152 ms
[1439564236.715554] 64 bytes from aaaa::212:4b00:41e:afc6: icmp_seq=163 ttl=63 time=277 ms
[1439564237.587813] 64 bytes from aaaa::212:4b00:41e:afc6: icmp_seq=164 ttl=63 time=148 ms
[1439564238.589309] 64 bytes from aaaa::212:4b00:41e:afc6: icmp_seq=165 ttl=63 time=148 ms
[1439564239.957185] 64 bytes from aaaa::212:4b00:41e:afc6: icmp_seq=166 ttl=63 time=514 ms
[1439564240.588060] 64 bytes from aaaa::212:4b00:41e:afc6: icmp_seq=167 ttl=63 time=144 ms
[1439564241.589200] 64 bytes from aaaa::212:4b00:41e:afc6: icmp_seq=168 ttl=63 time=144 ms
[1439564242.590438] 64 bytes from aaaa::212:4b00:41e:afc6: icmp_seq=169 ttl=63 time=144 ms
[1439564244.456005] no answer yet for icmp_seq=170
[1439564244.591808] 64 bytes from aaaa::212:4b00:41e:afc6: icmp_seq=171 ttl=63 time=135 ms
[1439564246.084725] 64 bytes from aaaa::212:4b00:41e:afc6: icmp_seq=172 ttl=63 time=626 ms
[1439564246.589460] 64 bytes from aaaa::212:4b00:41e:afc6: icmp_seq=173 ttl=63 time=131 ms
[1439564247.715592] 64 bytes from aaaa::212:4b00:41e:afc6: icmp_seq=174 ttl=63 time=256 ms
[1439564248.836055] 64 bytes from aaaa::212:4b00:41e:afc6: icmp_seq=175 ttl=63 time=375 ms
[1439564249.593330] 64 bytes from aaaa::212:4b00:41e:afc6: icmp_seq=176 ttl=63 time=131 ms
[1439564250.594935] 64 bytes from aaaa::212:4b00:41e:afc6: icmp_seq=177 ttl=63 time=131 ms
[1439564251.591940] 64 bytes from aaaa::212:4b00:41e:afc6: icmp_seq=178 ttl=63 time=126 ms
[1439564253.465809] no answer yet for icmp_seq=179
[1439564254.465784] no answer yet for icmp_seq=180
[1439564254.969834] 64 bytes from aaaa::212:4b00:41e:afc6: icmp_seq=181 ttl=63 time=503 ms
[1439564255.597829] 64 bytes from aaaa::212:4b00:41e:afc6: icmp_seq=182 ttl=63 time=131 ms
[1439564256.595198] 64 bytes from aaaa::212:4b00:41e:afc6: icmp_seq=183 ttl=63 time=127 ms
[1439564257.596448] 64 bytes from aaaa::212:4b00:41e:afc6: icmp_seq=184 ttl=63 time=127 ms
[1439564258.597682] 64 bytes from aaaa::212:4b00:41e:afc6: icmp_seq=185 ttl=63 time=127 ms
[1439564259.972707] 64 bytes from aaaa::212:4b00:41e:afc6: icmp_seq=186 ttl=63 time=501 ms
[1439564260.599475] 64 bytes from aaaa::212:4b00:41e:afc6: icmp_seq=187 ttl=63 time=127 ms
[1439564261.600842] 64 bytes from aaaa::212:4b00:41e:afc6: icmp_seq=188 ttl=63 time=127 ms
[1439564262.597952] 64 bytes from aaaa::212:4b00:41e:afc6: icmp_seq=189 ttl=63 time=123 ms
[1439564263.598968] 64 bytes from aaaa::212:4b00:41e:afc6: icmp_seq=190 ttl=63 time=122 ms
[1439564264.600104] 64 bytes from aaaa::212:4b00:41e:afc6: icmp_seq=191 ttl=63 time=123 ms
[1439564265.601077] 64 bytes from aaaa::212:4b00:41e:afc6: icmp_seq=192 ttl=63 time=122 ms
[1439564266.601626] 64 bytes from aaaa::212:4b00:41e:afc6: icmp_seq=193 ttl=63 time=122 ms
[1439564268.487940] no answer yet for icmp_seq=194
[1439564268.602591] 64 bytes from aaaa::212:4b00:41e:afc6: icmp_seq=195 ttl=63 time=114 ms
[1439564270.101966] 64 bytes from aaaa::212:4b00:41e:afc6: icmp_seq=196 ttl=63 time=612 ms
[1439564270.604003] 64 bytes from aaaa::212:4b00:41e:afc6: icmp_seq=197 ttl=63 time=114 ms
[1439564271.851957] 64 bytes from aaaa::212:4b00:41e:afc6: icmp_seq=198 ttl=63 time=360 ms
[1439564273.471829] 64 bytes from aaaa::212:4b00:41e:afc6: icmp_seq=199 ttl=63 time=979 ms
[1439564273.731213] 64 bytes from aaaa::212:4b00:41e:afc6: icmp_seq=200 ttl=63 time=239 ms
[1439564274.603453] 64 bytes from aaaa::212:4b00:41e:afc6: icmp_seq=201 ttl=63 time=110 ms
[1439564275.604842] 64 bytes from aaaa::212:4b00:41e:afc6: icmp_seq=202 ttl=63 time=110 ms
[1439564277.099036] 64 bytes from aaaa::212:4b00:41e:afc6: icmp_seq=203 ttl=63 time=603 ms
[1439564277.731341] 64 bytes from aaaa::212:4b00:41e:afc6: icmp_seq=204 ttl=63 time=235 ms
[1439564279.503994] no answer yet for icmp_seq=205
[1439564279.605841] 64 bytes from aaaa::212:4b00:41e:afc6: icmp_seq=206 ttl=63 time=101 ms
[1439564280.607714] 64 bytes from aaaa::212:4b00:41e:afc6: icmp_seq=207 ttl=63 time=101 ms
[1439564281.732362] 64 bytes from aaaa::212:4b00:41e:afc6: icmp_seq=208 ttl=63 time=224 ms
[1439564282.611092] 64 bytes from aaaa::212:4b00:41e:afc6: icmp_seq=209 ttl=63 time=101 ms
[1439564283.858506] 64 bytes from aaaa::212:4b00:41e:afc6: icmp_seq=210 ttl=63 time=347 ms
[1439564284.609845] 64 bytes from aaaa::212:4b00:41e:afc6: icmp_seq=211 ttl=63 time=97.4 ms
[1439564286.513822] no answer yet for icmp_seq=212
[1439564286.611489] 64 bytes from aaaa::212:4b00:41e:afc6: icmp_seq=213 ttl=63 time=97.5 ms
[1439564287.612219] 64 bytes from aaaa::212:4b00:41e:afc6: icmp_seq=214 ttl=63 time=97.4 ms
[1439564288.862846] 64 bytes from aaaa::212:4b00:41e:afc6: icmp_seq=215 ttl=63 time=346 ms
[1439564289.611116] 64 bytes from aaaa::212:4b00:41e:afc6: icmp_seq=216 ttl=63 time=93.4 ms
[1439564290.612471] 64 bytes from aaaa::212:4b00:41e:afc6: icmp_seq=217 ttl=63 time=93.2 ms
[1439564292.527969] no answer yet for icmp_seq=218
[1439564292.612728] 64 bytes from aaaa::212:4b00:41e:afc6: icmp_seq=219 ttl=63 time=84.6 ms
[1439564293.741864] 64 bytes from aaaa::212:4b00:41e:afc6: icmp_seq=220 ttl=63 time=212 ms
[1439564294.616012] 64 bytes from aaaa::212:4b00:41e:afc6: icmp_seq=221 ttl=63 time=85.1 ms
[1439564295.616987] 64 bytes from aaaa::212:4b00:41e:afc6: icmp_seq=222 ttl=63 time=84.8 ms
[1439564296.614602] 64 bytes from aaaa::212:4b00:41e:afc6: icmp_seq=223 ttl=63 time=80.5 ms
[1439564298.543884] no answer yet for icmp_seq=224
[1439564298.616174] 64 bytes from aaaa::212:4b00:41e:afc6: icmp_seq=225 ttl=63 time=72.1 ms
[1439564299.617420] 64 bytes from aaaa::212:4b00:41e:afc6: icmp_seq=226 ttl=63 time=72.0 ms
[1439564301.545821] no answer yet for icmp_seq=227
[1439564302.545794] no answer yet for icmp_seq=228
[1439564302.618054] 64 bytes from aaaa::212:4b00:41e:afc6: icmp_seq=229 ttl=63 time=72.1 ms
[1439564303.866135] 64 bytes from aaaa::212:4b00:41e:afc6: icmp_seq=230 ttl=63 time=318 ms
[1439564304.620248] 64 bytes from aaaa::212:4b00:41e:afc6: icmp_seq=231 ttl=63 time=72.2 ms
[1439564305.862369] 64 bytes from aaaa::212:4b00:41e:afc6: icmp_seq=232 ttl=63 time=313 ms
[1439564306.618115] 64 bytes from aaaa::212:4b00:41e:afc6: icmp_seq=233 ttl=63 time=67.8 ms
[1439564307.620244] 64 bytes from aaaa::212:4b00:41e:afc6: icmp_seq=234 ttl=63 time=67.9 ms
[1439564308.621234] 64 bytes from aaaa::212:4b00:41e:afc6: icmp_seq=235 ttl=63 time=67.8 ms
[1439564309.623242] 64 bytes from aaaa::212:4b00:41e:afc6: icmp_seq=236 ttl=63 time=67.9 ms
[1439564311.563961] no answer yet for icmp_seq=237
[1439564311.623367] 64 bytes from aaaa::212:4b00:41e:afc6: icmp_seq=238 ttl=63 time=59.2 ms
[1439564312.625025] 64 bytes from aaaa::212:4b00:41e:afc6: icmp_seq=239 ttl=63 time=59.4 ms
[1439564313.622379] 64 bytes from aaaa::212:4b00:41e:afc6: icmp_seq=240 ttl=63 time=55.1 ms
[1439564314.623743] 64 bytes from aaaa::212:4b00:41e:afc6: icmp_seq=241 ttl=63 time=55.2 ms
[1439564315.625122] 64 bytes from aaaa::212:4b00:41e:afc6: icmp_seq=242 ttl=63 time=55.2 ms
[1439564316.626504] 64 bytes from aaaa::212:4b00:41e:afc6: icmp_seq=243 ttl=63 time=55.2 ms
[1439564317.623505] 64 bytes from aaaa::212:4b00:41e:afc6: icmp_seq=244 ttl=63 time=50.8 ms
[1439564318.625643] 64 bytes from aaaa::212:4b00:41e:afc6: icmp_seq=245 ttl=63 time=50.9 ms
[1439564319.627135] 64 bytes from aaaa::212:4b00:41e:afc6: icmp_seq=246 ttl=63 time=51.3 ms
[1439564320.628133] 64 bytes from aaaa::212:4b00:41e:afc6: icmp_seq=247 ttl=63 time=50.8 ms
[1439564321.870378] 64 bytes from aaaa::212:4b00:41e:afc6: icmp_seq=248 ttl=63 time=291 ms
[1439564322.627378] 64 bytes from aaaa::212:4b00:41e:afc6: icmp_seq=249 ttl=63 time=47.1 ms
[1439564323.628249] 64 bytes from aaaa::212:4b00:41e:afc6: icmp_seq=250 ttl=63 time=46.7 ms
[1439564324.630134] 64 bytes from aaaa::212:4b00:41e:afc6: icmp_seq=251 ttl=63 time=46.7 ms
[1439564325.628261] 64 bytes from aaaa::212:4b00:41e:afc6: icmp_seq=252 ttl=63 time=42.9 ms
[1439564326.628880] 64 bytes from aaaa::212:4b00:41e:afc6: icmp_seq=253 ttl=63 time=42.4 ms
[1439564327.881894] 64 bytes from aaaa::212:4b00:41e:afc6: icmp_seq=254 ttl=63 time=293 ms
[1439564328.873892] 64 bytes from aaaa::212:4b00:41e:afc6: icmp_seq=255 ttl=63 time=285 ms
[1439564329.632255] 64 bytes from aaaa::212:4b00:41e:afc6: icmp_seq=256 ttl=63 time=42.4 ms
[1439564330.633889] 64 bytes from aaaa::212:4b00:41e:afc6: icmp_seq=257 ttl=63 time=42.4 ms
[1439564332.000026] 64 bytes from aaaa::212:4b00:41e:afc6: icmp_seq=258 ttl=63 time=407 ms
[1439564332.884645] 64 bytes from aaaa::212:4b00:41e:afc6: icmp_seq=259 ttl=63 time=291 ms
[1439564333.759908] 64 bytes from aaaa::212:4b00:41e:afc6: icmp_seq=260 ttl=63 time=165 ms
[1439564335.603916] no answer yet for icmp_seq=261
[1439564335.760778] 64 bytes from aaaa::212:4b00:41e:afc6: icmp_seq=262 ttl=63 time=156 ms
[1439564336.758521] 64 bytes from aaaa::212:4b00:41e:afc6: icmp_seq=263 ttl=63 time=152 ms
[1439564337.760406] 64 bytes from aaaa::212:4b00:41e:afc6: icmp_seq=264 ttl=63 time=152 ms
[1439564338.762068] 64 bytes from aaaa::212:4b00:41e:afc6: icmp_seq=265 ttl=63 time=152 ms
[1439564339.759537] 64 bytes from aaaa::212:4b00:41e:afc6: icmp_seq=266 ttl=63 time=148 ms
[1439564341.005160] 64 bytes from aaaa::212:4b00:41e:afc6: icmp_seq=267 ttl=63 time=392 ms
[1439564342.005356] 64 bytes from aaaa::212:4b00:41e:afc6: icmp_seq=268 ttl=63 time=392 ms
[1439564342.761562] 64 bytes from aaaa::212:4b00:41e:afc6: icmp_seq=269 ttl=63 time=148 ms
[1439564344.139094] 64 bytes from aaaa::212:4b00:41e:afc6: icmp_seq=270 ttl=63 time=524 ms
[1439564344.763018] 64 bytes from aaaa::212:4b00:41e:afc6: icmp_seq=271 ttl=63 time=148 ms
[1439564345.891528] 64 bytes from aaaa::212:4b00:41e:afc6: icmp_seq=272 ttl=63 time=275 ms
[1439564347.132642] 64 bytes from aaaa::212:4b00:41e:afc6: icmp_seq=273 ttl=63 time=515 ms
[1439564348.015177] 64 bytes from aaaa::212:4b00:41e:afc6: icmp_seq=274 ttl=63 time=397 ms
[1439564348.765313] 64 bytes from aaaa::212:4b00:41e:afc6: icmp_seq=275 ttl=63 time=148 ms
[1439564349.766801] 64 bytes from aaaa::212:4b00:41e:afc6: icmp_seq=276 ttl=63 time=148 ms
[1439564350.763798] 64 bytes from aaaa::212:4b00:41e:afc6: icmp_seq=277 ttl=63 time=143 ms
[1439564351.891287] 64 bytes from aaaa::212:4b00:41e:afc6: icmp_seq=278 ttl=63 time=270 ms
[1439564352.766293] 64 bytes from aaaa::212:4b00:41e:afc6: icmp_seq=279 ttl=63 time=144 ms
[1439564353.766781] 64 bytes from aaaa::212:4b00:41e:afc6: icmp_seq=280 ttl=63 time=144 ms
[1439564354.767289] 64 bytes from aaaa::212:4b00:41e:afc6: icmp_seq=281 ttl=63 time=144 ms
[1439564356.018667] 64 bytes from aaaa::212:4b00:41e:afc6: icmp_seq=282 ttl=63 time=394 ms
[1439564357.020739] 64 bytes from aaaa::212:4b00:41e:afc6: icmp_seq=283 ttl=63 time=396 ms
[1439564358.395418] 64 bytes from aaaa::212:4b00:41e:afc6: icmp_seq=284 ttl=63 time=770 ms
[1439564358.772297] 64 bytes from aaaa::212:4b00:41e:afc6: icmp_seq=285 ttl=63 time=148 ms
[1439564359.769420] 64 bytes from aaaa::212:4b00:41e:afc6: icmp_seq=286 ttl=63 time=144 ms
[1439564361.014554] 64 bytes from aaaa::212:4b00:41e:afc6: icmp_seq=287 ttl=63 time=388 ms
[1439564361.770550] 64 bytes from aaaa::212:4b00:41e:afc6: icmp_seq=288 ttl=63 time=144 ms
[1439564363.636003] no answer yet for icmp_seq=289
[1439564364.390975] 64 bytes from aaaa::212:4b00:41e:afc6: icmp_seq=290 ttl=63 time=754 ms
[1439564364.775471] 64 bytes from aaaa::212:4b00:41e:afc6: icmp_seq=291 ttl=63 time=139 ms
[1439564365.772560] 64 bytes from aaaa::212:4b00:41e:afc6: icmp_seq=292 ttl=63 time=136 ms
[1439564366.773423] 64 bytes from aaaa::212:4b00:41e:afc6: icmp_seq=293 ttl=63 time=135 ms
[1439564367.775221] 64 bytes from aaaa::212:4b00:41e:afc6: icmp_seq=294 ttl=63 time=135 ms
[1439564368.776925] 64 bytes from aaaa::212:4b00:41e:afc6: icmp_seq=295 ttl=63 time=135 ms
[1439564369.774544] 64 bytes from aaaa::212:4b00:41e:afc6: icmp_seq=296 ttl=63 time=131 ms
[1439564370.776174] 64 bytes from aaaa::212:4b00:41e:afc6: icmp_seq=297 ttl=63 time=131 ms
[1439564372.025907] 64 bytes from aaaa::212:4b00:41e:afc6: icmp_seq=298 ttl=63 time=379 ms
[1439564372.778196] 64 bytes from aaaa::212:4b00:41e:afc6: icmp_seq=299 ttl=63 time=131 ms
[1439564373.779671] 64 bytes from aaaa::212:4b00:41e:afc6: icmp_seq=300 ttl=63 time=131 ms
[1439564375.028804] 64 bytes from aaaa::212:4b00:41e:afc6: icmp_seq=301 ttl=63 time=379 ms
[1439564375.776936] 64 bytes from aaaa::212:4b00:41e:afc6: icmp_seq=302 ttl=63 time=127 ms
[1439564377.029916] 64 bytes from aaaa::212:4b00:41e:afc6: icmp_seq=303 ttl=63 time=378 ms
[1439564377.777951] 64 bytes from aaaa::212:4b00:41e:afc6: icmp_seq=304 ttl=63 time=127 ms
[1439564378.779191] 64 bytes from aaaa::212:4b00:41e:afc6: icmp_seq=305 ttl=63 time=127 ms
[1439564380.023041] 64 bytes from aaaa::212:4b00:41e:afc6: icmp_seq=306 ttl=63 time=369 ms
[1439564380.781438] 64 bytes from aaaa::212:4b00:41e:afc6: icmp_seq=307 ttl=63 time=127 ms
[1439564382.035172] 64 bytes from aaaa::212:4b00:41e:afc6: icmp_seq=308 ttl=63 time=379 ms
[1439564383.031534] 64 bytes from aaaa::212:4b00:41e:afc6: icmp_seq=309 ttl=63 time=375 ms
[1439564383.779201] 64 bytes from aaaa::212:4b00:41e:afc6: icmp_seq=310 ttl=63 time=122 ms
[1439564384.781177] 64 bytes from aaaa::212:4b00:41e:afc6: icmp_seq=311 ttl=63 time=122 ms
[1439564386.158018] 64 bytes from aaaa::212:4b00:41e:afc6: icmp_seq=312 ttl=63 time=498 ms
[1439564387.025820] 64 bytes from aaaa::212:4b00:41e:afc6: icmp_seq=313 ttl=63 time=366 ms
[1439564388.033821] 64 bytes from aaaa::212:4b00:41e:afc6: icmp_seq=314 ttl=63 time=374 ms
[1439564388.909450] 64 bytes from aaaa::212:4b00:41e:afc6: icmp_seq=315 ttl=63 time=249 ms
[1439564390.032066] 64 bytes from aaaa::212:4b00:41e:afc6: icmp_seq=316 ttl=63 time=370 ms
[1439564390.785009] 64 bytes from aaaa::212:4b00:41e:afc6: icmp_seq=317 ttl=63 time=123 ms
[1439564391.785877] 64 bytes from aaaa::212:4b00:41e:afc6: icmp_seq=318 ttl=63 time=122 ms
[1439564392.787825] 64 bytes from aaaa::212:4b00:41e:afc6: icmp_seq=319 ttl=63 time=122 ms
[1439564393.912386] 64 bytes from aaaa::212:4b00:41e:afc6: icmp_seq=320 ttl=63 time=246 ms
[1439564394.786574] 64 bytes from aaaa::212:4b00:41e:afc6: icmp_seq=321 ttl=63 time=119 ms
[1439564395.787196] 64 bytes from aaaa::212:4b00:41e:afc6: icmp_seq=322 ttl=63 time=118 ms
[1439564397.669875] no answer yet for icmp_seq=323
[1439564398.038645] 64 bytes from aaaa::212:4b00:41e:afc6: icmp_seq=323 ttl=63 time=1368 ms
[1439564398.670393] no answer yet for icmp_seq=324
[1439564399.037441] 64 bytes from aaaa::212:4b00:41e:afc6: icmp_seq=324 ttl=63 time=1367 ms
[1439564399.670177] no answer yet for icmp_seq=325
[1439564400.412712] 64 bytes from aaaa::212:4b00:41e:afc6: icmp_seq=325 ttl=63 time=1742 ms
[1439564400.670055] no answer yet for icmp_seq=326
[1439564401.289086] 64 bytes from aaaa::212:4b00:41e:afc6: icmp_seq=326 ttl=63 time=1618 ms
[1439564401.669568] no answer yet for icmp_seq=327
[1439564402.158071] 64 bytes from aaaa::212:4b00:41e:afc6: icmp_seq=327 ttl=63 time=1487 ms
[1439564402.658216] 64 bytes from aaaa::212:4b00:41e:afc6: icmp_seq=328 ttl=63 time=988 ms
[1439564403.675987] no answer yet for icmp_seq=329
[1439564404.158955] 64 bytes from aaaa::212:4b00:41e:afc6: icmp_seq=329 ttl=63 time=1489 ms
[1439564404.675597] no answer yet for icmp_seq=330
[1439564405.683932] no answer yet for icmp_seq=331
[1439564406.418343] 64 bytes from aaaa::212:4b00:41e:afc6: icmp_seq=331 ttl=63 time=1742 ms
[1439564406.665861] 64 bytes from aaaa::212:4b00:41e:afc6: icmp_seq=332 ttl=63 time=981 ms
[1439564406.794719] 64 bytes from aaaa::212:4b00:41e:afc6: icmp_seq=333 ttl=63 time=110 ms
[1439564407.791701] 64 bytes from aaaa::212:4b00:41e:afc6: icmp_seq=334 ttl=63 time=105 ms
[1439564408.793822] 64 bytes from aaaa::212:4b00:41e:afc6: icmp_seq=335 ttl=63 time=106 ms
[1439564409.790633] 64 bytes from aaaa::212:4b00:41e:afc6: icmp_seq=336 ttl=63 time=101 ms
[1439564410.792465] 64 bytes from aaaa::212:4b00:41e:afc6: icmp_seq=337 ttl=63 time=101 ms
[1439564411.797933] 64 bytes from aaaa::212:4b00:41e:afc6: icmp_seq=338 ttl=63 time=105 ms
[1439564412.796241] 64 bytes from aaaa::212:4b00:41e:afc6: icmp_seq=339 ttl=63 time=102 ms
[1439564413.796957] 64 bytes from aaaa::212:4b00:41e:afc6: icmp_seq=340 ttl=63 time=101 ms
[1439564415.703845] no answer yet for icmp_seq=341
[1439564415.797257] 64 bytes from aaaa::212:4b00:41e:afc6: icmp_seq=342 ttl=63 time=93.2 ms
[1439564416.794721] 64 bytes from aaaa::212:4b00:41e:afc6: icmp_seq=343 ttl=63 time=89.3 ms
[1439564417.795993] 64 bytes from aaaa::212:4b00:41e:afc6: icmp_seq=344 ttl=63 time=89.1 ms
[1439564418.797215] 64 bytes from aaaa::212:4b00:41e:afc6: icmp_seq=345 ttl=63 time=89.0 ms
[1439564419.798226] 64 bytes from aaaa::212:4b00:41e:afc6: icmp_seq=346 ttl=63 time=88.9 ms
[1439564420.799188] 64 bytes from aaaa::212:4b00:41e:afc6: icmp_seq=347 ttl=63 time=89.3 ms
[1439564422.719970] no answer yet for icmp_seq=348
[1439564422.923230] 64 bytes from aaaa::212:4b00:41e:afc6: icmp_seq=348 ttl=63 time=1211 ms
[1439564423.294727] 64 bytes from aaaa::212:4b00:41e:afc6: icmp_seq=349 ttl=63 time=574 ms
[1439564423.796452] 64 bytes from aaaa::212:4b00:41e:afc6: icmp_seq=350 ttl=63 time=76.1 ms
[1439564424.798313] 64 bytes from aaaa::212:4b00:41e:afc6: icmp_seq=351 ttl=63 time=76.7 ms
[1439564426.049104] 64 bytes from aaaa::212:4b00:41e:afc6: icmp_seq=352 ttl=63 time=325 ms
[1439564426.799743] 64 bytes from aaaa::212:4b00:41e:afc6: icmp_seq=353 ttl=63 time=76.3 ms
[1439564427.801095] 64 bytes from aaaa::212:4b00:41e:afc6: icmp_seq=354 ttl=63 time=76.2 ms
[1439564429.300776] 64 bytes from aaaa::212:4b00:41e:afc6: icmp_seq=355 ttl=63 time=574 ms
[1439564429.802676] 64 bytes from aaaa::212:4b00:41e:afc6: icmp_seq=356 ttl=63 time=76.3 ms
[1439564431.051793] 64 bytes from aaaa::212:4b00:41e:afc6: icmp_seq=357 ttl=63 time=324 ms
[1439564431.803478] 64 bytes from aaaa::212:4b00:41e:afc6: icmp_seq=358 ttl=63 time=76.2 ms
[1439564433.046757] 64 bytes from aaaa::212:4b00:41e:afc6: icmp_seq=359 ttl=63 time=318 ms
[1439564433.805228] 64 bytes from aaaa::212:4b00:41e:afc6: icmp_seq=360 ttl=63 time=76.8 ms
[1439564435.178975] 64 bytes from aaaa::212:4b00:41e:afc6: icmp_seq=361 ttl=63 time=448 ms
[1439564435.807031] 64 bytes from aaaa::212:4b00:41e:afc6: icmp_seq=362 ttl=63 time=76.3 ms
[1439564436.804774] 64 bytes from aaaa::212:4b00:41e:afc6: icmp_seq=363 ttl=63 time=72.6 ms
[1439564438.055449] 64 bytes from aaaa::212:4b00:41e:afc6: icmp_seq=364 ttl=63 time=321 ms
[1439564438.806416] 64 bytes from aaaa::212:4b00:41e:afc6: icmp_seq=365 ttl=63 time=72.0 ms
[1439564439.807616] 64 bytes from aaaa::212:4b00:41e:afc6: icmp_seq=366 ttl=63 time=72.1 ms
[1439564441.743914] no answer yet for icmp_seq=367
[1439564441.808240] 64 bytes from aaaa::212:4b00:41e:afc6: icmp_seq=368 ttl=63 time=64.0 ms
[1439564442.808997] 64 bytes from aaaa::212:4b00:41e:afc6: icmp_seq=369 ttl=63 time=63.6 ms
[1439564443.934606] 64 bytes from aaaa::212:4b00:41e:afc6: icmp_seq=370 ttl=63 time=187 ms
[1439564444.807795] 64 bytes from aaaa::212:4b00:41e:afc6: icmp_seq=371 ttl=63 time=59.3 ms
[1439564445.809243] 64 bytes from aaaa::212:4b00:41e:afc6: icmp_seq=372 ttl=63 time=59.3 ms
[1439564446.810462] 64 bytes from aaaa::212:4b00:41e:afc6: icmp_seq=373 ttl=63 time=59.2 ms
[1439564447.812204] 64 bytes from aaaa::212:4b00:41e:afc6: icmp_seq=374 ttl=63 time=59.7 ms
[1439564448.808931] 64 bytes from aaaa::212:4b00:41e:afc6: icmp_seq=375 ttl=63 time=55.1 ms
[1439564449.810442] 64 bytes from aaaa::212:4b00:41e:afc6: icmp_seq=376 ttl=63 time=55.4 ms
[1439564450.811461] 64 bytes from aaaa::212:4b00:41e:afc6: icmp_seq=377 ttl=63 time=54.9 ms
[1439564451.812561] 64 bytes from aaaa::212:4b00:41e:afc6: icmp_seq=378 ttl=63 time=55.0 ms
[1439564453.056310] 64 bytes from aaaa::212:4b00:41e:afc6: icmp_seq=379 ttl=63 time=298 ms
[1439564454.757761] no answer yet for icmp_seq=380
[1439564454.812955] 64 bytes from aaaa::212:4b00:41e:afc6: icmp_seq=381 ttl=63 time=55.1 ms
[1439564455.814020] 64 bytes from aaaa::212:4b00:41e:afc6: icmp_seq=382 ttl=63 time=55.0 ms
[1439564456.815122] 64 bytes from aaaa::212:4b00:41e:afc6: icmp_seq=383 ttl=63 time=55.0 ms
[1439564458.065933] 64 bytes from aaaa::212:4b00:41e:afc6: icmp_seq=384 ttl=63 time=304 ms
[1439564458.817714] 64 bytes from aaaa::212:4b00:41e:afc6: icmp_seq=385 ttl=63 time=54.9 ms
[1439564460.059762] 64 bytes from aaaa::212:4b00:41e:afc6: icmp_seq=386 ttl=63 time=294 ms
[1439564460.815820] 64 bytes from aaaa::212:4b00:41e:afc6: icmp_seq=387 ttl=63 time=51.2 ms
[1439564461.816604] 64 bytes from aaaa::212:4b00:41e:afc6: icmp_seq=388 ttl=63 time=50.8 ms
[1439564463.775873] no answer yet for icmp_seq=389
[1439564463.818207] 64 bytes from aaaa::212:4b00:41e:afc6: icmp_seq=390 ttl=63 time=42.2 ms
[1439564464.819763] 64 bytes from aaaa::212:4b00:41e:afc6: icmp_seq=391 ttl=63 time=42.6 ms
[1439564465.821026] 64 bytes from aaaa::212:4b00:41e:afc6: icmp_seq=392 ttl=63 time=42.5 ms
[1439564466.945520] 64 bytes from aaaa::212:4b00:41e:afc6: icmp_seq=393 ttl=63 time=165 ms
[1439564468.070225] 64 bytes from aaaa::212:4b00:41e:afc6: icmp_seq=394 ttl=63 time=288 ms
[1439564468.947525] 64 bytes from aaaa::212:4b00:41e:afc6: icmp_seq=395 ttl=63 time=165 ms
[1439564469.944536] 64 bytes from aaaa::212:4b00:41e:afc6: icmp_seq=396 ttl=63 time=161 ms
[1439564471.069510] 64 bytes from aaaa::212:4b00:41e:afc6: icmp_seq=397 ttl=63 time=284 ms
[1439564472.791876] no answer yet for icmp_seq=398
[1439564472.949581] 64 bytes from aaaa::212:4b00:41e:afc6: icmp_seq=399 ttl=63 time=157 ms
[1439564474.196970] 64 bytes from aaaa::212:4b00:41e:afc6: icmp_seq=400 ttl=63 time=404 ms
[1439564474.949522] 64 bytes from aaaa::212:4b00:41e:afc6: icmp_seq=401 ttl=63 time=156 ms
[1439564476.192017] 64 bytes from aaaa::212:4b00:41e:afc6: icmp_seq=402 ttl=63 time=397 ms
[1439564476.947101] 64 bytes from aaaa::212:4b00:41e:afc6: icmp_seq=403 ttl=63 time=152 ms
[1439564477.948648] 64 bytes from aaaa::212:4b00:41e:afc6: icmp_seq=404 ttl=63 time=152 ms
[1439564479.803890] no answer yet for icmp_seq=405
[1439564479.952325] 64 bytes from aaaa::212:4b00:41e:afc6: icmp_seq=406 ttl=63 time=148 ms
[1439564480.954058] 64 bytes from aaaa::212:4b00:41e:afc6: icmp_seq=407 ttl=63 time=148 ms
[1439564482.324790] 64 bytes from aaaa::212:4b00:41e:afc6: icmp_seq=408 ttl=63 time=517 ms
[1439564482.951776] 64 bytes from aaaa::212:4b00:41e:afc6: icmp_seq=409 ttl=63 time=144 ms
[1439564484.079812] 64 bytes from aaaa::212:4b00:41e:afc6: icmp_seq=410 ttl=63 time=271 ms
[1439564484.952912] 64 bytes from aaaa::212:4b00:41e:afc6: icmp_seq=411 ttl=63 time=144 ms
[1439564485.953913] 64 bytes from aaaa::212:4b00:41e:afc6: icmp_seq=412 ttl=63 time=144 ms
[1439564486.955232] 64 bytes from aaaa::212:4b00:41e:afc6: icmp_seq=413 ttl=63 time=144 ms
[1439564488.197821] 64 bytes from aaaa::212:4b00:41e:afc6: icmp_seq=414 ttl=63 time=386 ms
[1439564488.955662] 64 bytes from aaaa::212:4b00:41e:afc6: icmp_seq=415 ttl=63 time=144 ms
[1439564490.819819] no answer yet for icmp_seq=416
[1439564490.955516] 64 bytes from aaaa::212:4b00:41e:afc6: icmp_seq=417 ttl=63 time=135 ms
[1439564492.206460] 64 bytes from aaaa::212:4b00:41e:afc6: icmp_seq=418 ttl=63 time=385 ms
[1439564493.827918] no answer yet for icmp_seq=419
[1439564493.959498] 64 bytes from aaaa::212:4b00:41e:afc6: icmp_seq=420 ttl=63 time=131 ms
[1439564495.326167] 64 bytes from aaaa::212:4b00:41e:afc6: icmp_seq=421 ttl=63 time=496 ms
[1439564495.957005] 64 bytes from aaaa::212:4b00:41e:afc6: icmp_seq=422 ttl=63 time=127 ms
[1439564497.210667] 64 bytes from aaaa::212:4b00:41e:afc6: icmp_seq=423 ttl=63 time=379 ms
[1439564497.958600] 64 bytes from aaaa::212:4b00:41e:afc6: icmp_seq=424 ttl=63 time=127 ms
[1439564499.085317] 64 bytes from aaaa::212:4b00:41e:afc6: icmp_seq=425 ttl=63 time=252 ms
[1439564500.088208] 64 bytes from aaaa::212:4b00:41e:afc6: icmp_seq=426 ttl=63 time=255 ms
[1439564501.083972] 64 bytes from aaaa::212:4b00:41e:afc6: icmp_seq=427 ttl=63 time=250 ms
[1439564501.961050] 64 bytes from aaaa::212:4b00:41e:afc6: icmp_seq=428 ttl=63 time=127 ms
[1439564502.962304] 64 bytes from aaaa::212:4b00:41e:afc6: icmp_seq=429 ttl=63 time=127 ms
[1439564503.963419] 64 bytes from aaaa::212:4b00:41e:afc6: icmp_seq=430 ttl=63 time=127 ms
[1439564504.960309] 64 bytes from aaaa::212:4b00:41e:afc6: icmp_seq=431 ttl=63 time=122 ms
[1439564505.962706] 64 bytes from aaaa::212:4b00:41e:afc6: icmp_seq=432 ttl=63 time=123 ms
[1439564507.206683] 64 bytes from aaaa::212:4b00:41e:afc6: icmp_seq=433 ttl=63 time=365 ms
[1439564507.963310] 64 bytes from aaaa::212:4b00:41e:afc6: icmp_seq=434 ttl=63 time=122 ms
[1439564508.965319] 64 bytes from aaaa::212:4b00:41e:afc6: icmp_seq=435 ttl=63 time=122 ms
[1439564509.965561] 64 bytes from aaaa::212:4b00:41e:afc6: icmp_seq=436 ttl=63 time=122 ms
[1439564510.963111] 64 bytes from aaaa::212:4b00:41e:afc6: icmp_seq=437 ttl=63 time=118 ms
[1439564512.341864] 64 bytes from aaaa::212:4b00:41e:afc6: icmp_seq=438 ttl=63 time=495 ms
[1439564513.089191] 64 bytes from aaaa::212:4b00:41e:afc6: icmp_seq=439 ttl=63 time=242 ms
[1439564514.091173] 64 bytes from aaaa::212:4b00:41e:afc6: icmp_seq=440 ttl=63 time=244 ms
[1439564514.966201] 64 bytes from aaaa::212:4b00:41e:afc6: icmp_seq=441 ttl=63 time=119 ms
[1439564515.966611] 64 bytes from aaaa::212:4b00:41e:afc6: icmp_seq=442 ttl=63 time=118 ms
[1439564517.210565] 64 bytes from aaaa::212:4b00:41e:afc6: icmp_seq=443 ttl=63 time=360 ms
[1439564518.461207] 64 bytes from aaaa::212:4b00:41e:afc6: icmp_seq=444 ttl=63 time=612 ms
[1439564518.967243] 64 bytes from aaaa::212:4b00:41e:afc6: icmp_seq=445 ttl=63 time=118 ms
[1439564519.969252] 64 bytes from aaaa::212:4b00:41e:afc6: icmp_seq=446 ttl=63 time=118 ms
[1439564520.970104] 64 bytes from aaaa::212:4b00:41e:afc6: icmp_seq=447 ttl=63 time=118 ms
[1439564522.220568] 64 bytes from aaaa::212:4b00:41e:afc6: icmp_seq=448 ttl=63 time=367 ms
[1439564522.971947] 64 bytes from aaaa::212:4b00:41e:afc6: icmp_seq=449 ttl=63 time=118 ms
[1439564523.969448] 64 bytes from aaaa::212:4b00:41e:afc6: icmp_seq=450 ttl=63 time=114 ms
[1439564525.096403] 64 bytes from aaaa::212:4b00:41e:afc6: icmp_seq=451 ttl=63 time=239 ms
[1439564525.970865] 64 bytes from aaaa::212:4b00:41e:afc6: icmp_seq=452 ttl=63 time=114 ms
[1439564526.972342] 64 bytes from aaaa::212:4b00:41e:afc6: icmp_seq=453 ttl=63 time=114 ms
[1439564528.215143] 64 bytes from aaaa::212:4b00:41e:afc6: icmp_seq=454 ttl=63 time=355 ms
[1439564528.970210] 64 bytes from aaaa::212:4b00:41e:afc6: icmp_seq=455 ttl=63 time=110 ms
[1439564529.971908] 64 bytes from aaaa::212:4b00:41e:afc6: icmp_seq=456 ttl=63 time=110 ms
[1439564530.973059] 64 bytes from aaaa::212:4b00:41e:afc6: icmp_seq=457 ttl=63 time=110 ms
[1439564531.974355] 64 bytes from aaaa::212:4b00:41e:afc6: icmp_seq=458 ttl=63 time=110 ms
[1439564533.102088] 64 bytes from aaaa::212:4b00:41e:afc6: icmp_seq=459 ttl=63 time=236 ms
[1439564533.976132] 64 bytes from aaaa::212:4b00:41e:afc6: icmp_seq=460 ttl=63 time=110 ms
[1439564534.977276] 64 bytes from aaaa::212:4b00:41e:afc6: icmp_seq=461 ttl=63 time=110 ms
[1439564535.974173] 64 bytes from aaaa::212:4b00:41e:afc6: icmp_seq=462 ttl=63 time=105 ms
[1439564537.225957] 64 bytes from aaaa::212:4b00:41e:afc6: icmp_seq=463 ttl=63 time=356 ms
[1439564537.975712] 64 bytes from aaaa::212:4b00:41e:afc6: icmp_seq=464 ttl=63 time=105 ms
[1439564538.976072] 64 bytes from aaaa::212:4b00:41e:afc6: icmp_seq=465 ttl=63 time=105 ms
[1439564539.976980] 64 bytes from aaaa::212:4b00:41e:afc6: icmp_seq=466 ttl=63 time=105 ms
[1439564541.879809] no answer yet for icmp_seq=467
[1439564542.221686] 64 bytes from aaaa::212:4b00:41e:afc6: icmp_seq=468 ttl=63 time=341 ms
[1439564543.101879] 64 bytes from aaaa::212:4b00:41e:afc6: icmp_seq=469 ttl=63 time=221 ms
[1439564543.978116] 64 bytes from aaaa::212:4b00:41e:afc6: icmp_seq=470 ttl=63 time=97.3 ms
[1439564544.979723] 64 bytes from aaaa::212:4b00:41e:afc6: icmp_seq=471 ttl=63 time=97.5 ms
[1439564545.981212] 64 bytes from aaaa::212:4b00:41e:afc6: icmp_seq=472 ttl=63 time=97.4 ms
[1439564546.982533] 64 bytes from aaaa::212:4b00:41e:afc6: icmp_seq=473 ttl=63 time=97.3 ms
[1439564547.979815] 64 bytes from aaaa::212:4b00:41e:afc6: icmp_seq=474 ttl=63 time=93.2 ms
[1439564549.857727] 64 bytes from aaaa::212:4b00:41e:afc6: icmp_seq=475 ttl=63 time=969 ms
[1439564549.980167] 64 bytes from aaaa::212:4b00:41e:afc6: icmp_seq=476 ttl=63 time=93.2 ms
[1439564550.981897] 64 bytes from aaaa::212:4b00:41e:afc6: icmp_seq=477 ttl=63 time=93.7 ms
[1439564552.225899] 64 bytes from aaaa::212:4b00:41e:afc6: icmp_seq=478 ttl=63 time=336 ms
[1439564553.895813] no answer yet for icmp_seq=479
[1439564553.985090] 64 bytes from aaaa::212:4b00:41e:afc6: icmp_seq=480 ttl=63 time=89.1 ms
[1439564555.226967] 64 bytes from aaaa::212:4b00:41e:afc6: icmp_seq=481 ttl=63 time=329 ms
[1439564555.982594] 64 bytes from aaaa::212:4b00:41e:afc6: icmp_seq=482 ttl=63 time=84.7 ms
[1439564556.984642] 64 bytes from aaaa::212:4b00:41e:afc6: icmp_seq=483 ttl=63 time=84.9 ms
[1439564558.109239] 64 bytes from aaaa::212:4b00:41e:afc6: icmp_seq=484 ttl=63 time=208 ms
[1439564558.986143] 64 bytes from aaaa::212:4b00:41e:afc6: icmp_seq=485 ttl=63 time=84.9 ms
[1439564559.987006] 64 bytes from aaaa::212:4b00:41e:afc6: icmp_seq=486 ttl=63 time=84.8 ms
[1439564560.984479] 64 bytes from aaaa::212:4b00:41e:afc6: icmp_seq=487 ttl=63 time=80.4 ms
[1439564561.986254] 64 bytes from aaaa::212:4b00:41e:afc6: icmp_seq=488 ttl=63 time=80.6 ms
[1439564563.915837] no answer yet for icmp_seq=489
[1439564563.987959] 64 bytes from aaaa::212:4b00:41e:afc6: icmp_seq=490 ttl=63 time=72.0 ms
[1439564564.989281] 64 bytes from aaaa::212:4b00:41e:afc6: icmp_seq=491 ttl=63 time=72.2 ms
[1439564566.232708] 64 bytes from aaaa::212:4b00:41e:afc6: icmp_seq=492 ttl=63 time=314 ms
[1439564566.990613] 64 bytes from aaaa::212:4b00:41e:afc6: icmp_seq=493 ttl=63 time=72.0 ms
[1439564567.991756] 64 bytes from aaaa::212:4b00:41e:afc6: icmp_seq=494 ttl=63 time=72.0 ms
[1439564569.240857] 64 bytes from aaaa::212:4b00:41e:afc6: icmp_seq=495 ttl=63 time=320 ms
[1439564569.992635] 64 bytes from aaaa::212:4b00:41e:afc6: icmp_seq=496 ttl=63 time=71.9 ms
[1439564571.927844] no answer yet for icmp_seq=497
[1439564571.991633] 64 bytes from aaaa::212:4b00:41e:afc6: icmp_seq=498 ttl=63 time=63.7 ms
[1439564572.993266] 64 bytes from aaaa::212:4b00:41e:afc6: icmp_seq=499 ttl=63 time=63.5 ms
[1439564573.990753] 64 bytes from aaaa::212:4b00:41e:afc6: icmp_seq=500 ttl=63 time=59.3 ms
[1439564574.992260] 64 bytes from aaaa::212:4b00:41e:afc6: icmp_seq=501 ttl=63 time=59.4 ms
[1439564575.993636] 64 bytes from aaaa::212:4b00:41e:afc6: icmp_seq=502 ttl=63 time=59.3 ms
[1439564576.994630] 64 bytes from aaaa::212:4b00:41e:afc6: icmp_seq=503 ttl=63 time=59.2 ms
[1439564578.370720] 64 bytes from aaaa::212:4b00:41e:afc6: icmp_seq=504 ttl=63 time=433 ms
[1439564578.995789] 64 bytes from aaaa::212:4b00:41e:afc6: icmp_seq=505 ttl=63 time=59.3 ms
[1439564580.238909] 64 bytes from aaaa::212:4b00:41e:afc6: icmp_seq=506 ttl=63 time=301 ms
[1439564580.997158] 64 bytes from aaaa::212:4b00:41e:afc6: icmp_seq=507 ttl=63 time=59.8 ms
[1439564581.998445] 64 bytes from aaaa::212:4b00:41e:afc6: icmp_seq=508 ttl=63 time=59.2 ms
[1439564582.999772] 64 bytes from aaaa::212:4b00:41e:afc6: icmp_seq=509 ttl=63 time=59.2 ms
[1439564583.997139] 64 bytes from aaaa::212:4b00:41e:afc6: icmp_seq=510 ttl=63 time=55.2 ms
[1439564584.998125] 64 bytes from aaaa::212:4b00:41e:afc6: icmp_seq=511 ttl=63 time=54.8 ms
[1439564586.624884] 64 bytes from aaaa::212:4b00:41e:afc6: icmp_seq=512 ttl=63 time=679 ms
[1439564587.125047] 64 bytes from aaaa::212:4b00:41e:afc6: icmp_seq=513 ttl=63 time=179 ms
[1439564588.001350] 64 bytes from aaaa::212:4b00:41e:afc6: icmp_seq=514 ttl=63 time=55.4 ms
[1439564588.997387] 64 bytes from aaaa::212:4b00:41e:afc6: icmp_seq=515 ttl=63 time=50.9 ms
[1439564590.249810] 64 bytes from aaaa::212:4b00:41e:afc6: icmp_seq=516 ttl=63 time=302 ms
[1439564591.002765] 64 bytes from aaaa::212:4b00:41e:afc6: icmp_seq=517 ttl=63 time=55.1 ms
[1439564591.998759] 64 bytes from aaaa::212:4b00:41e:afc6: icmp_seq=518 ttl=63 time=50.9 ms
[1439564593.004140] 64 bytes from aaaa::212:4b00:41e:afc6: icmp_seq=519 ttl=63 time=55.2 ms
[1439564594.004435] 64 bytes from aaaa::212:4b00:41e:afc6: icmp_seq=520 ttl=63 time=55.1 ms
[1439564595.000281] 64 bytes from aaaa::212:4b00:41e:afc6: icmp_seq=521 ttl=63 time=50.9 ms
[1439564596.004505] 64 bytes from aaaa::212:4b00:41e:afc6: icmp_seq=522 ttl=63 time=55.1 ms
[1439564597.004656] 64 bytes from aaaa::212:4b00:41e:afc6: icmp_seq=523 ttl=63 time=55.0 ms
[1439564598.004764] 64 bytes from aaaa::212:4b00:41e:afc6: icmp_seq=524 ttl=63 time=55.0 ms
[1439564599.005120] 64 bytes from aaaa::212:4b00:41e:afc6: icmp_seq=525 ttl=63 time=55.2 ms
[1439564600.247881] 64 bytes from aaaa::212:4b00:41e:afc6: icmp_seq=526 ttl=63 time=297 ms
[1439564601.005698] 64 bytes from aaaa::212:4b00:41e:afc6: icmp_seq=527 ttl=63 time=55.0 ms
[1439564602.006037] 64 bytes from aaaa::212:4b00:41e:afc6: icmp_seq=528 ttl=63 time=55.2 ms
[1439564603.006159] 64 bytes from aaaa::212:4b00:41e:afc6: icmp_seq=529 ttl=63 time=55.0 ms
[1439564604.006927] 64 bytes from aaaa::212:4b00:41e:afc6: icmp_seq=530 ttl=63 time=55.6 ms
[1439564605.007142] 64 bytes from aaaa::212:4b00:41e:afc6: icmp_seq=531 ttl=63 time=55.1 ms
[1439564606.258384] 64 bytes from aaaa::212:4b00:41e:afc6: icmp_seq=532 ttl=63 time=306 ms
[1439564607.007226] 64 bytes from aaaa::212:4b00:41e:afc6: icmp_seq=533 ttl=63 time=55.0 ms
[1439564608.006899] 64 bytes from aaaa::212:4b00:41e:afc6: icmp_seq=534 ttl=63 time=55.1 ms
[1439564609.007159] 64 bytes from aaaa::212:4b00:41e:afc6: icmp_seq=535 ttl=63 time=55.1 ms
[1439564610.007445] 64 bytes from aaaa::212:4b00:41e:afc6: icmp_seq=536 ttl=63 time=55.1 ms
[1439564611.007780] 64 bytes from aaaa::212:4b00:41e:afc6: icmp_seq=537 ttl=63 time=55.2 ms
[1439564612.008052] 64 bytes from aaaa::212:4b00:41e:afc6: icmp_seq=538 ttl=63 time=55.1 ms
[1439564613.008315] 64 bytes from aaaa::212:4b00:41e:afc6: icmp_seq=539 ttl=63 time=55.1 ms
[1439564614.012605] 64 bytes from aaaa::212:4b00:41e:afc6: icmp_seq=540 ttl=63 time=59.2 ms
[1439564615.012651] 64 bytes from aaaa::212:4b00:41e:afc6: icmp_seq=541 ttl=63 time=59.2 ms
[1439564616.254418] 64 bytes from aaaa::212:4b00:41e:afc6: icmp_seq=542 ttl=63 time=300 ms
[1439564617.013754] 64 bytes from aaaa::212:4b00:41e:afc6: icmp_seq=543 ttl=63 time=59.4 ms
[1439564618.014302] 64 bytes from aaaa::212:4b00:41e:afc6: icmp_seq=544 ttl=63 time=59.4 ms
[1439564619.014794] 64 bytes from aaaa::212:4b00:41e:afc6: icmp_seq=545 ttl=63 time=59.3 ms
[1439564620.010918] 64 bytes from aaaa::212:4b00:41e:afc6: icmp_seq=546 ttl=63 time=55.2 ms
[1439564621.015285] 64 bytes from aaaa::212:4b00:41e:afc6: icmp_seq=547 ttl=63 time=59.2 ms
[1439564622.015889] 64 bytes from aaaa::212:4b00:41e:afc6: icmp_seq=548 ttl=63 time=59.4 ms
[1439564623.012138] 64 bytes from aaaa::212:4b00:41e:afc6: icmp_seq=549 ttl=63 time=55.2 ms
[1439564624.140424] 64 bytes from aaaa::212:4b00:41e:afc6: icmp_seq=550 ttl=63 time=183 ms
[1439564625.016829] 64 bytes from aaaa::212:4b00:41e:afc6: icmp_seq=551 ttl=63 time=59.3 ms
[1439564626.017425] 64 bytes from aaaa::212:4b00:41e:afc6: icmp_seq=552 ttl=63 time=59.4 ms
[1439564627.017757] 64 bytes from aaaa::212:4b00:41e:afc6: icmp_seq=553 ttl=63 time=59.2 ms
[1439564628.017697] 64 bytes from aaaa::212:4b00:41e:afc6: icmp_seq=554 ttl=63 time=59.3 ms
[1439564629.266993] 64 bytes from aaaa::212:4b00:41e:afc6: icmp_seq=555 ttl=63 time=308 ms
[1439564630.017837] 64 bytes from aaaa::212:4b00:41e:afc6: icmp_seq=556 ttl=63 time=59.2 ms
[1439564631.018303] 64 bytes from aaaa::212:4b00:41e:afc6: icmp_seq=557 ttl=63 time=59.3 ms
[1439564632.019720] 64 bytes from aaaa::212:4b00:41e:afc6: icmp_seq=558 ttl=63 time=60.2 ms
[1439564633.019713] 64 bytes from aaaa::212:4b00:41e:afc6: icmp_seq=559 ttl=63 time=59.6 ms
[1439564634.020467] 64 bytes from aaaa::212:4b00:41e:afc6: icmp_seq=560 ttl=63 time=59.5 ms
[1439564635.021054] 64 bytes from aaaa::212:4b00:41e:afc6: icmp_seq=561 ttl=63 time=59.4 ms
[1439564636.021465] 64 bytes from aaaa::212:4b00:41e:afc6: icmp_seq=562 ttl=63 time=59.2 ms
[1439564637.021997] 64 bytes from aaaa::212:4b00:41e:afc6: icmp_seq=563 ttl=63 time=59.3 ms
[1439564638.264770] 64 bytes from aaaa::212:4b00:41e:afc6: icmp_seq=564 ttl=63 time=301 ms
[1439564639.022568] 64 bytes from aaaa::212:4b00:41e:afc6: icmp_seq=565 ttl=63 time=59.2 ms
[1439564640.022868] 64 bytes from aaaa::212:4b00:41e:afc6: icmp_seq=566 ttl=63 time=59.2 ms
[1439564641.524186] 64 bytes from aaaa::212:4b00:41e:afc6: icmp_seq=567 ttl=63 time=560 ms
[1439564642.971850] no answer yet for icmp_seq=568
[1439564643.022963] 64 bytes from aaaa::212:4b00:41e:afc6: icmp_seq=569 ttl=63 time=50.9 ms
[1439564644.023070] 64 bytes from aaaa::212:4b00:41e:afc6: icmp_seq=570 ttl=63 time=51.0 ms
[1439564645.979923] no answer yet for icmp_seq=571
[1439564646.026717] 64 bytes from aaaa::212:4b00:41e:afc6: icmp_seq=572 ttl=63 time=46.6 ms
[1439564647.027561] 64 bytes from aaaa::212:4b00:41e:afc6: icmp_seq=573 ttl=63 time=46.7 ms
[1439564648.028341] 64 bytes from aaaa::212:4b00:41e:afc6: icmp_seq=574 ttl=63 time=46.6 ms
[1439564649.029065] 64 bytes from aaaa::212:4b00:41e:afc6: icmp_seq=575 ttl=63 time=46.6 ms
[1439564650.029811] 64 bytes from aaaa::212:4b00:41e:afc6: icmp_seq=576 ttl=63 time=46.6 ms
[1439564651.030562] 64 bytes from aaaa::212:4b00:41e:afc6: icmp_seq=577 ttl=63 time=47.0 ms
[1439564652.030324] 64 bytes from aaaa::212:4b00:41e:afc6: icmp_seq=578 ttl=63 time=46.6 ms
[1439564653.031189] 64 bytes from aaaa::212:4b00:41e:afc6: icmp_seq=579 ttl=63 time=46.7 ms
[1439564654.031531] 64 bytes from aaaa::212:4b00:41e:afc6: icmp_seq=580 ttl=63 time=46.5 ms
[1439564655.028073] 64 bytes from aaaa::212:4b00:41e:afc6: icmp_seq=581 ttl=63 time=42.4 ms
[1439564656.028854] 64 bytes from aaaa::212:4b00:41e:afc6: icmp_seq=582 ttl=63 time=42.6 ms
[1439564657.029448] 64 bytes from aaaa::212:4b00:41e:afc6: icmp_seq=583 ttl=63 time=42.5 ms
[1439564658.030071] 64 bytes from aaaa::212:4b00:41e:afc6: icmp_seq=584 ttl=63 time=42.5 ms
[1439564659.031228] 64 bytes from aaaa::212:4b00:41e:afc6: icmp_seq=585 ttl=63 time=43.0 ms
[1439564660.030447] 64 bytes from aaaa::212:4b00:41e:afc6: icmp_seq=586 ttl=63 time=42.3 ms
[1439564661.030571] 64 bytes from aaaa::212:4b00:41e:afc6: icmp_seq=587 ttl=63 time=42.4 ms
[1439564662.031068] 64 bytes from aaaa::212:4b00:41e:afc6: icmp_seq=588 ttl=63 time=42.4 ms
[1439564663.031593] 64 bytes from aaaa::212:4b00:41e:afc6: icmp_seq=589 ttl=63 time=42.3 ms
[1439564664.032077] 64 bytes from aaaa::212:4b00:41e:afc6: icmp_seq=590 ttl=63 time=42.3 ms
[1439564665.032706] 64 bytes from aaaa::212:4b00:41e:afc6: icmp_seq=591 ttl=63 time=42.5 ms
[1439564666.033012] 64 bytes from aaaa::212:4b00:41e:afc6: icmp_seq=592 ttl=63 time=42.2 ms
[1439564667.033610] 64 bytes from aaaa::212:4b00:41e:afc6: icmp_seq=593 ttl=63 time=42.4 ms
[1439564668.034211] 64 bytes from aaaa::212:4b00:41e:afc6: icmp_seq=594 ttl=63 time=42.4 ms
[1439564669.034714] 64 bytes from aaaa::212:4b00:41e:afc6: icmp_seq=595 ttl=63 time=42.3 ms
[1439564670.035726] 64 bytes from aaaa::212:4b00:41e:afc6: icmp_seq=596 ttl=63 time=42.9 ms
[1439564671.035349] 64 bytes from aaaa::212:4b00:41e:afc6: icmp_seq=597 ttl=63 time=42.4 ms
[1439564672.035913] 64 bytes from aaaa::212:4b00:41e:afc6: icmp_seq=598 ttl=63 time=42.4 ms
[1439564673.036984] 64 bytes from aaaa::212:4b00:41e:afc6: icmp_seq=599 ttl=63 time=42.9 ms
[1439564674.036346] 64 bytes from aaaa::212:4b00:41e:afc6: icmp_seq=600 ttl=63 time=42.5 ms
[1439564675.288800] 64 bytes from aaaa::212:4b00:41e:afc6: icmp_seq=601 ttl=63 time=294 ms
[1439564676.041714] 64 bytes from aaaa::212:4b00:41e:afc6: icmp_seq=602 ttl=63 time=47.4 ms
[1439564677.037351] 64 bytes from aaaa::212:4b00:41e:afc6: icmp_seq=603 ttl=63 time=42.4 ms
[1439564678.037906] 64 bytes from aaaa::212:4b00:41e:afc6: icmp_seq=604 ttl=63 time=42.3 ms
[1439564679.042719] 64 bytes from aaaa::212:4b00:41e:afc6: icmp_seq=605 ttl=63 time=46.7 ms
[1439564680.043460] 64 bytes from aaaa::212:4b00:41e:afc6: icmp_seq=606 ttl=63 time=46.6 ms
[1439564681.040429] 64 bytes from aaaa::212:4b00:41e:afc6: icmp_seq=607 ttl=63 time=42.7 ms
[1439564682.040979] 64 bytes from aaaa::212:4b00:41e:afc6: icmp_seq=608 ttl=63 time=42.4 ms
[1439564683.042119] 64 bytes from aaaa::212:4b00:41e:afc6: icmp_seq=609 ttl=63 time=42.9 ms
[1439564684.286036] 64 bytes from aaaa::212:4b00:41e:afc6: icmp_seq=610 ttl=63 time=286 ms
[1439564685.536239] 64 bytes from aaaa::212:4b00:41e:afc6: icmp_seq=611 ttl=63 time=536 ms
[1439564686.042349] 64 bytes from aaaa::212:4b00:41e:afc6: icmp_seq=612 ttl=63 time=42.5 ms
[1439564687.042840] 64 bytes from aaaa::212:4b00:41e:afc6: icmp_seq=613 ttl=63 time=42.3 ms
[1439564688.044464] 64 bytes from aaaa::212:4b00:41e:afc6: icmp_seq=614 ttl=63 time=42.5 ms
[1439564689.045971] 64 bytes from aaaa::212:4b00:41e:afc6: icmp_seq=615 ttl=63 time=42.4 ms
[1439564690.043105] 64 bytes from aaaa::212:4b00:41e:afc6: icmp_seq=616 ttl=63 time=38.0 ms
[1439564691.296986] 64 bytes from aaaa::212:4b00:41e:afc6: icmp_seq=617 ttl=63 time=290 ms
[1439564692.168783] 64 bytes from aaaa::212:4b00:41e:afc6: icmp_seq=618 ttl=63 time=161 ms
[1439564693.414978] 64 bytes from aaaa::212:4b00:41e:afc6: icmp_seq=619 ttl=63 time=406 ms
[1439564694.420038] 64 bytes from aaaa::212:4b00:41e:afc6: icmp_seq=620 ttl=63 time=410 ms
[1439564695.171760] 64 bytes from aaaa::212:4b00:41e:afc6: icmp_seq=621 ttl=63 time=160 ms
[1439564696.173130] 64 bytes from aaaa::212:4b00:41e:afc6: icmp_seq=622 ttl=63 time=161 ms
[1439564697.174104] 64 bytes from aaaa::212:4b00:41e:afc6: icmp_seq=623 ttl=63 time=160 ms
[1439564698.175184] 64 bytes from aaaa::212:4b00:41e:afc6: icmp_seq=624 ttl=63 time=161 ms
[1439564699.668111] 64 bytes from aaaa::212:4b00:41e:afc6: icmp_seq=625 ttl=63 time=652 ms
[1439564700.177557] 64 bytes from aaaa::212:4b00:41e:afc6: icmp_seq=626 ttl=63 time=160 ms
[1439564701.174326] 64 bytes from aaaa::212:4b00:41e:afc6: icmp_seq=627 ttl=63 time=156 ms
[1439564702.175993] 64 bytes from aaaa::212:4b00:41e:afc6: icmp_seq=628 ttl=63 time=156 ms
[1439564703.427113] 64 bytes from aaaa::212:4b00:41e:afc6: icmp_seq=629 ttl=63 time=406 ms
[1439564704.427491] 64 bytes from aaaa::212:4b00:41e:afc6: icmp_seq=630 ttl=63 time=406 ms
[1439564705.802466] 64 bytes from aaaa::212:4b00:41e:afc6: icmp_seq=631 ttl=63 time=780 ms
[1439564706.179418] 64 bytes from aaaa::212:4b00:41e:afc6: icmp_seq=632 ttl=63 time=156 ms
[1439564707.431498] 64 bytes from aaaa::212:4b00:41e:afc6: icmp_seq=633 ttl=63 time=407 ms
[1439564708.177783] 64 bytes from aaaa::212:4b00:41e:afc6: icmp_seq=634 ttl=63 time=152 ms
[1439564709.422330] 64 bytes from aaaa::212:4b00:41e:afc6: icmp_seq=635 ttl=63 time=395 ms
[1439564710.180655] 64 bytes from aaaa::212:4b00:41e:afc6: icmp_seq=636 ttl=63 time=152 ms
[1439564711.177328] 64 bytes from aaaa::212:4b00:41e:afc6: icmp_seq=637 ttl=63 time=148 ms
[1439564712.305392] 64 bytes from aaaa::212:4b00:41e:afc6: icmp_seq=638 ttl=63 time=275 ms
[1439564713.431377] 64 bytes from aaaa::212:4b00:41e:afc6: icmp_seq=639 ttl=63 time=400 ms
[1439564714.179864] 64 bytes from aaaa::212:4b00:41e:afc6: icmp_seq=640 ttl=63 time=148 ms
[1439564715.308503] 64 bytes from aaaa::212:4b00:41e:afc6: icmp_seq=641 ttl=63 time=275 ms
[1439564716.550245] 64 bytes from aaaa::212:4b00:41e:afc6: icmp_seq=642 ttl=63 time=515 ms
[1439564717.180125] 64 bytes from aaaa::212:4b00:41e:afc6: icmp_seq=643 ttl=63 time=144 ms
[1439564718.432198] 64 bytes from aaaa::212:4b00:41e:afc6: icmp_seq=644 ttl=63 time=395 ms
[1439564719.426376] 64 bytes from aaaa::212:4b00:41e:afc6: icmp_seq=645 ttl=63 time=388 ms
[1439564720.183163] 64 bytes from aaaa::212:4b00:41e:afc6: icmp_seq=646 ttl=63 time=144 ms
[1439564721.309822] 64 bytes from aaaa::212:4b00:41e:afc6: icmp_seq=647 ttl=63 time=269 ms
[1439564722.185570] 64 bytes from aaaa::212:4b00:41e:afc6: icmp_seq=648 ttl=63 time=143 ms
[1439564723.187442] 64 bytes from aaaa::212:4b00:41e:afc6: icmp_seq=649 ttl=63 time=143 ms
[1439564724.184070] 64 bytes from aaaa::212:4b00:41e:afc6: icmp_seq=650 ttl=63 time=139 ms
[1439564725.185695] 64 bytes from aaaa::212:4b00:41e:afc6: icmp_seq=651 ttl=63 time=139 ms
[1439564726.310550] 64 bytes from aaaa::212:4b00:41e:afc6: icmp_seq=652 ttl=63 time=263 ms
[1439564727.689556] 64 bytes from aaaa::212:4b00:41e:afc6: icmp_seq=653 ttl=63 time=640 ms
[1439564728.189050] 64 bytes from aaaa::212:4b00:41e:afc6: icmp_seq=654 ttl=63 time=139 ms
[1439564729.437333] 64 bytes from aaaa::212:4b00:41e:afc6: icmp_seq=655 ttl=63 time=387 ms
[1439564730.186650] 64 bytes from aaaa::212:4b00:41e:afc6: icmp_seq=656 ttl=63 time=135 ms
[1439564731.188284] 64 bytes from aaaa::212:4b00:41e:afc6: icmp_seq=657 ttl=63 time=135 ms
[1439564732.189792] 64 bytes from aaaa::212:4b00:41e:afc6: icmp_seq=658 ttl=63 time=135 ms
[1439564733.191533] 64 bytes from aaaa::212:4b00:41e:afc6: icmp_seq=659 ttl=63 time=135 ms
[1439564734.193235] 64 bytes from aaaa::212:4b00:41e:afc6: icmp_seq=660 ttl=63 time=135 ms
[1439564735.190653] 64 bytes from aaaa::212:4b00:41e:afc6: icmp_seq=661 ttl=63 time=131 ms
[1439564736.440409] 64 bytes from aaaa::212:4b00:41e:afc6: icmp_seq=662 ttl=63 time=379 ms
[1439564737.193550] 64 bytes from aaaa::212:4b00:41e:afc6: icmp_seq=663 ttl=63 time=131 ms
[1439564738.194902] 64 bytes from aaaa::212:4b00:41e:afc6: icmp_seq=664 ttl=63 time=131 ms
[1439564739.192482] 64 bytes from aaaa::212:4b00:41e:afc6: icmp_seq=665 ttl=63 time=127 ms
[1439564741.065757] no answer yet for icmp_seq=666
[1439564741.193376] 64 bytes from aaaa::212:4b00:41e:afc6: icmp_seq=667 ttl=63 time=127 ms
[1439564742.194544] 64 bytes from aaaa::212:4b00:41e:afc6: icmp_seq=668 ttl=63 time=127 ms
[1439564743.195780] 64 bytes from aaaa::212:4b00:41e:afc6: icmp_seq=669 ttl=63 time=127 ms
[1439564744.319103] 64 bytes from aaaa::212:4b00:41e:afc6: icmp_seq=670 ttl=63 time=249 ms
[1439564745.198016] 64 bytes from aaaa::212:4b00:41e:afc6: icmp_seq=671 ttl=63 time=127 ms
[1439564746.194378] 64 bytes from aaaa::212:4b00:41e:afc6: icmp_seq=672 ttl=63 time=122 ms
[1439564747.439650] 64 bytes from aaaa::212:4b00:41e:afc6: icmp_seq=673 ttl=63 time=366 ms
[1439564748.439976] 64 bytes from aaaa::212:4b00:41e:afc6: icmp_seq=674 ttl=63 time=365 ms
[1439564749.198135] 64 bytes from aaaa::212:4b00:41e:afc6: icmp_seq=675 ttl=63 time=122 ms
[1439564750.199031] 64 bytes from aaaa::212:4b00:41e:afc6: icmp_seq=676 ttl=63 time=122 ms
[1439564751.201441] 64 bytes from aaaa::212:4b00:41e:afc6: icmp_seq=677 ttl=63 time=123 ms
[1439564752.450568] 64 bytes from aaaa::212:4b00:41e:afc6: icmp_seq=678 ttl=63 time=371 ms
[1439564753.199054] 64 bytes from aaaa::212:4b00:41e:afc6: icmp_seq=679 ttl=63 time=118 ms
[1439564754.200484] 64 bytes from aaaa::212:4b00:41e:afc6: icmp_seq=680 ttl=63 time=118 ms
[1439564755.197847] 64 bytes from aaaa::212:4b00:41e:afc6: icmp_seq=681 ttl=63 time=114 ms
[1439564757.091895] no answer yet for icmp_seq=682
[1439564757.453300] 64 bytes from aaaa::212:4b00:41e:afc6: icmp_seq=683 ttl=63 time=361 ms
[1439564758.327299] 64 bytes from aaaa::212:4b00:41e:afc6: icmp_seq=684 ttl=63 time=234 ms
[1439564759.445727] 64 bytes from aaaa::212:4b00:41e:afc6: icmp_seq=685 ttl=63 time=351 ms
[1439564761.103903] no answer yet for icmp_seq=686
[1439564761.205705] 64 bytes from aaaa::212:4b00:41e:afc6: icmp_seq=687 ttl=63 time=101 ms
[1439564763.105828] no answer yet for icmp_seq=688
[1439564763.203299] 64 bytes from aaaa::212:4b00:41e:afc6: icmp_seq=689 ttl=63 time=97.3 ms
[1439564764.204761] 64 bytes from aaaa::212:4b00:41e:afc6: icmp_seq=690 ttl=63 time=97.4 ms
[1439564765.704577] 64 bytes from aaaa::212:4b00:41e:afc6: icmp_seq=691 ttl=63 time=595 ms
[1439564766.203396] 64 bytes from aaaa::212:4b00:41e:afc6: icmp_seq=692 ttl=63 time=93.2 ms
[1439564767.204799] 64 bytes from aaaa::212:4b00:41e:afc6: icmp_seq=693 ttl=63 time=93.3 ms
[1439564768.206602] 64 bytes from aaaa::212:4b00:41e:afc6: icmp_seq=694 ttl=63 time=93.7 ms
[1439564769.207010] 64 bytes from aaaa::212:4b00:41e:afc6: icmp_seq=695 ttl=63 time=93.1 ms
[1439564770.208308] 64 bytes from aaaa::212:4b00:41e:afc6: icmp_seq=696 ttl=63 time=93.2 ms
[1439564771.209686] 64 bytes from aaaa::212:4b00:41e:afc6: icmp_seq=697 ttl=63 time=93.2 ms
[1439564772.458192] 64 bytes from aaaa::212:4b00:41e:afc6: icmp_seq=698 ttl=63 time=341 ms
[1439564773.207091] 64 bytes from aaaa::212:4b00:41e:afc6: icmp_seq=699 ttl=63 time=89.0 ms
[1439564774.208019] 64 bytes from aaaa::212:4b00:41e:afc6: icmp_seq=700 ttl=63 time=88.8 ms
[1439564776.127853] no answer yet for icmp_seq=701
[1439564776.208453] 64 bytes from aaaa::212:4b00:41e:afc6: icmp_seq=702 ttl=63 time=80.4 ms
[1439564777.707840] 64 bytes from aaaa::212:4b00:41e:afc6: icmp_seq=703 ttl=63 time=578 ms
[1439564778.461073] 64 bytes from aaaa::212:4b00:41e:afc6: icmp_seq=704 ttl=63 time=330 ms
[1439564779.208329] 64 bytes from aaaa::212:4b00:41e:afc6: icmp_seq=705 ttl=63 time=76.3 ms
[1439564780.585326] 64 bytes from aaaa::212:4b00:41e:afc6: icmp_seq=706 ttl=63 time=452 ms
[1439564781.210814] 64 bytes from aaaa::212:4b00:41e:afc6: icmp_seq=707 ttl=63 time=76.7 ms
[1439564783.143844] no answer yet for icmp_seq=708
[1439564783.212203] 64 bytes from aaaa::212:4b00:41e:afc6: icmp_seq=709 ttl=63 time=68.2 ms
[1439564784.706199] 64 bytes from aaaa::212:4b00:41e:afc6: icmp_seq=710 ttl=63 time=560 ms
[1439564785.213514] 64 bytes from aaaa::212:4b00:41e:afc6: icmp_seq=711 ttl=63 time=67.7 ms
[1439564786.215475] 64 bytes from aaaa::212:4b00:41e:afc6: icmp_seq=712 ttl=63 time=67.8 ms
[1439564787.213202] 64 bytes from aaaa::212:4b00:41e:afc6: icmp_seq=713 ttl=63 time=63.5 ms
[1439564788.465578] 64 bytes from aaaa::212:4b00:41e:afc6: icmp_seq=714 ttl=63 time=314 ms
[1439564789.215908] 64 bytes from aaaa::212:4b00:41e:afc6: icmp_seq=715 ttl=63 time=63.5 ms
[1439564790.212966] 64 bytes from aaaa::212:4b00:41e:afc6: icmp_seq=716 ttl=63 time=59.3 ms
[1439564791.465603] 64 bytes from aaaa::212:4b00:41e:afc6: icmp_seq=717 ttl=63 time=310 ms
[1439564793.088841] 64 bytes from aaaa::212:4b00:41e:afc6: icmp_seq=718 ttl=63 time=932 ms
[1439564793.215896] 64 bytes from aaaa::212:4b00:41e:afc6: icmp_seq=719 ttl=63 time=59.7 ms
[1439564794.217286] 64 bytes from aaaa::212:4b00:41e:afc6: icmp_seq=720 ttl=63 time=59.3 ms
[1439564795.219131] 64 bytes from aaaa::212:4b00:41e:afc6: icmp_seq=721 ttl=63 time=59.6 ms
[1439564796.216883] 64 bytes from aaaa::212:4b00:41e:afc6: icmp_seq=722 ttl=63 time=55.5 ms
[1439564797.218340] 64 bytes from aaaa::212:4b00:41e:afc6: icmp_seq=723 ttl=63 time=55.3 ms
[1439564799.172016] no answer yet for icmp_seq=724
[1439564799.218800] 64 bytes from aaaa::212:4b00:41e:afc6: icmp_seq=725 ttl=63 time=46.7 ms
[1439564800.220710] 64 bytes from aaaa::212:4b00:41e:afc6: icmp_seq=726 ttl=63 time=46.7 ms
[1439564801.218073] 64 bytes from aaaa::212:4b00:41e:afc6: icmp_seq=727 ttl=63 time=42.2 ms
[1439564802.464037] 64 bytes from aaaa::212:4b00:41e:afc6: icmp_seq=728 ttl=63 time=286 ms
[1439564803.221464] 64 bytes from aaaa::212:4b00:41e:afc6: icmp_seq=729 ttl=63 time=42.5 ms
[1439564804.222787] 64 bytes from aaaa::212:4b00:41e:afc6: icmp_seq=730 ttl=63 time=42.2 ms
[1439564805.219909] 64 bytes from aaaa::212:4b00:41e:afc6: icmp_seq=731 ttl=63 time=38.0 ms
[1439564806.225510] 64 bytes from aaaa::212:4b00:41e:afc6: icmp_seq=732 ttl=63 time=42.5 ms
[1439564807.721593] 64 bytes from aaaa::212:4b00:41e:afc6: icmp_seq=733 ttl=63 time=537 ms
[1439564808.350482] 64 bytes from aaaa::212:4b00:41e:afc6: icmp_seq=734 ttl=63 time=165 ms
[1439564809.351679] 64 bytes from aaaa::212:4b00:41e:afc6: icmp_seq=735 ttl=63 time=165 ms
[1439564810.477351] 64 bytes from aaaa::212:4b00:41e:afc6: icmp_seq=736 ttl=63 time=289 ms
[1439564811.475886] 64 bytes from aaaa::212:4b00:41e:afc6: icmp_seq=737 ttl=63 time=286 ms
[1439564812.352225] 64 bytes from aaaa::212:4b00:41e:afc6: icmp_seq=738 ttl=63 time=161 ms
[1439564813.353244] 64 bytes from aaaa::212:4b00:41e:afc6: icmp_seq=739 ttl=63 time=160 ms
[1439564814.354176] 64 bytes from aaaa::212:4b00:41e:afc6: icmp_seq=740 ttl=63 time=160 ms
[1439564815.351482] 64 bytes from aaaa::212:4b00:41e:afc6: icmp_seq=741 ttl=63 time=157 ms
[1439564816.479606] 64 bytes from aaaa::212:4b00:41e:afc6: icmp_seq=742 ttl=63 time=284 ms
[1439564817.478764] 64 bytes from aaaa::212:4b00:41e:afc6: icmp_seq=743 ttl=63 time=282 ms
[1439564818.354517] 64 bytes from aaaa::212:4b00:41e:afc6: icmp_seq=744 ttl=63 time=156 ms
[1439564819.356214] 64 bytes from aaaa::212:4b00:41e:afc6: icmp_seq=745 ttl=63 time=156 ms
[1439564820.353862] 64 bytes from aaaa::212:4b00:41e:afc6: icmp_seq=746 ttl=63 time=152 ms
[1439564822.201872] no answer yet for icmp_seq=747
[1439564822.354631] 64 bytes from aaaa::212:4b00:41e:afc6: icmp_seq=748 ttl=63 time=152 ms
[1439564823.356123] 64 bytes from aaaa::212:4b00:41e:afc6: icmp_seq=749 ttl=63 time=152 ms
[1439564825.211841] no answer yet for icmp_seq=750
[1439564825.355875] 64 bytes from aaaa::212:4b00:41e:afc6: icmp_seq=751 ttl=63 time=143 ms
[1439564826.607983] 64 bytes from aaaa::212:4b00:41e:afc6: icmp_seq=752 ttl=63 time=395 ms
[1439564827.357845] 64 bytes from aaaa::212:4b00:41e:afc6: icmp_seq=753 ttl=63 time=144 ms
[1439564828.360086] 64 bytes from aaaa::212:4b00:41e:afc6: icmp_seq=754 ttl=63 time=145 ms
[1439564829.360046] 64 bytes from aaaa::212:4b00:41e:afc6: icmp_seq=755 ttl=63 time=143 ms
[1439564830.361154] 64 bytes from aaaa::212:4b00:41e:afc6: icmp_seq=756 ttl=63 time=144 ms
[1439564831.483374] 64 bytes from aaaa::212:4b00:41e:afc6: icmp_seq=757 ttl=63 time=265 ms
[1439564832.359354] 64 bytes from aaaa::212:4b00:41e:afc6: icmp_seq=758 ttl=63 time=139 ms
[1439564833.360197] 64 bytes from aaaa::212:4b00:41e:afc6: icmp_seq=759 ttl=63 time=139 ms
[1439564834.609920] 64 bytes from aaaa::212:4b00:41e:afc6: icmp_seq=760 ttl=63 time=387 ms
[1439564835.359434] 64 bytes from aaaa::212:4b00:41e:afc6: icmp_seq=761 ttl=63 time=135 ms
[1439564836.361144] 64 bytes from aaaa::212:4b00:41e:afc6: icmp_seq=762 ttl=63 time=135 ms
[1439564837.363174] 64 bytes from aaaa::212:4b00:41e:afc6: icmp_seq=763 ttl=63 time=135 ms
[1439564838.363005] 64 bytes from aaaa::212:4b00:41e:afc6: icmp_seq=764 ttl=63 time=135 ms
[1439564839.364435] 64 bytes from aaaa::212:4b00:41e:afc6: icmp_seq=765 ttl=63 time=135 ms
[1439564840.361772] 64 bytes from aaaa::212:4b00:41e:afc6: icmp_seq=766 ttl=63 time=131 ms
[1439564841.363256] 64 bytes from aaaa::212:4b00:41e:afc6: icmp_seq=767 ttl=63 time=131 ms
[1439564842.364776] 64 bytes from aaaa::212:4b00:41e:afc6: icmp_seq=768 ttl=63 time=131 ms
[1439564843.366004] 64 bytes from aaaa::212:4b00:41e:afc6: icmp_seq=769 ttl=63 time=131 ms
[1439564844.363109] 64 bytes from aaaa::212:4b00:41e:afc6: icmp_seq=770 ttl=63 time=127 ms
[1439564846.116121] 64 bytes from aaaa::212:4b00:41e:afc6: icmp_seq=771 ttl=63 time=878 ms
[1439564846.363690] 64 bytes from aaaa::212:4b00:41e:afc6: icmp_seq=772 ttl=63 time=127 ms
[1439564848.237747] no answer yet for icmp_seq=773
[1439564848.608850] 64 bytes from aaaa::212:4b00:41e:afc6: icmp_seq=774 ttl=63 time=371 ms
[1439564849.365561] 64 bytes from aaaa::212:4b00:41e:afc6: icmp_seq=775 ttl=63 time=127 ms
[1439564850.366662] 64 bytes from aaaa::212:4b00:41e:afc6: icmp_seq=776 ttl=63 time=127 ms
[1439564851.368271] 64 bytes from aaaa::212:4b00:41e:afc6: icmp_seq=777 ttl=63 time=127 ms
[1439564852.365148] 64 bytes from aaaa::212:4b00:41e:afc6: icmp_seq=778 ttl=63 time=122 ms
[1439564853.367006] 64 bytes from aaaa::212:4b00:41e:afc6: icmp_seq=779 ttl=63 time=122 ms
[1439564854.368700] 64 bytes from aaaa::212:4b00:41e:afc6: icmp_seq=780 ttl=63 time=122 ms
[1439564855.620682] 64 bytes from aaaa::212:4b00:41e:afc6: icmp_seq=781 ttl=63 time=373 ms
[1439564856.494133] 64 bytes from aaaa::212:4b00:41e:afc6: icmp_seq=782 ttl=63 time=245 ms
[1439564857.368774] 64 bytes from aaaa::212:4b00:41e:afc6: icmp_seq=783 ttl=63 time=118 ms
[1439564858.493785] 64 bytes from aaaa::212:4b00:41e:afc6: icmp_seq=784 ttl=63 time=241 ms
[1439564859.371263] 64 bytes from aaaa::212:4b00:41e:afc6: icmp_seq=785 ttl=63 time=118 ms
[1439564860.373015] 64 bytes from aaaa::212:4b00:41e:afc6: icmp_seq=786 ttl=63 time=118 ms
[1439564861.370392] 64 bytes from aaaa::212:4b00:41e:afc6: icmp_seq=787 ttl=63 time=114 ms
[1439564862.371894] 64 bytes from aaaa::212:4b00:41e:afc6: icmp_seq=788 ttl=63 time=114 ms
[1439564863.373552] 64 bytes from aaaa::212:4b00:41e:afc6: icmp_seq=789 ttl=63 time=114 ms
[1439564864.374829] 64 bytes from aaaa::212:4b00:41e:afc6: icmp_seq=790 ttl=63 time=114 ms
[1439564865.372053] 64 bytes from aaaa::212:4b00:41e:afc6: icmp_seq=791 ttl=63 time=110 ms
[1439564866.616802] 64 bytes from aaaa::212:4b00:41e:afc6: icmp_seq=792 ttl=63 time=353 ms
[1439564867.374152] 64 bytes from aaaa::212:4b00:41e:afc6: icmp_seq=793 ttl=63 time=110 ms
[1439564868.375526] 64 bytes from aaaa::212:4b00:41e:afc6: icmp_seq=794 ttl=63 time=110 ms
[1439564869.622793] 64 bytes from aaaa::212:4b00:41e:afc6: icmp_seq=795 ttl=63 time=356 ms
[1439564870.378160] 64 bytes from aaaa::212:4b00:41e:afc6: icmp_seq=796 ttl=63 time=110 ms
[1439564871.627287] 64 bytes from aaaa::212:4b00:41e:afc6: icmp_seq=797 ttl=63 time=358 ms
[1439564872.376289] 64 bytes from aaaa::212:4b00:41e:afc6: icmp_seq=798 ttl=63 time=106 ms
[1439564873.377314] 64 bytes from aaaa::212:4b00:41e:afc6: icmp_seq=799 ttl=63 time=105 ms
[1439564874.378615] 64 bytes from aaaa::212:4b00:41e:afc6: icmp_seq=800 ttl=63 time=106 ms
[1439564875.379793] 64 bytes from aaaa::212:4b00:41e:afc6: icmp_seq=801 ttl=63 time=106 ms
[1439564876.376524] 64 bytes from aaaa::212:4b00:41e:afc6: icmp_seq=802 ttl=63 time=101 ms
[1439564877.378413] 64 bytes from aaaa::212:4b00:41e:afc6: icmp_seq=803 ttl=63 time=101 ms
[1439564878.380287] 64 bytes from aaaa::212:4b00:41e:afc6: icmp_seq=804 ttl=63 time=101 ms
[1439564879.377601] 64 bytes from aaaa::212:4b00:41e:afc6: icmp_seq=805 ttl=63 time=97.3 ms
[1439564880.632287] 64 bytes from aaaa::212:4b00:41e:afc6: icmp_seq=806 ttl=63 time=350 ms
[1439564881.630054] 64 bytes from aaaa::212:4b00:41e:afc6: icmp_seq=807 ttl=63 time=347 ms
[1439564882.381290] 64 bytes from aaaa::212:4b00:41e:afc6: icmp_seq=808 ttl=63 time=97.4 ms
[1439564883.383048] 64 bytes from aaaa::212:4b00:41e:afc6: icmp_seq=809 ttl=63 time=97.6 ms
[1439564884.632039] 64 bytes from aaaa::212:4b00:41e:afc6: icmp_seq=810 ttl=63 time=344 ms
[1439564885.381413] 64 bytes from aaaa::212:4b00:41e:afc6: icmp_seq=811 ttl=63 time=93.6 ms
[1439564887.125837] 64 bytes from aaaa::212:4b00:41e:afc6: icmp_seq=812 ttl=63 time=836 ms
[1439564887.382681] 64 bytes from aaaa::212:4b00:41e:afc6: icmp_seq=813 ttl=63 time=93.4 ms
[1439564889.289759] no answer yet for icmp_seq=814
[1439564889.636222] 64 bytes from aaaa::212:4b00:41e:afc6: icmp_seq=815 ttl=63 time=346 ms
[1439564890.758297] 64 bytes from aaaa::212:4b00:41e:afc6: icmp_seq=816 ttl=63 time=467 ms
[1439564891.384799] 64 bytes from aaaa::212:4b00:41e:afc6: icmp_seq=817 ttl=63 time=93.2 ms
[1439564892.386182] 64 bytes from aaaa::212:4b00:41e:afc6: icmp_seq=818 ttl=63 time=93.3 ms
[1439564893.387653] 64 bytes from aaaa::212:4b00:41e:afc6: icmp_seq=819 ttl=63 time=93.3 ms
[1439564894.384980] 64 bytes from aaaa::212:4b00:41e:afc6: icmp_seq=820 ttl=63 time=89.3 ms
[1439564895.386198] 64 bytes from aaaa::212:4b00:41e:afc6: icmp_seq=821 ttl=63 time=89.0 ms
[1439564896.387446] 64 bytes from aaaa::212:4b00:41e:afc6: icmp_seq=822 ttl=63 time=89.1 ms
[1439564897.635565] 64 bytes from aaaa::212:4b00:41e:afc6: icmp_seq=823 ttl=63 time=336 ms
[1439564899.307858] no answer yet for icmp_seq=824
[1439564899.388496] 64 bytes from aaaa::212:4b00:41e:afc6: icmp_seq=825 ttl=63 time=80.5 ms
[1439564900.390073] 64 bytes from aaaa::212:4b00:41e:afc6: icmp_seq=826 ttl=63 time=80.4 ms
[1439564901.649677] 64 bytes from aaaa::212:4b00:41e:afc6: icmp_seq=827 ttl=63 time=338 ms
[1439564902.765933] 64 bytes from aaaa::212:4b00:41e:afc6: icmp_seq=828 ttl=63 time=453 ms
[1439564903.389963] 64 bytes from aaaa::212:4b00:41e:afc6: icmp_seq=829 ttl=63 time=76.2 ms
[1439564904.391615] 64 bytes from aaaa::212:4b00:41e:afc6: icmp_seq=830 ttl=63 time=76.6 ms
[1439564905.393179] 64 bytes from aaaa::212:4b00:41e:afc6: icmp_seq=831 ttl=63 time=76.4 ms
[1439564906.394454] 64 bytes from aaaa::212:4b00:41e:afc6: icmp_seq=832 ttl=63 time=76.1 ms
[1439564907.391692] 64 bytes from aaaa::212:4b00:41e:afc6: icmp_seq=833 ttl=63 time=72.1 ms
[1439564908.392949] 64 bytes from aaaa::212:4b00:41e:afc6: icmp_seq=834 ttl=63 time=72.1 ms
[1439564909.394373] 64 bytes from aaaa::212:4b00:41e:afc6: icmp_seq=835 ttl=63 time=72.3 ms
[1439564910.391311] 64 bytes from aaaa::212:4b00:41e:afc6: icmp_seq=836 ttl=63 time=67.8 ms
[1439564911.393452] 64 bytes from aaaa::212:4b00:41e:afc6: icmp_seq=837 ttl=63 time=67.9 ms
[1439564912.394908] 64 bytes from aaaa::212:4b00:41e:afc6: icmp_seq=838 ttl=63 time=68.3 ms
[1439564913.395972] 64 bytes from aaaa::212:4b00:41e:afc6: icmp_seq=839 ttl=63 time=67.9 ms
[1439564914.396759] 64 bytes from aaaa::212:4b00:41e:afc6: icmp_seq=840 ttl=63 time=67.7 ms
[1439564915.394470] 64 bytes from aaaa::212:4b00:41e:afc6: icmp_seq=841 ttl=63 time=63.6 ms
[1439564916.647697] 64 bytes from aaaa::212:4b00:41e:afc6: icmp_seq=842 ttl=63 time=315 ms
[1439564917.397403] 64 bytes from aaaa::212:4b00:41e:afc6: icmp_seq=843 ttl=63 time=63.6 ms
[1439564918.394825] 64 bytes from aaaa::212:4b00:41e:afc6: icmp_seq=844 ttl=63 time=59.3 ms
[1439564919.396132] 64 bytes from aaaa::212:4b00:41e:afc6: icmp_seq=845 ttl=63 time=59.2 ms
[1439564921.337792] no answer yet for icmp_seq=846
[1439564921.398095] 64 bytes from aaaa::212:4b00:41e:afc6: icmp_seq=847 ttl=63 time=60.1 ms
[1439564922.641976] 64 bytes from aaaa::212:4b00:41e:afc6: icmp_seq=848 ttl=63 time=302 ms
[1439564923.400337] 64 bytes from aaaa::212:4b00:41e:afc6: icmp_seq=849 ttl=63 time=59.4 ms
[1439564924.401563] 64 bytes from aaaa::212:4b00:41e:afc6: icmp_seq=850 ttl=63 time=59.1 ms
[1439564925.398830] 64 bytes from aaaa::212:4b00:41e:afc6: icmp_seq=851 ttl=63 time=55.1 ms
[1439564926.400086] 64 bytes from aaaa::212:4b00:41e:afc6: icmp_seq=852 ttl=63 time=55.1 ms
[1439564927.401201] 64 bytes from aaaa::212:4b00:41e:afc6: icmp_seq=853 ttl=63 time=55.0 ms
[1439564928.900704] 64 bytes from aaaa::212:4b00:41e:afc6: icmp_seq=854 ttl=63 time=553 ms
[1439564929.403269] 64 bytes from aaaa::212:4b00:41e:afc6: icmp_seq=855 ttl=63 time=55.0 ms
[1439564930.653278] 64 bytes from aaaa::212:4b00:41e:afc6: icmp_seq=856 ttl=63 time=303 ms
[1439564931.896530] 64 bytes from aaaa::212:4b00:41e:afc6: icmp_seq=857 ttl=63 time=546 ms
[1439564932.402601] 64 bytes from aaaa::212:4b00:41e:afc6: icmp_seq=858 ttl=63 time=51.4 ms
[1439564933.777377] 64 bytes from aaaa::212:4b00:41e:afc6: icmp_seq=859 ttl=63 time=424 ms
[1439564934.404918] 64 bytes from aaaa::212:4b00:41e:afc6: icmp_seq=860 ttl=63 time=50.8 ms
[1439564935.653729] 64 bytes from aaaa::212:4b00:41e:afc6: icmp_seq=861 ttl=63 time=297 ms
[1439564936.404212] 64 bytes from aaaa::212:4b00:41e:afc6: icmp_seq=862 ttl=63 time=46.5 ms
[1439564937.405976] 64 bytes from aaaa::212:4b00:41e:afc6: icmp_seq=863 ttl=63 time=46.6 ms
[1439564939.367842] no answer yet for icmp_seq=864
[1439564939.533058] 64 bytes from aaaa::212:4b00:41e:afc6: icmp_seq=865 ttl=63 time=165 ms
[1439564940.534348] 64 bytes from aaaa::212:4b00:41e:afc6: icmp_seq=866 ttl=63 time=165 ms
[1439564941.531516] 64 bytes from aaaa::212:4b00:41e:afc6: icmp_seq=867 ttl=63 time=161 ms
[1439564942.532496] 64 bytes from aaaa::212:4b00:41e:afc6: icmp_seq=868 ttl=63 time=161 ms
[1439564943.659732] 64 bytes from aaaa::212:4b00:41e:afc6: icmp_seq=869 ttl=63 time=287 ms
[1439564944.534602] 64 bytes from aaaa::212:4b00:41e:afc6: icmp_seq=870 ttl=63 time=161 ms
[1439564945.786608] 64 bytes from aaaa::212:4b00:41e:afc6: icmp_seq=871 ttl=63 time=411 ms
[1439564946.536479] 64 bytes from aaaa::212:4b00:41e:afc6: icmp_seq=872 ttl=63 time=161 ms
[1439564947.537513] 64 bytes from aaaa::212:4b00:41e:afc6: icmp_seq=873 ttl=63 time=161 ms
[1439564948.778749] 64 bytes from aaaa::212:4b00:41e:afc6: icmp_seq=874 ttl=63 time=401 ms
[1439564949.779229] 64 bytes from aaaa::212:4b00:41e:afc6: icmp_seq=875 ttl=63 time=400 ms
[1439564950.788792] 64 bytes from aaaa::212:4b00:41e:afc6: icmp_seq=876 ttl=63 time=408 ms
[1439564951.661870] 64 bytes from aaaa::212:4b00:41e:afc6: icmp_seq=877 ttl=63 time=280 ms
[1439564952.535360] 64 bytes from aaaa::212:4b00:41e:afc6: icmp_seq=878 ttl=63 time=152 ms
[1439564953.780609] 64 bytes from aaaa::212:4b00:41e:afc6: icmp_seq=879 ttl=63 time=396 ms
[1439564954.787725] 64 bytes from aaaa::212:4b00:41e:afc6: icmp_seq=880 ttl=63 time=402 ms
[1439564955.539102] 64 bytes from aaaa::212:4b00:41e:afc6: icmp_seq=881 ttl=63 time=152 ms
[1439564956.540735] 64 bytes from aaaa::212:4b00:41e:afc6: icmp_seq=882 ttl=63 time=152 ms
[1439564957.538111] 64 bytes from aaaa::212:4b00:41e:afc6: icmp_seq=883 ttl=63 time=148 ms
[1439564959.158203] 64 bytes from aaaa::212:4b00:41e:afc6: icmp_seq=884 ttl=63 time=767 ms
[1439564959.539054] 64 bytes from aaaa::212:4b00:41e:afc6: icmp_seq=885 ttl=63 time=148 ms
[1439564960.540355] 64 bytes from aaaa::212:4b00:41e:afc6: icmp_seq=886 ttl=63 time=148 ms
[1439564961.915108] 64 bytes from aaaa::212:4b00:41e:afc6: icmp_seq=887 ttl=63 time=521 ms
[1439564963.393815] no answer yet for icmp_seq=888
[1439564963.793768] 64 bytes from aaaa::212:4b00:41e:afc6: icmp_seq=889 ttl=63 time=399 ms
[1439564964.543683] 64 bytes from aaaa::212:4b00:41e:afc6: icmp_seq=890 ttl=63 time=148 ms
[1439564965.544994] 64 bytes from aaaa::212:4b00:41e:afc6: icmp_seq=891 ttl=63 time=148 ms
[1439564966.542124] 64 bytes from aaaa::212:4b00:41e:afc6: icmp_seq=892 ttl=63 time=144 ms
[1439564967.543123] 64 bytes from aaaa::212:4b00:41e:afc6: icmp_seq=893 ttl=63 time=144 ms
[1439564968.544221] 64 bytes from aaaa::212:4b00:41e:afc6: icmp_seq=894 ttl=63 time=144 ms
[1439564969.788268] 64 bytes from aaaa::212:4b00:41e:afc6: icmp_seq=895 ttl=63 time=387 ms
[1439564970.546151] 64 bytes from aaaa::212:4b00:41e:afc6: icmp_seq=896 ttl=63 time=144 ms
[1439564971.793523] 64 bytes from aaaa::212:4b00:41e:afc6: icmp_seq=897 ttl=63 time=391 ms
[1439564972.547389] 64 bytes from aaaa::212:4b00:41e:afc6: icmp_seq=898 ttl=63 time=144 ms
[1439564973.547789] 64 bytes from aaaa::212:4b00:41e:afc6: icmp_seq=899 ttl=63 time=144 ms
[1439564974.798505] 64 bytes from aaaa::212:4b00:41e:afc6: icmp_seq=900 ttl=63 time=393 ms
[1439564975.546375] 64 bytes from aaaa::212:4b00:41e:afc6: icmp_seq=901 ttl=63 time=140 ms
[1439564976.547376] 64 bytes from aaaa::212:4b00:41e:afc6: icmp_seq=902 ttl=63 time=139 ms
[1439564977.548383] 64 bytes from aaaa::212:4b00:41e:afc6: icmp_seq=903 ttl=63 time=139 ms
[1439564978.549384] 64 bytes from aaaa::212:4b00:41e:afc6: icmp_seq=904 ttl=63 time=139 ms
[1439564979.550067] 64 bytes from aaaa::212:4b00:41e:afc6: icmp_seq=905 ttl=63 time=139 ms
[1439564980.798757] 64 bytes from aaaa::212:4b00:41e:afc6: icmp_seq=906 ttl=63 time=386 ms
[1439564981.549632] 64 bytes from aaaa::212:4b00:41e:afc6: icmp_seq=907 ttl=63 time=136 ms
[1439564982.550261] 64 bytes from aaaa::212:4b00:41e:afc6: icmp_seq=908 ttl=63 time=135 ms
[1439564983.552012] 64 bytes from aaaa::212:4b00:41e:afc6: icmp_seq=909 ttl=63 time=135 ms
[1439564984.675933] 64 bytes from aaaa::212:4b00:41e:afc6: icmp_seq=910 ttl=63 time=257 ms
[1439564985.554508] 64 bytes from aaaa::212:4b00:41e:afc6: icmp_seq=911 ttl=63 time=135 ms
[1439564986.551882] 64 bytes from aaaa::212:4b00:41e:afc6: icmp_seq=912 ttl=63 time=131 ms
[1439564987.553057] 64 bytes from aaaa::212:4b00:41e:afc6: icmp_seq=913 ttl=63 time=131 ms
[1439564988.677770] 64 bytes from aaaa::212:4b00:41e:afc6: icmp_seq=914 ttl=63 time=254 ms
[1439564989.681029] 64 bytes from aaaa::212:4b00:41e:afc6: icmp_seq=915 ttl=63 time=256 ms
[1439564990.803521] 64 bytes from aaaa::212:4b00:41e:afc6: icmp_seq=916 ttl=63 time=378 ms
[1439564991.679060] 64 bytes from aaaa::212:4b00:41e:afc6: icmp_seq=917 ttl=63 time=252 ms
[1439564992.555168] 64 bytes from aaaa::212:4b00:41e:afc6: icmp_seq=918 ttl=63 time=127 ms
[1439564993.556399] 64 bytes from aaaa::212:4b00:41e:afc6: icmp_seq=919 ttl=63 time=127 ms
[1439564994.799275] 64 bytes from aaaa::212:4b00:41e:afc6: icmp_seq=920 ttl=63 time=368 ms
[1439564995.558899] 64 bytes from aaaa::212:4b00:41e:afc6: icmp_seq=921 ttl=63 time=127 ms
[1439564996.805159] 64 bytes from aaaa::212:4b00:41e:afc6: icmp_seq=922 ttl=63 time=372 ms
[1439564998.050799] 64 bytes from aaaa::212:4b00:41e:afc6: icmp_seq=923 ttl=63 time=616 ms
[1439564998.557286] 64 bytes from aaaa::212:4b00:41e:afc6: icmp_seq=924 ttl=63 time=122 ms
[1439564999.558097] 64 bytes from aaaa::212:4b00:41e:afc6: icmp_seq=925 ttl=63 time=122 ms
[1439565001.443919] no answer yet for icmp_seq=926
[1439565001.558526] 64 bytes from aaaa::212:4b00:41e:afc6: icmp_seq=927 ttl=63 time=114 ms
[1439565002.684907] 64 bytes from aaaa::212:4b00:41e:afc6: icmp_seq=928 ttl=63 time=239 ms
[1439565003.560286] 64 bytes from aaaa::212:4b00:41e:afc6: icmp_seq=929 ttl=63 time=114 ms
[1439565004.561585] 64 bytes from aaaa::212:4b00:41e:afc6: icmp_seq=930 ttl=63 time=114 ms
[1439565005.811535] 64 bytes from aaaa::212:4b00:41e:afc6: icmp_seq=931 ttl=63 time=362 ms
[1439565006.687176] 64 bytes from aaaa::212:4b00:41e:afc6: icmp_seq=932 ttl=63 time=236 ms
[1439565007.562410] 64 bytes from aaaa::212:4b00:41e:afc6: icmp_seq=933 ttl=63 time=110 ms
[1439565008.688420] 64 bytes from aaaa::212:4b00:41e:afc6: icmp_seq=934 ttl=63 time=234 ms
[1439565009.564342] 64 bytes from aaaa::212:4b00:41e:afc6: icmp_seq=935 ttl=63 time=110 ms
[1439565010.688168] 64 bytes from aaaa::212:4b00:41e:afc6: icmp_seq=936 ttl=63 time=232 ms
[1439565011.563041] 64 bytes from aaaa::212:4b00:41e:afc6: icmp_seq=937 ttl=63 time=105 ms
[1439565012.807663] 64 bytes from aaaa::212:4b00:41e:afc6: icmp_seq=938 ttl=63 time=349 ms
[1439565013.565927] 64 bytes from aaaa::212:4b00:41e:afc6: icmp_seq=939 ttl=63 time=106 ms
[1439565014.815803] 64 bytes from aaaa::212:4b00:41e:afc6: icmp_seq=940 ttl=63 time=354 ms
[1439565015.564937] 64 bytes from aaaa::212:4b00:41e:afc6: icmp_seq=941 ttl=63 time=102 ms
[1439565016.690446] 64 bytes from aaaa::212:4b00:41e:afc6: icmp_seq=942 ttl=63 time=226 ms
[1439565018.191060] 64 bytes from aaaa::212:4b00:41e:afc6: icmp_seq=943 ttl=63 time=725 ms
[1439565019.471827] no answer yet for icmp_seq=944
[1439565019.564983] 64 bytes from aaaa::212:4b00:41e:afc6: icmp_seq=945 ttl=63 time=93.1 ms
[1439565020.690933] 64 bytes from aaaa::212:4b00:41e:afc6: icmp_seq=946 ttl=63 time=218 ms
[1439565021.567197] 64 bytes from aaaa::212:4b00:41e:afc6: icmp_seq=947 ttl=63 time=93.3 ms
[1439565023.483864] no answer yet for icmp_seq=948
[1439565023.569056] 64 bytes from aaaa::212:4b00:41e:afc6: icmp_seq=949 ttl=63 time=85.0 ms
[1439565024.569747] 64 bytes from aaaa::212:4b00:41e:afc6: icmp_seq=950 ttl=63 time=84.6 ms
[1439565025.571671] 64 bytes from aaaa::212:4b00:41e:afc6: icmp_seq=951 ttl=63 time=84.8 ms
[1439565026.572924] 64 bytes from aaaa::212:4b00:41e:afc6: icmp_seq=952 ttl=63 time=84.7 ms
[1439565027.571203] 64 bytes from aaaa::212:4b00:41e:afc6: icmp_seq=953 ttl=63 time=81.1 ms
[1439565028.572435] 64 bytes from aaaa::212:4b00:41e:afc6: icmp_seq=954 ttl=63 time=81.0 ms
[1439565029.573007] 64 bytes from aaaa::212:4b00:41e:afc6: icmp_seq=955 ttl=63 time=80.5 ms
[1439565030.570431] 64 bytes from aaaa::212:4b00:41e:afc6: icmp_seq=956 ttl=63 time=76.3 ms
[1439565031.571927] 64 bytes from aaaa::212:4b00:41e:afc6: icmp_seq=957 ttl=63 time=76.3 ms
[1439565032.573776] 64 bytes from aaaa::212:4b00:41e:afc6: icmp_seq=958 ttl=63 time=76.7 ms
[1439565033.570787] 64 bytes from aaaa::212:4b00:41e:afc6: icmp_seq=959 ttl=63 time=71.9 ms
[1439565034.576061] 64 bytes from aaaa::212:4b00:41e:afc6: icmp_seq=960 ttl=63 time=76.2 ms
[1439565036.507972] no answer yet for icmp_seq=961
[1439565036.575934] 64 bytes from aaaa::212:4b00:41e:afc6: icmp_seq=962 ttl=63 time=67.8 ms
[1439565037.573849] 64 bytes from aaaa::212:4b00:41e:afc6: icmp_seq=963 ttl=63 time=63.7 ms
[1439565038.575486] 64 bytes from aaaa::212:4b00:41e:afc6: icmp_seq=964 ttl=63 time=63.5 ms
[1439565040.519961] no answer yet for icmp_seq=965
[1439565040.575317] 64 bytes from aaaa::212:4b00:41e:afc6: icmp_seq=966 ttl=63 time=55.2 ms
[1439565041.576591] 64 bytes from aaaa::212:4b00:41e:afc6: icmp_seq=967 ttl=63 time=55.1 ms
[1439565042.578202] 64 bytes from aaaa::212:4b00:41e:afc6: icmp_seq=968 ttl=63 time=55.5 ms
[1439565043.829437] 64 bytes from aaaa::212:4b00:41e:afc6: icmp_seq=969 ttl=63 time=305 ms
[1439565044.580256] 64 bytes from aaaa::212:4b00:41e:afc6: icmp_seq=970 ttl=63 time=55.0 ms
[1439565045.577196] 64 bytes from aaaa::212:4b00:41e:afc6: icmp_seq=971 ttl=63 time=50.9 ms
[1439565046.578332] 64 bytes from aaaa::212:4b00:41e:afc6: icmp_seq=972 ttl=63 time=50.9 ms
[1439565047.579201] 64 bytes from aaaa::212:4b00:41e:afc6: icmp_seq=973 ttl=63 time=50.7 ms
[1439565049.529752] no answer yet for icmp_seq=974
[1439565049.580626] 64 bytes from aaaa::212:4b00:41e:afc6: icmp_seq=975 ttl=63 time=50.8 ms
[1439565050.582700] 64 bytes from aaaa::212:4b00:41e:afc6: icmp_seq=976 ttl=63 time=50.9 ms
[1439565051.579938] 64 bytes from aaaa::212:4b00:41e:afc6: icmp_seq=977 ttl=63 time=47.1 ms
[1439565052.581208] 64 bytes from aaaa::212:4b00:41e:afc6: icmp_seq=978 ttl=63 time=47.1 ms
[1439565053.582447] 64 bytes from aaaa::212:4b00:41e:afc6: icmp_seq=979 ttl=63 time=47.0 ms
[1439565054.583009] 64 bytes from aaaa::212:4b00:41e:afc6: icmp_seq=980 ttl=63 time=46.5 ms
[1439565055.580583] 64 bytes from aaaa::212:4b00:41e:afc6: icmp_seq=981 ttl=63 time=42.4 ms
[1439565056.582115] 64 bytes from aaaa::212:4b00:41e:afc6: icmp_seq=982 ttl=63 time=42.4 ms
[1439565058.547952] no answer yet for icmp_seq=983
[1439565059.086847] 64 bytes from aaaa::212:4b00:41e:afc6: icmp_seq=984 ttl=63 time=538 ms
[1439565059.709327] 64 bytes from aaaa::212:4b00:41e:afc6: icmp_seq=985 ttl=63 time=160 ms
[1439565060.711079] 64 bytes from aaaa::212:4b00:41e:afc6: icmp_seq=986 ttl=63 time=161 ms
[1439565061.711594] 64 bytes from aaaa::212:4b00:41e:afc6: icmp_seq=987 ttl=63 time=160 ms
[1439565063.086328] 64 bytes from aaaa::212:4b00:41e:afc6: icmp_seq=988 ttl=63 time=534 ms
[1439565064.212040] 64 bytes from aaaa::212:4b00:41e:afc6: icmp_seq=989 ttl=63 time=660 ms
[1439565064.712460] 64 bytes from aaaa::212:4b00:41e:afc6: icmp_seq=990 ttl=63 time=160 ms
[1439565065.836343] 64 bytes from aaaa::212:4b00:41e:afc6: icmp_seq=991 ttl=63 time=283 ms
[1439565066.840605] 64 bytes from aaaa::212:4b00:41e:afc6: icmp_seq=992 ttl=63 time=287 ms
[1439565067.837587] 64 bytes from aaaa::212:4b00:41e:afc6: icmp_seq=993 ttl=63 time=283 ms
[1439565068.957341] 64 bytes from aaaa::212:4b00:41e:afc6: icmp_seq=994 ttl=63 time=401 ms
[1439565069.714209] 64 bytes from aaaa::212:4b00:41e:afc6: icmp_seq=995 ttl=63 time=157 ms
[1439565070.958475] 64 bytes from aaaa::212:4b00:41e:afc6: icmp_seq=996 ttl=63 time=400 ms
[1439565071.716124] 64 bytes from aaaa::212:4b00:41e:afc6: icmp_seq=997 ttl=63 time=156 ms
[1439565072.717980] 64 bytes from aaaa::212:4b00:41e:afc6: icmp_seq=998 ttl=63 time=156 ms
[1439565073.715667] 64 bytes from aaaa::212:4b00:41e:afc6: icmp_seq=999 ttl=63 time=152 ms
[1439565074.840348] 64 bytes from aaaa::212:4b00:41e:afc6: icmp_seq=1000 ttl=63 time=275 ms

--- aaaa::212:4b00:41e:afc6 ping statistics ---
1000 packets transmitted, 945 received, 5% packet loss, time 1000372ms
rtt min/avg/max/mdev = 38.021/194.572/1742.621/206.461 ms, pipe 2
