Contiki-3.0
TI SmartRF06 + cc2538EM
 Net: sicslowpan
 MAC: CSMA
 RDC: ContikiMAC
Rime configured with address 00:12:4b:00:04:1e:af:c6
Random AES-128 implementation test for cc2538dk.
Using Contiki software implementation.
Rounds in each sample: 200
Sample size: 100
Rtimer clock ticks per second on this platform is : 32768
3884
3879
3880
3878
3880
3878
3894
3878
3896
3878
3879
3878
3880
3880
3878
3879
3881
3881
3880
3880
3880
3878
3881
3880
3877
3881
3879
3878
3880
3881
3879
3880
3878
3879
3880
3881
3879
3881
3880
3882
3881
3881
3880
3880
3882
3880
3879
3878
3879
3880
3876
3881
3880
3882
3879
3882
3878
3878
3882
3880
3879
3880
3880
3879
3878
3878
3881
3880
3894
3878
3879
3878
3880
3880
3880
3877
3878
3882
3879
3879
3878
3880
3880
3881
3880
3881
3880
3878
3877
3878
3879
3880
3877
3879
3880
3878
3880
3880
3878
3880
100 tests done for cc2538dk.
