Contiki-3.0
TI SmartRF06 + cc2538EM
 Net: sicslowpan
 MAC: CSMA
 RDC: ContikiMAC
Rime configured with address 00:12:4b:00:04:1e:af:c6
Random AES-128 implementation test for cc2538dk.
Using Contiki software implementation.
Rounds in each sample: 150
Sample size: 100
Rtimer clock ticks per second on this platform is : 32768
2900
2914
2914
2913
2915
2914
2914
2914
2914
2914
2914
2914
2913
2914
2914
2915
2913
2912
2912
2914
2910
2913
2915
2913
2914
2913
2913
2913
2914
2913
2913
2913
2914
2915
2914
2913
2914
2913
2914
2915
2913
2913
2913
2912
2913
2912
2915
2913
2915
2914
2914
2915
2914
2914
2912
2914
2917
2914
2915
2913
2899
2913
2913
2913
2914
2915
2912
2910
2914
2913
2914
2913
2914
2914
2913
2912
2913
2914
2911
2913
2916
2912
2913
2913
2914
2912
2914
2913
2914
2914
2911
2913
2914
2914
2916
2912
2913
2915
2913
2914
100 tests done for cc2538dk.
