Contiki-3.0
TI SmartRF06 + cc2538EM
 Net: sicslowpan
 MAC: CSMA
 RDC: ContikiMAC
Rime configured with address 00:12:4b:00:04:1e:af:c6
Random AES-128 implementation test for cc2538dk.
Using Contiki software implementation.
Rounds in each sample: 50
Sample size: 100
Rtimer clock ticks per second on this platform is : 32768
966
982
982
981
982
981
981
982
982
981
982
981
981
982
982
980
982
982
981
982
982
981
982
983
981
981
982
981
982
981
981
982
981
981
982
983
982
981
981
980
982
982
981
982
982
982
982
981
981
981
981
981
981
982
982
981
981
981
982
982
966
982
982
982
982
981
980
982
982
980
982
981
982
982
981
982
981
982
982
981
981
981
983
982
981
982
981
981
982
994
981
981
982
981
981
982
981
982
981
981
100 tests done for cc2538dk.
