Rime started with address 0.18.116.0.14.50.241.215
MAC 00:12:74:00:0e:32:f1:d7 Contiki-3.0 started. Node id is not set.
noncoresec CSMA ContikiMAC, channel check rate 8 Hz, radio channel 26, CCA threshold -45
Tentative link-local IPv6 address fe80:0000:0000:0000:0212:7400:0e32:f1d7
Starting 'aestest'
Random AES-128 implementation test for sky.
Using Contiki software implementation.
Rounds in each sample: 200
Sample size: 100
Rtimer clock ticks per second on this platform is : 32768
18332
18287
18286
18290
18290
18289
18293
18294
18290
18292
18292
18291
18293
18294
18325
18297
18295
18296
18297
18298
18295
18298
18297
18296
18299
18299
18296
18298
18298
18298
18302
18298
18298
18297
18300
18299
18302
18301
18299
18303
18302
18300
18306
18302
18303
18305
18302
18304
18305
18302
18301
18307
18338
18305
18307
18307
18308
18310
18310
18307
18310
18311
18308
18311
18311
18306
18311
18312
18319
18311
18309
18309
18313
18314
18312
18312
18311
18314
18315
18311
18310
18317
18315
18312
18314
18312
18315
18312
18313
18309
18249
18244
18245
18250
18248
18247
18250
18278
18246
18251
100 tests done for sky.
