PING aaaa::212:4b00:41e:afc6(aaaa::212:4b00:41e:afc6) 56 data bytes
[1438181173.952469] 64 bytes from aaaa::212:4b00:41e:afc6: icmp_seq=1 ttl=63 time=63.4 ms
[1438181174.954529] 64 bytes from aaaa::212:4b00:41e:afc6: icmp_seq=2 ttl=63 time=64.0 ms
[1438181176.206035] 64 bytes from aaaa::212:4b00:41e:afc6: icmp_seq=3 ttl=63 time=314 ms
[1438181176.955931] 64 bytes from aaaa::212:4b00:41e:afc6: icmp_seq=4 ttl=63 time=63.9 ms
[1438181177.957047] 64 bytes from aaaa::212:4b00:41e:afc6: icmp_seq=5 ttl=63 time=63.9 ms
[1438181178.957036] 64 bytes from aaaa::212:4b00:41e:afc6: icmp_seq=6 ttl=63 time=63.4 ms
[1438181179.957992] 64 bytes from aaaa::212:4b00:41e:afc6: icmp_seq=7 ttl=63 time=63.5 ms
[1438181181.451121] 64 bytes from aaaa::212:4b00:41e:afc6: icmp_seq=8 ttl=63 time=554 ms
[1438181182.457217] 64 bytes from aaaa::212:4b00:41e:afc6: icmp_seq=9 ttl=63 time=561 ms
[1438181182.959729] 64 bytes from aaaa::212:4b00:41e:afc6: icmp_seq=10 ttl=63 time=63.9 ms
[1438181184.835874] 64 bytes from aaaa::212:4b00:41e:afc6: icmp_seq=11 ttl=63 time=938 ms
[1438181184.960120] 64 bytes from aaaa::212:4b00:41e:afc6: icmp_seq=12 ttl=63 time=63.9 ms
[1438181186.065372] 64 bytes from aaaa::212:4b00:41e:afc6: icmp_seq=13 ttl=63 time=168 ms
[1438181186.960993] 64 bytes from aaaa::212:4b00:41e:afc6: icmp_seq=14 ttl=63 time=63.6 ms
[1438181187.962125] 64 bytes from aaaa::212:4b00:41e:afc6: icmp_seq=15 ttl=63 time=63.7 ms
[1438181188.963747] 64 bytes from aaaa::212:4b00:41e:afc6: icmp_seq=16 ttl=63 time=63.4 ms
[1438181190.211758] 64 bytes from aaaa::212:4b00:41e:afc6: icmp_seq=17 ttl=63 time=309 ms
[1438181190.960910] 64 bytes from aaaa::212:4b00:41e:afc6: icmp_seq=18 ttl=63 time=59.2 ms
[1438181192.205632] 64 bytes from aaaa::212:4b00:41e:afc6: icmp_seq=19 ttl=63 time=302 ms
[1438181192.962897] 64 bytes from aaaa::212:4b00:41e:afc6: icmp_seq=20 ttl=63 time=59.3 ms
[1438181193.964752] 64 bytes from aaaa::212:4b00:41e:afc6: icmp_seq=21 ttl=63 time=59.7 ms
[1438181194.965612] 64 bytes from aaaa::212:4b00:41e:afc6: icmp_seq=22 ttl=63 time=59.2 ms
[1438181195.962750] 64 bytes from aaaa::212:4b00:41e:afc6: icmp_seq=23 ttl=63 time=55.0 ms
[1438181196.964001] 64 bytes from aaaa::212:4b00:41e:afc6: icmp_seq=24 ttl=63 time=55.1 ms
[1438181198.216022] 64 bytes from aaaa::212:4b00:41e:afc6: icmp_seq=25 ttl=63 time=305 ms
[1438181199.459031] 64 bytes from aaaa::212:4b00:41e:afc6: icmp_seq=26 ttl=63 time=549 ms
[1438181200.215724] 64 bytes from aaaa::212:4b00:41e:afc6: icmp_seq=27 ttl=63 time=306 ms
[1438181200.968711] 64 bytes from aaaa::212:4b00:41e:afc6: icmp_seq=28 ttl=63 time=59.0 ms
[1438181202.217895] 64 bytes from aaaa::212:4b00:41e:afc6: icmp_seq=29 ttl=63 time=307 ms
[1438181202.965772] 64 bytes from aaaa::212:4b00:41e:afc6: icmp_seq=30 ttl=63 time=55.0 ms
[1438181203.966782] 64 bytes from aaaa::212:4b00:41e:afc6: icmp_seq=31 ttl=63 time=54.8 ms
[1438181205.211263] 64 bytes from aaaa::212:4b00:41e:afc6: icmp_seq=32 ttl=63 time=298 ms
[1438181205.968084] 64 bytes from aaaa::212:4b00:41e:afc6: icmp_seq=33 ttl=63 time=55.0 ms
[1438181206.969087] 64 bytes from aaaa::212:4b00:41e:afc6: icmp_seq=34 ttl=63 time=54.9 ms
[1438181207.969536] 64 bytes from aaaa::212:4b00:41e:afc6: icmp_seq=35 ttl=63 time=55.0 ms
[1438181208.970055] 64 bytes from aaaa::212:4b00:41e:afc6: icmp_seq=36 ttl=63 time=55.0 ms
[1438181210.719587] 64 bytes from aaaa::212:4b00:41e:afc6: icmp_seq=37 ttl=63 time=803 ms
[1438181210.970869] 64 bytes from aaaa::212:4b00:41e:afc6: icmp_seq=38 ttl=63 time=54.9 ms
[1438181211.972010] 64 bytes from aaaa::212:4b00:41e:afc6: icmp_seq=39 ttl=63 time=55.0 ms
[1438181212.972921] 64 bytes from aaaa::212:4b00:41e:afc6: icmp_seq=40 ttl=63 time=54.8 ms
[1438181213.970770] 64 bytes from aaaa::212:4b00:41e:afc6: icmp_seq=41 ttl=63 time=50.7 ms
[1438181214.972773] 64 bytes from aaaa::212:4b00:41e:afc6: icmp_seq=42 ttl=63 time=50.8 ms
[1438181215.974661] 64 bytes from aaaa::212:4b00:41e:afc6: icmp_seq=43 ttl=63 time=50.7 ms
[1438181217.597915] 64 bytes from aaaa::212:4b00:41e:afc6: icmp_seq=44 ttl=63 time=672 ms
[1438181217.972171] 64 bytes from aaaa::212:4b00:41e:afc6: icmp_seq=45 ttl=63 time=46.7 ms
[1438181219.973115] 64 bytes from aaaa::212:4b00:41e:afc6: icmp_seq=47 ttl=63 time=46.6 ms
[1438181220.974754] 64 bytes from aaaa::212:4b00:41e:afc6: icmp_seq=48 ttl=63 time=46.5 ms
[1438181221.976938] 64 bytes from aaaa::212:4b00:41e:afc6: icmp_seq=49 ttl=63 time=47.0 ms
[1438181222.978074] 64 bytes from aaaa::212:4b00:41e:afc6: icmp_seq=50 ttl=63 time=47.0 ms
[1438181223.978867] 64 bytes from aaaa::212:4b00:41e:afc6: icmp_seq=51 ttl=63 time=46.6 ms
[1438181225.229185] 64 bytes from aaaa::212:4b00:41e:afc6: icmp_seq=52 ttl=63 time=295 ms
[1438181227.229051] 64 bytes from aaaa::212:4b00:41e:afc6: icmp_seq=54 ttl=63 time=288 ms
[1438181228.603613] 64 bytes from aaaa::212:4b00:41e:afc6: icmp_seq=55 ttl=63 time=662 ms
[1438181229.102717] 64 bytes from aaaa::212:4b00:41e:afc6: icmp_seq=56 ttl=63 time=161 ms
[1438181230.356170] 64 bytes from aaaa::212:4b00:41e:afc6: icmp_seq=57 ttl=63 time=414 ms
[1438181231.354208] 64 bytes from aaaa::212:4b00:41e:afc6: icmp_seq=58 ttl=63 time=412 ms
[1438181232.481934] 64 bytes from aaaa::212:4b00:41e:afc6: icmp_seq=59 ttl=63 time=539 ms
[1438181233.228537] 64 bytes from aaaa::212:4b00:41e:afc6: icmp_seq=60 ttl=63 time=287 ms
[1438181233.983557] 64 bytes from aaaa::212:4b00:41e:afc6: icmp_seq=61 ttl=63 time=42.1 ms
[1438181235.980542] 64 bytes from aaaa::212:4b00:41e:afc6: icmp_seq=63 ttl=63 time=38.0 ms
[1438181237.104926] 64 bytes from aaaa::212:4b00:41e:afc6: icmp_seq=64 ttl=63 time=161 ms
[1438181238.235085] 64 bytes from aaaa::212:4b00:41e:afc6: icmp_seq=65 ttl=63 time=291 ms
[1438181239.482182] 64 bytes from aaaa::212:4b00:41e:afc6: icmp_seq=66 ttl=63 time=538 ms
[1438181240.485072] 64 bytes from aaaa::212:4b00:41e:afc6: icmp_seq=67 ttl=63 time=541 ms
[1438181240.981825] 64 bytes from aaaa::212:4b00:41e:afc6: icmp_seq=68 ttl=63 time=38.0 ms
[1438181241.987996] 64 bytes from aaaa::212:4b00:41e:afc6: icmp_seq=69 ttl=63 time=42.8 ms
[1438181243.483073] 64 bytes from aaaa::212:4b00:41e:afc6: icmp_seq=70 ttl=63 time=536 ms
[1438181243.987956] 64 bytes from aaaa::212:4b00:41e:afc6: icmp_seq=71 ttl=63 time=42.2 ms
[1438181246.612441] 64 bytes from aaaa::212:4b00:41e:afc6: icmp_seq=72 ttl=63 time=1665 ms
[1438181247.113970] 64 bytes from aaaa::212:4b00:41e:afc6: icmp_seq=73 ttl=63 time=1167 ms
[1438181247.612330] 64 bytes from aaaa::212:4b00:41e:afc6: icmp_seq=74 ttl=63 time=666 ms
[1438181247.988047] 64 bytes from aaaa::212:4b00:41e:afc6: icmp_seq=75 ttl=63 time=42.3 ms
[1438181248.985157] 64 bytes from aaaa::212:4b00:41e:afc6: icmp_seq=76 ttl=63 time=37.9 ms
[1438181251.363754] 64 bytes from aaaa::212:4b00:41e:afc6: icmp_seq=78 ttl=63 time=407 ms
[1438181252.739334] 64 bytes from aaaa::212:4b00:41e:afc6: icmp_seq=79 ttl=63 time=782 ms
[1438181253.113501] 64 bytes from aaaa::212:4b00:41e:afc6: icmp_seq=80 ttl=63 time=156 ms
[1438181254.114873] 64 bytes from aaaa::212:4b00:41e:afc6: icmp_seq=81 ttl=63 time=157 ms
[1438181255.115311] 64 bytes from aaaa::212:4b00:41e:afc6: icmp_seq=82 ttl=63 time=157 ms
[1438181256.242371] 64 bytes from aaaa::212:4b00:41e:afc6: icmp_seq=83 ttl=63 time=284 ms
[1438181257.616524] 64 bytes from aaaa::212:4b00:41e:afc6: icmp_seq=84 ttl=63 time=658 ms
[1438181258.119201] 64 bytes from aaaa::212:4b00:41e:afc6: icmp_seq=85 ttl=63 time=161 ms
[1438181259.366505] 64 bytes from aaaa::212:4b00:41e:afc6: icmp_seq=86 ttl=63 time=408 ms
[1438181260.242625] 64 bytes from aaaa::212:4b00:41e:afc6: icmp_seq=87 ttl=63 time=284 ms
[1438181261.119530] 64 bytes from aaaa::212:4b00:41e:afc6: icmp_seq=88 ttl=63 time=161 ms
[1438181262.119548] 64 bytes from aaaa::212:4b00:41e:afc6: icmp_seq=89 ttl=63 time=161 ms
[1438181263.119692] 64 bytes from aaaa::212:4b00:41e:afc6: icmp_seq=90 ttl=63 time=161 ms
[1438181264.119433] 64 bytes from aaaa::212:4b00:41e:afc6: icmp_seq=91 ttl=63 time=161 ms
[1438181265.372242] 64 bytes from aaaa::212:4b00:41e:afc6: icmp_seq=92 ttl=63 time=413 ms
[1438181266.119994] 64 bytes from aaaa::212:4b00:41e:afc6: icmp_seq=93 ttl=63 time=161 ms
[1438181267.246760] 64 bytes from aaaa::212:4b00:41e:afc6: icmp_seq=94 ttl=63 time=287 ms
[1438181268.121089] 64 bytes from aaaa::212:4b00:41e:afc6: icmp_seq=95 ttl=63 time=161 ms
[1438181269.121306] 64 bytes from aaaa::212:4b00:41e:afc6: icmp_seq=96 ttl=63 time=161 ms
[1438181270.248558] 64 bytes from aaaa::212:4b00:41e:afc6: icmp_seq=97 ttl=63 time=288 ms
[1438181271.121544] 64 bytes from aaaa::212:4b00:41e:afc6: icmp_seq=98 ttl=63 time=161 ms
[1438181272.121643] 64 bytes from aaaa::212:4b00:41e:afc6: icmp_seq=99 ttl=63 time=161 ms
[1438181273.375961] 64 bytes from aaaa::212:4b00:41e:afc6: icmp_seq=100 ttl=63 time=415 ms

--- aaaa::212:4b00:41e:afc6 ping statistics ---
100 packets transmitted, 96 received, 4% packet loss, time 99071ms
rtt min/avg/max/mdev = 37.997/246.399/1665.377/273.582 ms, pipe 2
