PING aaaa::212:4b00:41e:afc6(aaaa::212:4b00:41e:afc6) 56 data bytes
[1438169035.379201] 64 bytes from aaaa::212:4b00:41e:afc6: icmp_seq=1 ttl=63 time=228 ms
[1438169036.498401] 64 bytes from aaaa::212:4b00:41e:afc6: icmp_seq=2 ttl=63 time=346 ms
[1438169037.255039] 64 bytes from aaaa::212:4b00:41e:afc6: icmp_seq=3 ttl=63 time=101 ms
[1438169038.256792] 64 bytes from aaaa::212:4b00:41e:afc6: icmp_seq=4 ttl=63 time=101 ms
[1438169039.258516] 64 bytes from aaaa::212:4b00:41e:afc6: icmp_seq=5 ttl=63 time=101 ms
[1438169041.256573] 64 bytes from aaaa::212:4b00:41e:afc6: icmp_seq=7 ttl=63 time=98.0 ms
[1438169042.256986] 64 bytes from aaaa::212:4b00:41e:afc6: icmp_seq=8 ttl=63 time=97.3 ms
[1438169043.258597] 64 bytes from aaaa::212:4b00:41e:afc6: icmp_seq=9 ttl=63 time=97.4 ms
[1438169044.500730] 64 bytes from aaaa::212:4b00:41e:afc6: icmp_seq=10 ttl=63 time=338 ms
[1438169045.257211] 64 bytes from aaaa::212:4b00:41e:afc6: icmp_seq=11 ttl=63 time=93.6 ms
[1438169046.258595] 64 bytes from aaaa::212:4b00:41e:afc6: icmp_seq=12 ttl=63 time=93.2 ms
[1438169047.259969] 64 bytes from aaaa::212:4b00:41e:afc6: icmp_seq=13 ttl=63 time=93.2 ms
[1438169048.256996] 64 bytes from aaaa::212:4b00:41e:afc6: icmp_seq=14 ttl=63 time=88.9 ms
[1438169049.258109] 64 bytes from aaaa::212:4b00:41e:afc6: icmp_seq=15 ttl=63 time=88.9 ms
[1438169050.259100] 64 bytes from aaaa::212:4b00:41e:afc6: icmp_seq=16 ttl=63 time=88.9 ms
[1438169051.259989] 64 bytes from aaaa::212:4b00:41e:afc6: icmp_seq=17 ttl=63 time=88.8 ms
[1438169052.262106] 64 bytes from aaaa::212:4b00:41e:afc6: icmp_seq=18 ttl=63 time=88.9 ms
[1438169053.384140] 64 bytes from aaaa::212:4b00:41e:afc6: icmp_seq=19 ttl=63 time=209 ms
[1438169054.260992] 64 bytes from aaaa::212:4b00:41e:afc6: icmp_seq=20 ttl=63 time=84.8 ms
[1438169055.261745] 64 bytes from aaaa::212:4b00:41e:afc6: icmp_seq=21 ttl=63 time=84.8 ms
[1438169056.262629] 64 bytes from aaaa::212:4b00:41e:afc6: icmp_seq=22 ttl=63 time=84.7 ms
[1438169057.387624] 64 bytes from aaaa::212:4b00:41e:afc6: icmp_seq=23 ttl=63 time=208 ms
[1438169058.512879] 64 bytes from aaaa::212:4b00:41e:afc6: icmp_seq=24 ttl=63 time=332 ms
[1438169059.262112] 64 bytes from aaaa::212:4b00:41e:afc6: icmp_seq=25 ttl=63 time=80.3 ms
[1438169061.514907] 64 bytes from aaaa::212:4b00:41e:afc6: icmp_seq=27 ttl=63 time=332 ms
[1438169062.508141] 64 bytes from aaaa::212:4b00:41e:afc6: icmp_seq=28 ttl=63 time=324 ms
[1438169063.265493] 64 bytes from aaaa::212:4b00:41e:afc6: icmp_seq=29 ttl=63 time=80.4 ms
[1438169064.267754] 64 bytes from aaaa::212:4b00:41e:afc6: icmp_seq=30 ttl=63 time=81.0 ms
[1438169065.763879] 64 bytes from aaaa::212:4b00:41e:afc6: icmp_seq=31 ttl=63 time=575 ms
[1438169066.264754] 64 bytes from aaaa::212:4b00:41e:afc6: icmp_seq=32 ttl=63 time=76.2 ms
[1438169067.266504] 64 bytes from aaaa::212:4b00:41e:afc6: icmp_seq=33 ttl=63 time=76.6 ms
[1438169069.268505] 64 bytes from aaaa::212:4b00:41e:afc6: icmp_seq=35 ttl=63 time=67.8 ms
[1438169070.269503] 64 bytes from aaaa::212:4b00:41e:afc6: icmp_seq=36 ttl=63 time=67.8 ms
[1438169071.267656] 64 bytes from aaaa::212:4b00:41e:afc6: icmp_seq=37 ttl=63 time=63.9 ms
[1438169072.268269] 64 bytes from aaaa::212:4b00:41e:afc6: icmp_seq=38 ttl=63 time=63.5 ms
[1438169073.270012] 64 bytes from aaaa::212:4b00:41e:afc6: icmp_seq=39 ttl=63 time=63.5 ms
[1438169074.271807] 64 bytes from aaaa::212:4b00:41e:afc6: icmp_seq=40 ttl=63 time=63.5 ms
[1438169075.394905] 64 bytes from aaaa::212:4b00:41e:afc6: icmp_seq=41 ttl=63 time=184 ms
[1438169076.270284] 64 bytes from aaaa::212:4b00:41e:afc6: icmp_seq=42 ttl=63 time=59.2 ms
[1438169077.271782] 64 bytes from aaaa::212:4b00:41e:afc6: icmp_seq=43 ttl=63 time=59.2 ms
[1438169078.764529] 64 bytes from aaaa::212:4b00:41e:afc6: icmp_seq=44 ttl=63 time=550 ms
[1438169079.270420] 64 bytes from aaaa::212:4b00:41e:afc6: icmp_seq=45 ttl=63 time=55.1 ms
[1438169080.271663] 64 bytes from aaaa::212:4b00:41e:afc6: icmp_seq=46 ttl=63 time=55.0 ms
[1438169081.273451] 64 bytes from aaaa::212:4b00:41e:afc6: icmp_seq=47 ttl=63 time=55.5 ms
[1438169083.149117] 64 bytes from aaaa::212:4b00:41e:afc6: icmp_seq=48 ttl=63 time=929 ms
[1438169083.274570] 64 bytes from aaaa::212:4b00:41e:afc6: icmp_seq=49 ttl=63 time=55.0 ms
[1438169084.275943] 64 bytes from aaaa::212:4b00:41e:afc6: icmp_seq=50 ttl=63 time=55.1 ms
[1438169085.277163] 64 bytes from aaaa::212:4b00:41e:afc6: icmp_seq=51 ttl=63 time=55.0 ms
[1438169086.274166] 64 bytes from aaaa::212:4b00:41e:afc6: icmp_seq=52 ttl=63 time=50.7 ms
[1438169087.276302] 64 bytes from aaaa::212:4b00:41e:afc6: icmp_seq=53 ttl=63 time=50.9 ms
[1438169088.277409] 64 bytes from aaaa::212:4b00:41e:afc6: icmp_seq=54 ttl=63 time=50.8 ms
[1438169089.278419] 64 bytes from aaaa::212:4b00:41e:afc6: icmp_seq=55 ttl=63 time=50.8 ms
[1438169090.276160] 64 bytes from aaaa::212:4b00:41e:afc6: icmp_seq=56 ttl=63 time=46.5 ms
[1438169091.526200] 64 bytes from aaaa::212:4b00:41e:afc6: icmp_seq=57 ttl=63 time=294 ms
[1438169092.279663] 64 bytes from aaaa::212:4b00:41e:afc6: icmp_seq=58 ttl=63 time=46.5 ms
[1438169093.277179] 64 bytes from aaaa::212:4b00:41e:afc6: icmp_seq=59 ttl=63 time=42.3 ms
[1438169094.278824] 64 bytes from aaaa::212:4b00:41e:afc6: icmp_seq=60 ttl=63 time=42.4 ms
[1438169095.276042] 64 bytes from aaaa::212:4b00:41e:afc6: icmp_seq=61 ttl=63 time=38.0 ms
[1438169096.281683] 64 bytes from aaaa::212:4b00:41e:afc6: icmp_seq=62 ttl=63 time=42.4 ms
[1438169097.777908] 64 bytes from aaaa::212:4b00:41e:afc6: icmp_seq=63 ttl=63 time=537 ms
[1438169098.529434] 64 bytes from aaaa::212:4b00:41e:afc6: icmp_seq=64 ttl=63 time=287 ms
[1438169099.657538] 64 bytes from aaaa::212:4b00:41e:afc6: icmp_seq=65 ttl=63 time=415 ms
[1438169100.404256] 64 bytes from aaaa::212:4b00:41e:afc6: icmp_seq=66 ttl=63 time=160 ms
[1438169101.530403] 64 bytes from aaaa::212:4b00:41e:afc6: icmp_seq=67 ttl=63 time=286 ms
[1438169102.406141] 64 bytes from aaaa::212:4b00:41e:afc6: icmp_seq=68 ttl=63 time=160 ms
[1438169103.407964] 64 bytes from aaaa::212:4b00:41e:afc6: icmp_seq=69 ttl=63 time=161 ms
[1438169104.534253] 64 bytes from aaaa::212:4b00:41e:afc6: icmp_seq=70 ttl=63 time=286 ms
[1438169105.409354] 64 bytes from aaaa::212:4b00:41e:afc6: icmp_seq=71 ttl=63 time=160 ms
[1438169106.906052] 64 bytes from aaaa::212:4b00:41e:afc6: icmp_seq=72 ttl=63 time=655 ms
[1438169108.408733] 64 bytes from aaaa::212:4b00:41e:afc6: icmp_seq=74 ttl=63 time=148 ms
[1438169109.409954] 64 bytes from aaaa::212:4b00:41e:afc6: icmp_seq=75 ttl=63 time=148 ms
[1438169110.903224] 64 bytes from aaaa::212:4b00:41e:afc6: icmp_seq=76 ttl=63 time=640 ms
[1438169111.412497] 64 bytes from aaaa::212:4b00:41e:afc6: icmp_seq=77 ttl=63 time=148 ms
[1438169112.409864] 64 bytes from aaaa::212:4b00:41e:afc6: icmp_seq=78 ttl=63 time=144 ms
[1438169113.787818] 64 bytes from aaaa::212:4b00:41e:afc6: icmp_seq=79 ttl=63 time=520 ms
[1438169115.412065] 64 bytes from aaaa::212:4b00:41e:afc6: icmp_seq=81 ttl=63 time=135 ms
[1438169116.413488] 64 bytes from aaaa::212:4b00:41e:afc6: icmp_seq=82 ttl=63 time=135 ms
[1438169117.410920] 64 bytes from aaaa::212:4b00:41e:afc6: icmp_seq=83 ttl=63 time=131 ms
[1438169118.412001] 64 bytes from aaaa::212:4b00:41e:afc6: icmp_seq=84 ttl=63 time=131 ms
[1438169119.413321] 64 bytes from aaaa::212:4b00:41e:afc6: icmp_seq=85 ttl=63 time=131 ms
[1438169120.664174] 64 bytes from aaaa::212:4b00:41e:afc6: icmp_seq=86 ttl=63 time=380 ms
[1438169122.415801] 64 bytes from aaaa::212:4b00:41e:afc6: icmp_seq=88 ttl=63 time=123 ms
[1438169123.416888] 64 bytes from aaaa::212:4b00:41e:afc6: icmp_seq=89 ttl=63 time=122 ms
[1438169124.413830] 64 bytes from aaaa::212:4b00:41e:afc6: icmp_seq=90 ttl=63 time=118 ms
[1438169125.658794] 64 bytes from aaaa::212:4b00:41e:afc6: icmp_seq=91 ttl=63 time=361 ms
[1438169126.417350] 64 bytes from aaaa::212:4b00:41e:afc6: icmp_seq=92 ttl=63 time=118 ms
[1438169127.415299] 64 bytes from aaaa::212:4b00:41e:afc6: icmp_seq=93 ttl=63 time=114 ms
[1438169128.416893] 64 bytes from aaaa::212:4b00:41e:afc6: icmp_seq=94 ttl=63 time=114 ms
[1438169129.418321] 64 bytes from aaaa::212:4b00:41e:afc6: icmp_seq=95 ttl=63 time=114 ms
[1438169130.420044] 64 bytes from aaaa::212:4b00:41e:afc6: icmp_seq=96 ttl=63 time=114 ms
[1438169131.417340] 64 bytes from aaaa::212:4b00:41e:afc6: icmp_seq=97 ttl=63 time=110 ms
[1438169132.418661] 64 bytes from aaaa::212:4b00:41e:afc6: icmp_seq=98 ttl=63 time=110 ms
[1438169133.420104] 64 bytes from aaaa::212:4b00:41e:afc6: icmp_seq=99 ttl=63 time=110 ms
[1438169134.787935] 64 bytes from aaaa::212:4b00:41e:afc6: icmp_seq=100 ttl=63 time=476 ms

--- aaaa::212:4b00:41e:afc6 ping statistics ---
100 packets transmitted, 94 received, 6% packet loss, time 99160ms
rtt min/avg/max/mdev = 38.007/171.791/929.414/164.509 ms
