\BOOKMARK [0][-]{chapter.1}{Introduction}{}% 1
\BOOKMARK [1][-]{section.1.1}{Related Work}{chapter.1}% 2
\BOOKMARK [1][-]{section.1.2}{Experiment Setup}{chapter.1}% 3
\BOOKMARK [1][-]{section.1.3}{Adversary Power}{chapter.1}% 4
\BOOKMARK [1][-]{section.1.4}{Types of Packets}{chapter.1}% 5
\BOOKMARK [0][-]{chapter.2}{Link Layer Security}{}% 6
\BOOKMARK [1][-]{section.2.1}{802.15.4 Security: noncoresec}{chapter.2}% 7
\BOOKMARK [1][-]{section.2.2}{Weak IV}{chapter.2}% 8
\BOOKMARK [2][-]{subsection.2.2.1}{Reset Problem}{section.2.2}% 9
\BOOKMARK [1][-]{section.2.3}{Distinctive Packet Length for RPL Packets}{chapter.2}% 10
\BOOKMARK [1][-]{section.2.4}{Performance Issue}{chapter.2}% 11
\BOOKMARK [0][-]{chapter.3}{DTLS}{}% 12
\BOOKMARK [1][-]{section.3.1}{Implementation Issues}{chapter.3}% 13
\BOOKMARK [1][-]{section.3.2}{No Multicast Support}{chapter.3}% 14
\BOOKMARK [1][-]{section.3.3}{Overloading DTLS with LLSEC}{chapter.3}% 15
\BOOKMARK [0][-]{chapter.4}{Application Detection}{}% 16
\BOOKMARK [1][-]{section.4.1}{Network Protocol Headers}{chapter.4}% 17
\BOOKMARK [1][-]{section.4.2}{Packet Length}{chapter.4}% 18
\BOOKMARK [1][-]{section.4.3}{Timing Packet Response Intervals}{chapter.4}% 19
\BOOKMARK [1][-]{section.4.4}{PINGLOAD: PING side-channel for Payload }{chapter.4}% 20
\BOOKMARK [2][-]{subsection.4.4.1}{Hypothesis}{section.4.4}% 21
\BOOKMARK [2][-]{subsection.4.4.2}{Experiment Results}{section.4.4}% 22
\BOOKMARK [2][-]{subsection.4.4.3}{A General Hypothetical Model: Black Box Model}{section.4.4}% 23
\BOOKMARK [0][-]{chapter.5}{Conclusion}{}% 24
\BOOKMARK [0][-]{chapter.6}{Fulture Work}{}% 25
