#Contiki-3.0
#TI SmartRF06 + cc2538EM
# Net: sicslowpan
# MAC: CSMA
# RDC: ContikiMAC
#Rime configured with address 00:12:4b:00:04:1e:af:c6
#Fixed AES-128 implementation test for cc2538dk.
#Using OpenBSD optimised AES implementation.
#Rounds in each sample: 200
#Sample size: 100
#Rtimer clock ticks per second on this platform is : 32768
#Sample 1/100
#Key	:01 23 45 67 89 ab cd ef 12 34 56 78 9a bc de f0 
#Plaintext	: da 39 a3 ee 54 6b 4b 0d 32 55 bf ef 95 60 18 90 
#Ciphertext	: b2 45 f1 db 3e 26 1f 4e 84 8e 13 e1 ec ee 5c c9 
#Round	: 200
#Start	: 55521
#End	: 56155
#Time Elapsed	:
 634
#Sample 2/100
#Key	:01 23 45 67 89 ab cd ef 12 34 56 78 9a bc de f0 
#Plaintext	: da 39 a3 ee 54 6b 4b 0d 32 55 bf ef 95 60 18 90 
#Ciphertext	: b2 45 f1 db 3e 26 1f 4e 84 8e 13 e1 ec ee 5c c9 
#Round	: 200
#Start	: 88287
#End	: 88922
#Time Elapsed	:
 635
#Sample 3/100
#Key	:01 23 45 67 89 ab cd ef 12 34 56 78 9a bc de f0 
#Plaintext	: da 39 a3 ee 54 6b 4b 0d 32 55 bf ef 95 60 18 90 
#Ciphertext	: b2 45 f1 db 3e 26 1f 4e 84 8e 13 e1 ec ee 5c c9 
#Round	: 200
#Start	: 121055
#End	: 121690
#Time Elapsed	:
 635
#Sample 4/100
#Key	:01 23 45 67 89 ab cd ef 12 34 56 78 9a bc de f0 
#Plaintext	: da 39 a3 ee 54 6b 4b 0d 32 55 bf ef 95 60 18 90 
#Ciphertext	: b2 45 f1 db 3e 26 1f 4e 84 8e 13 e1 ec ee 5c c9 
#Round	: 200
#Start	: 153824
#End	: 154459
#Time Elapsed	:
 635
#Sample 5/100
#Key	:01 23 45 67 89 ab cd ef 12 34 56 78 9a bc de f0 
#Plaintext	: da 39 a3 ee 54 6b 4b 0d 32 55 bf ef 95 60 18 90 
#Ciphertext	: b2 45 f1 db 3e 26 1f 4e 84 8e 13 e1 ec ee 5c c9 
#Round	: 200
#Start	: 186591
#End	: 187226
#Time Elapsed	:
 635
#Sample 6/100
#Key	:01 23 45 67 89 ab cd ef 12 34 56 78 9a bc de f0 
#Plaintext	: da 39 a3 ee 54 6b 4b 0d 32 55 bf ef 95 60 18 90 
#Ciphertext	: b2 45 f1 db 3e 26 1f 4e 84 8e 13 e1 ec ee 5c c9 
#Round	: 200
#Start	: 219358
#End	: 219994
#Time Elapsed	:
 636
#Sample 7/100
#Key	:01 23 45 67 89 ab cd ef 12 34 56 78 9a bc de f0 
#Plaintext	: da 39 a3 ee 54 6b 4b 0d 32 55 bf ef 95 60 18 90 
#Ciphertext	: b2 45 f1 db 3e 26 1f 4e 84 8e 13 e1 ec ee 5c c9 
#Round	: 200
#Start	: 252128
#End	: 252764
#Time Elapsed	:
 636
#Sample 8/100
#Key	:01 23 45 67 89 ab cd ef 12 34 56 78 9a bc de f0 
#Plaintext	: da 39 a3 ee 54 6b 4b 0d 32 55 bf ef 95 60 18 90 
#Ciphertext	: b2 45 f1 db 3e 26 1f 4e 84 8e 13 e1 ec ee 5c c9 
#Round	: 200
#Start	: 284896
#End	: 285531
#Time Elapsed	:
 635
#Sample 9/100
#Key	:01 23 45 67 89 ab cd ef 12 34 56 78 9a bc de f0 
#Plaintext	: da 39 a3 ee 54 6b 4b 0d 32 55 bf ef 95 60 18 90 
#Ciphertext	: b2 45 f1 db 3e 26 1f 4e 84 8e 13 e1 ec ee 5c c9 
#Round	: 200
#Start	: 317663
#End	: 318298
#Time Elapsed	:
 635
#Sample 10/100
#Key	:01 23 45 67 89 ab cd ef 12 34 56 78 9a bc de f0 
#Plaintext	: da 39 a3 ee 54 6b 4b 0d 32 55 bf ef 95 60 18 90 
#Ciphertext	: b2 45 f1 db 3e 26 1f 4e 84 8e 13 e1 ec ee 5c c9 
#Round	: 200
#Start	: 350434
#End	: 351069
#Time Elapsed	:
 635
#Sample 11/100
#Key	:01 23 45 67 89 ab cd ef 12 34 56 78 9a bc de f0 
#Plaintext	: da 39 a3 ee 54 6b 4b 0d 32 55 bf ef 95 60 18 90 
#Ciphertext	: b2 45 f1 db 3e 26 1f 4e 84 8e 13 e1 ec ee 5c c9 
#Round	: 200
#Start	: 383203
#End	: 383837
#Time Elapsed	:
 634
#Sample 12/100
#Key	:01 23 45 67 89 ab cd ef 12 34 56 78 9a bc de f0 
#Plaintext	: da 39 a3 ee 54 6b 4b 0d 32 55 bf ef 95 60 18 90 
#Ciphertext	: b2 45 f1 db 3e 26 1f 4e 84 8e 13 e1 ec ee 5c c9 
#Round	: 200
#Start	: 415970
#End	: 416604
#Time Elapsed	:
 634
#Sample 13/100
#Key	:01 23 45 67 89 ab cd ef 12 34 56 78 9a bc de f0 
#Plaintext	: da 39 a3 ee 54 6b 4b 0d 32 55 bf ef 95 60 18 90 
#Ciphertext	: b2 45 f1 db 3e 26 1f 4e 84 8e 13 e1 ec ee 5c c9 
#Round	: 200
#Start	: 448738
#End	: 449373
#Time Elapsed	:
 635
#Sample 14/100
#Key	:01 23 45 67 89 ab cd ef 12 34 56 78 9a bc de f0 
#Plaintext	: da 39 a3 ee 54 6b 4b 0d 32 55 bf ef 95 60 18 90 
#Ciphertext	: b2 45 f1 db 3e 26 1f 4e 84 8e 13 e1 ec ee 5c c9 
#Round	: 200
#Start	: 481506
#End	: 482141
#Time Elapsed	:
 635
#Sample 15/100
#Key	:01 23 45 67 89 ab cd ef 12 34 56 78 9a bc de f0 
#Plaintext	: da 39 a3 ee 54 6b 4b 0d 32 55 bf ef 95 60 18 90 
#Ciphertext	: b2 45 f1 db 3e 26 1f 4e 84 8e 13 e1 ec ee 5c c9 
#Round	: 200
#Start	: 514274
#End	: 514909
#Time Elapsed	:
 635
#Sample 16/100
#Key	:01 23 45 67 89 ab cd ef 12 34 56 78 9a bc de f0 
#Plaintext	: da 39 a3 ee 54 6b 4b 0d 32 55 bf ef 95 60 18 90 
#Ciphertext	: b2 45 f1 db 3e 26 1f 4e 84 8e 13 e1 ec ee 5c c9 
#Round	: 200
#Start	: 547043
#End	: 547678
#Time Elapsed	:
 635
#Sample 17/100
#Key	:01 23 45 67 89 ab cd ef 12 34 56 78 9a bc de f0 
#Plaintext	: da 39 a3 ee 54 6b 4b 0d 32 55 bf ef 95 60 18 90 
#Ciphertext	: b2 45 f1 db 3e 26 1f 4e 84 8e 13 e1 ec ee 5c c9 
#Round	: 200
#Start	: 580152
#End	: 580787
#Time Elapsed	:
 635
#Sample 18/100
#Key	:01 23 45 67 89 ab cd ef 12 34 56 78 9a bc de f0 
#Plaintext	: da 39 a3 ee 54 6b 4b 0d 32 55 bf ef 95 60 18 90 
#Ciphertext	: b2 45 f1 db 3e 26 1f 4e 84 8e 13 e1 ec ee 5c c9 
#Round	: 200
#Start	: 612579
#End	: 613214
#Time Elapsed	:
 635
#Sample 19/100
#Key	:01 23 45 67 89 ab cd ef 12 34 56 78 9a bc de f0 
#Plaintext	: da 39 a3 ee 54 6b 4b 0d 32 55 bf ef 95 60 18 90 
#Ciphertext	: b2 45 f1 db 3e 26 1f 4e 84 8e 13 e1 ec ee 5c c9 
#Round	: 200
#Start	: 645347
#End	: 645982
#Time Elapsed	:
 635
#Sample 20/100
#Key	:01 23 45 67 89 ab cd ef 12 34 56 78 9a bc de f0 
#Plaintext	: da 39 a3 ee 54 6b 4b 0d 32 55 bf ef 95 60 18 90 
#Ciphertext	: b2 45 f1 db 3e 26 1f 4e 84 8e 13 e1 ec ee 5c c9 
#Round	: 200
#Start	: 678114
#End	: 678749
#Time Elapsed	:
 635
#Sample 21/100
#Key	:01 23 45 67 89 ab cd ef 12 34 56 78 9a bc de f0 
#Plaintext	: da 39 a3 ee 54 6b 4b 0d 32 55 bf ef 95 60 18 90 
#Ciphertext	: b2 45 f1 db 3e 26 1f 4e 84 8e 13 e1 ec ee 5c c9 
#Round	: 200
#Start	: 710881
#End	: 711516
#Time Elapsed	:
 635
#Sample 22/100
#Key	:01 23 45 67 89 ab cd ef 12 34 56 78 9a bc de f0 
#Plaintext	: da 39 a3 ee 54 6b 4b 0d 32 55 bf ef 95 60 18 90 
#Ciphertext	: b2 45 f1 db 3e 26 1f 4e 84 8e 13 e1 ec ee 5c c9 
#Round	: 200
#Start	: 743650
#End	: 744285
#Time Elapsed	:
 635
#Sample 23/100
#Key	:01 23 45 67 89 ab cd ef 12 34 56 78 9a bc de f0 
#Plaintext	: da 39 a3 ee 54 6b 4b 0d 32 55 bf ef 95 60 18 90 
#Ciphertext	: b2 45 f1 db 3e 26 1f 4e 84 8e 13 e1 ec ee 5c c9 
#Round	: 200
#Start	: 776418
#End	: 777052
#Time Elapsed	:
 634
#Sample 24/100
#Key	:01 23 45 67 89 ab cd ef 12 34 56 78 9a bc de f0 
#Plaintext	: da 39 a3 ee 54 6b 4b 0d 32 55 bf ef 95 60 18 90 
#Ciphertext	: b2 45 f1 db 3e 26 1f 4e 84 8e 13 e1 ec ee 5c c9 
#Round	: 200
#Start	: 809186
#End	: 809820
#Time Elapsed	:
 634
#Sample 25/100
#Key	:01 23 45 67 89 ab cd ef 12 34 56 78 9a bc de f0 
#Plaintext	: da 39 a3 ee 54 6b 4b 0d 32 55 bf ef 95 60 18 90 
#Ciphertext	: b2 45 f1 db 3e 26 1f 4e 84 8e 13 e1 ec ee 5c c9 
#Round	: 200
#Start	: 841953
#End	: 842588
#Time Elapsed	:
 635
#Sample 26/100
#Key	:01 23 45 67 89 ab cd ef 12 34 56 78 9a bc de f0 
#Plaintext	: da 39 a3 ee 54 6b 4b 0d 32 55 bf ef 95 60 18 90 
#Ciphertext	: b2 45 f1 db 3e 26 1f 4e 84 8e 13 e1 ec ee 5c c9 
#Round	: 200
#Start	: 874721
#End	: 875356
#Time Elapsed	:
 635
#Sample 27/100
#Key	:01 23 45 67 89 ab cd ef 12 34 56 78 9a bc de f0 
#Plaintext	: da 39 a3 ee 54 6b 4b 0d 32 55 bf ef 95 60 18 90 
#Ciphertext	: b2 45 f1 db 3e 26 1f 4e 84 8e 13 e1 ec ee 5c c9 
#Round	: 200
#Start	: 907490
#End	: 908125
#Time Elapsed	:
 635
#Sample 28/100
#Key	:01 23 45 67 89 ab cd ef 12 34 56 78 9a bc de f0 
#Plaintext	: da 39 a3 ee 54 6b 4b 0d 32 55 bf ef 95 60 18 90 
#Ciphertext	: b2 45 f1 db 3e 26 1f 4e 84 8e 13 e1 ec ee 5c c9 
#Round	: 200
#Start	: 940259
#End	: 940894
#Time Elapsed	:
 635
#Sample 29/100
#Key	:01 23 45 67 89 ab cd ef 12 34 56 78 9a bc de f0 
#Plaintext	: da 39 a3 ee 54 6b 4b 0d 32 55 bf ef 95 60 18 90 
#Ciphertext	: b2 45 f1 db 3e 26 1f 4e 84 8e 13 e1 ec ee 5c c9 
#Round	: 200
#Start	: 973026
#End	: 973661
#Time Elapsed	:
 635
#Sample 30/100
#Key	:01 23 45 67 89 ab cd ef 12 34 56 78 9a bc de f0 
#Plaintext	: da 39 a3 ee 54 6b 4b 0d 32 55 bf ef 95 60 18 90 
#Ciphertext	: b2 45 f1 db 3e 26 1f 4e 84 8e 13 e1 ec ee 5c c9 
#Round	: 200
#Start	: 1005794
#End	: 1006429
#Time Elapsed	:
 635
#Sample 31/100
#Key	:01 23 45 67 89 ab cd ef 12 34 56 78 9a bc de f0 
#Plaintext	: da 39 a3 ee 54 6b 4b 0d 32 55 bf ef 95 60 18 90 
#Ciphertext	: b2 45 f1 db 3e 26 1f 4e 84 8e 13 e1 ec ee 5c c9 
#Round	: 200
#Start	: 1038563
#End	: 1039197
#Time Elapsed	:
 634
#Sample 32/100
#Key	:01 23 45 67 89 ab cd ef 12 34 56 78 9a bc de f0 
#Plaintext	: da 39 a3 ee 54 6b 4b 0d 32 55 bf ef 95 60 18 90 
#Ciphertext	: b2 45 f1 db 3e 26 1f 4e 84 8e 13 e1 ec ee 5c c9 
#Round	: 200
#Start	: 1071331
#End	: 1071966
#Time Elapsed	:
 635
#Sample 33/100
#Key	:01 23 45 67 89 ab cd ef 12 34 56 78 9a bc de f0 
#Plaintext	: da 39 a3 ee 54 6b 4b 0d 32 55 bf ef 95 60 18 90 
#Ciphertext	: b2 45 f1 db 3e 26 1f 4e 84 8e 13 e1 ec ee 5c c9 
#Round	: 200
#Start	: 1104098
#End	: 1104733
#Time Elapsed	:
 635
#Sample 34/100
#Key	:01 23 45 67 89 ab cd ef 12 34 56 78 9a bc de f0 
#Plaintext	: da 39 a3 ee 54 6b 4b 0d 32 55 bf ef 95 60 18 90 
#Ciphertext	: b2 45 f1 db 3e 26 1f 4e 84 8e 13 e1 ec ee 5c c9 
#Round	: 200
#Start	: 1136866
#End	: 1137501
#Time Elapsed	:
 635
#Sample 35/100
#Key	:01 23 45 67 89 ab cd ef 12 34 56 78 9a bc de f0 
#Plaintext	: da 39 a3 ee 54 6b 4b 0d 32 55 bf ef 95 60 18 90 
#Ciphertext	: b2 45 f1 db 3e 26 1f 4e 84 8e 13 e1 ec ee 5c c9 
#Round	: 200
#Start	: 1169633
#End	: 1170268
#Time Elapsed	:
 635
#Sample 36/100
#Key	:01 23 45 67 89 ab cd ef 12 34 56 78 9a bc de f0 
#Plaintext	: da 39 a3 ee 54 6b 4b 0d 32 55 bf ef 95 60 18 90 
#Ciphertext	: b2 45 f1 db 3e 26 1f 4e 84 8e 13 e1 ec ee 5c c9 
#Round	: 200
#Start	: 1202402
#End	: 1203037
#Time Elapsed	:
 635
#Sample 37/100
#Key	:01 23 45 67 89 ab cd ef 12 34 56 78 9a bc de f0 
#Plaintext	: da 39 a3 ee 54 6b 4b 0d 32 55 bf ef 95 60 18 90 
#Ciphertext	: b2 45 f1 db 3e 26 1f 4e 84 8e 13 e1 ec ee 5c c9 
#Round	: 200
#Start	: 1235170
#End	: 1235806
#Time Elapsed	:
 636
#Sample 38/100
#Key	:01 23 45 67 89 ab cd ef 12 34 56 78 9a bc de f0 
#Plaintext	: da 39 a3 ee 54 6b 4b 0d 32 55 bf ef 95 60 18 90 
#Ciphertext	: b2 45 f1 db 3e 26 1f 4e 84 8e 13 e1 ec ee 5c c9 
#Round	: 200
#Start	: 1267940
#End	: 1268575
#Time Elapsed	:
 635
#Sample 39/100
#Key	:01 23 45 67 89 ab cd ef 12 34 56 78 9a bc de f0 
#Plaintext	: da 39 a3 ee 54 6b 4b 0d 32 55 bf ef 95 60 18 90 
#Ciphertext	: b2 45 f1 db 3e 26 1f 4e 84 8e 13 e1 ec ee 5c c9 
#Round	: 200
#Start	: 1300707
#End	: 1301342
#Time Elapsed	:
 635
#Sample 40/100
#Key	:01 23 45 67 89 ab cd ef 12 34 56 78 9a bc de f0 
#Plaintext	: da 39 a3 ee 54 6b 4b 0d 32 55 bf ef 95 60 18 90 
#Ciphertext	: b2 45 f1 db 3e 26 1f 4e 84 8e 13 e1 ec ee 5c c9 
#Round	: 200
#Start	: 1333474
#End	: 1334109
#Time Elapsed	:
 635
#Sample 41/100
#Key	:01 23 45 67 89 ab cd ef 12 34 56 78 9a bc de f0 
#Plaintext	: da 39 a3 ee 54 6b 4b 0d 32 55 bf ef 95 60 18 90 
#Ciphertext	: b2 45 f1 db 3e 26 1f 4e 84 8e 13 e1 ec ee 5c c9 
#Round	: 200
#Start	: 1366241
#End	: 1366876
#Time Elapsed	:
 635
#Sample 42/100
#Key	:01 23 45 67 89 ab cd ef 12 34 56 78 9a bc de f0 
#Plaintext	: da 39 a3 ee 54 6b 4b 0d 32 55 bf ef 95 60 18 90 
#Ciphertext	: b2 45 f1 db 3e 26 1f 4e 84 8e 13 e1 ec ee 5c c9 
#Round	: 200
#Start	: 1399011
#End	: 1399646
#Time Elapsed	:
 635
#Sample 43/100
#Key	:01 23 45 67 89 ab cd ef 12 34 56 78 9a bc de f0 
#Plaintext	: da 39 a3 ee 54 6b 4b 0d 32 55 bf ef 95 60 18 90 
#Ciphertext	: b2 45 f1 db 3e 26 1f 4e 84 8e 13 e1 ec ee 5c c9 
#Round	: 200
#Start	: 1431778
#End	: 1432413
#Time Elapsed	:
 635
#Sample 44/100
#Key	:01 23 45 67 89 ab cd ef 12 34 56 78 9a bc de f0 
#Plaintext	: da 39 a3 ee 54 6b 4b 0d 32 55 bf ef 95 60 18 90 
#Ciphertext	: b2 45 f1 db 3e 26 1f 4e 84 8e 13 e1 ec ee 5c c9 
#Round	: 200
#Start	: 1464546
#End	: 1465181
#Time Elapsed	:
 635
#Sample 45/100
#Key	:01 23 45 67 89 ab cd ef 12 34 56 78 9a bc de f0 
#Plaintext	: da 39 a3 ee 54 6b 4b 0d 32 55 bf ef 95 60 18 90 
#Ciphertext	: b2 45 f1 db 3e 26 1f 4e 84 8e 13 e1 ec ee 5c c9 
#Round	: 200
#Start	: 1497314
#End	: 1497949
#Time Elapsed	:
 635
#Sample 46/100
#Key	:01 23 45 67 89 ab cd ef 12 34 56 78 9a bc de f0 
#Plaintext	: da 39 a3 ee 54 6b 4b 0d 32 55 bf ef 95 60 18 90 
#Ciphertext	: b2 45 f1 db 3e 26 1f 4e 84 8e 13 e1 ec ee 5c c9 
#Round	: 200
#Start	: 1530082
#End	: 1530716
#Time Elapsed	:
 634
#Sample 47/100
#Key	:01 23 45 67 89 ab cd ef 12 34 56 78 9a bc de f0 
#Plaintext	: da 39 a3 ee 54 6b 4b 0d 32 55 bf ef 95 60 18 90 
#Ciphertext	: b2 45 f1 db 3e 26 1f 4e 84 8e 13 e1 ec ee 5c c9 
#Round	: 200
#Start	: 1562850
#End	: 1563485
#Time Elapsed	:
 635
#Sample 48/100
#Key	:01 23 45 67 89 ab cd ef 12 34 56 78 9a bc de f0 
#Plaintext	: da 39 a3 ee 54 6b 4b 0d 32 55 bf ef 95 60 18 90 
#Ciphertext	: b2 45 f1 db 3e 26 1f 4e 84 8e 13 e1 ec ee 5c c9 
#Round	: 200
#Start	: 1595619
#End	: 1596254
#Time Elapsed	:
 635
#Sample 49/100
#Key	:01 23 45 67 89 ab cd ef 12 34 56 78 9a bc de f0 
#Plaintext	: da 39 a3 ee 54 6b 4b 0d 32 55 bf ef 95 60 18 90 
#Ciphertext	: b2 45 f1 db 3e 26 1f 4e 84 8e 13 e1 ec ee 5c c9 
#Round	: 200
#Start	: 1628387
#End	: 1629022
#Time Elapsed	:
 635
#Sample 50/100
#Key	:01 23 45 67 89 ab cd ef 12 34 56 78 9a bc de f0 
#Plaintext	: da 39 a3 ee 54 6b 4b 0d 32 55 bf ef 95 60 18 90 
#Ciphertext	: b2 45 f1 db 3e 26 1f 4e 84 8e 13 e1 ec ee 5c c9 
#Round	: 200
#Start	: 1661156
#End	: 1661791
#Time Elapsed	:
 635
#Sample 51/100
#Key	:01 23 45 67 89 ab cd ef 12 34 56 78 9a bc de f0 
#Plaintext	: da 39 a3 ee 54 6b 4b 0d 32 55 bf ef 95 60 18 90 
#Ciphertext	: b2 45 f1 db 3e 26 1f 4e 84 8e 13 e1 ec ee 5c c9 
#Round	: 200
#Start	: 1693921
#End	: 1694556
#Time Elapsed	:
 635
#Sample 52/100
#Key	:01 23 45 67 89 ab cd ef 12 34 56 78 9a bc de f0 
#Plaintext	: da 39 a3 ee 54 6b 4b 0d 32 55 bf ef 95 60 18 90 
#Ciphertext	: b2 45 f1 db 3e 26 1f 4e 84 8e 13 e1 ec ee 5c c9 
#Round	: 200
#Start	: 1726690
#End	: 1727325
#Time Elapsed	:
 635
#Sample 53/100
#Key	:01 23 45 67 89 ab cd ef 12 34 56 78 9a bc de f0 
#Plaintext	: da 39 a3 ee 54 6b 4b 0d 32 55 bf ef 95 60 18 90 
#Ciphertext	: b2 45 f1 db 3e 26 1f 4e 84 8e 13 e1 ec ee 5c c9 
#Round	: 200
#Start	: 1759458
#End	: 1760094
#Time Elapsed	:
 636
#Sample 54/100
#Key	:01 23 45 67 89 ab cd ef 12 34 56 78 9a bc de f0 
#Plaintext	: da 39 a3 ee 54 6b 4b 0d 32 55 bf ef 95 60 18 90 
#Ciphertext	: b2 45 f1 db 3e 26 1f 4e 84 8e 13 e1 ec ee 5c c9 
#Round	: 200
#Start	: 1792227
#End	: 1792861
#Time Elapsed	:
 634
#Sample 55/100
#Key	:01 23 45 67 89 ab cd ef 12 34 56 78 9a bc de f0 
#Plaintext	: da 39 a3 ee 54 6b 4b 0d 32 55 bf ef 95 60 18 90 
#Ciphertext	: b2 45 f1 db 3e 26 1f 4e 84 8e 13 e1 ec ee 5c c9 
#Round	: 200
#Start	: 1824995
#End	: 1825629
#Time Elapsed	:
 634
#Sample 56/100
#Key	:01 23 45 67 89 ab cd ef 12 34 56 78 9a bc de f0 
#Plaintext	: da 39 a3 ee 54 6b 4b 0d 32 55 bf ef 95 60 18 90 
#Ciphertext	: b2 45 f1 db 3e 26 1f 4e 84 8e 13 e1 ec ee 5c c9 
#Round	: 200
#Start	: 1857762
#End	: 1858397
#Time Elapsed	:
 635
#Sample 57/100
#Key	:01 23 45 67 89 ab cd ef 12 34 56 78 9a bc de f0 
#Plaintext	: da 39 a3 ee 54 6b 4b 0d 32 55 bf ef 95 60 18 90 
#Ciphertext	: b2 45 f1 db 3e 26 1f 4e 84 8e 13 e1 ec ee 5c c9 
#Round	: 200
#Start	: 1890529
#End	: 1891164
#Time Elapsed	:
 635
#Sample 58/100
#Key	:01 23 45 67 89 ab cd ef 12 34 56 78 9a bc de f0 
#Plaintext	: da 39 a3 ee 54 6b 4b 0d 32 55 bf ef 95 60 18 90 
#Ciphertext	: b2 45 f1 db 3e 26 1f 4e 84 8e 13 e1 ec ee 5c c9 
#Round	: 200
#Start	: 1923298
#End	: 1923933
#Time Elapsed	:
 635
#Sample 59/100
#Key	:01 23 45 67 89 ab cd ef 12 34 56 78 9a bc de f0 
#Plaintext	: da 39 a3 ee 54 6b 4b 0d 32 55 bf ef 95 60 18 90 
#Ciphertext	: b2 45 f1 db 3e 26 1f 4e 84 8e 13 e1 ec ee 5c c9 
#Round	: 200
#Start	: 1956067
#End	: 1956701
#Time Elapsed	:
 634
#Sample 60/100
#Key	:01 23 45 67 89 ab cd ef 12 34 56 78 9a bc de f0 
#Plaintext	: da 39 a3 ee 54 6b 4b 0d 32 55 bf ef 95 60 18 90 
#Ciphertext	: b2 45 f1 db 3e 26 1f 4e 84 8e 13 e1 ec ee 5c c9 
#Round	: 200
#Start	: 1988834
#End	: 1989469
#Time Elapsed	:
 635
#Sample 61/100
#Key	:01 23 45 67 89 ab cd ef 12 34 56 78 9a bc de f0 
#Plaintext	: da 39 a3 ee 54 6b 4b 0d 32 55 bf ef 95 60 18 90 
#Ciphertext	: b2 45 f1 db 3e 26 1f 4e 84 8e 13 e1 ec ee 5c c9 
#Round	: 200
#Start	: 2021602
#End	: 2022236
#Time Elapsed	:
 634
#Sample 62/100
#Key	:01 23 45 67 89 ab cd ef 12 34 56 78 9a bc de f0 
#Plaintext	: da 39 a3 ee 54 6b 4b 0d 32 55 bf ef 95 60 18 90 
#Ciphertext	: b2 45 f1 db 3e 26 1f 4e 84 8e 13 e1 ec ee 5c c9 
#Round	: 200
#Start	: 2054369
#End	: 2055004
#Time Elapsed	:
 635
#Sample 63/100
#Key	:01 23 45 67 89 ab cd ef 12 34 56 78 9a bc de f0 
#Plaintext	: da 39 a3 ee 54 6b 4b 0d 32 55 bf ef 95 60 18 90 
#Ciphertext	: b2 45 f1 db 3e 26 1f 4e 84 8e 13 e1 ec ee 5c c9 
#Round	: 200
#Start	: 2087137
#End	: 2087772
#Time Elapsed	:
 635
#Sample 64/100
#Key	:01 23 45 67 89 ab cd ef 12 34 56 78 9a bc de f0 
#Plaintext	: da 39 a3 ee 54 6b 4b 0d 32 55 bf ef 95 60 18 90 
#Ciphertext	: b2 45 f1 db 3e 26 1f 4e 84 8e 13 e1 ec ee 5c c9 
#Round	: 200
#Start	: 2119906
#End	: 2120540
#Time Elapsed	:
 634
#Sample 65/100
#Key	:01 23 45 67 89 ab cd ef 12 34 56 78 9a bc de f0 
#Plaintext	: da 39 a3 ee 54 6b 4b 0d 32 55 bf ef 95 60 18 90 
#Ciphertext	: b2 45 f1 db 3e 26 1f 4e 84 8e 13 e1 ec ee 5c c9 
#Round	: 200
#Start	: 2152675
#End	: 2153310
#Time Elapsed	:
 635
#Sample 66/100
#Key	:01 23 45 67 89 ab cd ef 12 34 56 78 9a bc de f0 
#Plaintext	: da 39 a3 ee 54 6b 4b 0d 32 55 bf ef 95 60 18 90 
#Ciphertext	: b2 45 f1 db 3e 26 1f 4e 84 8e 13 e1 ec ee 5c c9 
#Round	: 200
#Start	: 2185441
#End	: 2186076
#Time Elapsed	:
 635
#Sample 67/100
#Key	:01 23 45 67 89 ab cd ef 12 34 56 78 9a bc de f0 
#Plaintext	: da 39 a3 ee 54 6b 4b 0d 32 55 bf ef 95 60 18 90 
#Ciphertext	: b2 45 f1 db 3e 26 1f 4e 84 8e 13 e1 ec ee 5c c9 
#Round	: 200
#Start	: 2218210
#End	: 2218845
#Time Elapsed	:
 635
#Sample 68/100
#Key	:01 23 45 67 89 ab cd ef 12 34 56 78 9a bc de f0 
#Plaintext	: da 39 a3 ee 54 6b 4b 0d 32 55 bf ef 95 60 18 90 
#Ciphertext	: b2 45 f1 db 3e 26 1f 4e 84 8e 13 e1 ec ee 5c c9 
#Round	: 200
#Start	: 2250977
#End	: 2251612
#Time Elapsed	:
 635
#Sample 69/100
#Key	:01 23 45 67 89 ab cd ef 12 34 56 78 9a bc de f0 
#Plaintext	: da 39 a3 ee 54 6b 4b 0d 32 55 bf ef 95 60 18 90 
#Ciphertext	: b2 45 f1 db 3e 26 1f 4e 84 8e 13 e1 ec ee 5c c9 
#Round	: 200
#Start	: 2283746
#End	: 2284380
#Time Elapsed	:
 634
#Sample 70/100
#Key	:01 23 45 67 89 ab cd ef 12 34 56 78 9a bc de f0 
#Plaintext	: da 39 a3 ee 54 6b 4b 0d 32 55 bf ef 95 60 18 90 
#Ciphertext	: b2 45 f1 db 3e 26 1f 4e 84 8e 13 e1 ec ee 5c c9 
#Round	: 200
#Start	: 2316515
#End	: 2317150
#Time Elapsed	:
 635
#Sample 71/100
#Key	:01 23 45 67 89 ab cd ef 12 34 56 78 9a bc de f0 
#Plaintext	: da 39 a3 ee 54 6b 4b 0d 32 55 bf ef 95 60 18 90 
#Ciphertext	: b2 45 f1 db 3e 26 1f 4e 84 8e 13 e1 ec ee 5c c9 
#Round	: 200
#Start	: 2349282
#End	: 2349917
#Time Elapsed	:
 635
#Sample 72/100
#Key	:01 23 45 67 89 ab cd ef 12 34 56 78 9a bc de f0 
#Plaintext	: da 39 a3 ee 54 6b 4b 0d 32 55 bf ef 95 60 18 90 
#Ciphertext	: b2 45 f1 db 3e 26 1f 4e 84 8e 13 e1 ec ee 5c c9 
#Round	: 200
#Start	: 2382049
#End	: 2382684
#Time Elapsed	:
 635
#Sample 73/100
#Key	:01 23 45 67 89 ab cd ef 12 34 56 78 9a bc de f0 
#Plaintext	: da 39 a3 ee 54 6b 4b 0d 32 55 bf ef 95 60 18 90 
#Ciphertext	: b2 45 f1 db 3e 26 1f 4e 84 8e 13 e1 ec ee 5c c9 
#Round	: 200
#Start	: 2414818
#End	: 2415453
#Time Elapsed	:
 635
#Sample 74/100
#Key	:01 23 45 67 89 ab cd ef 12 34 56 78 9a bc de f0 
#Plaintext	: da 39 a3 ee 54 6b 4b 0d 32 55 bf ef 95 60 18 90 
#Ciphertext	: b2 45 f1 db 3e 26 1f 4e 84 8e 13 e1 ec ee 5c c9 
#Round	: 200
#Start	: 2447585
#End	: 2448220
#Time Elapsed	:
 635
#Sample 75/100
#Key	:01 23 45 67 89 ab cd ef 12 34 56 78 9a bc de f0 
#Plaintext	: da 39 a3 ee 54 6b 4b 0d 32 55 bf ef 95 60 18 90 
#Ciphertext	: b2 45 f1 db 3e 26 1f 4e 84 8e 13 e1 ec ee 5c c9 
#Round	: 200
#Start	: 2480355
#End	: 2480990
#Time Elapsed	:
 635
#Sample 76/100
#Key	:01 23 45 67 89 ab cd ef 12 34 56 78 9a bc de f0 
#Plaintext	: da 39 a3 ee 54 6b 4b 0d 32 55 bf ef 95 60 18 90 
#Ciphertext	: b2 45 f1 db 3e 26 1f 4e 84 8e 13 e1 ec ee 5c c9 
#Round	: 200
#Start	: 2513123
#End	: 2513757
#Time Elapsed	:
 634
#Sample 77/100
#Key	:01 23 45 67 89 ab cd ef 12 34 56 78 9a bc de f0 
#Plaintext	: da 39 a3 ee 54 6b 4b 0d 32 55 bf ef 95 60 18 90 
#Ciphertext	: b2 45 f1 db 3e 26 1f 4e 84 8e 13 e1 ec ee 5c c9 
#Round	: 200
#Start	: 2546231
#End	: 2546866
#Time Elapsed	:
 635
#Sample 78/100
#Key	:01 23 45 67 89 ab cd ef 12 34 56 78 9a bc de f0 
#Plaintext	: da 39 a3 ee 54 6b 4b 0d 32 55 bf ef 95 60 18 90 
#Ciphertext	: b2 45 f1 db 3e 26 1f 4e 84 8e 13 e1 ec ee 5c c9 
#Round	: 200
#Start	: 2578658
#End	: 2579294
#Time Elapsed	:
 636
#Sample 79/100
#Key	:01 23 45 67 89 ab cd ef 12 34 56 78 9a bc de f0 
#Plaintext	: da 39 a3 ee 54 6b 4b 0d 32 55 bf ef 95 60 18 90 
#Ciphertext	: b2 45 f1 db 3e 26 1f 4e 84 8e 13 e1 ec ee 5c c9 
#Round	: 200
#Start	: 2611426
#End	: 2612061
#Time Elapsed	:
 635
#Sample 80/100
#Key	:01 23 45 67 89 ab cd ef 12 34 56 78 9a bc de f0 
#Plaintext	: da 39 a3 ee 54 6b 4b 0d 32 55 bf ef 95 60 18 90 
#Ciphertext	: b2 45 f1 db 3e 26 1f 4e 84 8e 13 e1 ec ee 5c c9 
#Round	: 200
#Start	: 2644194
#End	: 2644828
#Time Elapsed	:
 634
#Sample 81/100
#Key	:01 23 45 67 89 ab cd ef 12 34 56 78 9a bc de f0 
#Plaintext	: da 39 a3 ee 54 6b 4b 0d 32 55 bf ef 95 60 18 90 
#Ciphertext	: b2 45 f1 db 3e 26 1f 4e 84 8e 13 e1 ec ee 5c c9 
#Round	: 200
#Start	: 2676962
#End	: 2677597
#Time Elapsed	:
 635
#Sample 82/100
#Key	:01 23 45 67 89 ab cd ef 12 34 56 78 9a bc de f0 
#Plaintext	: da 39 a3 ee 54 6b 4b 0d 32 55 bf ef 95 60 18 90 
#Ciphertext	: b2 45 f1 db 3e 26 1f 4e 84 8e 13 e1 ec ee 5c c9 
#Round	: 200
#Start	: 2709730
#End	: 2710365
#Time Elapsed	:
 635
#Sample 83/100
#Key	:01 23 45 67 89 ab cd ef 12 34 56 78 9a bc de f0 
#Plaintext	: da 39 a3 ee 54 6b 4b 0d 32 55 bf ef 95 60 18 90 
#Ciphertext	: b2 45 f1 db 3e 26 1f 4e 84 8e 13 e1 ec ee 5c c9 
#Round	: 200
#Start	: 2742498
#End	: 2743132
#Time Elapsed	:
 634
#Sample 84/100
#Key	:01 23 45 67 89 ab cd ef 12 34 56 78 9a bc de f0 
#Plaintext	: da 39 a3 ee 54 6b 4b 0d 32 55 bf ef 95 60 18 90 
#Ciphertext	: b2 45 f1 db 3e 26 1f 4e 84 8e 13 e1 ec ee 5c c9 
#Round	: 200
#Start	: 2775266
#End	: 2775901
#Time Elapsed	:
 635
#Sample 85/100
#Key	:01 23 45 67 89 ab cd ef 12 34 56 78 9a bc de f0 
#Plaintext	: da 39 a3 ee 54 6b 4b 0d 32 55 bf ef 95 60 18 90 
#Ciphertext	: b2 45 f1 db 3e 26 1f 4e 84 8e 13 e1 ec ee 5c c9 
#Round	: 200
#Start	: 2808034
#End	: 2808669
#Time Elapsed	:
 635
#Sample 86/100
#Key	:01 23 45 67 89 ab cd ef 12 34 56 78 9a bc de f0 
#Plaintext	: da 39 a3 ee 54 6b 4b 0d 32 55 bf ef 95 60 18 90 
#Ciphertext	: b2 45 f1 db 3e 26 1f 4e 84 8e 13 e1 ec ee 5c c9 
#Round	: 200
#Start	: 2840802
#End	: 2841437
#Time Elapsed	:
 635
#Sample 87/100
#Key	:01 23 45 67 89 ab cd ef 12 34 56 78 9a bc de f0 
#Plaintext	: da 39 a3 ee 54 6b 4b 0d 32 55 bf ef 95 60 18 90 
#Ciphertext	: b2 45 f1 db 3e 26 1f 4e 84 8e 13 e1 ec ee 5c c9 
#Round	: 200
#Start	: 2873569
#End	: 2874204
#Time Elapsed	:
 635
#Sample 88/100
#Key	:01 23 45 67 89 ab cd ef 12 34 56 78 9a bc de f0 
#Plaintext	: da 39 a3 ee 54 6b 4b 0d 32 55 bf ef 95 60 18 90 
#Ciphertext	: b2 45 f1 db 3e 26 1f 4e 84 8e 13 e1 ec ee 5c c9 
#Round	: 200
#Start	: 2906338
#End	: 2906972
#Time Elapsed	:
 634
#Sample 89/100
#Key	:01 23 45 67 89 ab cd ef 12 34 56 78 9a bc de f0 
#Plaintext	: da 39 a3 ee 54 6b 4b 0d 32 55 bf ef 95 60 18 90 
#Ciphertext	: b2 45 f1 db 3e 26 1f 4e 84 8e 13 e1 ec ee 5c c9 
#Round	: 200
#Start	: 2939107
#End	: 2939742
#Time Elapsed	:
 635
#Sample 90/100
#Key	:01 23 45 67 89 ab cd ef 12 34 56 78 9a bc de f0 
#Plaintext	: da 39 a3 ee 54 6b 4b 0d 32 55 bf ef 95 60 18 90 
#Ciphertext	: b2 45 f1 db 3e 26 1f 4e 84 8e 13 e1 ec ee 5c c9 
#Round	: 200
#Start	: 2971874
#End	: 2972509
#Time Elapsed	:
 635
#Sample 91/100
#Key	:01 23 45 67 89 ab cd ef 12 34 56 78 9a bc de f0 
#Plaintext	: da 39 a3 ee 54 6b 4b 0d 32 55 bf ef 95 60 18 90 
#Ciphertext	: b2 45 f1 db 3e 26 1f 4e 84 8e 13 e1 ec ee 5c c9 
#Round	: 200
#Start	: 3004643
#End	: 3005277
#Time Elapsed	:
 634
#Sample 92/100
#Key	:01 23 45 67 89 ab cd ef 12 34 56 78 9a bc de f0 
#Plaintext	: da 39 a3 ee 54 6b 4b 0d 32 55 bf ef 95 60 18 90 
#Ciphertext	: b2 45 f1 db 3e 26 1f 4e 84 8e 13 e1 ec ee 5c c9 
#Round	: 200
#Start	: 3037410
#End	: 3038045
#Time Elapsed	:
 635
#Sample 93/100
#Key	:01 23 45 67 89 ab cd ef 12 34 56 78 9a bc de f0 
#Plaintext	: da 39 a3 ee 54 6b 4b 0d 32 55 bf ef 95 60 18 90 
#Ciphertext	: b2 45 f1 db 3e 26 1f 4e 84 8e 13 e1 ec ee 5c c9 
#Round	: 200
#Start	: 3070178
#End	: 3070813
#Time Elapsed	:
 635
#Sample 94/100
#Key	:01 23 45 67 89 ab cd ef 12 34 56 78 9a bc de f0 
#Plaintext	: da 39 a3 ee 54 6b 4b 0d 32 55 bf ef 95 60 18 90 
#Ciphertext	: b2 45 f1 db 3e 26 1f 4e 84 8e 13 e1 ec ee 5c c9 
#Round	: 200
#Start	: 3102946
#End	: 3103581
#Time Elapsed	:
 635
#Sample 95/100
#Key	:01 23 45 67 89 ab cd ef 12 34 56 78 9a bc de f0 
#Plaintext	: da 39 a3 ee 54 6b 4b 0d 32 55 bf ef 95 60 18 90 
#Ciphertext	: b2 45 f1 db 3e 26 1f 4e 84 8e 13 e1 ec ee 5c c9 
#Round	: 200
#Start	: 3135714
#End	: 3136349
#Time Elapsed	:
 635
#Sample 96/100
#Key	:01 23 45 67 89 ab cd ef 12 34 56 78 9a bc de f0 
#Plaintext	: da 39 a3 ee 54 6b 4b 0d 32 55 bf ef 95 60 18 90 
#Ciphertext	: b2 45 f1 db 3e 26 1f 4e 84 8e 13 e1 ec ee 5c c9 
#Round	: 200
#Start	: 3168483
#End	: 3169118
#Time Elapsed	:
 635
#Sample 97/100
#Key	:01 23 45 67 89 ab cd ef 12 34 56 78 9a bc de f0 
#Plaintext	: da 39 a3 ee 54 6b 4b 0d 32 55 bf ef 95 60 18 90 
#Ciphertext	: b2 45 f1 db 3e 26 1f 4e 84 8e 13 e1 ec ee 5c c9 
#Round	: 200
#Start	: 3201249
#End	: 3201884
#Time Elapsed	:
 635
#Sample 98/100
#Key	:01 23 45 67 89 ab cd ef 12 34 56 78 9a bc de f0 
#Plaintext	: da 39 a3 ee 54 6b 4b 0d 32 55 bf ef 95 60 18 90 
#Ciphertext	: b2 45 f1 db 3e 26 1f 4e 84 8e 13 e1 ec ee 5c c9 
#Round	: 200
#Start	: 3234018
#End	: 3234654
#Time Elapsed	:
 636
#Sample 99/100
#Key	:01 23 45 67 89 ab cd ef 12 34 56 78 9a bc de f0 
#Plaintext	: da 39 a3 ee 54 6b 4b 0d 32 55 bf ef 95 60 18 90 
#Ciphertext	: b2 45 f1 db 3e 26 1f 4e 84 8e 13 e1 ec ee 5c c9 
#Round	: 200
#Start	: 3266787
#End	: 3267422
#Time Elapsed	:
 635
#Sample 100/100
#Key	:01 23 45 67 89 ab cd ef 12 34 56 78 9a bc de f0 
#Plaintext	: da 39 a3 ee 54 6b 4b 0d 32 55 bf ef 95 60 18 90 
#Ciphertext	: b2 45 f1 db 3e 26 1f 4e 84 8e 13 e1 ec ee 5c c9 
#Round	: 200
#Start	: 3299557
#End	: 3300192
#Time Elapsed	:
 635
#100 tests done for cc2538dk.
