PING aaaa::212:4b00:41e:afc6(aaaa::212:4b00:41e:afc6) 56 data bytes
[1439559230.042196] 64 bytes from aaaa::212:4b00:41e:afc6: icmp_seq=1 ttl=63 time=571 ms
[1439559230.547033] 64 bytes from aaaa::212:4b00:41e:afc6: icmp_seq=2 ttl=63 time=76.4 ms
[1439559231.793155] 64 bytes from aaaa::212:4b00:41e:afc6: icmp_seq=3 ttl=63 time=321 ms
[1439559232.549097] 64 bytes from aaaa::212:4b00:41e:afc6: icmp_seq=4 ttl=63 time=76.4 ms
[1439559234.053703] 64 bytes from aaaa::212:4b00:41e:afc6: icmp_seq=5 ttl=63 time=579 ms
[1439559234.550916] 64 bytes from aaaa::212:4b00:41e:afc6: icmp_seq=6 ttl=63 time=76.5 ms
[1439559235.552421] 64 bytes from aaaa::212:4b00:41e:afc6: icmp_seq=7 ttl=63 time=76.3 ms
[1439559236.677449] 64 bytes from aaaa::212:4b00:41e:afc6: icmp_seq=8 ttl=63 time=199 ms
[1439559237.554917] 64 bytes from aaaa::212:4b00:41e:afc6: icmp_seq=9 ttl=63 time=76.4 ms
[1439559238.552567] 64 bytes from aaaa::212:4b00:41e:afc6: icmp_seq=10 ttl=63 time=72.5 ms
[1439559239.795915] 64 bytes from aaaa::212:4b00:41e:afc6: icmp_seq=11 ttl=63 time=314 ms
[1439559240.555539] 64 bytes from aaaa::212:4b00:41e:afc6: icmp_seq=12 ttl=63 time=72.7 ms
[1439559241.552565] 64 bytes from aaaa::212:4b00:41e:afc6: icmp_seq=13 ttl=63 time=67.8 ms
[1439559242.553685] 64 bytes from aaaa::212:4b00:41e:afc6: icmp_seq=14 ttl=63 time=67.9 ms
[1439559243.554048] 64 bytes from aaaa::212:4b00:41e:afc6: icmp_seq=15 ttl=63 time=67.9 ms
[1439559244.555046] 64 bytes from aaaa::212:4b00:41e:afc6: icmp_seq=16 ttl=63 time=67.8 ms
[1439559245.557198] 64 bytes from aaaa::212:4b00:41e:afc6: icmp_seq=17 ttl=63 time=68.0 ms
[1439559246.554193] 64 bytes from aaaa::212:4b00:41e:afc6: icmp_seq=18 ttl=63 time=63.8 ms
[1439559247.555304] 64 bytes from aaaa::212:4b00:41e:afc6: icmp_seq=19 ttl=63 time=63.5 ms
[1439559248.557711] 64 bytes from aaaa::212:4b00:41e:afc6: icmp_seq=20 ttl=63 time=64.2 ms
[1439559249.800303] 64 bytes from aaaa::212:4b00:41e:afc6: icmp_seq=21 ttl=63 time=305 ms
[1439559250.925933] 64 bytes from aaaa::212:4b00:41e:afc6: icmp_seq=22 ttl=63 time=429 ms
[1439559251.557178] 64 bytes from aaaa::212:4b00:41e:afc6: icmp_seq=23 ttl=63 time=59.4 ms
[1439559252.558930] 64 bytes from aaaa::212:4b00:41e:afc6: icmp_seq=24 ttl=63 time=59.5 ms
[1439559253.560559] 64 bytes from aaaa::212:4b00:41e:afc6: icmp_seq=25 ttl=63 time=59.4 ms
[1439559254.557936] 64 bytes from aaaa::212:4b00:41e:afc6: icmp_seq=26 ttl=63 time=55.2 ms
[1439559255.559440] 64 bytes from aaaa::212:4b00:41e:afc6: icmp_seq=27 ttl=63 time=55.3 ms
[1439559256.560307] 64 bytes from aaaa::212:4b00:41e:afc6: icmp_seq=28 ttl=63 time=55.0 ms
[1439559257.808684] 64 bytes from aaaa::212:4b00:41e:afc6: icmp_seq=29 ttl=63 time=302 ms
[1439559258.803934] 64 bytes from aaaa::212:4b00:41e:afc6: icmp_seq=30 ttl=63 time=296 ms
[1439559259.559813] 64 bytes from aaaa::212:4b00:41e:afc6: icmp_seq=31 ttl=63 time=50.9 ms
[1439559260.560945] 64 bytes from aaaa::212:4b00:41e:afc6: icmp_seq=32 ttl=63 time=51.0 ms
[1439559261.562068] 64 bytes from aaaa::212:4b00:41e:afc6: icmp_seq=33 ttl=63 time=50.9 ms
[1439559263.519857] no answer yet for icmp_seq=34
[1439559263.562295] 64 bytes from aaaa::212:4b00:41e:afc6: icmp_seq=35 ttl=63 time=42.3 ms
[1439559264.563348] 64 bytes from aaaa::212:4b00:41e:afc6: icmp_seq=36 ttl=63 time=42.4 ms
[1439559265.565454] 64 bytes from aaaa::212:4b00:41e:afc6: icmp_seq=37 ttl=63 time=42.9 ms
[1439559266.566066] 64 bytes from aaaa::212:4b00:41e:afc6: icmp_seq=38 ttl=63 time=42.5 ms
[1439559267.691213] 64 bytes from aaaa::212:4b00:41e:afc6: icmp_seq=39 ttl=63 time=166 ms
[1439559268.932946] 64 bytes from aaaa::212:4b00:41e:afc6: icmp_seq=40 ttl=63 time=407 ms
[1439559269.692444] 64 bytes from aaaa::212:4b00:41e:afc6: icmp_seq=41 ttl=63 time=165 ms
[1439559270.689961] 64 bytes from aaaa::212:4b00:41e:afc6: icmp_seq=42 ttl=63 time=161 ms
[1439559271.942755] 64 bytes from aaaa::212:4b00:41e:afc6: icmp_seq=43 ttl=63 time=412 ms
[1439559272.691790] 64 bytes from aaaa::212:4b00:41e:afc6: icmp_seq=44 ttl=63 time=161 ms
[1439559273.693397] 64 bytes from aaaa::212:4b00:41e:afc6: icmp_seq=45 ttl=63 time=161 ms
[1439559275.319373] 64 bytes from aaaa::212:4b00:41e:afc6: icmp_seq=46 ttl=63 time=785 ms
[1439559275.817770] 64 bytes from aaaa::212:4b00:41e:afc6: icmp_seq=47 ttl=63 time=285 ms
[1439559276.695082] 64 bytes from aaaa::212:4b00:41e:afc6: icmp_seq=48 ttl=63 time=161 ms
[1439559277.692228] 64 bytes from aaaa::212:4b00:41e:afc6: icmp_seq=49 ttl=63 time=157 ms
[1439559278.819106] 64 bytes from aaaa::212:4b00:41e:afc6: icmp_seq=50 ttl=63 time=282 ms

--- aaaa::212:4b00:41e:afc6 ping statistics ---
50 packets transmitted, 49 received, 2% packet loss, time 49065ms
rtt min/avg/max/mdev = 42.361/170.516/785.999/165.745 ms
