Rime started with address 0.18.116.0.14.50.241.215
MAC 00:12:74:00:0e:32:f1:d7 Contiki-3.0 started. Node id is not set.
noncoresec CSMA ContikiMAC, channel check rate 8 Hz, radio channel 26, CCA threshold -45
Tentative link-local IPv6 address fe80:0000:0000:0000:0212:7400:0e32:f1d7
Starting 'aestest'
Testing AES-128 implementation for sky.
2537
2536
2534
2537
2537
2534
2538
2537
2535
2538
2537
2534
2538
2537
2535
2538
2537
2535
2538
2537
2536
2538
2537
2536
2538
2541
2535
2538
2537
2536
2538
2537
2536
2538
2537
2536
2538
2537
2536
2538
2537
2536
2538
2537
2536
2538
2537
2536
2538
2537
2536
2539
2537
2536
2538
2537
2536
2538
2537
2536
2538
2537
2536
2539
2537
2536
2538
2537
2536
2539
2537
2536
2538
2537
2536
2538
2538
2536
2539
2537
2536
2539
2538
2536
2539
2542
2536
2539
2538
2536
2539
2537
2536
2539
2537
2536
2539
2537
2536
2539
2538
2536
2539
2537
2536
2539
2538
2536
2539
2537
2536
2539
2537
2536
2539
2537
2536
2539
2537
2536
2538
2537
2536
2538
2537
2536
2538
2537
2535
2538
2537
2535
2538
2537
2536
2538
2537
2536
2538
2537
2536
2538
2537
2536
2538
2541
2536
2538
2537
2536
2538
2537
2536
2538
2537
2536
2538
2537
2536
2538
2537
2535
2538
2537
2535
2538
2537
2535
2538
2537
2535
2538
2537
2535
2538
2536
2534
2537
2537
2535
2538
2537
2535
2538
2537
2535
2538
2537
2535
2538
2537
2535
2538
2537
2535
2538
2537
2535
2538
2537
2535
2538
2537
2536
2538
2541
2536
2538
2537
2536
2538
2537
2535
2538
2537
2536
2538
2537
2536
2538
2537
2536
2538
2537
2535
2538
2537
2536
2538
2537
2536
2538
2537
2536
2538
2537
2535
2538
2537
2535
2538
2537
2535
2538
2537
2535
2538
2537
2535
2538
2537
2535
2538
2537
2534
2538
2537
2535
2538
2537
2535
2538
2537
2535
2538
2541
2535
2538
2537
2535
2550
2549
2547
2550
2549
2547
2550
2549
2547
2550
2549
2547
2550
2549
2547
2550
2549
2547
2550
2549
2547
2551
2549
2547
2551
2548
2547
2551
2549
2547
2551
2549
2548
2551
2549
2548
2551
2549
2548
2551
2549
2548
2551
2549
2548
2551
2549
2548
2551
2549
2548
2551
2549
2548
2551
2551
2548
2551
2549
2548
2551
2549
2548
2551
2549
2549
2551
2550
2549
2551
2550
2549
2551
2550
2548
2552
2550
2549
2552
2550
2548
2552
2550
2548
2551
2550
2548
2552
2550
2548
2552
2550
2549
2551
2550
2548
2552
2550
2548
2551
2550
2549
2551
2550
2549
2552
2550
2549
2552
2550
2549
2552
2550
2549
2552
2552
2549
2552
2550
2549
2539
2538
2536
2539
2538
2536
2540
2538
2536
2539
2538
2536
2539
2538
2536
2539
2537
2536
2539
2537
2536
2539
2537
2536
2539
2537
2536
2539
2537
2536
2539
2537
2536
2539
2537
2536
2539
2537
2536
2539
2537
2536
2539
2537
2536
2538
2537
2536
2539
2537
2536
2539
2537
2536
2539
2542
2536
2538
2537
2536
2538
2537
2536
2538
2537
2536
2539
2537
2536
2538
2537
2536
2539
2537
2536
2539
2537
2536
2539
2537
2536
2539
2537
2536
2539
2537
2536
2539
2538
2536
2530
2529
2527
2531
2529
2527
2530
2529
2527
2531
2529
2528
2531
2529
2527
2530
2529
2527
2530
2529
2527
2530
2529
2527
2530
2528
2527
2530
2529
2527
2530
2529
2527
2530
2529
2527
2529
2528
2527
2529
2528
2527
2529
2528
2526
2529
2528
2526
2529
2528
2526
2529
2527
2526
2529
2527
2526
2528
2527
2526
2537
2536
2534
2537
2536
2534
2537
2536
2534
2537
2536
2534
2538
2536
2534
2537
2536
2534
2537
2536
2534
2537
2536
2534
2537
2541
2534
2537
2536
2534
2537
2536
2534
2537
2536
2534
2537
2536
2534
2537
2536
2534
2537
2536
2534
2537
2536
2534
2537
2536
2534
2536
2535
2534
2536
2535
2534
2537
2535
2534
2537
2535
2534
2537
2535
2534
2537
2535
2534
2537
2535
2534
2536
2535
2534
2537
2535
2534
2536
2535
2534
2537
2535
2534
2537
2539
2534
2537
2535
2534
2537
2535
2534
2537
2535
2534
2537
2535
2534
2537
2535
2534
2536
2535
2534
2536
2535
2534
2536
2535
2534
2537
2535
2534
2537
2534
2534
2537
2535
2533
2548
2547
2546
2549
2547
2546
2549
2547
2545
2548
2547
2546
2548
2547
2545
2549
2547
2545
2549
2547
2545
2548
2547
2545
2548
2549
2545
2548
2547
2546
2536
2535
2533
2537
2535
2534
2536
2535
2534
2536
2535
2534
2536
2535
2534
2536
2535
2533
2536
2535
2534
2536
2535
2534
2537
2535
2534
2537
2535
2534
2537
2535
2534
2537
2535
2533
2536
2535
2533
2536
2535
2534
2536
2535
2533
2536
2535
2534
2536
2535
2534
2536
2535
2534
2537
2538
2534
2537
2535
2534
2536
2534
2533
2536
2535
2534
2536
2535
2534
2536
2535
2534
2536
2535
2534
2537
2535
2534
2537
2535
2533
2536
2535
2533
2536
2534
2534
2536
2535
2534
2537
2534
2533
2536
2535
2534
2536
2535
2533
2537
2535
2534
2537
2535
2534
2537
2535
2534
2537
2535
2534
2537
2535
2534
2537
2535
2534
2537
2535
2534
2537
2535
2534
2537
2535
2534
2537
2535
2534
2537
2535
2534
2537
2535
2533
2536
2535
2533
2537
2535
2534
2536
2535
2534
2537
2535
2533
2537
2535
2533
2536
2535
2533
2536
2535
2534
2536
2535
2534
2537
2535
2534
2536
2535
2534
2537
2535
2534
2537
2535
2534
2537
2535
2534
2537
2539
2534
2537
2535
2534
2537
2535
2534
2537
2535
2534
2537
2535
2534
2537
2535
2534
2537
2534
2533
2537
2535
2534
2537
2535
2534
2537
2534
2534
2536
2535
2534
2536
2535
2534
2537
2535
2534
2536
2535
2534
2536
2535
2534
2536
2535
2534
2536
2535
2534
2536
2535
2534
2537
2535
2534
2536
2535
2534
2536
2539
2534
2536
2535
2534
2536
2535
2534
2536
2535
2534
2536
2535
2534
2537
2535
2534
2536
2535
2534
2536
2535
2534
2536
2535
2534
2536
2535
2534
2536
2535
2534
2536
2535
2533
2536
2535
2533
2536
2535
2533
2536
2535
2533
2537
2535
2534
2537
2535
2534
2537
2535
2534
2537
2535
2533
2537
2535
2533
2537
2539
2534
2537
2535
2534
2537
2535
2534
2537
2535
2534
2537
2535
2534
2537
1000 tests done for sky.
