Rime started with address 0.18.116.0.14.50.241.215
MAC 00:12:74:00:0e:32:f1:d7 Contiki-3.0 started. Node id is not set.
noncoresec CSMA ContikiMAC, channel check rate 8 Hz, radio channel 26, CCA threshold -45
Tentative link-local IPv6 address fe80:0000:0000:0000:0212:7400:0e32:f1d7
Starting 'aestest'
Random AES-128 implementation test for sky.
2540
2539
2538
2540
2539
2537
2541
2539
2538
2541
2539
2538
2541
2539
2538
2541
2539
2538
2541
2539
2538
2541
2539
2538
2541
2544
2538
2541
2539
2538
2541
2539
2538
2541
2539
2538
2541
2539
2538
2541
2539
2538
2541
2540
2538
2541
2539
2538
2541
2539
2538
2541
2539
2538
2541
2539
2538
2541
2539
2538
2532
2529
2528
2531
2530
2528
2531
2530
2528
2532
2530
2529
2532
2531
2529
2532
2531
2529
2532
2531
2529
2532
2531
2529
2532
2533
2529
2532
2531
2529
2541
2540
2538
2541
2539
2538
2541
2540
2538
2541
2540
2538
2541
2540
2538
2541
2540
2538
2541
2539
2538
2541
2539
2538
2541
2539
2538
2541
2539
2538
2532
2530
2529
2532
2531
2529
2532
2531
2529
2532
2530
2528
2532
2530
2529
2532
2531
2529
2532
2530
2529
2532
2530
2528
2532
2534
2528
2532
2529
2528
2531
2529
2528
2531
2529
2528
2531
2529
2528
2531
2529
2528
2531
2529
2528
2531
2529
2528
2531
2529
2527
2531
2529
2527
2530
2529
2527
2530
2529
2527
2530
2529
2527
2530
2529
2527
2529
2528
2527
2530
2528
2527
2529
2528
2527
2529
2528
2527
2529
2528
2527
2529
2528
2526
2529
2532
2526
2529
2528
2527
2538
2537
2535
2538
2537
2535
2538
2536
2535
2538
2536
2535
2538
2536
2535
2538
2536
2535
2538
2536
2535
2538
2536
2535
2538
2536
2535
2538
2536
2535
2538
2536
2534
2538
2536
2535
2538
2536
2535
2538
2536
2535
2538
2536
2535
2538
2536
2535
2538
2536
2535
2538
2536
2535
2538
2542
2535
2538
2536
2535
2538
2537
2535
2538
2537
2535
2539
2537
2536
2539
2537
2536
2539
2538
2536
2539
2538
2536
2539
2538
2536
2539
2538
2537
2539
2538
2536
2539
2538
2537
2539
2538
2537
2539
2538
2537
2539
2538
2537
2539
2538
2537
2539
2538
2537
2539
2538
2537
2539
2538
2537
2539
2539
2538
2540
2542
2538
2540
2539
2538
2540
2539
2538
2541
2539
2538
2541
2539
2538
2541
2539
2538
2541
2539
2538
2541
2539
2538
2541
2539
2538
2541
2539
2538
2541
2539
2538
2541
2539
2538
2541
2539
2538
2541
2539
2538
2541
2539
2538
2541
2539
2538
2541
2539
2538
2541
2539
2538
2541
2539
2538
2541
2539
2538
2541
2544
2538
2541
2539
2538
2541
2539
2538
2541
2539
2538
2541
2539
2538
2541
2540
2538
2541
2539
2538
2541
2539
2538
2541
2539
2538
2541
2539
2538
2541
2539
2538
2541
2539
2538
2541
2539
2538
2541
2539
2538
2541
2539
2538
2541
2539
2538
2541
2539
2538
2541
2539
2538
2541
2539
2538
2541
2539
2538
2541
2544
2537
2541
2539
2538
2540
2539
2538
2540
2539
2538
2540
2539
2538
2540
2539
2538
2540
2539
2538
2540
2539
2538
2540
2539
2538
2540
2539
2538
2540
2539
2538
2540
2539
2538
2540
2539
2538
2540
2539
2538
2540
2539
2538
2540
2539
2538
2541
2539
2538
2541
2539
2538
2541
2539
2538
2541
2539
2538
2541
2544
2537
2541
2539
2538
2541
2539
2538
2541
2539
2538
2541
2539
2538
2541
2539
2538
2541
2539
2538
2541
2539
2538
2541
2539
2538
2541
2539
2538
2541
2539
2538
2541
2539
2538
2541
2539
2538
2541
2539
2537
2541
2539
2538
2540
2539
2538
2540
2539
2538
2540
2539
2538
2540
2539
2538
2540
2539
2538
2540
2544
2538
2540
2539
2538
2541
2539
2538
2540
2539
2538
2541
2539
2538
2541
2539
2538
2540
2539
2538
2541
2539
2538
2540
2539
2538
2540
2539
2538
2540
2539
2537
2540
2539
2537
2539
2539
2537
2539
2539
2537
2539
2539
2538
2540
2539
2538
2540
2539
2538
2540
2539
2537
2540
2539
2538
2540
2539
2538
2540
2543
2537
2539
2539
2538
2540
2539
2538
2540
2539
2538
2540
2539
2538
2540
2539
2538
2540
2539
2538
2540
2539
2538
2540
2539
2538
2540
2539
2538
2540
2539
2538
2541
2539
2538
2541
2539
2537
2541
2539
2538
2541
2539
2538
2541
2539
2538
2541
2539
2538
2541
2539
2538
2541
2539
2538
2541
2539
2538
2541
2544
2538
2541
2539
2538
2541
2539
2538
2541
2539
2538
2541
2540
2538
2541
2540
2538
2541
2540
2538
2541
2540
2538
2541
2540
2538
2541
2540
2538
2545
2540
2538
2541
2540
2538
2541
2540
2538
2545
2540
2538
2545
2540
2538
2545
2540
2538
2545
2540
2538
2545
2540
2538
2541
2540
2538
2541
2540
2538
2541
2545
2538
2541
2540
2538
2532
2531
2530
2532
2531
2530
2532
2531
2530
2532
2531
2530
2532
2531
2530
2532
2531
2530
2532
2531
2529
2532
2531
2530
2532
2531
2529
2532
2531
2530
2545
2540
2538
2541
2540
2538
2541
2540
2538
2541
2540
2538
2541
2540
2538
2541
2540
2538
2541
2539
2538
2541
2540
2538
2541
2545
2538
2541
2540
2538
2541
2540
2538
2541
2540
2538
2545
2540
2538
2545
2540
2538
2545
2540
2538
2545
2540
2538
2545
2540
2539
2545
2540
2539
2545
2541
2539
2545
2540
2539
2545
2540
2539
2545
2540
2539
2545
2540
2539
2545
2541
2539
2545
2540
2539
2545
2540
2538
2545
2540
2539
2545
2540
2539
2545
2545
2538
2545
2540
2538
2532
2532
2530
2532
2532
2530
2532
2532
2530
2532
2532
2530
2532
2532
2530
2532
2532
2530
2532
2532
2530
2532
2532
2530
2532
2532
2530
2532
2532
2531
2545
2541
2539
2545
2541
2540
2545
2541
2539
2545
2541
2539
2545
2541
2540
2545
2541
2539
2545
2541
2539
2545
2541
2540
2545
2546
2540
2545
2541
2540
2545
2541
2539
2545
2541
2540
2545
2541
2540
2545
2541
2539
2545
2541
2539
2545
2541
2539
2545
2541
2540
2545
2541
2539
2545
2541
2539
2545
2541
2539
2545
2541
2539
2545
2541
2539
2545
2540
2539
2545
2540
2539
2545
2541
2539
2545
2540
2539
2545
2540
2539
2545
2541
2539
2545
2545
2539
2545
2541
2539
2532
2532
2530
2532
2532
2531
2532
2532
2531
2532
1000 tests done for sky.
