Rime started with address 0.18.116.0.14.50.241.215
MAC 00:12:74:00:0e:32:f1:d7 Contiki-3.0 started. Node id is not set.
noncoresec CSMA ContikiMAC, channel check rate 8 Hz, radio channel 26, CCA threshold -45
Tentative link-local IPv6 address fe80:0000:0000:0000:0212:7400:0e32:f1d7
Starting 'aestest'
Fixed AES-128 implementation test for sky.
Using Contiki software implementation.
Rounds in each sample: 200
Sample size: 100
Rtimer clock ticks per second on this platform is : 32768
18295
18288
18287
18290
18289
18288
18292
18290
18289
18293
18292
18291
18293
18294
18291
18294
18294
18293
18295
18295
18294
18296
18295
18294
18297
18298
18295
18297
18296
18296
18298
18297
18296
18300
18298
18296
18300
18298
18297
18300
18299
18298
18301
18300
18298
18300
18299
18298
18301
18299
18298
18301
18300
18299
18301
18300
18299
18302
18301
18298
18302
18300
18299
18302
18300
18300
18302
18301
18300
18302
18301
18300
18302
18301
18300
18303
18302
18301
18304
18303
18301
18303
18302
18301
18304
18302
18301
18303
18302
18300
18303
18303
18301
18358
18303
18300
18303
18302
18301
18304
100 tests done for sky.
