Rime started with address 0.18.116.0.14.50.241.215
MAC 00:12:74:00:0e:32:f1:d7 Contiki-3.0 started. Node id is not set.
noncoresec CSMA ContikiMAC, channel check rate 8 Hz, radio channel 26, CCA threshold -45
Tentative link-local IPv6 address fe80:0000:0000:0000:0212:7400:0e32:f1d7
Starting 'aestest'
Random AES-128 implementation test for sky.
Using Contiki software implementation.
Rounds in each sample: 50
Sample size: 100
Rtimer clock ticks per second on this platform is : 32768
4599
4564
4563
4566
4566
4564
4567
4566
4564
4566
4566
4565
4571
4566
4564
4567
4566
4565
4567
4566
4566
4567
4566
4571
4572
4565
4566
4572
4571
4571
4574
4572
4571
4572
4572
4571
4574
4573
4572
4575
4574
4571
4575
4573
4572
4574
4573
4572
4574
4572
4572
4576
4574
4571
4576
4573
4573
4575
4575
4574
4555
4555
4554
4556
4557
4553
4557
4555
4553
4556
4556
4555
4558
4556
4556
4557
4557
4556
4558
4557
4555
4558
4557
4556
4558
4555
4557
4560
4559
4558
4559
4559
4557
4559
4558
4557
4560
4558
4557
4560
100 tests done for sky.
