#Rime started with address 0.18.116.0.14.50.241.215
#MAC 00:12:74:00:0e:32:f1:d7 Contiki-3.0 started. Node id is not set.
#noncoresec CSMA ContikiMAC, channel check rate 8 Hz, radio channel 26, CCA threshold -45
#Tentative link-local IPv6 address fe80:0000:0000:0000:0212:7400:0e32:f1d7
#Starting 'aestest'
#Fixed AES-128 implementation test for sky.
#Using Hardware coprocessor.
#Rounds in each sample: 200
#Sample size: 1000
#Rtimer clock ticks per second on this platform is : 32768
2539
2539
2538
2539
2540
2539
2539
2540
2539
2539
2540
2539
2539
2540
2539
2539
2544
2539
2540
2544
2540
2540
2544
2540
2540
2545
2540
2541
2544
2540
2529
2532
2531
2529
2532
2531
2529
2532
2532
2533
2533
2532
2533
2533
2532
2534
2533
2532
2534
2533
2532
2534
2534
2532
2534
2534
2532
2534
2534
2532
2534
2534
2532
2534
2534
2532
2534
2533
2532
2534
2534
2533
2534
2534
2533
2534
2534
2533
2534
2534
2533
2535
2534
2534
2535
2538
2534
2535
2535
2534
2535
2535
2534
2535
2535
2534
2535
2535
2534
2535
2535
2534
2535
2535
2534
2535
2535
2534
2535
2535
2534
2535
2536
2534
2535
2535
2534
2535
2536
2534
2535
2535
2535
2535
2536
2534
2535
2535
2534
2535
2535
2534
2535
2535
2534
2535
2536
2534
2535
2535
2534
2535
2536
2534
2535
2539
2534
2535
2535
2534
2535
2536
2534
2535
2535
2534
2535
2535
2534
2535
2536
2534
2535
2535
2534
2535
2535
2534
2535
2535
2534
2535
2536
2534
2535
2535
2534
2535
2535
2534
2535
2536
2534
2535
2536
2534
2535
2536
2534
2536
2536
2534
2536
2536
2534
2535
2536
2534
2535
2536
2534
2535
2536
2534
2536
2540
2534
2535
2536
2534
2535
2536
2534
2537
2536
2534
2537
2536
2535
2537
2536
2535
2538
2537
2535
2538
2536
2535
2538
2536
2535
2537
2537
2535
2537
2536
2535
2537
2536
2535
2537
2536
2535
2537
2536
2535
2537
2536
2535
2538
2536
2535
2538
2537
2535
2538
2537
2535
2538
2537
2535
2537
2537
2535
2537
2541
2535
2538
2537
2535
2538
2537
2535
2537
2537
2535
2538
2537
2535
2538
2537
2535
2538
2537
2535
2538
2537
2535
2538
2537
2535
2538
2537
2535
2537
2537
2535
2537
2537
2535
2537
2536
2535
2537
2536
2535
2537
2537
2535
2537
2536
2535
2538
2537
2535
2538
2537
2535
2538
2537
2535
2538
2537
2535
2538
2541
2535
2538
2537
2535
2538
2537
2535
2538
2537
2535
2538
2537
2535
2538
2537
2535
2538
2537
2535
2538
2537
2535
2538
2537
2535
2538
2537
2535
2538
2537
2535
2538
2537
2535
2538
2537
2535
2538
2537
2535
2538
2537
2535
2538
2536
2535
2537
2536
2535
2537
2536
2535
2537
2536
2535
2537
2536
2535
2537
2541
2535
2537
2536
2535
2537
2536
2535
2537
2537
2535
2537
2537
2535
2537
2536
2535
2537
2536
2534
2537
2536
2535
2537
2536
2534
2536
2536
2534
2537
2536
2535
2537
2536
2534
2537
2536
2534
2537
2536
2535
2537
2536
2535
2537
2536
2535
2538
2537
2535
2537
2536
2535
2537
2536
2535
2537
2536
2535
2538
2540
2535
2538
2537
2535
2538
2537
2535
2538
2537
2535
2538
2537
2535
2538
2537
2535
2538
2537
2535
2538
2537
2535
2538
2537
2536
2538
2537
2536
2538
2537
2536
2538
2537
2536
2538
2537
2536
2538
2537
2536
2537
2537
2536
2538
2537
2536
2537
2537
2536
2537
2537
2536
2538
2537
2536
2537
2537
2537
2538
2542
2537
2538
2538
2537
2538
2538
2537
2538
2538
2537
2539
2538
2537
2538
2538
2537
2539
2538
2537
2539
2538
2537
2539
2538
2537
2539
2538
2537
2539
2539
2537
2539
2539
2537
2539
2539
2537
2539
2539
2537
2539
2539
2537
2539
2539
2538
2539
2539
2538
2539
2539
2538
2539
2539
2538
2539
2539
2538
2539
2544
2538
2539
2539
2538
2539
2540
2538
2539
2540
2538
2539
2540
2539
2539
2540
2538
2539
2540
2539
2539
2540
2539
2539
2540
2539
2539
2540
2539
2539
2540
2539
2539
2540
2539
2539
2540
2539
2539
2540
2539
2539
2540
2539
2540
2540
2539
2540
2544
2539
2539
2540
2539
2539
2544
2539
2539
2540
2539
2539
2544
2539
2539
2540
2539
2539
2540
2539
2539
2540
2539
2539
2544
2539
2539
2540
2539
2539
2540
2539
2539
2544
2539
2539
2540
2539
2540
2544
2539
2540
2544
2539
2540
2544
2539
2540
2544
2539
2539
2540
2539
2539
2540
2539
2540
2544
2539
2540
2544
2539
2540
2544
2539
2540
2540
2539
2540
2544
2539
2540
2545
2539
2540
2544
2540
2540
2544
2540
2541
2544
2540
2540
2544
2540
2540
2544
2540
2540
2544
2540
2540
2544
2539
2540
2544
2540
2541
2544
2540
2540
2544
2540
2541
2544
2540
2540
2544
2540
2541
2544
2540
2541
2544
2540
2540
2544
2540
2541
2544
2540
2540
2544
2539
2540
2544
2540
2541
2544
2540
2540
2544
2540
2541
2544
2540
2541
2544
2544
2541
2544
2540
2541
2544
2540
2542
2544
2544
2542
2544
2544
2542
2545
2544
2542
2544
2544
2542
2545
2544
2541
2545
2544
2542
2544
2544
2542
2544
2544
2542
2545
2544
2542
2545
2544
2542
2545
2544
2542
2545
2544
2542
2545
2544
2542
2545
2544
2542
2545
2544
2542
2544
2544
2543
2545
2544
2543
2545
2544
2543
2545
2544
2543
2546
2544
2543
2546
2544
2543
2545
2544
2543
2545
2544
2543
2545
2540
2543
2545
2544
2543
2545
2544
2543
2545
2544
2543
2545
2544
2543
2545
2544
2543
2546
2544
2543
2546
2544
2543
2546
2544
2543
2546
2544
2543
2546
2544
2543
2546
2544
2543
2545
2544
2543
2546
2544
2534
2534
2532
2534
2534
2532
2534
2534
2532
2534
2534
2533
2534
2534
2532
2534
2534
2532
2534
2534
2533
2534
2534
2532
2534
2534
2532
2534
2534
2532
2523
2524
2522
2522
2525
2523
2523
2524
2523
2523
2525
2523
2523
2525
2523
2523
2525
2523
2523
2525
2523
2523
2525
2523
2523
2528
2524
2523
2525
2524
2523
2525
2524
2523
2525
2524
2523
2525
2524
2523
2525
2524
2523
2525
2524
2523
2525
2524
2523
2525
2524
2523
2525
2524
2523
2525
2524
2523
2525
2524
2534
2534
2533
2534
2534
2532
2534
2534
2532
2534
2533
2532
2534
2533
2532
2534
2533
2532
2534
2533
2532
2534
2534
2532
2534
2537
2532
2534
2534
2532
2534
2532
2532
2533
2533
2532
2533
2532
2532
2529
#1000 tests done for sky.
