Contiki-3.0
TI SmartRF06 + cc2538EM
 Net: sicslowpan
 MAC: CSMA
 RDC: ContikiMAC
Rime configured with address 00:12:4b:00:04:1e:af:c6
Fixed AES-128 implementation test for cc2538dk.
Using Contiki software implementation.
Rounds in each sample: 200
Sample size: 1000
Rtimer clock ticks per second on this platform is : 32768
3806
3798
3799
3799
3800
3830
3800
3798
3799
3800
3801
3800
3803
3798
3800
3799
3801
3799
3799
3798
3800
3799
3800
3800
3800
3798
3799
3800
3801
3800
3798
3799
3803
3800
3801
3798
3798
3799
3800
3799
3799
3801
3801
3800
3801
3799
3810
3801
3799
3802
3800
3799
3801
3800
3799
3798
3800
3798
3800
3800
3801
3802
3800
3801
3800
3830
3801
3798
3801
3799
3800
3800
3800
3799
3801
3801
3801
3799
3801
3801
3799
3801
3798
3799
3799
3800
3801
3801
3801
3801
3798
3801
3798
3799
3801
3799
3801
3798
3801
3799
3799
3798
3800
3798
3797
3800
3799
3797
3798
3800
3800
3799
3800
3801
3800
3800
3800
3798
3797
3800
3799
3799
3800
3798
3800
3800
3798
3801
3799
3800
3800
3801
3801
3798
3799
3801
3801
3799
3800
3800
3801
3800
3799
3796
3799
3800
3801
3799
3800
3800
3799
3802
3801
3800
3800
3801
3799
3801
3800
3800
3799
3799
3799
3801
3798
3799
3799
3799
3801
3801
3803
3802
3802
3797
3801
3801
3800
3802
3802
3799
3802
3802
3800
3800
3798
3830
3801
3800
3800
3802
3800
3802
3802
3800
3798
3800
3799
3800
3800
3802
3800
3800
3802
3798
3802
3801
3802
3802
3800
3800
3800
3800
3800
3802
3798
3801
3798
3800
3800
3800
3800
3800
3800
3801
3800
3800
3800
3804
3800
3800
3799
3801
3799
3799
3798
3800
3798
3798
3800
3800
3800
3801
3801
3799
3798
3830
3800
3801
3800
3801
3798
3801
3801
3799
3798
3800
3801
3801
3801
3800
3801
3799
3799
3800
3800
3799
3802
3799
3801
3798
3799
3799
3802
3802
3799
3797
3798
3798
3802
3802
3799
3801
3801
3799
3801
3799
3802
3799
3802
3799
3800
3800
3797
3797
3801
3802
3801
3800
3799
3799
3802
3798
3799
3799
3797
3821
3800
3801
3802
3800
3802
3800
3800
3799
3798
3798
3802
3802
3801
3801
3797
3800
3802
3798
3799
3799
3800
3800
3800
3809
3799
3800
3801
3812
3799
3800
3800
3800
3800
3800
3800
3800
3800
3800
3798
3800
3802
3800
3800
3799
3800
3800
3802
3802
3800
3798
3800
3800
3804
3800
3800
3800
3800
3800
3800
3830
3800
3801
3800
3802
3799
3800
3799
3800
3799
3798
3800
3802
3800
3798
3799
3800
3803
3800
3802
3797
3800
3802
3800
3800
3801
3801
3800
3800
3801
3800
3799
3800
3800
3800
3800
3800
3799
3798
3800
3800
3802
3800
3802
3799
3798
3802
3813
3801
3798
3802
3799
3801
3798
3799
3799
3799
3800
3799
3811
3831
3799
3797
3802
3799
3801
3799
3801
3800
3798
3800
3799
3799
3801
3800
3801
3799
3799
3797
3800
3800
3801
3801
3800
3801
3797
3801
3799
3799
3801
3801
3799
3800
3800
3800
3801
3801
3801
3798
3801
3801
3799
3801
3799
3799
3800
3800
3799
3800
3809
3800
3799
3798
3798
3802
3799
3800
3800
3801
3799
3831
3799
3799
3799
3799
3797
3801
3801
3799
3800
3803
3799
3800
3800
3801
3799
3801
3800
3799
3801
3799
3800
3800
3801
3801
3799
3798
3800
3801
3799
3801
3799
3799
3799
3799
3799
3801
3799
3799
3799
3800
3798
3799
3801
3801
3799
3799
3802
3799
3800
3797
3801
3799
3799
3803
3799
3797
3801
3801
3802
3831
3801
3801
3799
3800
3799
3799
3799
3799
3802
3801
3799
3801
3801
3799
3799
3798
3802
3799
3802
3800
3798
3802
3801
3800
3802
3801
3800
3802
3798
3800
3801
3800
3800
3801
3799
3799
3799
3800
3801
3801
3799
3799
3800
3801
3801
3801
3801
3799
3800
3797
3801
3800
3800
3802
3799
3800
3799
3798
3802
3821
3798
3803
3802
3800
3802
3799
3801
3800
3801
3800
3800
3799
3800
3801
3812
3796
3799
3802
3801
3801
3802
3800
3801
3797
3799
3800
3801
3800
3802
3812
3801
3799
3799
3802
3802
3799
3801
3800
3800
3800
3800
3800
3802
3800
3800
3799
3798
3800
3800
3802
3801
3800
3800
3800
3798
3800
3796
3800
3800
3829
3800
3800
3800
3800
3800
3801
3802
3802
3803
3800
3800
3799
3800
3801
3800
3801
3803
3797
3802
3801
3801
3800
3800
3800
3801
3799
3798
3800
3799
3799
3800
3800
3801
3799
3799
3801
3801
3801
3799
3800
3802
3802
3801
3799
3798
3802
3800
3799
3799
3799
3803
3801
3799
3797
3798
3801
3800
3802
3803
3829
3799
3812
3798
3800
3799
3800
3800
3800
3799
3799
3800
3800
3800
3798
3800
3800
3801
3801
3797
3800
3800
3803
3799
3799
3800
3800
3799
3797
3797
3802
3799
3802
3800
3800
3801
3802
3801
3801
3799
3800
3799
3801
3799
3802
3802
3800
3801
3802
3802
3800
3799
3799
3800
3801
3799
3798
3801
3802
3799
3830
3799
3802
3802
3802
3799
3797
3801
3802
3801
3801
3798
3801
3801
3799
3800
3801
3800
3800
3800
3799
3802
3800
3800
3812
3799
3799
3799
3798
3801
3800
3802
3799
3800
3799
3798
3801
3802
3800
3801
3799
3799
3801
3802
3798
3801
3801
3802
3801
3800
3800
3800
3801
3799
3797
3798
3801
3799
3801
3799
3829
3802
3800
3798
3799
3799
3800
3800
3800
3801
3799
3801
3801
3798
3798
3801
3801
3799
3799
3799
3798
3802
3804
3799
3799
3804
3800
3801
3797
3798
3799
3800
3799
3799
3798
3800
3801
3799
3800
3800
3802
3802
3797
3799
3800
3800
3800
3801
3801
3800
3798
3802
3799
3799
3802
3800
3800
3798
3799
3802
3800
3798
3801
3798
3799
3801
3797
3799
3800
3796
3800
3799
3799
3802
3799
3800
3799
3800
3801
3800
3799
3802
3798
3800
3800
3799
3802
3798
3800
3799
3800
3801
3799
3797
3801
3802
3802
3802
3799
3797
3800
3799
3799
3800
3801
3802
3801
3801
3801
3799
3802
3799
3799
3798
3799
3802
3799
3799
3799
3800
3830
3801
3796
3800
3801
3800
3801
3798
3798
3798
3802
3803
3800
3802
3800
3796
3799
3800
3801
3798
3799
3800
3800
3800
3802
3801
3802
3800
3800
3802
3798
3800
3801
1000 tests done for cc2538dk.
