Contiki-3.0
TI SmartRF06 + cc2538EM
 Net: sicslowpan
 MAC: CSMA
 RDC: ContikiMAC
Rime configured with address 00:12:4b:00:04:1e:af:c6
Random AES-128 implementation test for cc2538dk.
Using Contiki software implementation.
Rounds in each sample: 200
Sample size: 1000
Rtimer clock ticks per second on this platform is : 32768
3881
3876
3879
3875
3879
3881
3878
3877
3880
3878
3881
3881
3878
3877
3880
3879
3879
3878
3879
3878
3880
3878
3879
3875
3892
3878
3878
3878
3878
3878
3880
3882
3877
3880
3880
3878
3880
3880
3880
3879
3880
3878
3879
3878
3878
3879
3878
3879
3878
3882
3877
3877
3878
3879
3879
3878
3878
3879
3880
3878
3879
3880
3879
3879
3879
3880
3877
3880
3876
3878
3878
3878
3879
3878
3878
3879
3879
3877
3880
3882
3879
3877
3882
3879
3894
3878
3879
3876
3879
3877
3877
3880
3882
3877
3878
3879
3879
3879
3879
3881
3881
3879
3879
3877
3877
3878
3877
3881
3877
3879
3879
3878
3877
3877
3878
3879
3879
3879
3880
3879
3878
3877
3879
3876
3877
3881
3879
3879
3878
3878
3879
3881
3880
3880
3879
3877
3878
3879
3878
3880
3877
3877
3879
3879
3893
3879
3879
3878
3879
3879
3877
3880
3881
3875
3879
3879
3879
3880
3879
3879
3880
3878
3876
3877
3879
3876
3879
3879
3878
3879
3878
3878
3879
3880
3877
3881
3879
3880
3878
3881
3880
3883
3877
3878
3880
3880
3876
3880
3877
3878
3879
3879
3878
3876
3880
3880
3879
3880
3878
3877
3881
3878
3879
3878
3893
3879
3878
3878
3879
3878
3879
3879
3880
3878
3876
3880
3878
3877
3879
3876
3879
3880
3878
3879
3880
3877
3880
3878
3880
3881
3879
3878
3879
3877
3878
3879
3881
3878
3876
3879
3878
3879
3876
3878
3880
3879
3878
3879
3881
3879
3878
3879
3876
3879
3879
3878
3880
3878
3880
3878
3881
3878
3879
3878
3892
3877
3879
3877
3878
3881
3878
3878
3880
3878
3881
3880
3879
3877
3880
3880
3878
3878
3880
3879
3878
3876
3878
3880
3877
3878
3878
3877
3879
3880
3877
3877
3880
3878
3880
3880
3875
3880
3880
3877
3880
3881
3879
3881
3878
3878
3878
3878
3878
3878
3878
3878
3880
3879
3877
3878
3878
3880
3881
3880
3895
3879
3878
3878
3879
3881
3876
3878
3880
3878
3880
3881
3880
3881
3880
3878
3878
3876
3878
3879
3878
3877
3876
3879
3877
3876
3878
3879
3878
3876
3879
3879
3878
3879
3877
3880
3878
3880
3880
3878
3879
3878
3878
3878
3880
3880
3879
3879
3877
3880
3879
3879
3877
3879
3878
3878
3878
3879
3879
3878
3896
3878
3880
3879
3880
3878
3878
3878
3876
3879
3877
3878
3877
3876
3878
3879
3877
3879
3877
3881
3879
3877
3878
3879
3877
3879
3875
3879
3879
3878
3879
3880
3878
3877
3877
3878
3878
3879
3880
3879
3880
3879
3879
3880
3877
3877
3880
3880
3878
3878
3880
3879
3880
3880
3877
3878
3877
3877
3880
3880
3905
3877
3879
3877
3878
3878
3879
3881
3880
3879
3878
3879
3879
3877
3882
3878
3877
3879
3878
3879
3879
3878
3881
3878
3879
3878
3878
3875
3879
3875
3877
3876
3877
3877
3877
3876
3878
3878
3879
3878
3877
3878
3879
3877
3877
3877
3880
3879
3877
3878
3880
3876
3879
3879
3877
3877
3878
3877
3879
3879
3892
3878
3877
3879
3880
3878
3879
3879
3877
3877
3877
3878
3878
3878
3879
3880
3878
3879
3879
3879
3878
3877
3880
3880
3878
3879
3878
3879
3877
3879
3877
3879
3877
3879
3880
3880
3877
3879
3879
3878
3877
3880
3877
3878
3877
3877
3877
3878
3879
3879
3877
3879
3875
3877
3877
3879
3880
3879
3877
3880
3893
3880
3878
3878
3879
3878
3879
3880
3881
3880
3880
3881
3877
3880
3877
3879
3877
3879
3879
3879
3880
3881
3877
3878
3881
3882
3879
3879
3878
3879
3876
3880
3877
3878
3879
3880
3878
3879
3877
3879
3879
3877
3876
3880
3879
3877
3879
3882
3879
3879
3875
3879
3880
3878
3880
3878
3879
3879
3880
3879
3891
3880
3878
3879
3881
3879
3881
3877
3881
3879
3880
3877
3879
3877
3877
3877
3879
3879
3878
3879
3878
3879
3881
3879
3878
3877
3875
3881
3877
3878
3878
3879
3879
3879
3878
3879
3878
3877
3881
3878
3879
3877
3880
3880
3876
3878
3882
3879
3877
3877
3881
3880
3879
3878
3876
3880
3878
3877
3877
3879
3895
3879
3879
3877
3880
3881
3879
3880
3881
3878
3880
3880
3879
3879
3879
3878
3881
3880
3879
3879
3877
3878
3879
3879
3880
3879
3878
3876
3879
3878
3880
3879
3877
3878
3877
3879
3876
3875
3877
3877
3877
3879
3879
3879
3876
3879
3879
3877
3878
3879
3881
3879
3879
3879
3878
3877
3878
3877
3880
3879
3882
3876
3878
3879
3877
3877
3879
3879
3879
3879
3879
3879
3881
3878
3879
3876
3878
3879
3876
3879
3879
3878
3879
3881
3878
3879
3880
3878
3879
3879
3878
3879
3880
3878
3881
3878
3877
3879
3877
3878
3879
3878
3878
3877
3877
3880
3879
3880
3878
3879
3877
3876
3881
3879
3877
3880
3878
3878
3877
3881
3891
3879
3879
3877
3877
3878
3877
3879
3878
3879
3879
3877
3879
3879
3876
3880
3878
3879
3881
3880
3879
3878
3878
3880
3878
3879
3876
3876
3879
3880
3879
3879
3881
3877
3880
3879
3876
3877
3877
3879
3880
3879
3877
3879
3877
3878
3879
3881
3876
3879
3877
3879
3880
3881
3879
3879
3878
3879
3880
3877
3891
3880
3878
3877
3878
3877
3878
3877
3876
3878
3876
3879
3878
3878
3881
3878
3879
3876
3878
3879
3878
3880
3878
3876
3877
3879
3878
3877
3881
3879
3876
3880
3881
3879
3877
3879
3876
3879
3877
3878
3879
3879
3880
3880
3878
3879
3878
3880
3880
3880
3880
3880
3881
3878
3878
3878
3880
3879
3880
3880
3893
3880
3878
3877
3879
3881
3878
3878
3880
3878
3879
3879
3880
3880
3877
3880
3879
3878
3880
3878
3877
3880
3878
3878
3878
3878
3878
3874
3879
3879
3878
3877
3880
3877
3880
3879
3878
3878
3878
3877
3878
3880
3878
3880
3878
3879
3880
3876
3876
3874
3878
3877
3881
3878
3878
3879
3880
3879
3880
3880
3893
3881
3879
3880
3880
3876
3880
3880
3879
3880
3880
3880
3877
3881
3879
3878
1000 tests done for cc2538dk.
